nohup: ignoring input
Using device: cuda
Not using data augmentation
Resuming from checkpoint: ./CVAE/checkpoints/resnet_VAE_0.001_128_1024_0.5.pth
Trainable parameters: 23414851
Non-trainable parameters: 0.0
Total parameters: 23414851.0
Riprendo l'addestramento da epoca 45...
Epoch 45 completed. Average loss = 835.367919921875
Epoch 46 completed. Average loss = 835.344970703125
Epoch 47 completed. Average loss = 835.2402954101562
Epoch 48 completed. Average loss = 835.2162475585938
Epoch 49 completed. Average loss = 835.1492919921875
Epoch 50 completed. Average loss = 835.08544921875
Epoch 51 completed. Average loss = 835.0315551757812
Epoch 52 completed. Average loss = 834.9830322265625
Epoch 53 completed. Average loss = 834.9160766601562
Epoch 54 completed. Average loss = 834.89013671875
Epoch 55 completed. Average loss = 834.817626953125
Epoch 56 completed. Average loss = 834.8013916015625
Epoch 57 completed. Average loss = 834.7285766601562
Epoch 58 completed. Average loss = 834.7073364257812
Epoch 59 completed. Average loss = 834.6497802734375
Epoch 60 completed. Average loss = 834.630615234375
Epoch 61 completed. Average loss = 834.584716796875
Epoch 62 completed. Average loss = 834.548828125
Epoch 63 completed. Average loss = 834.4921875
Epoch 64 completed. Average loss = 834.4762573242188
Epoch 65 completed. Average loss = 834.464111328125
Epoch 66 completed. Average loss = 834.4091186523438
Epoch 67 completed. Average loss = 834.3919067382812
Epoch 68 completed. Average loss = 834.3436889648438
Epoch 69 completed. Average loss = 834.2968139648438
Epoch 70 completed. Average loss = 834.3097534179688
Epoch 71 completed. Average loss = 834.2373657226562
Epoch 72 completed. Average loss = 834.2276611328125
Epoch 73 completed. Average loss = 834.2098999023438
Epoch 74 completed. Average loss = 834.2035522460938
Epoch 75 completed. Average loss = 834.1551513671875
Epoch 76 completed. Average loss = 834.1210327148438
Epoch 77 completed. Average loss = 834.11181640625
Epoch 78 completed. Average loss = 834.0773315429688
Epoch 79 completed. Average loss = 834.0685424804688
Epoch 80 completed. Average loss = 834.036376953125
Epoch 81 completed. Average loss = 834.0299072265625
Epoch 82 completed. Average loss = 834.0258178710938
Epoch 83 completed. Average loss = 833.9664306640625
Epoch 84 completed. Average loss = 833.957763671875
Epoch 85 completed. Average loss = 833.9183959960938
Epoch 86 completed. Average loss = 833.91650390625
Epoch 87 completed. Average loss = 833.9376220703125
Epoch 88 completed. Average loss = 833.8978271484375
Epoch 89 completed. Average loss = 833.9140014648438
Epoch 90 completed. Average loss = 833.84765625
Epoch 91 completed. Average loss = 833.853271484375
Epoch 92 completed. Average loss = 833.8348388671875
Epoch 93 completed. Average loss = 833.8173217773438
Epoch 94 completed. Average loss = 833.8240966796875
Epoch 95 completed. Average loss = 833.7924194335938
Epoch 96 completed. Average loss = 833.7904052734375
Epoch 97 completed. Average loss = 833.7933959960938
Epoch 98 completed. Average loss = 833.7369995117188
Epoch 99 completed. Average loss = 833.718017578125
Epoch 100 completed. Average loss = 833.7027587890625
Epoch 101 completed. Average loss = 833.6951904296875
Epoch 102 completed. Average loss = 833.6898193359375
Epoch 103 completed. Average loss = 833.6787109375
Epoch 104 completed. Average loss = 833.6632690429688
Epoch 105 completed. Average loss = 833.6353759765625
Epoch 106 completed. Average loss = 833.6268920898438
Epoch 107 completed. Average loss = 833.6209716796875
Epoch 108 completed. Average loss = 833.6002807617188
Epoch 109 completed. Average loss = 833.602783203125
Epoch 110 completed. Average loss = 833.5758666992188
Epoch 111 completed. Average loss = 833.5330810546875
Epoch 112 completed. Average loss = 833.5462036132812
Epoch 113 completed. Average loss = 833.557861328125
Epoch 114 completed. Average loss = 833.5419921875
Epoch 115 completed. Average loss = 833.51904296875
Epoch 116 completed. Average loss = 833.5062255859375
Epoch 117 completed. Average loss = 833.5165405273438
Epoch 118 completed. Average loss = 833.4761962890625
Epoch 119 completed. Average loss = 833.50390625
Epoch 120 completed. Average loss = 833.4803466796875
Epoch 121 completed. Average loss = 833.4506225585938
Epoch 122 completed. Average loss = 833.4655151367188
Epoch 123 completed. Average loss = 833.441162109375
Epoch 124 completed. Average loss = 833.4205322265625
Epoch 125 completed. Average loss = 833.4275512695312
Epoch 126 completed. Average loss = 833.4136352539062
Epoch 127 completed. Average loss = 833.4277954101562
Epoch 128 completed. Average loss = 833.4122314453125
Epoch 129 completed. Average loss = 833.3749389648438
Epoch 130 completed. Average loss = 833.3717651367188
Epoch 131 completed. Average loss = 833.3566284179688
Epoch 132 completed. Average loss = 833.3552856445312
Epoch 133 completed. Average loss = 833.3465576171875
Epoch 134 completed. Average loss = 833.3323364257812
Epoch 135 completed. Average loss = 833.3292236328125
Epoch 136 completed. Average loss = 833.334716796875
Epoch 137 completed. Average loss = 833.3179321289062
Epoch 138 completed. Average loss = 833.3123168945312
Epoch 139 completed. Average loss = 833.303955078125
Epoch 140 completed. Average loss = 833.2883911132812
Epoch 141 completed. Average loss = 833.2688598632812
Epoch 142 completed. Average loss = 833.292724609375
Epoch 143 completed. Average loss = 833.265869140625
Epoch 144 completed. Average loss = 833.2885131835938
Epoch 145 completed. Average loss = 833.2454223632812
Epoch 146 completed. Average loss = 833.2462768554688
Epoch 147 completed. Average loss = 833.246826171875
Epoch 148 completed. Average loss = 833.2256469726562
Epoch 149 completed. Average loss = 833.223876953125
Epoch 150 completed. Average loss = 833.2432861328125
Epoch 151 completed. Average loss = 833.2100830078125
Epoch 152 completed. Average loss = 833.234619140625
Epoch 153 completed. Average loss = 833.2221069335938
Epoch 154 completed. Average loss = 833.1962890625
Epoch 155 completed. Average loss = 833.1832885742188
Epoch 156 completed. Average loss = 833.1715698242188
Epoch 157 completed. Average loss = 833.1429443359375
Epoch 158 completed. Average loss = 833.1825561523438
Epoch 159 completed. Average loss = 833.1608276367188
Epoch 160 completed. Average loss = 833.1782836914062
Epoch 161 completed. Average loss = 833.1439208984375
Epoch 162 completed. Average loss = 833.1469116210938
Epoch 163 completed. Average loss = 833.1321411132812
Epoch 164 completed. Average loss = 833.1195068359375
Epoch 165 completed. Average loss = 833.1075439453125
Epoch 166 completed. Average loss = 833.140625
Epoch 167 completed. Average loss = 833.1185302734375
Epoch 168 completed. Average loss = 833.1166381835938
Epoch 169 completed. Average loss = 833.1038818359375
Epoch 170 completed. Average loss = 833.1054077148438
Epoch 171 completed. Average loss = 833.05908203125
Epoch 172 completed. Average loss = 833.0675659179688
Epoch 173 completed. Average loss = 833.1115112304688
Epoch 174 completed. Average loss = 833.086181640625
Epoch 175 completed. Average loss = 833.0604858398438
Epoch 176 completed. Average loss = 833.05859375
Epoch 177 completed. Average loss = 833.021240234375
Epoch 178 completed. Average loss = 833.0471801757812
Epoch 179 completed. Average loss = 833.0338134765625
Epoch 180 completed. Average loss = 833.0365600585938
Epoch 181 completed. Average loss = 833.0384521484375
Epoch 182 completed. Average loss = 833.0224609375
Epoch 183 completed. Average loss = 833.0289306640625
Epoch 184 completed. Average loss = 833.0224609375
Epoch 185 completed. Average loss = 833.0053100585938
Epoch 186 completed. Average loss = 832.9989624023438
Epoch 187 completed. Average loss = 833.0213623046875
Epoch 188 completed. Average loss = 832.9869995117188
Epoch 189 completed. Average loss = 833.0054321289062
Epoch 190 completed. Average loss = 832.9835815429688
Epoch 191 completed. Average loss = 832.9606323242188
Epoch 192 completed. Average loss = 832.9735717773438
Epoch 193 completed. Average loss = 832.9591674804688
Epoch 194 completed. Average loss = 832.9808959960938
Epoch 195 completed. Average loss = 832.9388427734375
Epoch 196 completed. Average loss = 832.9525756835938
Epoch 197 completed. Average loss = 832.9510498046875
Epoch 198 completed. Average loss = 832.9412841796875
Epoch 199 completed. Average loss = 832.9478149414062
Epoch 200 completed. Average loss = 832.9501953125
Epoch 201 completed. Average loss = 832.935546875
Epoch 202 completed. Average loss = 832.93310546875
Epoch 203 completed. Average loss = 832.9036254882812
Epoch 204 completed. Average loss = 832.9302978515625
Epoch 205 completed. Average loss = 832.9191284179688
Epoch 206 completed. Average loss = 832.9171752929688
Epoch 207 completed. Average loss = 832.8917236328125
Epoch 208 completed. Average loss = 832.9180908203125
Epoch 209 completed. Average loss = 832.8958129882812
Epoch 210 completed. Average loss = 832.9032592773438
Epoch 211 completed. Average loss = 832.880126953125
Epoch 212 completed. Average loss = 832.926513671875
Epoch 213 completed. Average loss = 832.874267578125
Epoch 214 completed. Average loss = 832.8875122070312
Epoch 215 completed. Average loss = 832.8621215820312
Epoch 216 completed. Average loss = 832.9012451171875
Epoch 217 completed. Average loss = 832.8614501953125
Epoch 218 completed. Average loss = 832.8372192382812
Epoch 219 completed. Average loss = 832.8815307617188
Epoch 220 completed. Average loss = 832.8652954101562
Epoch 221 completed. Average loss = 832.8344116210938
Epoch 222 completed. Average loss = 832.8496704101562
Epoch 223 completed. Average loss = 832.8441772460938
Epoch 224 completed. Average loss = 832.8416137695312
Epoch 225 completed. Average loss = 832.8236083984375
Epoch 226 completed. Average loss = 832.8649291992188
Epoch 227 completed. Average loss = 832.8159790039062
Epoch 228 completed. Average loss = 832.813232421875
Epoch 229 completed. Average loss = 832.8074340820312
Epoch 230 completed. Average loss = 832.820556640625
Epoch 231 completed. Average loss = 832.7801513671875
Epoch 232 completed. Average loss = 832.7976684570312
Epoch 233 completed. Average loss = 832.8160400390625
Epoch 234 completed. Average loss = 832.80029296875
Epoch 235 completed. Average loss = 832.8148193359375
Epoch 236 completed. Average loss = 832.7970581054688
Epoch 237 completed. Average loss = 832.7799072265625
Epoch 238 completed. Average loss = 832.8028564453125
Epoch 239 completed. Average loss = 832.78369140625
Epoch 240 completed. Average loss = 832.7652587890625
Epoch 241 completed. Average loss = 832.7733154296875
Epoch 242 completed. Average loss = 832.75390625
Epoch 243 completed. Average loss = 832.7466430664062
Epoch 244 completed. Average loss = 832.7384643554688
Epoch 245 completed. Average loss = 832.7435302734375
Epoch 246 completed. Average loss = 832.7562255859375
Epoch 247 completed. Average loss = 832.7261962890625
Epoch 248 completed. Average loss = 832.7576293945312
Epoch 249 completed. Average loss = 832.7322387695312
Epoch 250 completed. Average loss = 832.7264404296875
Epoch 251 completed. Average loss = 832.7378540039062
Epoch 252 completed. Average loss = 832.747314453125
Epoch 253 completed. Average loss = 832.7246704101562
Epoch 254 completed. Average loss = 832.7237548828125
Epoch 255 completed. Average loss = 832.7060546875
Epoch 256 completed. Average loss = 832.7178955078125
Epoch 257 completed. Average loss = 832.7022094726562
Epoch 258 completed. Average loss = 832.6975708007812
Epoch 259 completed. Average loss = 832.7080688476562
Epoch 260 completed. Average loss = 832.6998901367188
Epoch 261 completed. Average loss = 832.6939086914062
Epoch 262 completed. Average loss = 832.6778564453125
Epoch 263 completed. Average loss = 832.7037353515625
Epoch 264 completed. Average loss = 832.6902465820312
Epoch 265 completed. Average loss = 832.6988525390625
Epoch 266 completed. Average loss = 832.6934204101562
Epoch 267 completed. Average loss = 832.6775512695312
Epoch 268 completed. Average loss = 832.6636352539062
Epoch 269 completed. Average loss = 832.67919921875
Epoch 270 completed. Average loss = 832.6688842773438
Epoch 271 completed. Average loss = 832.6845703125
Epoch 272 completed. Average loss = 832.6692504882812
Epoch 273 completed. Average loss = 832.6635131835938
Epoch 274 completed. Average loss = 832.6639404296875
Epoch 275 completed. Average loss = 832.65625
Epoch 276 completed. Average loss = 832.6455078125
Epoch 277 completed. Average loss = 832.635009765625
Epoch 278 completed. Average loss = 832.65478515625
Epoch 279 completed. Average loss = 832.6260986328125
Epoch 280 completed. Average loss = 832.6365966796875
Epoch 281 completed. Average loss = 832.6377563476562
Epoch 282 completed. Average loss = 832.6268920898438
Epoch 283 completed. Average loss = 832.6046752929688
Epoch 284 completed. Average loss = 832.62744140625
Epoch 285 completed. Average loss = 832.63134765625
Epoch 286 completed. Average loss = 832.6221313476562
Epoch 287 completed. Average loss = 832.6038818359375
Epoch 288 completed. Average loss = 832.6171264648438
Epoch 289 completed. Average loss = 832.5995483398438
Epoch 290 completed. Average loss = 832.608642578125
Epoch 291 completed. Average loss = 832.595947265625
Epoch 292 completed. Average loss = 832.59228515625
Epoch 293 completed. Average loss = 832.5904541015625
Epoch 294 completed. Average loss = 832.59228515625
Epoch 295 completed. Average loss = 832.6346435546875
Epoch 296 completed. Average loss = 832.6077270507812
Epoch 297 completed. Average loss = 832.5728759765625
Epoch 298 completed. Average loss = 832.5770874023438
Epoch 299 completed. Average loss = 832.5927124023438
Epoch 300 completed. Average loss = 832.5684204101562
Epoch 301 completed. Average loss = 832.5919189453125
Epoch 302 completed. Average loss = 832.5818481445312
Epoch 303 completed. Average loss = 832.5812377929688
Epoch 304 completed. Average loss = 832.552001953125
Epoch 305 completed. Average loss = 832.5538940429688
Epoch 306 completed. Average loss = 832.564697265625
Epoch 307 completed. Average loss = 832.5857543945312
Epoch 308 completed. Average loss = 832.5581665039062
Epoch 309 completed. Average loss = 832.5552368164062
Epoch 310 completed. Average loss = 832.5442504882812
Epoch 311 completed. Average loss = 832.5787353515625
Epoch 312 completed. Average loss = 832.5358276367188
Epoch 313 completed. Average loss = 832.52783203125
Epoch 314 completed. Average loss = 832.5355834960938
Epoch 315 completed. Average loss = 832.540771484375
Epoch 316 completed. Average loss = 832.4999389648438
Epoch 317 completed. Average loss = 832.5399169921875
Epoch 318 completed. Average loss = 832.5185546875
Epoch 319 completed. Average loss = 832.5186157226562
Epoch 320 completed. Average loss = 832.5496826171875
Epoch 321 completed. Average loss = 832.5402221679688
Epoch 322 completed. Average loss = 832.4944458007812
Epoch 323 completed. Average loss = 832.5366821289062
Epoch 324 completed. Average loss = 832.5133056640625
Epoch 325 completed. Average loss = 832.5101318359375
Epoch 326 completed. Average loss = 832.5325317382812
Epoch 327 completed. Average loss = 832.5210571289062
Epoch 328 completed. Average loss = 832.5249633789062
Epoch 329 completed. Average loss = 832.5164794921875
Epoch 330 completed. Average loss = 832.5018920898438
Epoch 331 completed. Average loss = 832.5071411132812
Epoch 332 completed. Average loss = 832.49267578125
Epoch 333 completed. Average loss = 832.4995727539062
Epoch 334 completed. Average loss = 832.4917602539062
Epoch 335 completed. Average loss = 832.5109252929688
Epoch 336 completed. Average loss = 832.4774780273438
Epoch 337 completed. Average loss = 832.4879760742188
Epoch 338 completed. Average loss = 832.4755859375
Epoch 339 completed. Average loss = 832.4964599609375
Epoch 340 completed. Average loss = 832.4698486328125
Epoch 341 completed. Average loss = 832.4697875976562
Epoch 342 completed. Average loss = 832.48974609375
Epoch 343 completed. Average loss = 832.4461669921875
Epoch 344 completed. Average loss = 832.4766845703125
Epoch 345 completed. Average loss = 832.4560546875
Epoch 346 completed. Average loss = 832.4743041992188
Epoch 347 completed. Average loss = 832.4376220703125
Epoch 348 completed. Average loss = 832.4413452148438
Epoch 349 completed. Average loss = 832.480224609375
Epoch 350 completed. Average loss = 832.4679565429688
Epoch 351 completed. Average loss = 832.4639892578125
Epoch 352 completed. Average loss = 832.4426879882812
Epoch 353 completed. Average loss = 832.4461669921875
Epoch 354 completed. Average loss = 832.4463500976562
Epoch 355 completed. Average loss = 832.4444580078125
Epoch 356 completed. Average loss = 832.4288940429688
Epoch 357 completed. Average loss = 832.4326171875
Epoch 358 completed. Average loss = 832.4395751953125
Epoch 359 completed. Average loss = 832.4306030273438
Epoch 360 completed. Average loss = 832.4351806640625
Epoch 361 completed. Average loss = 832.4215087890625
Epoch 362 completed. Average loss = 832.3865356445312
Epoch 363 completed. Average loss = 832.400634765625
Epoch 364 completed. Average loss = 832.4324340820312
Epoch 365 completed. Average loss = 832.4169921875
Epoch 366 completed. Average loss = 832.4281616210938
Epoch 367 completed. Average loss = 832.4102172851562
Epoch 368 completed. Average loss = 832.4249267578125
Epoch 369 completed. Average loss = 832.4099731445312
Epoch 370 completed. Average loss = 832.4179077148438
Epoch 371 completed. Average loss = 832.4013671875
Epoch 372 completed. Average loss = 832.3997192382812
Epoch 373 completed. Average loss = 832.4232788085938
Epoch 374 completed. Average loss = 832.3765869140625
Epoch 375 completed. Average loss = 832.3865966796875
Epoch 376 completed. Average loss = 832.3987426757812
Epoch 377 completed. Average loss = 832.3978271484375
Epoch 378 completed. Average loss = 832.404541015625
Epoch 379 completed. Average loss = 832.390380859375
Epoch 380 completed. Average loss = 832.38916015625
Epoch 381 completed. Average loss = 832.4208984375
Epoch 382 completed. Average loss = 832.3612060546875
Epoch 383 completed. Average loss = 832.3779296875
Epoch 384 completed. Average loss = 832.402099609375
Epoch 385 completed. Average loss = 832.3759155273438
Epoch 386 completed. Average loss = 832.3641357421875
Epoch 387 completed. Average loss = 832.3903198242188
Epoch 388 completed. Average loss = 832.35546875
Epoch 389 completed. Average loss = 832.3577880859375
Epoch 390 completed. Average loss = 832.3650512695312
Epoch 391 completed. Average loss = 832.387939453125
Epoch 392 completed. Average loss = 832.3552856445312
Epoch 393 completed. Average loss = 832.367431640625
Epoch 394 completed. Average loss = 832.352294921875
Epoch 395 completed. Average loss = 832.356201171875
Epoch 396 completed. Average loss = 832.3878784179688
Epoch 397 completed. Average loss = 832.3614501953125
Epoch 398 completed. Average loss = 832.36376953125
Epoch 399 completed. Average loss = 832.344970703125
Epoch 400 completed. Average loss = 832.3577270507812
Epoch 401 completed. Average loss = 832.3776245117188
Epoch 402 completed. Average loss = 832.364013671875
Epoch 403 completed. Average loss = 832.3455810546875
Epoch 404 completed. Average loss = 832.3552856445312
Epoch 405 completed. Average loss = 832.3530883789062
Epoch 406 completed. Average loss = 832.3677368164062
Epoch 407 completed. Average loss = 832.3291625976562
Epoch 408 completed. Average loss = 832.3406372070312
Epoch 409 completed. Average loss = 832.3579711914062
Epoch 410 completed. Average loss = 832.3596801757812
Epoch 411 completed. Average loss = 832.3380126953125
Epoch 412 completed. Average loss = 832.330810546875
Epoch 413 completed. Average loss = 832.3390502929688
Epoch 414 completed. Average loss = 832.331298828125
Epoch 415 completed. Average loss = 832.33740234375
Epoch 416 completed. Average loss = 832.349365234375
Epoch 417 completed. Average loss = 832.32958984375
Epoch 418 completed. Average loss = 832.3088989257812
Epoch 419 completed. Average loss = 832.3363647460938
Epoch 420 completed. Average loss = 832.3143920898438
Epoch 421 completed. Average loss = 832.3296508789062
Epoch 422 completed. Average loss = 832.3220825195312
Epoch 423 completed. Average loss = 832.3336791992188
Epoch 424 completed. Average loss = 832.3087158203125
Epoch 425 completed. Average loss = 832.3212280273438
Epoch 426 completed. Average loss = 832.2926025390625
Epoch 427 completed. Average loss = 832.319580078125
Epoch 428 completed. Average loss = 832.3101806640625
Epoch 429 completed. Average loss = 832.2974243164062
Epoch 430 completed. Average loss = 832.3014526367188
Epoch 431 completed. Average loss = 832.3088989257812
Epoch 432 completed. Average loss = 832.3161010742188
Epoch 433 completed. Average loss = 832.3153686523438
Epoch 434 completed. Average loss = 832.282470703125
Epoch 435 completed. Average loss = 832.2939453125
Epoch 436 completed. Average loss = 832.2836303710938
Epoch 437 completed. Average loss = 832.2999877929688
Epoch 438 completed. Average loss = 832.2728271484375
Epoch 439 completed. Average loss = 832.27734375
Epoch 440 completed. Average loss = 832.2985229492188
Epoch 441 completed. Average loss = 832.276123046875
Epoch 442 completed. Average loss = 832.2991943359375
Epoch 443 completed. Average loss = 832.2698974609375
Epoch 444 completed. Average loss = 832.2714233398438
Epoch 445 completed. Average loss = 832.2753295898438
Epoch 446 completed. Average loss = 832.2971801757812
Epoch 447 completed. Average loss = 832.2827758789062
Epoch 448 completed. Average loss = 832.2865600585938
Epoch 449 completed. Average loss = 832.2527465820312
Epoch 450 completed. Average loss = 832.2780151367188
Epoch 451 completed. Average loss = 832.2722778320312
Epoch 452 completed. Average loss = 832.2569580078125
Epoch 453 completed. Average loss = 832.26318359375
Epoch 454 completed. Average loss = 832.2673950195312
Epoch 455 completed. Average loss = 832.2584228515625
Epoch 456 completed. Average loss = 832.2777709960938
Epoch 457 completed. Average loss = 832.2666015625
Epoch 458 completed. Average loss = 832.2626342773438
Epoch 459 completed. Average loss = 832.2735595703125
Epoch 460 completed. Average loss = 832.2618408203125
Epoch 461 completed. Average loss = 832.2685546875
Epoch 462 completed. Average loss = 832.2594604492188
Epoch 463 completed. Average loss = 832.275390625
Epoch 464 completed. Average loss = 832.2462768554688
Epoch 465 completed. Average loss = 832.2527465820312
Epoch 466 completed. Average loss = 832.27880859375
Epoch 467 completed. Average loss = 832.2635498046875
Epoch 468 completed. Average loss = 832.2666625976562
Epoch 469 completed. Average loss = 832.2465209960938
Epoch 470 completed. Average loss = 832.2420654296875
Epoch 471 completed. Average loss = 832.2357177734375
Epoch 472 completed. Average loss = 832.25146484375
Epoch 473 completed. Average loss = 832.2473754882812
Epoch 474 completed. Average loss = 832.2569580078125
Epoch 475 completed. Average loss = 832.224853515625
Epoch 476 completed. Average loss = 832.2335205078125
Epoch 477 completed. Average loss = 832.228515625
Epoch 478 completed. Average loss = 832.2317504882812
Epoch 479 completed. Average loss = 832.2127685546875
Epoch 480 completed. Average loss = 832.2044677734375
Epoch 481 completed. Average loss = 832.241943359375
Epoch 482 completed. Average loss = 832.228515625
Epoch 483 completed. Average loss = 832.2422485351562
Epoch 484 completed. Average loss = 832.2322387695312
Epoch 485 completed. Average loss = 832.2089233398438
Epoch 486 completed. Average loss = 832.2120361328125
Epoch 487 completed. Average loss = 832.2369384765625
Epoch 488 completed. Average loss = 832.21142578125
Epoch 489 completed. Average loss = 832.2088623046875
Epoch 490 completed. Average loss = 832.2322387695312
Epoch 491 completed. Average loss = 832.2138061523438
Epoch 492 completed. Average loss = 832.19970703125
Epoch 493 completed. Average loss = 832.2547607421875
Epoch 494 completed. Average loss = 832.2081298828125
Epoch 495 completed. Average loss = 832.2156372070312
Epoch 496 completed. Average loss = 832.2076416015625
Epoch 497 completed. Average loss = 832.2235107421875
Epoch 498 completed. Average loss = 832.2003784179688
Epoch 499 completed. Average loss = 832.2046508789062
Epoch 500 completed. Average loss = 832.2090454101562
Epoch 501 completed. Average loss = 832.2031860351562
Epoch 502 completed. Average loss = 832.2337646484375
Epoch 503 completed. Average loss = 832.1633911132812
Epoch 504 completed. Average loss = 832.2229614257812
Epoch 505 completed. Average loss = 832.1719970703125
Epoch 506 completed. Average loss = 832.2061157226562
Epoch 507 completed. Average loss = 832.2120361328125
Epoch 508 completed. Average loss = 832.1688232421875
Epoch 509 completed. Average loss = 832.1868896484375
Epoch 510 completed. Average loss = 832.1876831054688
Epoch 511 completed. Average loss = 832.1659545898438
Epoch 512 completed. Average loss = 832.190185546875
Epoch 513 completed. Average loss = 832.185791015625
Epoch 514 completed. Average loss = 832.1734619140625
Epoch 515 completed. Average loss = 832.1732788085938
Epoch 516 completed. Average loss = 832.1898803710938
Epoch 517 completed. Average loss = 832.16748046875
Epoch 518 completed. Average loss = 832.1728515625
Epoch 519 completed. Average loss = 832.1613159179688
Epoch 520 completed. Average loss = 832.1859130859375
Epoch 521 completed. Average loss = 832.1820678710938
Epoch 522 completed. Average loss = 832.1701049804688
Epoch 523 completed. Average loss = 832.1680297851562
Epoch 524 completed. Average loss = 832.160888671875
Epoch 525 completed. Average loss = 832.1781616210938
Epoch 526 completed. Average loss = 832.2020874023438
Epoch 527 completed. Average loss = 832.1638793945312
Epoch 528 completed. Average loss = 832.1452026367188
Epoch 529 completed. Average loss = 832.161865234375
Epoch 530 completed. Average loss = 832.1754760742188
Epoch 531 completed. Average loss = 832.1574096679688
Epoch 532 completed. Average loss = 832.148193359375
Epoch 533 completed. Average loss = 832.1676025390625
Epoch 534 completed. Average loss = 832.1461791992188
Epoch 535 completed. Average loss = 832.155029296875
Epoch 536 completed. Average loss = 832.13671875
Epoch 537 completed. Average loss = 832.1256713867188
Epoch 538 completed. Average loss = 832.13525390625
Epoch 539 completed. Average loss = 832.1312255859375
Epoch 540 completed. Average loss = 832.1368408203125
Epoch 541 completed. Average loss = 832.147216796875
Epoch 542 completed. Average loss = 832.13720703125
Epoch 543 completed. Average loss = 832.1381225585938
Epoch 544 completed. Average loss = 832.1491088867188
Epoch 545 completed. Average loss = 832.1371459960938
Epoch 546 completed. Average loss = 832.1122436523438
Epoch 547 completed. Average loss = 832.1460571289062
Epoch 548 completed. Average loss = 832.137451171875
Epoch 549 completed. Average loss = 832.1394653320312
Epoch 550 completed. Average loss = 832.1473999023438
Epoch 551 completed. Average loss = 832.1459350585938
Epoch 552 completed. Average loss = 832.1051025390625
Epoch 553 completed. Average loss = 832.1353759765625
Epoch 554 completed. Average loss = 832.123291015625
Epoch 555 completed. Average loss = 832.1476440429688
Epoch 556 completed. Average loss = 832.138427734375
Epoch 557 completed. Average loss = 832.1268920898438
Epoch 558 completed. Average loss = 832.1215209960938
Epoch 559 completed. Average loss = 832.1376342773438
Epoch 560 completed. Average loss = 832.1212768554688
Epoch 561 completed. Average loss = 832.1127319335938
Epoch 562 completed. Average loss = 832.1236572265625
Epoch 563 completed. Average loss = 832.1132202148438
Epoch 564 completed. Average loss = 832.085205078125
Epoch 565 completed. Average loss = 832.115234375
Epoch 566 completed. Average loss = 832.1040649414062
Epoch 567 completed. Average loss = 832.1077880859375
Epoch 568 completed. Average loss = 832.1090087890625
Epoch 569 completed. Average loss = 832.1109619140625
Epoch 570 completed. Average loss = 832.1109619140625
Epoch 571 completed. Average loss = 832.1058349609375
Epoch 572 completed. Average loss = 832.1220092773438
Epoch 573 completed. Average loss = 832.125732421875
Epoch 574 completed. Average loss = 832.0962524414062
Epoch 575 completed. Average loss = 832.103759765625
Epoch 576 completed. Average loss = 832.0848999023438
Epoch 577 completed. Average loss = 832.1027221679688
Epoch 578 completed. Average loss = 832.09228515625
Epoch 579 completed. Average loss = 832.1066284179688
Epoch 580 completed. Average loss = 832.073974609375
Epoch 581 completed. Average loss = 832.0992431640625
Epoch 582 completed. Average loss = 832.0906982421875
Epoch 583 completed. Average loss = 832.0989990234375
Epoch 584 completed. Average loss = 832.08740234375
Epoch 585 completed. Average loss = 832.1058349609375
Epoch 586 completed. Average loss = 832.0965576171875
Epoch 587 completed. Average loss = 832.0960083007812
Epoch 588 completed. Average loss = 832.0856323242188
Epoch 589 completed. Average loss = 832.0669555664062
Epoch 590 completed. Average loss = 832.0850830078125
Epoch 591 completed. Average loss = 832.0840454101562
Epoch 592 completed. Average loss = 832.0945434570312
Epoch 593 completed. Average loss = 832.0988159179688
Epoch 594 completed. Average loss = 832.1087646484375
Epoch 595 completed. Average loss = 832.0619506835938
Epoch 596 completed. Average loss = 832.087158203125
Epoch 597 completed. Average loss = 832.0718994140625
Epoch 598 completed. Average loss = 832.0689086914062
Epoch 599 completed. Average loss = 832.0911254882812
Epoch 600 completed. Average loss = 832.0654907226562
Epoch 601 completed. Average loss = 832.0692749023438
Epoch 602 completed. Average loss = 832.0567626953125
Epoch 603 completed. Average loss = 832.0703735351562
Epoch 604 completed. Average loss = 832.0519409179688
Epoch 605 completed. Average loss = 832.0527954101562
Epoch 606 completed. Average loss = 832.0838623046875
Epoch 607 completed. Average loss = 832.0761108398438
Epoch 608 completed. Average loss = 832.0825805664062
Epoch 609 completed. Average loss = 832.0436401367188
Epoch 610 completed. Average loss = 832.0802001953125
Epoch 611 completed. Average loss = 832.0543212890625
Epoch 612 completed. Average loss = 832.0761108398438
Epoch 613 completed. Average loss = 832.0457763671875
Epoch 614 completed. Average loss = 832.0447387695312
Epoch 615 completed. Average loss = 832.088134765625
Epoch 616 completed. Average loss = 832.0682373046875
Epoch 617 completed. Average loss = 832.0265502929688
Epoch 618 completed. Average loss = 832.0746459960938
Epoch 619 completed. Average loss = 832.0380859375
Epoch 620 completed. Average loss = 832.0564575195312
Epoch 621 completed. Average loss = 832.0573120117188
Epoch 622 completed. Average loss = 832.0388793945312
Epoch 623 completed. Average loss = 832.0422973632812
Epoch 624 completed. Average loss = 832.052490234375
Epoch 625 completed. Average loss = 832.051025390625
Epoch 626 completed. Average loss = 832.02880859375
Epoch 627 completed. Average loss = 832.0604858398438
Epoch 628 completed. Average loss = 832.0233764648438
Epoch 629 completed. Average loss = 832.0335083007812
Epoch 630 completed. Average loss = 832.0523071289062
Epoch 631 completed. Average loss = 832.0288696289062
Epoch 632 completed. Average loss = 832.0277099609375
Epoch 633 completed. Average loss = 832.0530395507812
Epoch 634 completed. Average loss = 832.0065307617188
Epoch 635 completed. Average loss = 832.0240478515625
Epoch 636 completed. Average loss = 832.0386352539062
Epoch 637 completed. Average loss = 832.0401000976562
Epoch 638 completed. Average loss = 832.03662109375
Epoch 639 completed. Average loss = 832.0281372070312
Epoch 640 completed. Average loss = 832.01708984375
Epoch 641 completed. Average loss = 832.0284423828125
Epoch 642 completed. Average loss = 832.0156860351562
Epoch 643 completed. Average loss = 832.0121459960938
Epoch 644 completed. Average loss = 832.0380249023438
Epoch 645 completed. Average loss = 832.02490234375
Epoch 646 completed. Average loss = 832.036865234375
Epoch 647 completed. Average loss = 832.0076904296875
Epoch 648 completed. Average loss = 832.01708984375
Epoch 649 completed. Average loss = 832.0254516601562
Epoch 650 completed. Average loss = 832.0298461914062
Epoch 651 completed. Average loss = 832.0067138671875
Epoch 652 completed. Average loss = 832.0183715820312
Epoch 653 completed. Average loss = 832.011962890625
Epoch 654 completed. Average loss = 832.0199584960938
Epoch 655 completed. Average loss = 831.9971923828125
Epoch 656 completed. Average loss = 832.0084838867188
Epoch 657 completed. Average loss = 832.0149536132812
Epoch 658 completed. Average loss = 832.0047607421875
Epoch 659 completed. Average loss = 831.9723510742188
Epoch 660 completed. Average loss = 832.0072631835938
Epoch 661 completed. Average loss = 832.0027465820312
Epoch 662 completed. Average loss = 831.9989624023438
Epoch 663 completed. Average loss = 832.0140991210938
Epoch 664 completed. Average loss = 831.9952392578125
Epoch 665 completed. Average loss = 832.012451171875
Epoch 666 completed. Average loss = 831.9842529296875
Epoch 667 completed. Average loss = 831.9781494140625
Epoch 668 completed. Average loss = 832.026123046875
Epoch 669 completed. Average loss = 831.99169921875
Epoch 670 completed. Average loss = 831.9868774414062
Epoch 671 completed. Average loss = 832.0098876953125
Epoch 672 completed. Average loss = 831.998046875
Epoch 673 completed. Average loss = 831.9803466796875
Epoch 674 completed. Average loss = 831.9832763671875
Epoch 675 completed. Average loss = 831.9850463867188
Epoch 676 completed. Average loss = 831.9771118164062
Epoch 677 completed. Average loss = 831.9907836914062
Epoch 678 completed. Average loss = 831.9840087890625
Epoch 679 completed. Average loss = 831.9912719726562
Epoch 680 completed. Average loss = 831.987060546875
Epoch 681 completed. Average loss = 831.9728393554688
Epoch 682 completed. Average loss = 831.9956665039062
Epoch 683 completed. Average loss = 831.9775390625
Epoch 684 completed. Average loss = 831.98583984375
Epoch 685 completed. Average loss = 831.9778442382812
Epoch 686 completed. Average loss = 831.9922485351562
Epoch 687 completed. Average loss = 831.9691162109375
Epoch 688 completed. Average loss = 831.9876098632812
Epoch 689 completed. Average loss = 831.9691772460938
Epoch 690 completed. Average loss = 831.990966796875
Epoch 691 completed. Average loss = 831.9788818359375
Epoch 692 completed. Average loss = 831.9685668945312
Epoch 693 completed. Average loss = 831.984375
Epoch 694 completed. Average loss = 831.9605712890625
Epoch 695 completed. Average loss = 831.9957275390625
Epoch 696 completed. Average loss = 831.9942626953125
Epoch 697 completed. Average loss = 831.9852905273438
Epoch 698 completed. Average loss = 831.951904296875
Epoch 699 completed. Average loss = 831.9683837890625
Epoch 700 completed. Average loss = 831.9710693359375
Epoch 701 completed. Average loss = 831.9761352539062
Epoch 702 completed. Average loss = 831.9849853515625
Epoch 703 completed. Average loss = 831.9501953125
Epoch 704 completed. Average loss = 831.9575805664062
Epoch 705 completed. Average loss = 831.947998046875
Epoch 706 completed. Average loss = 831.953857421875
Epoch 707 completed. Average loss = 831.9642333984375
Epoch 708 completed. Average loss = 831.9609375
Epoch 709 completed. Average loss = 831.9822387695312
Epoch 710 completed. Average loss = 831.9736938476562
Epoch 711 completed. Average loss = 831.9644775390625
Epoch 712 completed. Average loss = 831.9824829101562
Epoch 713 completed. Average loss = 831.9569091796875
Epoch 714 completed. Average loss = 831.9489135742188
Epoch 715 completed. Average loss = 831.9644165039062
Epoch 716 completed. Average loss = 831.9946899414062
Epoch 717 completed. Average loss = 831.9471435546875
Epoch 718 completed. Average loss = 831.9783325195312
Epoch 719 completed. Average loss = 831.9521484375
Epoch 720 completed. Average loss = 831.9345092773438
Epoch 721 completed. Average loss = 831.952392578125
Epoch 722 completed. Average loss = 831.9531860351562
Epoch 723 completed. Average loss = 831.9539794921875
Epoch 724 completed. Average loss = 831.9555053710938
Epoch 725 completed. Average loss = 831.9384155273438
Epoch 726 completed. Average loss = 831.9332275390625
Epoch 727 completed. Average loss = 831.9385375976562
Epoch 728 completed. Average loss = 831.9669189453125
Epoch 729 completed. Average loss = 831.9474487304688
Epoch 730 completed. Average loss = 831.92041015625
Epoch 731 completed. Average loss = 831.94677734375
Epoch 732 completed. Average loss = 831.9251098632812
Epoch 733 completed. Average loss = 831.9293823242188
Epoch 734 completed. Average loss = 831.9071655273438
Epoch 735 completed. Average loss = 831.9407348632812
Epoch 736 completed. Average loss = 831.9386596679688
Epoch 737 completed. Average loss = 831.9428100585938
Epoch 738 completed. Average loss = 831.927734375
Epoch 739 completed. Average loss = 831.9452514648438
Epoch 740 completed. Average loss = 831.9156494140625
Epoch 741 completed. Average loss = 831.9161376953125
Epoch 742 completed. Average loss = 831.9358520507812
Epoch 743 completed. Average loss = 831.9203491210938
Epoch 744 completed. Average loss = 831.9253540039062
Epoch 745 completed. Average loss = 831.9450073242188
Epoch 746 completed. Average loss = 831.9118041992188
Epoch 747 completed. Average loss = 831.9309692382812
Epoch 748 completed. Average loss = 831.9472045898438
Epoch 749 completed. Average loss = 831.921875
Epoch 750 completed. Average loss = 831.91357421875
Epoch 751 completed. Average loss = 831.90771484375
Epoch 752 completed. Average loss = 831.9091186523438
Epoch 753 completed. Average loss = 831.9369506835938
Epoch 754 completed. Average loss = 831.9131469726562
Epoch 755 completed. Average loss = 831.9620971679688
Epoch 756 completed. Average loss = 831.9265747070312
Epoch 757 completed. Average loss = 831.904052734375
Epoch 758 completed. Average loss = 831.9328002929688
Epoch 759 completed. Average loss = 831.9093627929688
Epoch 760 completed. Average loss = 831.9395751953125
Epoch 761 completed. Average loss = 831.92333984375
Epoch 762 completed. Average loss = 831.92529296875
