nohup: ignoring input
Using device: cuda
Not using data augmentation
Resuming from checkpoint: ./CVAE/checkpoints/resnet_VAE_0.001_128_1024_1.0.pth
Trainable parameters: 23414851
Non-trainable parameters: 0.0
Total parameters: 23414851.0
Riprendo l'addestramento da epoca 45...
Epoch 45 completed. Average loss = 851.9630126953125
Epoch 46 completed. Average loss = 851.9000854492188
Epoch 47 completed. Average loss = 851.7841796875
Epoch 48 completed. Average loss = 851.7420654296875
Epoch 49 completed. Average loss = 851.6743774414062
Epoch 50 completed. Average loss = 851.5740356445312
Epoch 51 completed. Average loss = 851.5285034179688
Epoch 52 completed. Average loss = 851.4514770507812
Epoch 53 completed. Average loss = 851.3690185546875
Epoch 54 completed. Average loss = 851.3323974609375
Epoch 55 completed. Average loss = 851.2523193359375
Epoch 56 completed. Average loss = 851.2266845703125
Epoch 57 completed. Average loss = 851.162109375
Epoch 58 completed. Average loss = 851.115966796875
Epoch 59 completed. Average loss = 851.03076171875
Epoch 60 completed. Average loss = 850.9874267578125
Epoch 61 completed. Average loss = 850.9525146484375
Epoch 62 completed. Average loss = 850.8855590820312
Epoch 63 completed. Average loss = 850.7868041992188
Epoch 64 completed. Average loss = 850.7821044921875
Epoch 65 completed. Average loss = 850.7556762695312
Epoch 66 completed. Average loss = 850.67822265625
Epoch 67 completed. Average loss = 850.6458129882812
Epoch 68 completed. Average loss = 850.60107421875
Epoch 69 completed. Average loss = 850.5619506835938
Epoch 70 completed. Average loss = 850.5423583984375
Epoch 71 completed. Average loss = 850.4935302734375
Epoch 72 completed. Average loss = 850.4486083984375
Epoch 73 completed. Average loss = 850.4295654296875
Epoch 74 completed. Average loss = 850.4017333984375
Epoch 75 completed. Average loss = 850.3455810546875
Epoch 76 completed. Average loss = 850.3055419921875
Epoch 77 completed. Average loss = 850.3048706054688
Epoch 78 completed. Average loss = 850.2744750976562
Epoch 79 completed. Average loss = 850.2163696289062
Epoch 80 completed. Average loss = 850.2022705078125
Epoch 81 completed. Average loss = 850.181884765625
Epoch 82 completed. Average loss = 850.1663208007812
Epoch 83 completed. Average loss = 850.119384765625
Epoch 84 completed. Average loss = 850.1421508789062
Epoch 85 completed. Average loss = 850.0857543945312
Epoch 86 completed. Average loss = 850.0802001953125
Epoch 87 completed. Average loss = 850.0789794921875
Epoch 88 completed. Average loss = 850.04150390625
Epoch 89 completed. Average loss = 850.0355224609375
Epoch 90 completed. Average loss = 850.020751953125
Epoch 91 completed. Average loss = 849.9891357421875
Epoch 92 completed. Average loss = 849.9734497070312
Epoch 93 completed. Average loss = 849.9634399414062
Epoch 94 completed. Average loss = 849.9425659179688
Epoch 95 completed. Average loss = 849.9065551757812
Epoch 96 completed. Average loss = 849.9487915039062
Epoch 97 completed. Average loss = 849.9008178710938
Epoch 98 completed. Average loss = 849.8668823242188
Epoch 99 completed. Average loss = 849.858154296875
Epoch 100 completed. Average loss = 849.8248291015625
Epoch 101 completed. Average loss = 849.8038940429688
Epoch 102 completed. Average loss = 849.8005981445312
Epoch 103 completed. Average loss = 849.772705078125
Epoch 104 completed. Average loss = 849.779052734375
Epoch 105 completed. Average loss = 849.7753295898438
Epoch 106 completed. Average loss = 849.7505493164062
Epoch 107 completed. Average loss = 849.7297973632812
Epoch 108 completed. Average loss = 849.70556640625
Epoch 109 completed. Average loss = 849.6966552734375
Epoch 110 completed. Average loss = 849.7125244140625
Epoch 111 completed. Average loss = 849.6455078125
Epoch 112 completed. Average loss = 849.6609497070312
Epoch 113 completed. Average loss = 849.6552124023438
Epoch 114 completed. Average loss = 849.6316528320312
Epoch 115 completed. Average loss = 849.628662109375
Epoch 116 completed. Average loss = 849.5985717773438
Epoch 117 completed. Average loss = 849.595947265625
Epoch 118 completed. Average loss = 849.5726318359375
Epoch 119 completed. Average loss = 849.5989990234375
Epoch 120 completed. Average loss = 849.5780639648438
Epoch 121 completed. Average loss = 849.5540161132812
Epoch 122 completed. Average loss = 849.5667114257812
Epoch 123 completed. Average loss = 849.5358276367188
Epoch 124 completed. Average loss = 849.4971313476562
Epoch 125 completed. Average loss = 849.505859375
Epoch 126 completed. Average loss = 849.4912719726562
Epoch 127 completed. Average loss = 849.4777221679688
Epoch 128 completed. Average loss = 849.4957885742188
Epoch 129 completed. Average loss = 849.474365234375
Epoch 130 completed. Average loss = 849.4864501953125
Epoch 131 completed. Average loss = 849.4476928710938
Epoch 132 completed. Average loss = 849.4293212890625
Epoch 133 completed. Average loss = 849.4396362304688
Epoch 134 completed. Average loss = 849.4228515625
Epoch 135 completed. Average loss = 849.40185546875
Epoch 136 completed. Average loss = 849.3878784179688
Epoch 137 completed. Average loss = 849.403076171875
Epoch 138 completed. Average loss = 849.3846435546875
Epoch 139 completed. Average loss = 849.3928833007812
Epoch 140 completed. Average loss = 849.3988647460938
Epoch 141 completed. Average loss = 849.3687133789062
Epoch 142 completed. Average loss = 849.3716430664062
Epoch 143 completed. Average loss = 849.336669921875
Epoch 144 completed. Average loss = 849.3386840820312
Epoch 145 completed. Average loss = 849.347412109375
Epoch 146 completed. Average loss = 849.3517456054688
Epoch 147 completed. Average loss = 849.28466796875
Epoch 148 completed. Average loss = 849.3157348632812
Epoch 149 completed. Average loss = 849.3109741210938
Epoch 150 completed. Average loss = 849.2930908203125
Epoch 151 completed. Average loss = 849.2728271484375
Epoch 152 completed. Average loss = 849.2621459960938
Epoch 153 completed. Average loss = 849.29150390625
Epoch 154 completed. Average loss = 849.2510375976562
Epoch 155 completed. Average loss = 849.2564697265625
Epoch 156 completed. Average loss = 849.2400512695312
Epoch 157 completed. Average loss = 849.2280883789062
Epoch 158 completed. Average loss = 849.26123046875
Epoch 159 completed. Average loss = 849.237060546875
Epoch 160 completed. Average loss = 849.2265625
Epoch 161 completed. Average loss = 849.2241821289062
Epoch 162 completed. Average loss = 849.2098388671875
Epoch 163 completed. Average loss = 849.2118530273438
Epoch 164 completed. Average loss = 849.177978515625
Epoch 165 completed. Average loss = 849.2015991210938
Epoch 166 completed. Average loss = 849.1976928710938
Epoch 167 completed. Average loss = 849.1705322265625
Epoch 168 completed. Average loss = 849.2006225585938
Epoch 169 completed. Average loss = 849.1613159179688
Epoch 170 completed. Average loss = 849.1732788085938
Epoch 171 completed. Average loss = 849.13720703125
Epoch 172 completed. Average loss = 849.1512451171875
Epoch 173 completed. Average loss = 849.1454467773438
Epoch 174 completed. Average loss = 849.1116333007812
Epoch 175 completed. Average loss = 849.1072998046875
Epoch 176 completed. Average loss = 849.1265258789062
Epoch 177 completed. Average loss = 849.05810546875
Epoch 178 completed. Average loss = 849.1175537109375
Epoch 179 completed. Average loss = 849.073486328125
Epoch 180 completed. Average loss = 849.0941162109375
Epoch 181 completed. Average loss = 849.1454467773438
Epoch 182 completed. Average loss = 849.0565795898438
Epoch 183 completed. Average loss = 849.0712890625
Epoch 184 completed. Average loss = 849.0722045898438
Epoch 185 completed. Average loss = 849.0465698242188
Epoch 186 completed. Average loss = 849.0635986328125
Epoch 187 completed. Average loss = 849.0451049804688
Epoch 188 completed. Average loss = 849.0578002929688
Epoch 189 completed. Average loss = 849.0498046875
Epoch 190 completed. Average loss = 849.0208740234375
Epoch 191 completed. Average loss = 849.0064697265625
Epoch 192 completed. Average loss = 849.0125732421875
Epoch 193 completed. Average loss = 849.0307006835938
Epoch 194 completed. Average loss = 849.0169067382812
Epoch 195 completed. Average loss = 849.00732421875
Epoch 196 completed. Average loss = 848.986328125
Epoch 197 completed. Average loss = 848.9984741210938
Epoch 198 completed. Average loss = 848.9907836914062
Epoch 199 completed. Average loss = 848.9549560546875
Epoch 200 completed. Average loss = 849.0057373046875
Epoch 201 completed. Average loss = 848.9868774414062
Epoch 202 completed. Average loss = 848.974609375
Epoch 203 completed. Average loss = 848.9634399414062
Epoch 204 completed. Average loss = 848.9782104492188
Epoch 205 completed. Average loss = 848.9880981445312
Epoch 206 completed. Average loss = 848.9798583984375
Epoch 207 completed. Average loss = 848.958251953125
Epoch 208 completed. Average loss = 848.9705810546875
Epoch 209 completed. Average loss = 848.9295043945312
Epoch 210 completed. Average loss = 848.9517822265625
Epoch 211 completed. Average loss = 848.9360961914062
Epoch 212 completed. Average loss = 848.97314453125
Epoch 213 completed. Average loss = 848.9282836914062
Epoch 214 completed. Average loss = 848.9196166992188
Epoch 215 completed. Average loss = 848.9089965820312
Epoch 216 completed. Average loss = 848.9415283203125
Epoch 217 completed. Average loss = 848.9088745117188
Epoch 218 completed. Average loss = 848.8965454101562
Epoch 219 completed. Average loss = 848.9046020507812
Epoch 220 completed. Average loss = 848.8977661132812
Epoch 221 completed. Average loss = 848.874755859375
Epoch 222 completed. Average loss = 848.887451171875
Epoch 223 completed. Average loss = 848.8907470703125
Epoch 224 completed. Average loss = 848.8922119140625
Epoch 225 completed. Average loss = 848.8594360351562
Epoch 226 completed. Average loss = 848.9076538085938
Epoch 227 completed. Average loss = 848.8724975585938
Epoch 228 completed. Average loss = 848.88525390625
Epoch 229 completed. Average loss = 848.8561401367188
Epoch 230 completed. Average loss = 848.8529052734375
Epoch 231 completed. Average loss = 848.8340454101562
Epoch 232 completed. Average loss = 848.8720092773438
Epoch 233 completed. Average loss = 848.8602905273438
Epoch 234 completed. Average loss = 848.8443603515625
Epoch 235 completed. Average loss = 848.8494262695312
Epoch 236 completed. Average loss = 848.8499755859375
Epoch 237 completed. Average loss = 848.806396484375
Epoch 238 completed. Average loss = 848.843017578125
Epoch 239 completed. Average loss = 848.8311767578125
Epoch 240 completed. Average loss = 848.8150024414062
Epoch 241 completed. Average loss = 848.8268432617188
Epoch 242 completed. Average loss = 848.7918701171875
Epoch 243 completed. Average loss = 848.8013305664062
Epoch 244 completed. Average loss = 848.8202514648438
Epoch 245 completed. Average loss = 848.8292846679688
Epoch 246 completed. Average loss = 848.8108520507812
Epoch 247 completed. Average loss = 848.808349609375
Epoch 248 completed. Average loss = 848.8015747070312
Epoch 249 completed. Average loss = 848.8102416992188
Epoch 250 completed. Average loss = 848.8033447265625
Epoch 251 completed. Average loss = 848.795166015625
Epoch 252 completed. Average loss = 848.7735595703125
Epoch 253 completed. Average loss = 848.7710571289062
Epoch 254 completed. Average loss = 848.7879638671875
Epoch 255 completed. Average loss = 848.7991333007812
Epoch 256 completed. Average loss = 848.7786254882812
Epoch 257 completed. Average loss = 848.7656860351562
Epoch 258 completed. Average loss = 848.7659301757812
Epoch 259 completed. Average loss = 848.771240234375
Epoch 260 completed. Average loss = 848.7525024414062
Epoch 261 completed. Average loss = 848.7431640625
Epoch 262 completed. Average loss = 848.773681640625
Epoch 263 completed. Average loss = 848.7435913085938
Epoch 264 completed. Average loss = 848.755859375
Epoch 265 completed. Average loss = 848.7498779296875
Epoch 266 completed. Average loss = 848.731201171875
Epoch 267 completed. Average loss = 848.744140625
Epoch 268 completed. Average loss = 848.7521362304688
Epoch 269 completed. Average loss = 848.7416381835938
Epoch 270 completed. Average loss = 848.6997680664062
Epoch 271 completed. Average loss = 848.7150268554688
Epoch 272 completed. Average loss = 848.722412109375
Epoch 273 completed. Average loss = 848.7132568359375
Epoch 274 completed. Average loss = 848.7294311523438
Epoch 275 completed. Average loss = 848.7263793945312
Epoch 276 completed. Average loss = 848.7010498046875
Epoch 277 completed. Average loss = 848.685791015625
Epoch 278 completed. Average loss = 848.6876831054688
Epoch 279 completed. Average loss = 848.7130126953125
Epoch 280 completed. Average loss = 848.7059936523438
Epoch 281 completed. Average loss = 848.6793823242188
Epoch 282 completed. Average loss = 848.7107543945312
Epoch 283 completed. Average loss = 848.6846923828125
Epoch 284 completed. Average loss = 848.6993408203125
Epoch 285 completed. Average loss = 848.6761474609375
Epoch 286 completed. Average loss = 848.6965942382812
Epoch 287 completed. Average loss = 848.6638793945312
Epoch 288 completed. Average loss = 848.668212890625
Epoch 289 completed. Average loss = 848.6798706054688
Epoch 290 completed. Average loss = 848.6571655273438
Epoch 291 completed. Average loss = 848.6707153320312
Epoch 292 completed. Average loss = 848.6943969726562
Epoch 293 completed. Average loss = 848.6648559570312
Epoch 294 completed. Average loss = 848.6787109375
Epoch 295 completed. Average loss = 848.695068359375
Epoch 296 completed. Average loss = 848.6651611328125
Epoch 297 completed. Average loss = 848.6493530273438
Epoch 298 completed. Average loss = 848.6470336914062
Epoch 299 completed. Average loss = 848.656005859375
Epoch 300 completed. Average loss = 848.668212890625
Epoch 301 completed. Average loss = 848.6659545898438
Epoch 302 completed. Average loss = 848.6500244140625
Epoch 303 completed. Average loss = 848.6385498046875
Epoch 304 completed. Average loss = 848.6439819335938
Epoch 305 completed. Average loss = 848.6539916992188
Epoch 306 completed. Average loss = 848.6455078125
Epoch 307 completed. Average loss = 848.6560668945312
Epoch 308 completed. Average loss = 848.605224609375
Epoch 309 completed. Average loss = 848.6439819335938
Epoch 310 completed. Average loss = 848.6377563476562
Epoch 311 completed. Average loss = 848.607177734375
Epoch 312 completed. Average loss = 848.6248168945312
Epoch 313 completed. Average loss = 848.6371459960938
Epoch 314 completed. Average loss = 848.5888061523438
Epoch 315 completed. Average loss = 848.6137084960938
Epoch 316 completed. Average loss = 848.6025390625
Epoch 317 completed. Average loss = 848.6024169921875
Epoch 318 completed. Average loss = 848.5946655273438
Epoch 319 completed. Average loss = 848.6134643554688
Epoch 320 completed. Average loss = 848.6149291992188
Epoch 321 completed. Average loss = 848.609619140625
Epoch 322 completed. Average loss = 848.6083984375
Epoch 323 completed. Average loss = 848.6156005859375
Epoch 324 completed. Average loss = 848.578369140625
Epoch 325 completed. Average loss = 848.6007080078125
Epoch 326 completed. Average loss = 848.5862426757812
Epoch 327 completed. Average loss = 848.6239013671875
Epoch 328 completed. Average loss = 848.5744018554688
Epoch 329 completed. Average loss = 848.6008911132812
Epoch 330 completed. Average loss = 848.6027221679688
Epoch 331 completed. Average loss = 848.603515625
Epoch 332 completed. Average loss = 848.5867919921875
Epoch 333 completed. Average loss = 848.5809936523438
Epoch 334 completed. Average loss = 848.5690307617188
Epoch 335 completed. Average loss = 848.6022338867188
Epoch 336 completed. Average loss = 848.5745849609375
Epoch 337 completed. Average loss = 848.5655517578125
Epoch 338 completed. Average loss = 848.5824584960938
Epoch 339 completed. Average loss = 848.5517578125
Epoch 340 completed. Average loss = 848.591796875
Epoch 341 completed. Average loss = 848.5610961914062
Epoch 342 completed. Average loss = 848.6033935546875
Epoch 343 completed. Average loss = 848.5447387695312
Epoch 344 completed. Average loss = 848.5667724609375
Epoch 345 completed. Average loss = 848.557861328125
Epoch 346 completed. Average loss = 848.56640625
Epoch 347 completed. Average loss = 848.5501098632812
Epoch 348 completed. Average loss = 848.5435180664062
Epoch 349 completed. Average loss = 848.5709228515625
Epoch 350 completed. Average loss = 848.539794921875
Epoch 351 completed. Average loss = 848.5587158203125
Epoch 352 completed. Average loss = 848.5321655273438
Epoch 353 completed. Average loss = 848.5438842773438
Epoch 354 completed. Average loss = 848.5359497070312
Epoch 355 completed. Average loss = 848.5242919921875
Epoch 356 completed. Average loss = 848.5153198242188
Epoch 357 completed. Average loss = 848.5375366210938
Epoch 358 completed. Average loss = 848.5279541015625
Epoch 359 completed. Average loss = 848.54150390625
Epoch 360 completed. Average loss = 848.5437622070312
Epoch 361 completed. Average loss = 848.5668334960938
Epoch 362 completed. Average loss = 848.5253295898438
Epoch 363 completed. Average loss = 848.5316772460938
Epoch 364 completed. Average loss = 848.554931640625
Epoch 365 completed. Average loss = 848.5087890625
Epoch 366 completed. Average loss = 848.5193481445312
Epoch 367 completed. Average loss = 848.5048217773438
Epoch 368 completed. Average loss = 848.52685546875
Epoch 369 completed. Average loss = 848.5263061523438
Epoch 370 completed. Average loss = 848.526123046875
Epoch 371 completed. Average loss = 848.4913330078125
Epoch 372 completed. Average loss = 848.5076904296875
Epoch 373 completed. Average loss = 848.5314331054688
Epoch 374 completed. Average loss = 848.4982299804688
Epoch 375 completed. Average loss = 848.4891357421875
Epoch 376 completed. Average loss = 848.4966430664062
Epoch 377 completed. Average loss = 848.4825439453125
Epoch 378 completed. Average loss = 848.5066528320312
Epoch 379 completed. Average loss = 848.4963989257812
Epoch 380 completed. Average loss = 848.4924926757812
Epoch 381 completed. Average loss = 848.4957275390625
Epoch 382 completed. Average loss = 848.481689453125
Epoch 383 completed. Average loss = 848.5039672851562
Epoch 384 completed. Average loss = 848.5269775390625
Epoch 385 completed. Average loss = 848.4979858398438
Epoch 386 completed. Average loss = 848.4797973632812
Epoch 387 completed. Average loss = 848.4874877929688
Epoch 388 completed. Average loss = 848.4827880859375
Epoch 389 completed. Average loss = 848.4632568359375
Epoch 390 completed. Average loss = 848.4822387695312
Epoch 391 completed. Average loss = 848.4874267578125
Epoch 392 completed. Average loss = 848.4725341796875
Epoch 393 completed. Average loss = 848.478515625
Epoch 394 completed. Average loss = 848.4829711914062
Epoch 395 completed. Average loss = 848.4675903320312
Epoch 396 completed. Average loss = 848.4794921875
Epoch 397 completed. Average loss = 848.4859619140625
Epoch 398 completed. Average loss = 848.451171875
Epoch 399 completed. Average loss = 848.46484375
Epoch 400 completed. Average loss = 848.4851684570312
Epoch 401 completed. Average loss = 848.495849609375
Epoch 402 completed. Average loss = 848.48388671875
Epoch 403 completed. Average loss = 848.4533081054688
Epoch 404 completed. Average loss = 848.4434204101562
Epoch 405 completed. Average loss = 848.4913940429688
Epoch 406 completed. Average loss = 848.4655151367188
Epoch 407 completed. Average loss = 848.45458984375
Epoch 408 completed. Average loss = 848.4343872070312
Epoch 409 completed. Average loss = 848.4986572265625
Epoch 410 completed. Average loss = 848.4750366210938
Epoch 411 completed. Average loss = 848.4735107421875
Epoch 412 completed. Average loss = 848.4379272460938
Epoch 413 completed. Average loss = 848.45654296875
Epoch 414 completed. Average loss = 848.4541625976562
Epoch 415 completed. Average loss = 848.4551391601562
Epoch 416 completed. Average loss = 848.4637451171875
Epoch 417 completed. Average loss = 848.4559936523438
Epoch 418 completed. Average loss = 848.456787109375
Epoch 419 completed. Average loss = 848.4592895507812
Epoch 420 completed. Average loss = 848.4588623046875
Epoch 421 completed. Average loss = 848.42724609375
Epoch 422 completed. Average loss = 848.4488525390625
Epoch 423 completed. Average loss = 848.4432983398438
Epoch 424 completed. Average loss = 848.4336547851562
Epoch 425 completed. Average loss = 848.4319458007812
Epoch 426 completed. Average loss = 848.437744140625
Epoch 427 completed. Average loss = 848.4369506835938
Epoch 428 completed. Average loss = 848.4424438476562
Epoch 429 completed. Average loss = 848.4351806640625
Epoch 430 completed. Average loss = 848.4420776367188
Epoch 431 completed. Average loss = 848.4334716796875
Epoch 432 completed. Average loss = 848.4384765625
Epoch 433 completed. Average loss = 848.4649658203125
Epoch 434 completed. Average loss = 848.3948364257812
Epoch 435 completed. Average loss = 848.427490234375
Epoch 436 completed. Average loss = 848.3805541992188
Epoch 437 completed. Average loss = 848.421630859375
Epoch 438 completed. Average loss = 848.4267578125
Epoch 439 completed. Average loss = 848.4171752929688
Epoch 440 completed. Average loss = 848.4176635742188
Epoch 441 completed. Average loss = 848.4111938476562
Epoch 442 completed. Average loss = 848.3978271484375
Epoch 443 completed. Average loss = 848.3970336914062
Epoch 444 completed. Average loss = 848.40380859375
Epoch 445 completed. Average loss = 848.4108276367188
Epoch 446 completed. Average loss = 848.4342041015625
Epoch 447 completed. Average loss = 848.415283203125
Epoch 448 completed. Average loss = 848.4220581054688
Epoch 449 completed. Average loss = 848.429931640625
Epoch 450 completed. Average loss = 848.4100341796875
Epoch 451 completed. Average loss = 848.4241333007812
Epoch 452 completed. Average loss = 848.3873291015625
Epoch 453 completed. Average loss = 848.4207153320312
Epoch 454 completed. Average loss = 848.42529296875
Epoch 455 completed. Average loss = 848.3928833007812
Epoch 456 completed. Average loss = 848.42724609375
Epoch 457 completed. Average loss = 848.414794921875
Epoch 458 completed. Average loss = 848.4171752929688
Epoch 459 completed. Average loss = 848.393798828125
Epoch 460 completed. Average loss = 848.4190063476562
Epoch 461 completed. Average loss = 848.3995361328125
Epoch 462 completed. Average loss = 848.3920288085938
Epoch 463 completed. Average loss = 848.421142578125
Epoch 464 completed. Average loss = 848.4303588867188
Epoch 465 completed. Average loss = 848.4132080078125
Epoch 466 completed. Average loss = 848.4094848632812
Epoch 467 completed. Average loss = 848.3984985351562
Epoch 468 completed. Average loss = 848.369873046875
Epoch 469 completed. Average loss = 848.3948974609375
Epoch 470 completed. Average loss = 848.3898315429688
Epoch 471 completed. Average loss = 848.3790893554688
Epoch 472 completed. Average loss = 848.3862915039062
Epoch 473 completed. Average loss = 848.3707275390625
Epoch 474 completed. Average loss = 848.400146484375
Epoch 475 completed. Average loss = 848.3939208984375
Epoch 476 completed. Average loss = 848.3993530273438
Epoch 477 completed. Average loss = 848.3692626953125
Epoch 478 completed. Average loss = 848.3955078125
Epoch 479 completed. Average loss = 848.3605346679688
Epoch 480 completed. Average loss = 848.3634643554688
Epoch 481 completed. Average loss = 848.3589477539062
Epoch 482 completed. Average loss = 848.3990478515625
Epoch 483 completed. Average loss = 848.3876342773438
Epoch 484 completed. Average loss = 848.367919921875
Epoch 485 completed. Average loss = 848.3751220703125
Epoch 486 completed. Average loss = 848.3554077148438
Epoch 487 completed. Average loss = 848.3841552734375
Epoch 488 completed. Average loss = 848.3751831054688
Epoch 489 completed. Average loss = 848.3655395507812
Epoch 490 completed. Average loss = 848.3601684570312
Epoch 491 completed. Average loss = 848.3489379882812
Epoch 492 completed. Average loss = 848.3565673828125
Epoch 493 completed. Average loss = 848.393798828125
Epoch 494 completed. Average loss = 848.3627319335938
Epoch 495 completed. Average loss = 848.3831176757812
Epoch 496 completed. Average loss = 848.3818359375
Epoch 497 completed. Average loss = 848.3849487304688
Epoch 498 completed. Average loss = 848.3509521484375
Epoch 499 completed. Average loss = 848.3738403320312
Epoch 500 completed. Average loss = 848.3438720703125
Epoch 501 completed. Average loss = 848.3709716796875
Epoch 502 completed. Average loss = 848.367919921875
Epoch 503 completed. Average loss = 848.3352661132812
Epoch 504 completed. Average loss = 848.3425903320312
Epoch 505 completed. Average loss = 848.3554077148438
Epoch 506 completed. Average loss = 848.3555297851562
Epoch 507 completed. Average loss = 848.3445434570312
Epoch 508 completed. Average loss = 848.3751831054688
Epoch 509 completed. Average loss = 848.3441162109375
Epoch 510 completed. Average loss = 848.365966796875
Epoch 511 completed. Average loss = 848.3430786132812
Epoch 512 completed. Average loss = 848.353515625
Epoch 513 completed. Average loss = 848.3712158203125
Epoch 514 completed. Average loss = 848.34521484375
Epoch 515 completed. Average loss = 848.3278198242188
Epoch 516 completed. Average loss = 848.36376953125
Epoch 517 completed. Average loss = 848.3433837890625
Epoch 518 completed. Average loss = 848.3365478515625
Epoch 519 completed. Average loss = 848.3009643554688
Epoch 520 completed. Average loss = 848.3216552734375
Epoch 521 completed. Average loss = 848.3464965820312
Epoch 522 completed. Average loss = 848.3728637695312
Epoch 523 completed. Average loss = 848.3482666015625
Epoch 524 completed. Average loss = 848.33837890625
Epoch 525 completed. Average loss = 848.36669921875
Epoch 526 completed. Average loss = 848.336669921875
Epoch 527 completed. Average loss = 848.3136596679688
Epoch 528 completed. Average loss = 848.3154907226562
Epoch 529 completed. Average loss = 848.356689453125
Epoch 530 completed. Average loss = 848.341796875
Epoch 531 completed. Average loss = 848.3237915039062
Epoch 532 completed. Average loss = 848.3139038085938
Epoch 533 completed. Average loss = 848.3387451171875
Epoch 534 completed. Average loss = 848.356689453125
Epoch 535 completed. Average loss = 848.32568359375
Epoch 536 completed. Average loss = 848.3272094726562
Epoch 537 completed. Average loss = 848.331298828125
Epoch 538 completed. Average loss = 848.3173828125
Epoch 539 completed. Average loss = 848.3433227539062
Epoch 540 completed. Average loss = 848.3298950195312
Epoch 541 completed. Average loss = 848.3090209960938
Epoch 542 completed. Average loss = 848.3310546875
Epoch 543 completed. Average loss = 848.33203125
Epoch 544 completed. Average loss = 848.3368530273438
Epoch 545 completed. Average loss = 848.3169555664062
Epoch 546 completed. Average loss = 848.3191528320312
Epoch 547 completed. Average loss = 848.3098754882812
Epoch 548 completed. Average loss = 848.3209228515625
Epoch 549 completed. Average loss = 848.3440551757812
Epoch 550 completed. Average loss = 848.3255615234375
Epoch 551 completed. Average loss = 848.3363647460938
Epoch 552 completed. Average loss = 848.2969970703125
Epoch 553 completed. Average loss = 848.32470703125
Epoch 554 completed. Average loss = 848.330810546875
Epoch 555 completed. Average loss = 848.3121948242188
Epoch 556 completed. Average loss = 848.3296508789062
Epoch 557 completed. Average loss = 848.3145751953125
Epoch 558 completed. Average loss = 848.3092041015625
Epoch 559 completed. Average loss = 848.32861328125
Epoch 560 completed. Average loss = 848.3094482421875
Epoch 561 completed. Average loss = 848.3173217773438
Epoch 562 completed. Average loss = 848.3062744140625
Epoch 563 completed. Average loss = 848.3019409179688
Epoch 564 completed. Average loss = 848.302490234375
Epoch 565 completed. Average loss = 848.3157348632812
Epoch 566 completed. Average loss = 848.2822875976562
Epoch 567 completed. Average loss = 848.3106079101562
Epoch 568 completed. Average loss = 848.2853393554688
Epoch 569 completed. Average loss = 848.3096923828125
Epoch 570 completed. Average loss = 848.3215942382812
Epoch 571 completed. Average loss = 848.329833984375
Epoch 572 completed. Average loss = 848.328369140625
Epoch 573 completed. Average loss = 848.3163452148438
Epoch 574 completed. Average loss = 848.2899780273438
Epoch 575 completed. Average loss = 848.291015625
Epoch 576 completed. Average loss = 848.2933349609375
Epoch 577 completed. Average loss = 848.32568359375
Epoch 578 completed. Average loss = 848.2957763671875
Epoch 579 completed. Average loss = 848.3037109375
Epoch 580 completed. Average loss = 848.293212890625
Epoch 581 completed. Average loss = 848.302978515625
Epoch 582 completed. Average loss = 848.2836303710938
Epoch 583 completed. Average loss = 848.3114013671875
Epoch 584 completed. Average loss = 848.2838745117188
Epoch 585 completed. Average loss = 848.3045043945312
Epoch 586 completed. Average loss = 848.2901000976562
Epoch 587 completed. Average loss = 848.2889404296875
Epoch 588 completed. Average loss = 848.2854614257812
Epoch 589 completed. Average loss = 848.2661743164062
Epoch 590 completed. Average loss = 848.2963256835938
Epoch 591 completed. Average loss = 848.2793579101562
Epoch 592 completed. Average loss = 848.3087768554688
Epoch 593 completed. Average loss = 848.2822875976562
Epoch 594 completed. Average loss = 848.3159790039062
Epoch 595 completed. Average loss = 848.26611328125
Epoch 596 completed. Average loss = 848.2732543945312
Epoch 597 completed. Average loss = 848.2717895507812
Epoch 598 completed. Average loss = 848.2898559570312
Epoch 599 completed. Average loss = 848.2949829101562
Epoch 600 completed. Average loss = 848.2568359375
Epoch 601 completed. Average loss = 848.2802734375
Epoch 602 completed. Average loss = 848.2862548828125
Epoch 603 completed. Average loss = 848.279052734375
Epoch 604 completed. Average loss = 848.2564086914062
Epoch 605 completed. Average loss = 848.2640380859375
Epoch 606 completed. Average loss = 848.2593994140625
Epoch 607 completed. Average loss = 848.2686157226562
Epoch 608 completed. Average loss = 848.2982788085938
Epoch 609 completed. Average loss = 848.2716674804688
Epoch 610 completed. Average loss = 848.2760620117188
Epoch 611 completed. Average loss = 848.2686767578125
Epoch 612 completed. Average loss = 848.2840576171875
Epoch 613 completed. Average loss = 848.2767944335938
Epoch 614 completed. Average loss = 848.3013916015625
Epoch 615 completed. Average loss = 848.2940063476562
Epoch 616 completed. Average loss = 848.2669067382812
Epoch 617 completed. Average loss = 848.2671508789062
Epoch 618 completed. Average loss = 848.30029296875
Epoch 619 completed. Average loss = 848.2723388671875
Epoch 620 completed. Average loss = 848.2922973632812
Epoch 621 completed. Average loss = 848.2794799804688
Epoch 622 completed. Average loss = 848.2933349609375
Epoch 623 completed. Average loss = 848.2838745117188
Epoch 624 completed. Average loss = 848.295166015625
Epoch 625 completed. Average loss = 848.2660522460938
Epoch 626 completed. Average loss = 848.2723388671875
Epoch 627 completed. Average loss = 848.279541015625
Epoch 628 completed. Average loss = 848.2672119140625
Epoch 629 completed. Average loss = 848.286376953125
Epoch 630 completed. Average loss = 848.2637939453125
Epoch 631 completed. Average loss = 848.2349853515625
Epoch 632 completed. Average loss = 848.2870483398438
Epoch 633 completed. Average loss = 848.262451171875
Epoch 634 completed. Average loss = 848.2369995117188
Epoch 635 completed. Average loss = 848.2481689453125
Epoch 636 completed. Average loss = 848.2763671875
Epoch 637 completed. Average loss = 848.2581176757812
Epoch 638 completed. Average loss = 848.2586669921875
Epoch 639 completed. Average loss = 848.26513671875
Epoch 640 completed. Average loss = 848.278564453125
Epoch 641 completed. Average loss = 848.2601928710938
Epoch 642 completed. Average loss = 848.2810668945312
Epoch 643 completed. Average loss = 848.2398071289062
Epoch 644 completed. Average loss = 848.265380859375
Epoch 645 completed. Average loss = 848.2706298828125
Epoch 646 completed. Average loss = 848.2606201171875
Epoch 647 completed. Average loss = 848.236328125
Epoch 648 completed. Average loss = 848.244140625
Epoch 649 completed. Average loss = 848.2462158203125
Epoch 650 completed. Average loss = 848.25634765625
Epoch 651 completed. Average loss = 848.252197265625
Epoch 652 completed. Average loss = 848.2554321289062
Epoch 653 completed. Average loss = 848.264404296875
Epoch 654 completed. Average loss = 848.242431640625
Epoch 655 completed. Average loss = 848.2144165039062
Epoch 656 completed. Average loss = 848.251708984375
Epoch 657 completed. Average loss = 848.2723999023438
Epoch 658 completed. Average loss = 848.2665405273438
Epoch 659 completed. Average loss = 848.2329711914062
Epoch 660 completed. Average loss = 848.2454223632812
Epoch 661 completed. Average loss = 848.2584228515625
Epoch 662 completed. Average loss = 848.2594604492188
Epoch 663 completed. Average loss = 848.2571411132812
Epoch 664 completed. Average loss = 848.2350463867188
Epoch 665 completed. Average loss = 848.2598266601562
Epoch 666 completed. Average loss = 848.2327270507812
Epoch 667 completed. Average loss = 848.215576171875
Epoch 668 completed. Average loss = 848.2465209960938
Epoch 669 completed. Average loss = 848.2544555664062
Epoch 670 completed. Average loss = 848.244384765625
Epoch 671 completed. Average loss = 848.2536010742188
Epoch 672 completed. Average loss = 848.2679443359375
Epoch 673 completed. Average loss = 848.24072265625
Epoch 674 completed. Average loss = 848.2473754882812
Epoch 675 completed. Average loss = 848.2387084960938
Epoch 676 completed. Average loss = 848.2205810546875
Epoch 677 completed. Average loss = 848.244140625
Epoch 678 completed. Average loss = 848.2335205078125
Epoch 679 completed. Average loss = 848.2340698242188
Epoch 680 completed. Average loss = 848.22998046875
Epoch 681 completed. Average loss = 848.2613525390625
Epoch 682 completed. Average loss = 848.25146484375
Epoch 683 completed. Average loss = 848.2317504882812
Epoch 684 completed. Average loss = 848.2271118164062
Epoch 685 completed. Average loss = 848.2396850585938
Epoch 686 completed. Average loss = 848.2517700195312
Epoch 687 completed. Average loss = 848.2074584960938
Epoch 688 completed. Average loss = 848.2447509765625
Epoch 689 completed. Average loss = 848.228759765625
Epoch 690 completed. Average loss = 848.2365112304688
Epoch 691 completed. Average loss = 848.1969604492188
Epoch 692 completed. Average loss = 848.238037109375
Epoch 693 completed. Average loss = 848.2257690429688
Epoch 694 completed. Average loss = 848.2461547851562
Epoch 695 completed. Average loss = 848.228759765625
Epoch 696 completed. Average loss = 848.2484741210938
Epoch 697 completed. Average loss = 848.243896484375
Epoch 698 completed. Average loss = 848.2313232421875
Epoch 699 completed. Average loss = 848.2216186523438
Epoch 700 completed. Average loss = 848.2574462890625
Epoch 701 completed. Average loss = 848.242919921875
Epoch 702 completed. Average loss = 848.2542114257812
Epoch 703 completed. Average loss = 848.2201538085938
Epoch 704 completed. Average loss = 848.2267456054688
Epoch 705 completed. Average loss = 848.2037963867188
Epoch 706 completed. Average loss = 848.2198486328125
Epoch 707 completed. Average loss = 848.25439453125
Epoch 708 completed. Average loss = 848.2013549804688
Epoch 709 completed. Average loss = 848.2379150390625
Epoch 710 completed. Average loss = 848.260986328125
Epoch 711 completed. Average loss = 848.22607421875
Epoch 712 completed. Average loss = 848.2273559570312
Epoch 713 completed. Average loss = 848.2157592773438
Epoch 714 completed. Average loss = 848.202392578125
Epoch 715 completed. Average loss = 848.22900390625
Epoch 716 completed. Average loss = 848.22998046875
Epoch 717 completed. Average loss = 848.2218017578125
Epoch 718 completed. Average loss = 848.244140625
Epoch 719 completed. Average loss = 848.2139282226562
Epoch 720 completed. Average loss = 848.2227783203125
Epoch 721 completed. Average loss = 848.211181640625
Epoch 722 completed. Average loss = 848.213623046875
Epoch 723 completed. Average loss = 848.2071533203125
Epoch 724 completed. Average loss = 848.2183227539062
Epoch 725 completed. Average loss = 848.2247924804688
Epoch 726 completed. Average loss = 848.2012329101562
Epoch 727 completed. Average loss = 848.216796875
Epoch 728 completed. Average loss = 848.2472534179688
Epoch 729 completed. Average loss = 848.2103271484375
Epoch 730 completed. Average loss = 848.1829833984375
Epoch 731 completed. Average loss = 848.22705078125
Epoch 732 completed. Average loss = 848.25390625
Epoch 733 completed. Average loss = 848.1959838867188
Epoch 734 completed. Average loss = 848.1942138671875
Epoch 735 completed. Average loss = 848.1915283203125
Epoch 736 completed. Average loss = 848.2255859375
Epoch 737 completed. Average loss = 848.1871337890625
Epoch 738 completed. Average loss = 848.2188110351562
Epoch 739 completed. Average loss = 848.1972045898438
Epoch 740 completed. Average loss = 848.1952514648438
Epoch 741 completed. Average loss = 848.2047119140625
Epoch 742 completed. Average loss = 848.2052001953125
Epoch 743 completed. Average loss = 848.1943359375
Epoch 744 completed. Average loss = 848.2019653320312
Epoch 745 completed. Average loss = 848.2188110351562
Epoch 746 completed. Average loss = 848.1915283203125
Epoch 747 completed. Average loss = 848.1898803710938
Epoch 748 completed. Average loss = 848.2091674804688
Epoch 749 completed. Average loss = 848.2063598632812
Epoch 750 completed. Average loss = 848.218017578125
Epoch 751 completed. Average loss = 848.1812133789062
Epoch 752 completed. Average loss = 848.2081909179688
Epoch 753 completed. Average loss = 848.2367553710938
Epoch 754 completed. Average loss = 848.1849975585938
Epoch 755 completed. Average loss = 848.2318115234375
Epoch 756 completed. Average loss = 848.2379760742188
Epoch 757 completed. Average loss = 848.2072143554688
Epoch 758 completed. Average loss = 848.2266235351562
Epoch 759 completed. Average loss = 848.1988525390625
Epoch 760 completed. Average loss = 848.1873779296875
Epoch 761 completed. Average loss = 848.1884765625
Epoch 762 completed. Average loss = 848.2198486328125
Epoch 763 completed. Average loss = 848.194091796875
