nohup: ignoring input
Using device: cuda
Not using data augmentation
Resuming from checkpoint: ./CVAE/checkpoints/resnet_VAE_0.001_128_1024_0.1.pth
Trainable parameters: 23414851
Non-trainable parameters: 0.0
Total parameters: 23414851.0
Riprendo l'addestramento da epoca 45...
Epoch 45 completed. Average loss = 811.0930786132812
Epoch 46 completed. Average loss = 810.9738159179688
Epoch 47 completed. Average loss = 810.8436889648438
Epoch 48 completed. Average loss = 810.7420043945312
Epoch 49 completed. Average loss = 810.6566772460938
Epoch 50 completed. Average loss = 810.5238037109375
Epoch 51 completed. Average loss = 810.4569702148438
Epoch 52 completed. Average loss = 810.358154296875
Epoch 53 completed. Average loss = 810.2791137695312
Epoch 54 completed. Average loss = 810.2044067382812
Epoch 55 completed. Average loss = 810.1237182617188
Epoch 56 completed. Average loss = 810.0474853515625
Epoch 57 completed. Average loss = 809.9506225585938
Epoch 58 completed. Average loss = 809.9100341796875
Epoch 59 completed. Average loss = 809.87646484375
Epoch 60 completed. Average loss = 809.7609252929688
Epoch 61 completed. Average loss = 809.7280883789062
Epoch 62 completed. Average loss = 809.6812744140625
Epoch 63 completed. Average loss = 809.6041870117188
Epoch 64 completed. Average loss = 809.5753173828125
Epoch 65 completed. Average loss = 809.5311279296875
Epoch 66 completed. Average loss = 809.5137939453125
Epoch 67 completed. Average loss = 809.4413452148438
Epoch 68 completed. Average loss = 809.3900146484375
Epoch 69 completed. Average loss = 809.3389892578125
Epoch 70 completed. Average loss = 809.3123779296875
Epoch 71 completed. Average loss = 809.2954711914062
Epoch 72 completed. Average loss = 809.23486328125
Epoch 73 completed. Average loss = 809.189453125
Epoch 74 completed. Average loss = 809.1951293945312
Epoch 75 completed. Average loss = 809.1514892578125
Epoch 76 completed. Average loss = 809.09130859375
Epoch 77 completed. Average loss = 809.0794067382812
Epoch 78 completed. Average loss = 809.0108642578125
Epoch 79 completed. Average loss = 809.016357421875
Epoch 80 completed. Average loss = 808.9765625
Epoch 81 completed. Average loss = 808.96435546875
Epoch 82 completed. Average loss = 808.9338989257812
Epoch 83 completed. Average loss = 808.8844604492188
Epoch 84 completed. Average loss = 808.8776245117188
Epoch 85 completed. Average loss = 808.83544921875
Epoch 86 completed. Average loss = 808.8350219726562
Epoch 87 completed. Average loss = 808.8206176757812
Epoch 88 completed. Average loss = 808.8032836914062
Epoch 89 completed. Average loss = 808.768310546875
Epoch 90 completed. Average loss = 808.7648315429688
Epoch 91 completed. Average loss = 808.7262573242188
Epoch 92 completed. Average loss = 808.71826171875
Epoch 93 completed. Average loss = 808.6842651367188
Epoch 94 completed. Average loss = 808.6895141601562
Epoch 95 completed. Average loss = 808.6538696289062
Epoch 96 completed. Average loss = 808.6409301757812
Epoch 97 completed. Average loss = 808.6370239257812
Epoch 98 completed. Average loss = 808.6051025390625
Epoch 99 completed. Average loss = 808.6236572265625
Epoch 100 completed. Average loss = 808.5948486328125
Epoch 101 completed. Average loss = 808.5451049804688
Epoch 102 completed. Average loss = 808.5625610351562
Epoch 103 completed. Average loss = 808.5249633789062
Epoch 104 completed. Average loss = 808.5072631835938
Epoch 105 completed. Average loss = 808.5017700195312
Epoch 106 completed. Average loss = 808.4905395507812
Epoch 107 completed. Average loss = 808.4562377929688
Epoch 108 completed. Average loss = 808.4392700195312
Epoch 109 completed. Average loss = 808.447509765625
Epoch 110 completed. Average loss = 808.4183349609375
Epoch 111 completed. Average loss = 808.3932495117188
Epoch 112 completed. Average loss = 808.4205322265625
Epoch 113 completed. Average loss = 808.4249877929688
Epoch 114 completed. Average loss = 808.4014282226562
Epoch 115 completed. Average loss = 808.3648071289062
Epoch 116 completed. Average loss = 808.3760375976562
Epoch 117 completed. Average loss = 808.3589477539062
Epoch 118 completed. Average loss = 808.3323974609375
Epoch 119 completed. Average loss = 808.376220703125
Epoch 120 completed. Average loss = 808.2978515625
Epoch 121 completed. Average loss = 808.3021240234375
Epoch 122 completed. Average loss = 808.2811889648438
Epoch 123 completed. Average loss = 808.301513671875
Epoch 124 completed. Average loss = 808.2877197265625
Epoch 125 completed. Average loss = 808.2470703125
Epoch 126 completed. Average loss = 808.2503662109375
Epoch 127 completed. Average loss = 808.261962890625
Epoch 128 completed. Average loss = 808.248291015625
Epoch 129 completed. Average loss = 808.2301025390625
Epoch 130 completed. Average loss = 808.1927490234375
Epoch 131 completed. Average loss = 808.2249145507812
Epoch 132 completed. Average loss = 808.2041015625
Epoch 133 completed. Average loss = 808.210205078125
Epoch 134 completed. Average loss = 808.1760864257812
Epoch 135 completed. Average loss = 808.1830444335938
Epoch 136 completed. Average loss = 808.1718139648438
Epoch 137 completed. Average loss = 808.1788940429688
Epoch 138 completed. Average loss = 808.172607421875
Epoch 139 completed. Average loss = 808.1709594726562
Epoch 140 completed. Average loss = 808.1873779296875
Epoch 141 completed. Average loss = 808.12353515625
Epoch 142 completed. Average loss = 808.121826171875
Epoch 143 completed. Average loss = 808.1334838867188
Epoch 144 completed. Average loss = 808.1209106445312
Epoch 145 completed. Average loss = 808.0942993164062
Epoch 146 completed. Average loss = 808.107421875
Epoch 147 completed. Average loss = 808.1168823242188
Epoch 148 completed. Average loss = 808.0635375976562
Epoch 149 completed. Average loss = 808.070068359375
Epoch 150 completed. Average loss = 808.0933837890625
Epoch 151 completed. Average loss = 808.0384521484375
Epoch 152 completed. Average loss = 808.0791015625
Epoch 153 completed. Average loss = 808.0449829101562
Epoch 154 completed. Average loss = 808.056884765625
Epoch 155 completed. Average loss = 808.0533447265625
Epoch 156 completed. Average loss = 808.0551147460938
Epoch 157 completed. Average loss = 808.03271484375
Epoch 158 completed. Average loss = 808.0112915039062
Epoch 159 completed. Average loss = 808.03662109375
Epoch 160 completed. Average loss = 808.0294189453125
Epoch 161 completed. Average loss = 808.0157470703125
Epoch 162 completed. Average loss = 808.0122680664062
Epoch 163 completed. Average loss = 807.9943237304688
Epoch 164 completed. Average loss = 807.9933471679688
Epoch 165 completed. Average loss = 807.9649658203125
Epoch 166 completed. Average loss = 807.9664306640625
Epoch 167 completed. Average loss = 807.9985961914062
Epoch 168 completed. Average loss = 807.9818725585938
Epoch 169 completed. Average loss = 807.9757690429688
Epoch 170 completed. Average loss = 807.9615478515625
Epoch 171 completed. Average loss = 807.9572143554688
Epoch 172 completed. Average loss = 807.9612426757812
Epoch 173 completed. Average loss = 807.9346313476562
Epoch 174 completed. Average loss = 807.93994140625
Epoch 175 completed. Average loss = 807.9540405273438
Epoch 176 completed. Average loss = 807.9104614257812
Epoch 177 completed. Average loss = 807.9313354492188
Epoch 178 completed. Average loss = 807.9385375976562
Epoch 179 completed. Average loss = 807.8928833007812
Epoch 180 completed. Average loss = 807.91650390625
Epoch 181 completed. Average loss = 807.8810424804688
Epoch 182 completed. Average loss = 807.8881225585938
Epoch 183 completed. Average loss = 807.9175415039062
Epoch 184 completed. Average loss = 807.8753662109375
Epoch 185 completed. Average loss = 807.8760986328125
Epoch 186 completed. Average loss = 807.8761596679688
Epoch 187 completed. Average loss = 807.8615112304688
Epoch 188 completed. Average loss = 807.858642578125
Epoch 189 completed. Average loss = 807.8880004882812
Epoch 190 completed. Average loss = 807.8740844726562
Epoch 191 completed. Average loss = 807.8672485351562
Epoch 192 completed. Average loss = 807.8365478515625
Epoch 193 completed. Average loss = 807.83447265625
Epoch 194 completed. Average loss = 807.8534545898438
Epoch 195 completed. Average loss = 807.8203735351562
Epoch 196 completed. Average loss = 807.87060546875
Epoch 197 completed. Average loss = 807.8241577148438
Epoch 198 completed. Average loss = 807.7924194335938
Epoch 199 completed. Average loss = 807.8084106445312
Epoch 200 completed. Average loss = 807.8138427734375
Epoch 201 completed. Average loss = 807.8282470703125
Epoch 202 completed. Average loss = 807.8024291992188
Epoch 203 completed. Average loss = 807.821533203125
Epoch 204 completed. Average loss = 807.802490234375
Epoch 205 completed. Average loss = 807.7880859375
Epoch 206 completed. Average loss = 807.8067016601562
Epoch 207 completed. Average loss = 807.8115844726562
Epoch 208 completed. Average loss = 807.8113403320312
Epoch 209 completed. Average loss = 807.765869140625
Epoch 210 completed. Average loss = 807.7877807617188
Epoch 211 completed. Average loss = 807.7513427734375
Epoch 212 completed. Average loss = 807.7922973632812
Epoch 213 completed. Average loss = 807.7703247070312
Epoch 214 completed. Average loss = 807.7723999023438
Epoch 215 completed. Average loss = 807.7553100585938
Epoch 216 completed. Average loss = 807.7808227539062
Epoch 217 completed. Average loss = 807.7698364257812
Epoch 218 completed. Average loss = 807.7247314453125
Epoch 219 completed. Average loss = 807.7733154296875
Epoch 220 completed. Average loss = 807.7527465820312
Epoch 221 completed. Average loss = 807.7410278320312
Epoch 222 completed. Average loss = 807.745849609375
Epoch 223 completed. Average loss = 807.7200317382812
Epoch 224 completed. Average loss = 807.73291015625
Epoch 225 completed. Average loss = 807.724609375
Epoch 226 completed. Average loss = 807.7288208007812
Epoch 227 completed. Average loss = 807.73095703125
Epoch 228 completed. Average loss = 807.7249755859375
Epoch 229 completed. Average loss = 807.728515625
Epoch 230 completed. Average loss = 807.7196044921875
Epoch 231 completed. Average loss = 807.666015625
Epoch 232 completed. Average loss = 807.7163696289062
Epoch 233 completed. Average loss = 807.708251953125
Epoch 234 completed. Average loss = 807.715087890625
Epoch 235 completed. Average loss = 807.6957397460938
Epoch 236 completed. Average loss = 807.6790161132812
Epoch 237 completed. Average loss = 807.6966552734375
Epoch 238 completed. Average loss = 807.6864013671875
Epoch 239 completed. Average loss = 807.6695556640625
Epoch 240 completed. Average loss = 807.6857299804688
Epoch 241 completed. Average loss = 807.6993408203125
Epoch 242 completed. Average loss = 807.656494140625
Epoch 243 completed. Average loss = 807.6787109375
Epoch 244 completed. Average loss = 807.6654663085938
Epoch 245 completed. Average loss = 807.652099609375
Epoch 246 completed. Average loss = 807.669677734375
Epoch 247 completed. Average loss = 807.6585083007812
Epoch 248 completed. Average loss = 807.65478515625
Epoch 249 completed. Average loss = 807.6329956054688
Epoch 250 completed. Average loss = 807.6417846679688
Epoch 251 completed. Average loss = 807.6365966796875
Epoch 252 completed. Average loss = 807.6532592773438
Epoch 253 completed. Average loss = 807.6434326171875
Epoch 254 completed. Average loss = 807.6398315429688
Epoch 255 completed. Average loss = 807.6150512695312
Epoch 256 completed. Average loss = 807.6482543945312
Epoch 257 completed. Average loss = 807.6218872070312
Epoch 258 completed. Average loss = 807.623779296875
Epoch 259 completed. Average loss = 807.640380859375
Epoch 260 completed. Average loss = 807.6154174804688
Epoch 261 completed. Average loss = 807.6078491210938
Epoch 262 completed. Average loss = 807.6396484375
Epoch 263 completed. Average loss = 807.6174926757812
Epoch 264 completed. Average loss = 807.592041015625
Epoch 265 completed. Average loss = 807.6041870117188
Epoch 266 completed. Average loss = 807.6097412109375
Epoch 267 completed. Average loss = 807.5971069335938
Epoch 268 completed. Average loss = 807.6009521484375
Epoch 269 completed. Average loss = 807.5894165039062
Epoch 270 completed. Average loss = 807.5923461914062
Epoch 271 completed. Average loss = 807.5753173828125
Epoch 272 completed. Average loss = 807.578369140625
Epoch 273 completed. Average loss = 807.5770874023438
Epoch 274 completed. Average loss = 807.59912109375
Epoch 275 completed. Average loss = 807.5985717773438
Epoch 276 completed. Average loss = 807.5723876953125
Epoch 277 completed. Average loss = 807.552734375
Epoch 278 completed. Average loss = 807.56787109375
Epoch 279 completed. Average loss = 807.585693359375
Epoch 280 completed. Average loss = 807.5701293945312
Epoch 281 completed. Average loss = 807.5634765625
Epoch 282 completed. Average loss = 807.566650390625
Epoch 283 completed. Average loss = 807.5582885742188
Epoch 284 completed. Average loss = 807.5407104492188
Epoch 285 completed. Average loss = 807.5731811523438
Epoch 286 completed. Average loss = 807.5472412109375
Epoch 287 completed. Average loss = 807.516357421875
Epoch 288 completed. Average loss = 807.547607421875
Epoch 289 completed. Average loss = 807.5405883789062
Epoch 290 completed. Average loss = 807.5305786132812
Epoch 291 completed. Average loss = 807.5509643554688
Epoch 292 completed. Average loss = 807.5335693359375
Epoch 293 completed. Average loss = 807.5325317382812
Epoch 294 completed. Average loss = 807.5293579101562
Epoch 295 completed. Average loss = 807.5415649414062
Epoch 296 completed. Average loss = 807.5134887695312
Epoch 297 completed. Average loss = 807.5464477539062
Epoch 298 completed. Average loss = 807.5116577148438
Epoch 299 completed. Average loss = 807.5440063476562
Epoch 300 completed. Average loss = 807.5121459960938
Epoch 301 completed. Average loss = 807.517822265625
Epoch 302 completed. Average loss = 807.515625
Epoch 303 completed. Average loss = 807.5007934570312
Epoch 304 completed. Average loss = 807.5144653320312
Epoch 305 completed. Average loss = 807.477294921875
Epoch 306 completed. Average loss = 807.5116577148438
Epoch 307 completed. Average loss = 807.525634765625
Epoch 308 completed. Average loss = 807.4889526367188
Epoch 309 completed. Average loss = 807.4813232421875
Epoch 310 completed. Average loss = 807.489501953125
Epoch 311 completed. Average loss = 807.500732421875
Epoch 312 completed. Average loss = 807.4708862304688
Epoch 313 completed. Average loss = 807.47412109375
Epoch 314 completed. Average loss = 807.4791259765625
Epoch 315 completed. Average loss = 807.46533203125
Epoch 316 completed. Average loss = 807.4678955078125
Epoch 317 completed. Average loss = 807.4855346679688
Epoch 318 completed. Average loss = 807.503662109375
Epoch 319 completed. Average loss = 807.4689331054688
Epoch 320 completed. Average loss = 807.4908447265625
Epoch 321 completed. Average loss = 807.477783203125
Epoch 322 completed. Average loss = 807.4813232421875
Epoch 323 completed. Average loss = 807.4515991210938
Epoch 324 completed. Average loss = 807.4634399414062
Epoch 325 completed. Average loss = 807.462890625
Epoch 326 completed. Average loss = 807.4519653320312
Epoch 327 completed. Average loss = 807.4955444335938
Epoch 328 completed. Average loss = 807.4357299804688
Epoch 329 completed. Average loss = 807.4922485351562
Epoch 330 completed. Average loss = 807.453857421875
Epoch 331 completed. Average loss = 807.4559936523438
Epoch 332 completed. Average loss = 807.4476928710938
Epoch 333 completed. Average loss = 807.4365234375
Epoch 334 completed. Average loss = 807.4628295898438
Epoch 335 completed. Average loss = 807.4627075195312
Epoch 336 completed. Average loss = 807.4396362304688
Epoch 337 completed. Average loss = 807.4588012695312
Epoch 338 completed. Average loss = 807.4384765625
Epoch 339 completed. Average loss = 807.4497680664062
Epoch 340 completed. Average loss = 807.4420166015625
Epoch 341 completed. Average loss = 807.4307861328125
Epoch 342 completed. Average loss = 807.4452514648438
Epoch 343 completed. Average loss = 807.4165649414062
Epoch 344 completed. Average loss = 807.4459838867188
Epoch 345 completed. Average loss = 807.38818359375
Epoch 346 completed. Average loss = 807.433837890625
Epoch 347 completed. Average loss = 807.4067993164062
Epoch 348 completed. Average loss = 807.414306640625
Epoch 349 completed. Average loss = 807.4248657226562
Epoch 350 completed. Average loss = 807.4410400390625
Epoch 351 completed. Average loss = 807.4310913085938
Epoch 352 completed. Average loss = 807.4043579101562
Epoch 353 completed. Average loss = 807.4063720703125
Epoch 354 completed. Average loss = 807.4421997070312
Epoch 355 completed. Average loss = 807.402099609375
Epoch 356 completed. Average loss = 807.3959350585938
Epoch 357 completed. Average loss = 807.414306640625
Epoch 358 completed. Average loss = 807.399169921875
Epoch 359 completed. Average loss = 807.38525390625
Epoch 360 completed. Average loss = 807.4049072265625
Epoch 361 completed. Average loss = 807.3936157226562
Epoch 362 completed. Average loss = 807.3804931640625
Epoch 363 completed. Average loss = 807.3803100585938
Epoch 364 completed. Average loss = 807.412841796875
Epoch 365 completed. Average loss = 807.3775024414062
Epoch 366 completed. Average loss = 807.4028930664062
Epoch 367 completed. Average loss = 807.4283447265625
Epoch 368 completed. Average loss = 807.3921508789062
Epoch 369 completed. Average loss = 807.375
Epoch 370 completed. Average loss = 807.3782348632812
Epoch 371 completed. Average loss = 807.3698120117188
Epoch 372 completed. Average loss = 807.3856811523438
Epoch 373 completed. Average loss = 807.3861083984375
Epoch 374 completed. Average loss = 807.3863525390625
Epoch 375 completed. Average loss = 807.3699951171875
Epoch 376 completed. Average loss = 807.349365234375
Epoch 377 completed. Average loss = 807.3677368164062
Epoch 378 completed. Average loss = 807.37744140625
Epoch 379 completed. Average loss = 807.3588256835938
Epoch 380 completed. Average loss = 807.3699340820312
Epoch 381 completed. Average loss = 807.3460693359375
Epoch 382 completed. Average loss = 807.3428344726562
Epoch 383 completed. Average loss = 807.3715209960938
Epoch 384 completed. Average loss = 807.3555908203125
Epoch 385 completed. Average loss = 807.349365234375
Epoch 386 completed. Average loss = 807.35986328125
Epoch 387 completed. Average loss = 807.3473510742188
Epoch 388 completed. Average loss = 807.3468017578125
Epoch 389 completed. Average loss = 807.333251953125
Epoch 390 completed. Average loss = 807.3643188476562
Epoch 391 completed. Average loss = 807.3551025390625
Epoch 392 completed. Average loss = 807.340576171875
Epoch 393 completed. Average loss = 807.3529052734375
Epoch 394 completed. Average loss = 807.3540649414062
Epoch 395 completed. Average loss = 807.3399047851562
Epoch 396 completed. Average loss = 807.3346557617188
Epoch 397 completed. Average loss = 807.3399047851562
Epoch 398 completed. Average loss = 807.3561401367188
Epoch 399 completed. Average loss = 807.3154296875
Epoch 400 completed. Average loss = 807.333251953125
Epoch 401 completed. Average loss = 807.3548583984375
Epoch 402 completed. Average loss = 807.3308715820312
Epoch 403 completed. Average loss = 807.3460693359375
Epoch 404 completed. Average loss = 807.339111328125
Epoch 405 completed. Average loss = 807.3302001953125
Epoch 406 completed. Average loss = 807.3265380859375
Epoch 407 completed. Average loss = 807.32177734375
Epoch 408 completed. Average loss = 807.328857421875
Epoch 409 completed. Average loss = 807.3178100585938
Epoch 410 completed. Average loss = 807.3309936523438
Epoch 411 completed. Average loss = 807.308837890625
Epoch 412 completed. Average loss = 807.3242797851562
Epoch 413 completed. Average loss = 807.2891845703125
Epoch 414 completed. Average loss = 807.3348999023438
Epoch 415 completed. Average loss = 807.3078002929688
Epoch 416 completed. Average loss = 807.3106079101562
Epoch 417 completed. Average loss = 807.3180541992188
Epoch 418 completed. Average loss = 807.2896728515625
Epoch 419 completed. Average loss = 807.32080078125
Epoch 420 completed. Average loss = 807.3179321289062
Epoch 421 completed. Average loss = 807.3108520507812
Epoch 422 completed. Average loss = 807.3351440429688
Epoch 423 completed. Average loss = 807.2994995117188
Epoch 424 completed. Average loss = 807.30322265625
Epoch 425 completed. Average loss = 807.3082275390625
Epoch 426 completed. Average loss = 807.2692260742188
Epoch 427 completed. Average loss = 807.2925415039062
Epoch 428 completed. Average loss = 807.2941284179688
Epoch 429 completed. Average loss = 807.2900390625
Epoch 430 completed. Average loss = 807.2925415039062
Epoch 431 completed. Average loss = 807.3084716796875
Epoch 432 completed. Average loss = 807.2967529296875
Epoch 433 completed. Average loss = 807.2817993164062
Epoch 434 completed. Average loss = 807.2931518554688
Epoch 435 completed. Average loss = 807.2945556640625
Epoch 436 completed. Average loss = 807.2569580078125
Epoch 437 completed. Average loss = 807.2723388671875
Epoch 438 completed. Average loss = 807.2791748046875
Epoch 439 completed. Average loss = 807.2776489257812
Epoch 440 completed. Average loss = 807.27880859375
Epoch 441 completed. Average loss = 807.2686767578125
Epoch 442 completed. Average loss = 807.2991333007812
Epoch 443 completed. Average loss = 807.2708740234375
Epoch 444 completed. Average loss = 807.2450561523438
Epoch 445 completed. Average loss = 807.3134155273438
Epoch 446 completed. Average loss = 807.2852783203125
Epoch 447 completed. Average loss = 807.2644653320312
Epoch 448 completed. Average loss = 807.297607421875
Epoch 449 completed. Average loss = 807.2921142578125
Epoch 450 completed. Average loss = 807.2752075195312
Epoch 451 completed. Average loss = 807.2684936523438
Epoch 452 completed. Average loss = 807.2510375976562
Epoch 453 completed. Average loss = 807.260986328125
Epoch 454 completed. Average loss = 807.2689819335938
Epoch 455 completed. Average loss = 807.2548217773438
Epoch 456 completed. Average loss = 807.2822265625
Epoch 457 completed. Average loss = 807.25341796875
Epoch 458 completed. Average loss = 807.2621459960938
Epoch 459 completed. Average loss = 807.2687377929688
Epoch 460 completed. Average loss = 807.2597045898438
Epoch 461 completed. Average loss = 807.2451171875
Epoch 462 completed. Average loss = 807.2711791992188
Epoch 463 completed. Average loss = 807.2505493164062
Epoch 464 completed. Average loss = 807.2830810546875
Epoch 465 completed. Average loss = 807.2559814453125
Epoch 466 completed. Average loss = 807.2515869140625
Epoch 467 completed. Average loss = 807.2557983398438
Epoch 468 completed. Average loss = 807.2748413085938
Epoch 469 completed. Average loss = 807.2216186523438
Epoch 470 completed. Average loss = 807.25244140625
Epoch 471 completed. Average loss = 807.246826171875
Epoch 472 completed. Average loss = 807.2430419921875
Epoch 473 completed. Average loss = 807.23291015625
Epoch 474 completed. Average loss = 807.2808227539062
Epoch 475 completed. Average loss = 807.233642578125
Epoch 476 completed. Average loss = 807.2360229492188
Epoch 477 completed. Average loss = 807.2373657226562
Epoch 478 completed. Average loss = 807.2440185546875
Epoch 479 completed. Average loss = 807.2432250976562
Epoch 480 completed. Average loss = 807.227783203125
Epoch 481 completed. Average loss = 807.2066650390625
Epoch 482 completed. Average loss = 807.2562255859375
Epoch 483 completed. Average loss = 807.2196655273438
Epoch 484 completed. Average loss = 807.2369995117188
Epoch 485 completed. Average loss = 807.2431030273438
Epoch 486 completed. Average loss = 807.2305297851562
Epoch 487 completed. Average loss = 807.2118530273438
Epoch 488 completed. Average loss = 807.2517700195312
Epoch 489 completed. Average loss = 807.2171630859375
Epoch 490 completed. Average loss = 807.2216796875
Epoch 491 completed. Average loss = 807.2250366210938
Epoch 492 completed. Average loss = 807.2177124023438
Epoch 493 completed. Average loss = 807.2044067382812
Epoch 494 completed. Average loss = 807.2114868164062
Epoch 495 completed. Average loss = 807.2278442382812
Epoch 496 completed. Average loss = 807.2174682617188
Epoch 497 completed. Average loss = 807.2415771484375
Epoch 498 completed. Average loss = 807.236083984375
Epoch 499 completed. Average loss = 807.1969604492188
Epoch 500 completed. Average loss = 807.2186279296875
Epoch 501 completed. Average loss = 807.2266845703125
Epoch 502 completed. Average loss = 807.2001953125
Epoch 503 completed. Average loss = 807.2161865234375
Epoch 504 completed. Average loss = 807.2294311523438
Epoch 505 completed. Average loss = 807.1952514648438
Epoch 506 completed. Average loss = 807.2156372070312
Epoch 507 completed. Average loss = 807.202392578125
Epoch 508 completed. Average loss = 807.2113647460938
Epoch 509 completed. Average loss = 807.1767578125
Epoch 510 completed. Average loss = 807.2426147460938
Epoch 511 completed. Average loss = 807.1627197265625
Epoch 512 completed. Average loss = 807.2183837890625
Epoch 513 completed. Average loss = 807.1795654296875
Epoch 514 completed. Average loss = 807.1923217773438
Epoch 515 completed. Average loss = 807.1935424804688
Epoch 516 completed. Average loss = 807.2286376953125
Epoch 517 completed. Average loss = 807.1766357421875
Epoch 518 completed. Average loss = 807.2001953125
Epoch 519 completed. Average loss = 807.175537109375
Epoch 520 completed. Average loss = 807.18359375
Epoch 521 completed. Average loss = 807.2069702148438
Epoch 522 completed. Average loss = 807.1904296875
Epoch 523 completed. Average loss = 807.1799926757812
Epoch 524 completed. Average loss = 807.2088623046875
Epoch 525 completed. Average loss = 807.1701049804688
Epoch 526 completed. Average loss = 807.2044067382812
Epoch 527 completed. Average loss = 807.1802978515625
Epoch 528 completed. Average loss = 807.1922607421875
Epoch 529 completed. Average loss = 807.1724243164062
Epoch 530 completed. Average loss = 807.1867065429688
Epoch 531 completed. Average loss = 807.1902465820312
Epoch 532 completed. Average loss = 807.1832885742188
Epoch 533 completed. Average loss = 807.1724243164062
Epoch 534 completed. Average loss = 807.17578125
Epoch 535 completed. Average loss = 807.165283203125
Epoch 536 completed. Average loss = 807.173095703125
Epoch 537 completed. Average loss = 807.1519165039062
Epoch 538 completed. Average loss = 807.1480102539062
Epoch 539 completed. Average loss = 807.1531372070312
Epoch 540 completed. Average loss = 807.1685180664062
Epoch 541 completed. Average loss = 807.1658935546875
Epoch 542 completed. Average loss = 807.1666870117188
Epoch 543 completed. Average loss = 807.1857299804688
Epoch 544 completed. Average loss = 807.1776123046875
Epoch 545 completed. Average loss = 807.174072265625
Epoch 546 completed. Average loss = 807.1586303710938
Epoch 547 completed. Average loss = 807.1661987304688
Epoch 548 completed. Average loss = 807.18359375
Epoch 549 completed. Average loss = 807.177978515625
Epoch 550 completed. Average loss = 807.1411743164062
Epoch 551 completed. Average loss = 807.1763916015625
Epoch 552 completed. Average loss = 807.1726684570312
Epoch 553 completed. Average loss = 807.1558837890625
Epoch 554 completed. Average loss = 807.1679077148438
Epoch 555 completed. Average loss = 807.1672973632812
Epoch 556 completed. Average loss = 807.1809692382812
Epoch 557 completed. Average loss = 807.146728515625
Epoch 558 completed. Average loss = 807.1663818359375
Epoch 559 completed. Average loss = 807.137939453125
Epoch 560 completed. Average loss = 807.1700439453125
Epoch 561 completed. Average loss = 807.186767578125
Epoch 562 completed. Average loss = 807.1552124023438
Epoch 563 completed. Average loss = 807.1517333984375
Epoch 564 completed. Average loss = 807.156982421875
Epoch 565 completed. Average loss = 807.1417846679688
Epoch 566 completed. Average loss = 807.1627197265625
Epoch 567 completed. Average loss = 807.1581420898438
Epoch 568 completed. Average loss = 807.1446533203125
Epoch 569 completed. Average loss = 807.1576538085938
Epoch 570 completed. Average loss = 807.1435546875
Epoch 571 completed. Average loss = 807.1526489257812
Epoch 572 completed. Average loss = 807.1559448242188
Epoch 573 completed. Average loss = 807.161865234375
Epoch 574 completed. Average loss = 807.1424560546875
Epoch 575 completed. Average loss = 807.1643676757812
Epoch 576 completed. Average loss = 807.10986328125
Epoch 577 completed. Average loss = 807.1610717773438
Epoch 578 completed. Average loss = 807.13427734375
Epoch 579 completed. Average loss = 807.1405029296875
Epoch 580 completed. Average loss = 807.1082763671875
Epoch 581 completed. Average loss = 807.1378173828125
Epoch 582 completed. Average loss = 807.1083374023438
Epoch 583 completed. Average loss = 807.1491088867188
Epoch 584 completed. Average loss = 807.131103515625
Epoch 585 completed. Average loss = 807.1275634765625
Epoch 586 completed. Average loss = 807.1385498046875
Epoch 587 completed. Average loss = 807.1329956054688
Epoch 588 completed. Average loss = 807.133056640625
Epoch 589 completed. Average loss = 807.1148071289062
Epoch 590 completed. Average loss = 807.1439819335938
Epoch 591 completed. Average loss = 807.1405639648438
Epoch 592 completed. Average loss = 807.1484985351562
Epoch 593 completed. Average loss = 807.1444091796875
Epoch 594 completed. Average loss = 807.144287109375
Epoch 595 completed. Average loss = 807.1260375976562
Epoch 596 completed. Average loss = 807.1223754882812
Epoch 597 completed. Average loss = 807.1201171875
Epoch 598 completed. Average loss = 807.1422119140625
Epoch 599 completed. Average loss = 807.1226196289062
Epoch 600 completed. Average loss = 807.114501953125
Epoch 601 completed. Average loss = 807.123291015625
Epoch 602 completed. Average loss = 807.1284790039062
Epoch 603 completed. Average loss = 807.123046875
Epoch 604 completed. Average loss = 807.1209716796875
Epoch 605 completed. Average loss = 807.1300659179688
Epoch 606 completed. Average loss = 807.1242065429688
Epoch 607 completed. Average loss = 807.13623046875
Epoch 608 completed. Average loss = 807.1076049804688
Epoch 609 completed. Average loss = 807.1093139648438
Epoch 610 completed. Average loss = 807.1148681640625
Epoch 611 completed. Average loss = 807.0980834960938
Epoch 612 completed. Average loss = 807.125244140625
Epoch 613 completed. Average loss = 807.0864868164062
Epoch 614 completed. Average loss = 807.1040649414062
Epoch 615 completed. Average loss = 807.1469116210938
Epoch 616 completed. Average loss = 807.11279296875
Epoch 617 completed. Average loss = 807.0958251953125
Epoch 618 completed. Average loss = 807.1265258789062
Epoch 619 completed. Average loss = 807.1181030273438
Epoch 620 completed. Average loss = 807.1220703125
Epoch 621 completed. Average loss = 807.0906372070312
Epoch 622 completed. Average loss = 807.0955810546875
Epoch 623 completed. Average loss = 807.0917358398438
Epoch 624 completed. Average loss = 807.0996704101562
Epoch 625 completed. Average loss = 807.0927734375
Epoch 626 completed. Average loss = 807.101806640625
Epoch 627 completed. Average loss = 807.1107788085938
Epoch 628 completed. Average loss = 807.0908813476562
Epoch 629 completed. Average loss = 807.1229858398438
Epoch 630 completed. Average loss = 807.1105346679688
Epoch 631 completed. Average loss = 807.0775146484375
Epoch 632 completed. Average loss = 807.1029663085938
Epoch 633 completed. Average loss = 807.0887451171875
Epoch 634 completed. Average loss = 807.0794677734375
Epoch 635 completed. Average loss = 807.0986328125
Epoch 636 completed. Average loss = 807.076904296875
Epoch 637 completed. Average loss = 807.1094360351562
Epoch 638 completed. Average loss = 807.0802612304688
Epoch 639 completed. Average loss = 807.0958862304688
Epoch 640 completed. Average loss = 807.0956420898438
Epoch 641 completed. Average loss = 807.1154174804688
Epoch 642 completed. Average loss = 807.08251953125
Epoch 643 completed. Average loss = 807.0846557617188
Epoch 644 completed. Average loss = 807.125244140625
Epoch 645 completed. Average loss = 807.0962524414062
Epoch 646 completed. Average loss = 807.1009521484375
Epoch 647 completed. Average loss = 807.0992431640625
Epoch 648 completed. Average loss = 807.0914306640625
Epoch 649 completed. Average loss = 807.08154296875
Epoch 650 completed. Average loss = 807.1150512695312
Epoch 651 completed. Average loss = 807.08251953125
Epoch 652 completed. Average loss = 807.094482421875
Epoch 653 completed. Average loss = 807.0804443359375
Epoch 654 completed. Average loss = 807.0690307617188
Epoch 655 completed. Average loss = 807.0824584960938
Epoch 656 completed. Average loss = 807.0762939453125
Epoch 657 completed. Average loss = 807.0869140625
Epoch 658 completed. Average loss = 807.0740966796875
Epoch 659 completed. Average loss = 807.085693359375
Epoch 660 completed. Average loss = 807.0827026367188
Epoch 661 completed. Average loss = 807.0719604492188
Epoch 662 completed. Average loss = 807.0849609375
Epoch 663 completed. Average loss = 807.087158203125
Epoch 664 completed. Average loss = 807.1035766601562
Epoch 665 completed. Average loss = 807.0838012695312
Epoch 666 completed. Average loss = 807.0718383789062
Epoch 667 completed. Average loss = 807.0848999023438
Epoch 668 completed. Average loss = 807.0859375
Epoch 669 completed. Average loss = 807.0626220703125
Epoch 670 completed. Average loss = 807.0899658203125
Epoch 671 completed. Average loss = 807.0709838867188
Epoch 672 completed. Average loss = 807.1054077148438
Epoch 673 completed. Average loss = 807.084228515625
Epoch 674 completed. Average loss = 807.0481567382812
Epoch 675 completed. Average loss = 807.0775756835938
Epoch 676 completed. Average loss = 807.0501708984375
Epoch 677 completed. Average loss = 807.09326171875
Epoch 678 completed. Average loss = 807.0536499023438
Epoch 679 completed. Average loss = 807.0692138671875
Epoch 680 completed. Average loss = 807.09619140625
Epoch 681 completed. Average loss = 807.05126953125
Epoch 682 completed. Average loss = 807.0637817382812
Epoch 683 completed. Average loss = 807.044677734375
Epoch 684 completed. Average loss = 807.0758056640625
Epoch 685 completed. Average loss = 807.0573120117188
Epoch 686 completed. Average loss = 807.0352172851562
Epoch 687 completed. Average loss = 807.0455932617188
Epoch 688 completed. Average loss = 807.1063842773438
Epoch 689 completed. Average loss = 807.0552978515625
Epoch 690 completed. Average loss = 807.05810546875
Epoch 691 completed. Average loss = 807.061767578125
Epoch 692 completed. Average loss = 807.038818359375
Epoch 693 completed. Average loss = 807.08642578125
Epoch 694 completed. Average loss = 807.0398559570312
Epoch 695 completed. Average loss = 807.0651245117188
Epoch 696 completed. Average loss = 807.0584106445312
Epoch 697 completed. Average loss = 807.0668334960938
Epoch 698 completed. Average loss = 807.0553588867188
Epoch 699 completed. Average loss = 807.048583984375
Epoch 700 completed. Average loss = 807.0361328125
Epoch 701 completed. Average loss = 807.047119140625
Epoch 702 completed. Average loss = 807.0914916992188
Epoch 703 completed. Average loss = 807.0293579101562
Epoch 704 completed. Average loss = 807.080322265625
Epoch 705 completed. Average loss = 807.035400390625
Epoch 706 completed. Average loss = 807.0657958984375
Epoch 707 completed. Average loss = 807.04345703125
Epoch 708 completed. Average loss = 807.049072265625
Epoch 709 completed. Average loss = 807.0695190429688
Epoch 710 completed. Average loss = 807.05859375
Epoch 711 completed. Average loss = 807.0510864257812
Epoch 712 completed. Average loss = 807.0657348632812
Epoch 713 completed. Average loss = 807.0516967773438
Epoch 714 completed. Average loss = 807.037353515625
Epoch 715 completed. Average loss = 807.0463256835938
Epoch 716 completed. Average loss = 807.0498046875
Epoch 717 completed. Average loss = 807.0494384765625
Epoch 718 completed. Average loss = 807.0234985351562
Epoch 719 completed. Average loss = 807.0450439453125
Epoch 720 completed. Average loss = 807.0633544921875
Epoch 721 completed. Average loss = 807.0361938476562
Epoch 722 completed. Average loss = 807.0675659179688
Epoch 723 completed. Average loss = 807.0403442382812
Epoch 724 completed. Average loss = 807.0249633789062
Epoch 725 completed. Average loss = 807.0416870117188
Epoch 726 completed. Average loss = 807.0324096679688
Epoch 727 completed. Average loss = 807.05908203125
Epoch 728 completed. Average loss = 807.0679931640625
Epoch 729 completed. Average loss = 807.0280151367188
Epoch 730 completed. Average loss = 807.0640258789062
Epoch 731 completed. Average loss = 807.0446166992188
Epoch 732 completed. Average loss = 807.0362548828125
Epoch 733 completed. Average loss = 807.04931640625
Epoch 734 completed. Average loss = 807.0513305664062
Epoch 735 completed. Average loss = 807.001220703125
Epoch 736 completed. Average loss = 807.0408325195312
Epoch 737 completed. Average loss = 807.01708984375
Epoch 738 completed. Average loss = 807.0525512695312
Epoch 739 completed. Average loss = 807.0560913085938
Epoch 740 completed. Average loss = 807.0231323242188
Epoch 741 completed. Average loss = 807.025146484375
Epoch 742 completed. Average loss = 807.0416259765625
Epoch 743 completed. Average loss = 806.9971313476562
Epoch 744 completed. Average loss = 807.0383911132812
Epoch 745 completed. Average loss = 807.0296630859375
Epoch 746 completed. Average loss = 807.0112915039062
Epoch 747 completed. Average loss = 807.0455932617188
Epoch 748 completed. Average loss = 807.0288696289062
Epoch 749 completed. Average loss = 807.0115966796875
Epoch 750 completed. Average loss = 807.0143432617188
Epoch 751 completed. Average loss = 807.037109375
Epoch 752 completed. Average loss = 807.0113525390625
Epoch 753 completed. Average loss = 807.0204467773438
Epoch 754 completed. Average loss = 807.0159912109375
Epoch 755 completed. Average loss = 807.0443725585938
Epoch 756 completed. Average loss = 807.0252685546875
Epoch 757 completed. Average loss = 807.0280151367188
Epoch 758 completed. Average loss = 807.0294189453125
Epoch 759 completed. Average loss = 807.03076171875
Epoch 760 completed. Average loss = 807.0160522460938
Epoch 761 completed. Average loss = 807.0272216796875
Epoch 762 completed. Average loss = 807.0234375
Epoch 763 completed. Average loss = 806.9854125976562
