nohup: input ignorato
Not using data augmentation
Checkpoint not found, will create a new one: ./CVAE/checkpoints/resnet_VAE_0.001_128_128_1.0.pth
Trainable parameters: 15155523
Non-trainable parameters: 0.0
Total parameters: 15155523.0
Epoch 1 completed. Average loss = 494485.625
Epoch 2 completed. Average loss = 90.1695785522461
Epoch 3 completed. Average loss = 89.27291870117188
Epoch 4 completed. Average loss = 88.76834106445312
Epoch 5 completed. Average loss = 88.42393493652344
Epoch 6 completed. Average loss = 88.11637115478516
Epoch 7 completed. Average loss = 87.86494445800781
Epoch 8 completed. Average loss = 87.64122772216797
Epoch 9 completed. Average loss = 87.36331176757812
Epoch 10 completed. Average loss = 87.0842056274414
Epoch 11 completed. Average loss = 86.73328399658203
Epoch 12 completed. Average loss = 86.29527282714844
Epoch 13 completed. Average loss = 85.80423736572266
Epoch 14 completed. Average loss = 85.27796936035156
Epoch 15 completed. Average loss = 84.75236511230469
Epoch 16 completed. Average loss = 84.26849365234375
Epoch 17 completed. Average loss = 83.84520721435547
Epoch 18 completed. Average loss = 83.49851989746094
Epoch 19 completed. Average loss = 83.2158432006836
Epoch 20 completed. Average loss = 82.97737121582031
Epoch 21 completed. Average loss = 82.7855224609375
Epoch 22 completed. Average loss = 82.61580657958984
Epoch 23 completed. Average loss = 82.4901351928711
Epoch 24 completed. Average loss = 82.38982391357422
Epoch 25 completed. Average loss = 82.29338073730469
Epoch 26 completed. Average loss = 82.21220397949219
Epoch 27 completed. Average loss = 82.14716339111328
Epoch 28 completed. Average loss = 82.07759094238281
Epoch 29 completed. Average loss = 82.01630401611328
Epoch 30 completed. Average loss = 81.96507263183594
Epoch 31 completed. Average loss = 81.91812133789062
Epoch 32 completed. Average loss = 81.87818145751953
Epoch 33 completed. Average loss = 81.8463363647461
Epoch 34 completed. Average loss = 81.81255340576172
Epoch 35 completed. Average loss = 81.7872543334961
Epoch 36 completed. Average loss = 81.759033203125
Epoch 37 completed. Average loss = 81.73286437988281
Epoch 38 completed. Average loss = 81.70943450927734
Epoch 39 completed. Average loss = 81.69037628173828
Epoch 40 completed. Average loss = 81.67121887207031
Epoch 41 completed. Average loss = 81.65141296386719
Epoch 42 completed. Average loss = 81.63610076904297
Epoch 43 completed. Average loss = 81.62481689453125
Epoch 44 completed. Average loss = 81.61151123046875
Epoch 45 completed. Average loss = 81.60218811035156
Epoch 46 completed. Average loss = 81.59142303466797
Epoch 47 completed. Average loss = 81.58464050292969
Epoch 48 completed. Average loss = 81.57536315917969
Epoch 49 completed. Average loss = 81.56404876708984
Epoch 50 completed. Average loss = 81.557373046875
Epoch 51 completed. Average loss = 81.54663848876953
Epoch 52 completed. Average loss = 81.54039001464844
Epoch 53 completed. Average loss = 81.53108215332031
Epoch 54 completed. Average loss = 81.5251693725586
Epoch 55 completed. Average loss = 81.51947784423828
Epoch 56 completed. Average loss = 81.51446533203125
Epoch 57 completed. Average loss = 81.5103988647461
Epoch 58 completed. Average loss = 81.50354766845703
Epoch 59 completed. Average loss = 81.49909973144531
Epoch 60 completed. Average loss = 81.49485778808594
Epoch 61 completed. Average loss = 81.48848724365234
Epoch 62 completed. Average loss = 81.48573303222656
Epoch 63 completed. Average loss = 81.48112487792969
Epoch 64 completed. Average loss = 81.47801208496094
Epoch 65 completed. Average loss = 81.47552490234375
Epoch 66 completed. Average loss = 81.4685287475586
Epoch 67 completed. Average loss = 81.46607208251953
Epoch 68 completed. Average loss = 81.46189880371094
Epoch 69 completed. Average loss = 81.45886993408203
Epoch 70 completed. Average loss = 81.45511627197266
Epoch 71 completed. Average loss = 81.45198059082031
Epoch 72 completed. Average loss = 81.44910430908203
Epoch 73 completed. Average loss = 81.44755554199219
Epoch 74 completed. Average loss = 81.44329071044922
Epoch 75 completed. Average loss = 81.44257354736328
Epoch 76 completed. Average loss = 81.43915557861328
Epoch 77 completed. Average loss = 81.43609619140625
Epoch 78 completed. Average loss = 81.4342269897461
Epoch 79 completed. Average loss = 81.43328094482422
Epoch 80 completed. Average loss = 81.42900085449219
Epoch 81 completed. Average loss = 81.42604064941406
Epoch 82 completed. Average loss = 81.42542266845703
Epoch 83 completed. Average loss = 81.42401885986328
Epoch 84 completed. Average loss = 81.42135620117188
Epoch 85 completed. Average loss = 81.420654296875
Epoch 86 completed. Average loss = 81.41943359375
Epoch 87 completed. Average loss = 81.41651153564453
Epoch 88 completed. Average loss = 81.414306640625
Epoch 89 completed. Average loss = 81.41338348388672
Epoch 90 completed. Average loss = 81.41004180908203
Epoch 91 completed. Average loss = 81.40864562988281
Epoch 92 completed. Average loss = 81.40636444091797
Epoch 93 completed. Average loss = 81.40565490722656
Epoch 94 completed. Average loss = 81.4026107788086
Epoch 95 completed. Average loss = 81.40034484863281
Epoch 96 completed. Average loss = 81.39936828613281
Epoch 97 completed. Average loss = 81.4002456665039
Epoch 98 completed. Average loss = 81.39633178710938
Epoch 99 completed. Average loss = 81.39818572998047
Epoch 100 completed. Average loss = 81.39649963378906
Epoch 101 completed. Average loss = 81.39279174804688
Epoch 102 completed. Average loss = 81.3914794921875
Epoch 103 completed. Average loss = 81.39031219482422
Epoch 104 completed. Average loss = 81.390380859375
Epoch 105 completed. Average loss = 81.3888168334961
Epoch 106 completed. Average loss = 81.38672637939453
Epoch 107 completed. Average loss = 81.3861312866211
Epoch 108 completed. Average loss = 81.38426971435547
Epoch 109 completed. Average loss = 81.3839340209961
Epoch 110 completed. Average loss = 81.38133239746094
Epoch 111 completed. Average loss = 81.3812484741211
Epoch 112 completed. Average loss = 81.38018035888672
Epoch 113 completed. Average loss = 81.38117980957031
Epoch 114 completed. Average loss = 81.37965393066406
Epoch 115 completed. Average loss = 81.37788391113281
Epoch 116 completed. Average loss = 81.37584686279297
Epoch 117 completed. Average loss = 81.3755111694336
Epoch 118 completed. Average loss = 81.37661743164062
Epoch 119 completed. Average loss = 81.37361145019531
Epoch 120 completed. Average loss = 81.37232208251953
Epoch 121 completed. Average loss = 81.37367248535156
Epoch 122 completed. Average loss = 81.37067413330078
Epoch 123 completed. Average loss = 81.37071990966797
Epoch 124 completed. Average loss = 81.37106323242188
Epoch 125 completed. Average loss = 81.36995697021484
Epoch 126 completed. Average loss = 81.36996459960938
Epoch 127 completed. Average loss = 81.36665344238281
Epoch 128 completed. Average loss = 81.36685943603516
Epoch 129 completed. Average loss = 81.36581420898438
Epoch 130 completed. Average loss = 81.36592864990234
Epoch 131 completed. Average loss = 81.36546325683594
Epoch 132 completed. Average loss = 81.3652114868164
Epoch 133 completed. Average loss = 81.36436462402344
Epoch 134 completed. Average loss = 81.36238861083984
Epoch 135 completed. Average loss = 81.3614273071289
Epoch 136 completed. Average loss = 81.36100006103516
Epoch 137 completed. Average loss = 81.36121368408203
Epoch 138 completed. Average loss = 81.35853576660156
Epoch 139 completed. Average loss = 81.35942077636719
Epoch 140 completed. Average loss = 81.3597183227539
Epoch 141 completed. Average loss = 81.35774993896484
Epoch 142 completed. Average loss = 81.35651397705078
Epoch 143 completed. Average loss = 81.3568115234375
Epoch 144 completed. Average loss = 81.3569564819336
Epoch 145 completed. Average loss = 81.35639190673828
Epoch 146 completed. Average loss = 81.35491180419922
Epoch 147 completed. Average loss = 81.35334777832031
Epoch 148 completed. Average loss = 81.35444641113281
Epoch 149 completed. Average loss = 81.35396575927734
Epoch 150 completed. Average loss = 81.35435485839844
Epoch 151 completed. Average loss = 81.35259246826172
Epoch 152 completed. Average loss = 81.35066986083984
Epoch 153 completed. Average loss = 81.3521499633789
Epoch 154 completed. Average loss = 81.35001373291016
Epoch 155 completed. Average loss = 81.35000610351562
Epoch 156 completed. Average loss = 81.34986114501953
Epoch 157 completed. Average loss = 81.34754943847656
Epoch 158 completed. Average loss = 81.34735870361328
Epoch 159 completed. Average loss = 81.34869384765625
Epoch 160 completed. Average loss = 81.34618377685547
Epoch 161 completed. Average loss = 81.34776306152344
Epoch 162 completed. Average loss = 81.34579467773438
Epoch 163 completed. Average loss = 81.34593963623047
Epoch 164 completed. Average loss = 81.34687805175781
Epoch 165 completed. Average loss = 81.34503173828125
Epoch 166 completed. Average loss = 81.34407806396484
Epoch 167 completed. Average loss = 81.3451919555664
Epoch 168 completed. Average loss = 81.34349060058594
Epoch 169 completed. Average loss = 81.34324645996094
Epoch 170 completed. Average loss = 81.3432388305664
Epoch 171 completed. Average loss = 81.34256744384766
Epoch 172 completed. Average loss = 81.34359741210938
Epoch 173 completed. Average loss = 81.34110260009766
Epoch 174 completed. Average loss = 81.34081268310547
Epoch 175 completed. Average loss = 81.34009552001953
Epoch 176 completed. Average loss = 81.34025573730469
Epoch 177 completed. Average loss = 81.33978271484375
Epoch 178 completed. Average loss = 81.33892059326172
Epoch 179 completed. Average loss = 81.33876037597656
Epoch 180 completed. Average loss = 81.33916473388672
Epoch 181 completed. Average loss = 81.33817291259766
Epoch 182 completed. Average loss = 81.33766174316406
Epoch 183 completed. Average loss = 81.33795928955078
Epoch 184 completed. Average loss = 81.33775329589844
Epoch 185 completed. Average loss = 81.33795166015625
Epoch 186 completed. Average loss = 81.33594512939453
Epoch 187 completed. Average loss = 81.33676147460938
Epoch 188 completed. Average loss = 81.33617401123047
Epoch 189 completed. Average loss = 81.33448028564453
Epoch 190 completed. Average loss = 81.3351821899414
Epoch 191 completed. Average loss = 81.33531951904297
Epoch 192 completed. Average loss = 81.33511352539062
Epoch 193 completed. Average loss = 81.33267211914062
Epoch 194 completed. Average loss = 81.33407592773438
Epoch 195 completed. Average loss = 81.33367919921875
Epoch 196 completed. Average loss = 81.33240509033203
Epoch 197 completed. Average loss = 81.33243560791016
Epoch 198 completed. Average loss = 81.33172607421875
Epoch 199 completed. Average loss = 81.33139038085938
Epoch 200 completed. Average loss = 81.33273315429688
Epoch 201 completed. Average loss = 81.33121490478516
Epoch 202 completed. Average loss = 81.33192443847656
Epoch 203 completed. Average loss = 81.32994842529297
Epoch 204 completed. Average loss = 81.33078002929688
Epoch 205 completed. Average loss = 81.32833862304688
Epoch 206 completed. Average loss = 81.32901000976562
Epoch 207 completed. Average loss = 81.33098602294922
Epoch 208 completed. Average loss = 81.32959747314453
Epoch 209 completed. Average loss = 81.32784271240234
Epoch 210 completed. Average loss = 81.32840728759766
Epoch 211 completed. Average loss = 81.32830810546875
Epoch 212 completed. Average loss = 81.32776641845703
Epoch 213 completed. Average loss = 81.32710266113281
Epoch 214 completed. Average loss = 81.32647705078125
Epoch 215 completed. Average loss = 81.32736206054688
Epoch 216 completed. Average loss = 81.32683563232422
Epoch 217 completed. Average loss = 81.32501220703125
Epoch 218 completed. Average loss = 81.32614135742188
Epoch 219 completed. Average loss = 81.32556915283203
Epoch 220 completed. Average loss = 81.32489776611328
Epoch 221 completed. Average loss = 81.32728576660156
Epoch 222 completed. Average loss = 81.32410430908203
Epoch 223 completed. Average loss = 81.32652282714844
Epoch 224 completed. Average loss = 81.32488250732422
Epoch 225 completed. Average loss = 81.32556915283203
Epoch 226 completed. Average loss = 81.32637023925781
Epoch 227 completed. Average loss = 81.3218994140625
Epoch 228 completed. Average loss = 81.32349395751953
Epoch 229 completed. Average loss = 81.32274627685547
Epoch 230 completed. Average loss = 81.3234634399414
Epoch 231 completed. Average loss = 81.32386016845703
Epoch 232 completed. Average loss = 81.32182312011719
Epoch 233 completed. Average loss = 81.32221221923828
Epoch 234 completed. Average loss = 81.32195281982422
Epoch 235 completed. Average loss = 81.32176971435547
Epoch 236 completed. Average loss = 81.32107543945312
Epoch 237 completed. Average loss = 81.3199234008789
Epoch 238 completed. Average loss = 81.32089233398438
Epoch 239 completed. Average loss = 81.31979370117188
Epoch 240 completed. Average loss = 81.3206787109375
Epoch 241 completed. Average loss = 81.31956481933594
Epoch 242 completed. Average loss = 81.31895446777344
Epoch 243 completed. Average loss = 81.32070922851562
Epoch 244 completed. Average loss = 81.31758117675781
Epoch 245 completed. Average loss = 81.31852722167969
Epoch 246 completed. Average loss = 81.31680297851562
Epoch 247 completed. Average loss = 81.31652069091797
Epoch 248 completed. Average loss = 81.3179931640625
Epoch 249 completed. Average loss = 81.31793212890625
Epoch 250 completed. Average loss = 81.31775665283203
Epoch 251 completed. Average loss = 81.31654357910156
Epoch 252 completed. Average loss = 81.31695556640625
Epoch 253 completed. Average loss = 81.31634521484375
Epoch 254 completed. Average loss = 81.31675720214844
Epoch 255 completed. Average loss = 81.31585693359375
Epoch 256 completed. Average loss = 81.3150634765625
Epoch 257 completed. Average loss = 81.31346893310547
Epoch 258 completed. Average loss = 81.3170394897461
Epoch 259 completed. Average loss = 81.31429290771484
Epoch 260 completed. Average loss = 81.3153305053711
Epoch 261 completed. Average loss = 81.31425476074219
Epoch 262 completed. Average loss = 81.31680297851562
Epoch 263 completed. Average loss = 81.31468963623047
Epoch 264 completed. Average loss = 81.31522369384766
Epoch 265 completed. Average loss = 81.31268310546875
Epoch 266 completed. Average loss = 81.31356811523438
Epoch 267 completed. Average loss = 81.31271362304688
Epoch 268 completed. Average loss = 81.314697265625
Epoch 269 completed. Average loss = 81.31438446044922
Epoch 270 completed. Average loss = 81.31197357177734
Epoch 271 completed. Average loss = 81.31285095214844
Epoch 272 completed. Average loss = 81.3133544921875
Epoch 273 completed. Average loss = 81.31139373779297
Epoch 274 completed. Average loss = 81.31226348876953
Epoch 275 completed. Average loss = 81.31242370605469
Epoch 276 completed. Average loss = 81.31151580810547
Epoch 277 completed. Average loss = 81.31085968017578
Epoch 278 completed. Average loss = 81.31242370605469
Epoch 279 completed. Average loss = 81.31163787841797
Epoch 280 completed. Average loss = 81.31103515625
Epoch 281 completed. Average loss = 81.31043243408203
Epoch 282 completed. Average loss = 81.31156921386719
Epoch 283 completed. Average loss = 81.31085205078125
Epoch 284 completed. Average loss = 81.31116485595703
Epoch 285 completed. Average loss = 81.30976104736328
Epoch 286 completed. Average loss = 81.31097412109375
Epoch 287 completed. Average loss = 81.3092041015625
Epoch 288 completed. Average loss = 81.31121063232422
Epoch 289 completed. Average loss = 81.30941772460938
Epoch 290 completed. Average loss = 81.30998992919922
Epoch 291 completed. Average loss = 81.3077621459961
Epoch 292 completed. Average loss = 81.30863952636719
Epoch 293 completed. Average loss = 81.30716705322266
Epoch 294 completed. Average loss = 81.30817413330078
Epoch 295 completed. Average loss = 81.30870056152344
Epoch 296 completed. Average loss = 81.30613708496094
Epoch 297 completed. Average loss = 81.30873107910156
Epoch 298 completed. Average loss = 81.306640625
Epoch 299 completed. Average loss = 81.30658721923828
Epoch 300 completed. Average loss = 81.30774688720703
Epoch 301 completed. Average loss = 81.30510711669922
Epoch 302 completed. Average loss = 81.30647277832031
Epoch 303 completed. Average loss = 81.30538177490234
Epoch 304 completed. Average loss = 81.3080062866211
Epoch 305 completed. Average loss = 81.30518341064453
Epoch 306 completed. Average loss = 81.30661010742188
Epoch 307 completed. Average loss = 81.30583953857422
Epoch 308 completed. Average loss = 81.30664825439453
Epoch 309 completed. Average loss = 81.30599212646484
Epoch 310 completed. Average loss = 81.30523681640625
Epoch 311 completed. Average loss = 81.30535125732422
Epoch 312 completed. Average loss = 81.30509948730469
Epoch 313 completed. Average loss = 81.30509948730469
Epoch 314 completed. Average loss = 81.30284881591797
Epoch 315 completed. Average loss = 81.30477142333984
Epoch 316 completed. Average loss = 81.30384826660156
Epoch 317 completed. Average loss = 81.30558776855469
Epoch 318 completed. Average loss = 81.3037109375
Epoch 319 completed. Average loss = 81.30180358886719
Epoch 320 completed. Average loss = 81.30352020263672
Epoch 321 completed. Average loss = 81.3031234741211
Epoch 322 completed. Average loss = 81.30179595947266
Epoch 323 completed. Average loss = 81.30465698242188
Epoch 324 completed. Average loss = 81.30181884765625
Epoch 325 completed. Average loss = 81.30233001708984
Epoch 326 completed. Average loss = 81.30121612548828
Epoch 327 completed. Average loss = 81.30111694335938
Epoch 328 completed. Average loss = 81.3017349243164
Epoch 329 completed. Average loss = 81.30142974853516
Epoch 330 completed. Average loss = 81.30125427246094
Epoch 331 completed. Average loss = 81.30046844482422
Epoch 332 completed. Average loss = 81.30241394042969
Epoch 333 completed. Average loss = 81.29842376708984
Epoch 334 completed. Average loss = 81.30168151855469
Epoch 335 completed. Average loss = 81.3018798828125
Epoch 336 completed. Average loss = 81.30181884765625
Epoch 337 completed. Average loss = 81.29999542236328
Epoch 338 completed. Average loss = 81.29961395263672
Epoch 339 completed. Average loss = 81.30014038085938
Epoch 340 completed. Average loss = 81.30009460449219
Epoch 341 completed. Average loss = 81.29986572265625
Epoch 342 completed. Average loss = 81.29981231689453
Epoch 343 completed. Average loss = 81.29947662353516
Epoch 344 completed. Average loss = 81.2997055053711
Epoch 345 completed. Average loss = 81.29973602294922
Epoch 346 completed. Average loss = 81.29843139648438
Epoch 347 completed. Average loss = 81.29922485351562
Epoch 348 completed. Average loss = 81.2973861694336
Epoch 349 completed. Average loss = 81.29834747314453
Epoch 350 completed. Average loss = 81.29854583740234
Epoch 351 completed. Average loss = 81.29689025878906
Epoch 352 completed. Average loss = 81.29695129394531
Epoch 353 completed. Average loss = 81.29767608642578
Epoch 354 completed. Average loss = 81.29751586914062
Epoch 355 completed. Average loss = 81.29679870605469
Epoch 356 completed. Average loss = 81.29828643798828
Epoch 357 completed. Average loss = 81.29632568359375
Epoch 358 completed. Average loss = 81.29729461669922
Epoch 359 completed. Average loss = 81.29924011230469
Epoch 360 completed. Average loss = 81.2961196899414
Epoch 361 completed. Average loss = 81.29617309570312
Epoch 362 completed. Average loss = 81.29705810546875
Epoch 363 completed. Average loss = 81.29651641845703
Epoch 364 completed. Average loss = 81.29570007324219
Epoch 365 completed. Average loss = 81.29595947265625
Epoch 366 completed. Average loss = 81.29698944091797
Epoch 367 completed. Average loss = 81.29405975341797
Epoch 368 completed. Average loss = 81.29541778564453
Epoch 369 completed. Average loss = 81.2953872680664
Epoch 370 completed. Average loss = 81.2956314086914
Epoch 371 completed. Average loss = 81.29499053955078
Epoch 372 completed. Average loss = 81.29402923583984
Epoch 373 completed. Average loss = 81.2950439453125
Epoch 374 completed. Average loss = 81.29535675048828
Epoch 375 completed. Average loss = 81.29502868652344
Epoch 376 completed. Average loss = 81.29337310791016
Epoch 377 completed. Average loss = 81.29551696777344
Epoch 378 completed. Average loss = 81.2945556640625
Epoch 379 completed. Average loss = 81.29405975341797
Epoch 380 completed. Average loss = 81.2926025390625
Epoch 381 completed. Average loss = 81.29438781738281
Epoch 382 completed. Average loss = 81.29424285888672
Epoch 383 completed. Average loss = 81.29454040527344
Epoch 384 completed. Average loss = 81.29341888427734
Epoch 385 completed. Average loss = 81.29232025146484
Epoch 386 completed. Average loss = 81.29356384277344
Epoch 387 completed. Average loss = 81.293212890625
Epoch 388 completed. Average loss = 81.29379272460938
Epoch 389 completed. Average loss = 81.2936782836914
Epoch 390 completed. Average loss = 81.29231262207031
Epoch 391 completed. Average loss = 81.29293823242188
Epoch 392 completed. Average loss = 81.29208374023438
Epoch 393 completed. Average loss = 81.29422760009766
Epoch 394 completed. Average loss = 81.29203033447266
Epoch 395 completed. Average loss = 81.2923355102539
Epoch 396 completed. Average loss = 81.29332733154297
Epoch 397 completed. Average loss = 81.29121398925781
Epoch 398 completed. Average loss = 81.29065704345703
Epoch 399 completed. Average loss = 81.29124450683594
Epoch 400 completed. Average loss = 81.29261779785156
Epoch 401 completed. Average loss = 81.29039001464844
Epoch 402 completed. Average loss = 81.2912826538086
Epoch 403 completed. Average loss = 81.29084777832031
Epoch 404 completed. Average loss = 81.29058837890625
Epoch 405 completed. Average loss = 81.29171752929688
Epoch 406 completed. Average loss = 81.29058074951172
Epoch 407 completed. Average loss = 81.29086303710938
Epoch 408 completed. Average loss = 81.29108428955078
Epoch 409 completed. Average loss = 81.29157257080078
Epoch 410 completed. Average loss = 81.2890625
Epoch 411 completed. Average loss = 81.29016876220703
Epoch 412 completed. Average loss = 81.29125213623047
Epoch 413 completed. Average loss = 81.29010009765625
Epoch 414 completed. Average loss = 81.28952026367188
Epoch 415 completed. Average loss = 81.28961944580078
Epoch 416 completed. Average loss = 81.29212951660156
Epoch 417 completed. Average loss = 81.28944396972656
Epoch 418 completed. Average loss = 81.29012298583984
Epoch 419 completed. Average loss = 81.28958892822266
Epoch 420 completed. Average loss = 81.28997802734375
Epoch 421 completed. Average loss = 81.28984069824219
Epoch 422 completed. Average loss = 81.28873443603516
Epoch 423 completed. Average loss = 81.29009246826172
Epoch 424 completed. Average loss = 81.2903060913086
Epoch 425 completed. Average loss = 81.28850555419922
Epoch 426 completed. Average loss = 81.28832244873047
Epoch 427 completed. Average loss = 81.28901672363281
Epoch 428 completed. Average loss = 81.28753662109375
Epoch 429 completed. Average loss = 81.29035949707031
Epoch 430 completed. Average loss = 81.28998565673828
Epoch 431 completed. Average loss = 81.28738403320312
Epoch 432 completed. Average loss = 81.28850555419922
Epoch 433 completed. Average loss = 81.28782653808594
Epoch 434 completed. Average loss = 81.28739929199219
Epoch 435 completed. Average loss = 81.28897094726562
Epoch 436 completed. Average loss = 81.28731536865234
Epoch 437 completed. Average loss = 81.2872085571289
Epoch 438 completed. Average loss = 81.28839111328125
Epoch 439 completed. Average loss = 81.28837585449219
Epoch 440 completed. Average loss = 81.2892074584961
Epoch 441 completed. Average loss = 81.28699493408203
Epoch 442 completed. Average loss = 81.2862319946289
Epoch 443 completed. Average loss = 81.28797912597656
Epoch 444 completed. Average loss = 81.2874755859375
Epoch 445 completed. Average loss = 81.28816223144531
Epoch 446 completed. Average loss = 81.2863998413086
Epoch 447 completed. Average loss = 81.28620147705078
Epoch 448 completed. Average loss = 81.28546142578125
Epoch 449 completed. Average loss = 81.28853607177734
Epoch 450 completed. Average loss = 81.28607177734375
Epoch 451 completed. Average loss = 81.28678131103516
Epoch 452 completed. Average loss = 81.28675842285156
Epoch 453 completed. Average loss = 81.28567504882812
Epoch 454 completed. Average loss = 81.28570556640625
Epoch 455 completed. Average loss = 81.28629302978516
Epoch 456 completed. Average loss = 81.28638458251953
Epoch 457 completed. Average loss = 81.28495788574219
Epoch 458 completed. Average loss = 81.28671264648438
Epoch 459 completed. Average loss = 81.28558349609375
Epoch 460 completed. Average loss = 81.28546142578125
Epoch 461 completed. Average loss = 81.2846450805664
Epoch 462 completed. Average loss = 81.28502655029297
Epoch 463 completed. Average loss = 81.28488159179688
Epoch 464 completed. Average loss = 81.28459167480469
Epoch 465 completed. Average loss = 81.28482055664062
Epoch 466 completed. Average loss = 81.28522491455078
Epoch 467 completed. Average loss = 81.28361511230469
Epoch 468 completed. Average loss = 81.28622436523438
Epoch 469 completed. Average loss = 81.28511047363281
Epoch 470 completed. Average loss = 81.28500366210938
Epoch 471 completed. Average loss = 81.28478240966797
Epoch 472 completed. Average loss = 81.2837142944336
Epoch 473 completed. Average loss = 81.28408813476562
Epoch 474 completed. Average loss = 81.28535461425781
Epoch 475 completed. Average loss = 81.28434753417969
Epoch 476 completed. Average loss = 81.28337097167969
Epoch 477 completed. Average loss = 81.28418731689453
Epoch 478 completed. Average loss = 81.28337097167969
Epoch 479 completed. Average loss = 81.2846908569336
Epoch 480 completed. Average loss = 81.2833480834961
Epoch 481 completed. Average loss = 81.28390502929688
Epoch 482 completed. Average loss = 81.28355407714844
Epoch 483 completed. Average loss = 81.28309631347656
Epoch 484 completed. Average loss = 81.28414916992188
Epoch 485 completed. Average loss = 81.28315734863281
Epoch 486 completed. Average loss = 81.28302001953125
Epoch 487 completed. Average loss = 81.28326416015625
Epoch 488 completed. Average loss = 81.28351593017578
Epoch 489 completed. Average loss = 81.28282165527344
Epoch 490 completed. Average loss = 81.28340911865234
Epoch 491 completed. Average loss = 81.2829818725586
Epoch 492 completed. Average loss = 81.28330993652344
Epoch 493 completed. Average loss = 81.28324890136719
Epoch 494 completed. Average loss = 81.2838363647461
Epoch 495 completed. Average loss = 81.28174591064453
Epoch 496 completed. Average loss = 81.2843017578125
Epoch 497 completed. Average loss = 81.28260040283203
Epoch 498 completed. Average loss = 81.28327178955078
Epoch 499 completed. Average loss = 81.28457641601562
Epoch 500 completed. Average loss = 81.28244018554688
Epoch 501 completed. Average loss = 81.28207397460938
Epoch 502 completed. Average loss = 81.28168487548828
Epoch 503 completed. Average loss = 81.28343963623047
Epoch 504 completed. Average loss = 81.28290557861328
Epoch 505 completed. Average loss = 81.28289031982422
Epoch 506 completed. Average loss = 81.28152465820312
Epoch 507 completed. Average loss = 81.28177642822266
Epoch 508 completed. Average loss = 81.28199005126953
Epoch 509 completed. Average loss = 81.28057861328125
Epoch 510 completed. Average loss = 81.28206634521484
Epoch 511 completed. Average loss = 81.28013610839844
Epoch 512 completed. Average loss = 81.28178405761719
Epoch 513 completed. Average loss = 81.28235626220703
Epoch 514 completed. Average loss = 81.28103637695312
Epoch 515 completed. Average loss = 81.28217315673828
Epoch 516 completed. Average loss = 81.27982330322266
Epoch 517 completed. Average loss = 81.28131103515625
Epoch 518 completed. Average loss = 81.28125
Epoch 519 completed. Average loss = 81.2802505493164
Epoch 520 completed. Average loss = 81.28048706054688
Epoch 521 completed. Average loss = 81.28199005126953
Epoch 522 completed. Average loss = 81.28053283691406
Epoch 523 completed. Average loss = 81.28206634521484
Epoch 524 completed. Average loss = 81.28097534179688
Epoch 525 completed. Average loss = 81.27958679199219
Epoch 526 completed. Average loss = 81.2813720703125
Epoch 527 completed. Average loss = 81.2813491821289
Epoch 528 completed. Average loss = 81.2799301147461
Epoch 529 completed. Average loss = 81.27981567382812
Epoch 530 completed. Average loss = 81.27922821044922
Epoch 531 completed. Average loss = 81.28130340576172
Epoch 532 completed. Average loss = 81.27967071533203
Epoch 533 completed. Average loss = 81.28068542480469
Epoch 534 completed. Average loss = 81.28053283691406
Epoch 535 completed. Average loss = 81.2802963256836
Epoch 536 completed. Average loss = 81.28012084960938
Epoch 537 completed. Average loss = 81.27937316894531
Epoch 538 completed. Average loss = 81.27901458740234
Epoch 539 completed. Average loss = 81.2784652709961
Epoch 540 completed. Average loss = 81.27928161621094
Epoch 541 completed. Average loss = 81.28038787841797
Epoch 542 completed. Average loss = 81.27833557128906
Epoch 543 completed. Average loss = 81.27932739257812
Epoch 544 completed. Average loss = 81.279296875
Epoch 545 completed. Average loss = 81.27937316894531
Epoch 546 completed. Average loss = 81.27865600585938
Epoch 547 completed. Average loss = 81.278076171875
Epoch 548 completed. Average loss = 81.279296875
Epoch 549 completed. Average loss = 81.27934265136719
Epoch 550 completed. Average loss = 81.27924346923828
Epoch 551 completed. Average loss = 81.27881622314453
Epoch 552 completed. Average loss = 81.27728271484375
Epoch 553 completed. Average loss = 81.27854919433594
Epoch 554 completed. Average loss = 81.27960205078125
Epoch 555 completed. Average loss = 81.27798461914062
Epoch 556 completed. Average loss = 81.2778091430664
Epoch 557 completed. Average loss = 81.27910614013672
Epoch 558 completed. Average loss = 81.27815246582031
Epoch 559 completed. Average loss = 81.27986907958984
Epoch 560 completed. Average loss = 81.27828979492188
Epoch 561 completed. Average loss = 81.27779388427734
Epoch 562 completed. Average loss = 81.2786865234375
Epoch 563 completed. Average loss = 81.27766418457031
Epoch 564 completed. Average loss = 81.2773208618164
Epoch 565 completed. Average loss = 81.27751159667969
Epoch 566 completed. Average loss = 81.27705383300781
Epoch 567 completed. Average loss = 81.27749633789062
Epoch 568 completed. Average loss = 81.27787017822266
Epoch 569 completed. Average loss = 81.2768783569336
Epoch 570 completed. Average loss = 81.27894592285156
Epoch 571 completed. Average loss = 81.27651977539062
Epoch 572 completed. Average loss = 81.27815246582031
Epoch 573 completed. Average loss = 81.27908325195312
Epoch 574 completed. Average loss = 81.27685546875
Epoch 575 completed. Average loss = 81.27584075927734
Epoch 576 completed. Average loss = 81.27880859375
Epoch 577 completed. Average loss = 81.27690887451172
Epoch 578 completed. Average loss = 81.27848815917969
Epoch 579 completed. Average loss = 81.27680969238281
Epoch 580 completed. Average loss = 81.27699279785156
Epoch 581 completed. Average loss = 81.27713775634766
Epoch 582 completed. Average loss = 81.27742767333984
Epoch 583 completed. Average loss = 81.27650451660156
Epoch 584 completed. Average loss = 81.27687072753906
Epoch 585 completed. Average loss = 81.27703094482422
Epoch 586 completed. Average loss = 81.27703857421875
Epoch 587 completed. Average loss = 81.27472686767578
Epoch 588 completed. Average loss = 81.27587890625
Epoch 589 completed. Average loss = 81.27731323242188
Epoch 590 completed. Average loss = 81.27581024169922
Epoch 591 completed. Average loss = 81.27606964111328
Epoch 592 completed. Average loss = 81.2753677368164
Epoch 593 completed. Average loss = 81.27658081054688
Epoch 594 completed. Average loss = 81.27688598632812
Epoch 595 completed. Average loss = 81.27633666992188
Epoch 596 completed. Average loss = 81.27591705322266
Epoch 597 completed. Average loss = 81.2762222290039
Epoch 598 completed. Average loss = 81.27680206298828
Epoch 599 completed. Average loss = 81.27662658691406
Epoch 600 completed. Average loss = 81.27622985839844
Epoch 601 completed. Average loss = 81.27526092529297
Epoch 602 completed. Average loss = 81.27531433105469
Epoch 603 completed. Average loss = 81.27436828613281
Epoch 604 completed. Average loss = 81.27613830566406
Epoch 605 completed. Average loss = 81.27596282958984
Epoch 606 completed. Average loss = 81.27449798583984
Epoch 607 completed. Average loss = 81.27576446533203
Epoch 608 completed. Average loss = 81.27458190917969
Epoch 609 completed. Average loss = 81.27584075927734
Epoch 610 completed. Average loss = 81.27582550048828
Epoch 611 completed. Average loss = 81.27555084228516
Epoch 612 completed. Average loss = 81.27564239501953
Epoch 613 completed. Average loss = 81.27528381347656
Epoch 614 completed. Average loss = 81.27464294433594
Epoch 615 completed. Average loss = 81.2740707397461
Epoch 616 completed. Average loss = 81.27527618408203
Epoch 617 completed. Average loss = 81.2752685546875
Epoch 618 completed. Average loss = 81.27395629882812
Epoch 619 completed. Average loss = 81.27470397949219
Epoch 620 completed. Average loss = 81.27363586425781
Epoch 621 completed. Average loss = 81.2745590209961
Epoch 622 completed. Average loss = 81.2752685546875
Epoch 623 completed. Average loss = 81.27458190917969
Epoch 624 completed. Average loss = 81.2741470336914
Epoch 625 completed. Average loss = 81.2748794555664
Epoch 626 completed. Average loss = 81.2738265991211
Epoch 627 completed. Average loss = 81.27444458007812
Epoch 628 completed. Average loss = 81.27366638183594
Epoch 629 completed. Average loss = 81.27564239501953
Epoch 630 completed. Average loss = 81.27391815185547
Epoch 631 completed. Average loss = 81.27576446533203
Epoch 632 completed. Average loss = 81.27367401123047
Epoch 633 completed. Average loss = 81.27384948730469
Epoch 634 completed. Average loss = 81.27486419677734
Epoch 635 completed. Average loss = 81.2742691040039
Epoch 636 completed. Average loss = 81.27333068847656
Epoch 637 completed. Average loss = 81.27421569824219
Epoch 638 completed. Average loss = 81.27326202392578
Epoch 639 completed. Average loss = 81.27241516113281
Epoch 640 completed. Average loss = 81.27351379394531
Epoch 641 completed. Average loss = 81.27346801757812
Epoch 642 completed. Average loss = 81.27325439453125
Epoch 643 completed. Average loss = 81.27265167236328
Epoch 644 completed. Average loss = 81.2741928100586
Epoch 645 completed. Average loss = 81.27281188964844
Epoch 646 completed. Average loss = 81.27151489257812
Epoch 647 completed. Average loss = 81.27327728271484
Epoch 648 completed. Average loss = 81.27105712890625
Epoch 649 completed. Average loss = 81.27384948730469
Epoch 650 completed. Average loss = 81.27227020263672
Epoch 651 completed. Average loss = 81.27246856689453
Epoch 652 completed. Average loss = 81.27288818359375
Epoch 653 completed. Average loss = 81.2734375
Epoch 654 completed. Average loss = 81.2711410522461
Epoch 655 completed. Average loss = 81.2732162475586
Epoch 656 completed. Average loss = 81.27259826660156
Epoch 657 completed. Average loss = 81.2717056274414
Epoch 658 completed. Average loss = 81.27318572998047
Epoch 659 completed. Average loss = 81.27212524414062
Epoch 660 completed. Average loss = 81.27155303955078
Epoch 661 completed. Average loss = 81.27274322509766
Epoch 662 completed. Average loss = 81.27290344238281
Epoch 663 completed. Average loss = 81.27254486083984
Epoch 664 completed. Average loss = 81.27281188964844
Epoch 665 completed. Average loss = 81.27215576171875
Epoch 666 completed. Average loss = 81.27596282958984
Epoch 667 completed. Average loss = 81.27175903320312
Epoch 668 completed. Average loss = 81.27313232421875
Epoch 669 completed. Average loss = 81.27130889892578
Epoch 670 completed. Average loss = 81.27159881591797
Epoch 671 completed. Average loss = 81.2718734741211
Epoch 672 completed. Average loss = 81.27153015136719
Epoch 673 completed. Average loss = 81.27279663085938
Epoch 674 completed. Average loss = 81.2713394165039
Epoch 675 completed. Average loss = 81.27153015136719
Epoch 676 completed. Average loss = 81.2713851928711
Epoch 677 completed. Average loss = 81.27095031738281
Epoch 678 completed. Average loss = 81.27227783203125
Epoch 679 completed. Average loss = 81.27166748046875
Epoch 680 completed. Average loss = 81.27085876464844
Epoch 681 completed. Average loss = 81.27149200439453
Epoch 682 completed. Average loss = 81.27363586425781
Epoch 683 completed. Average loss = 81.26980590820312
Epoch 684 completed. Average loss = 81.26988983154297
Epoch 685 completed. Average loss = 81.27079772949219
Epoch 686 completed. Average loss = 81.27188110351562
Epoch 687 completed. Average loss = 81.27226257324219
Epoch 688 completed. Average loss = 81.26923370361328
Epoch 689 completed. Average loss = 81.27054595947266
Epoch 690 completed. Average loss = 81.27045440673828
Epoch 691 completed. Average loss = 81.2703857421875
Epoch 692 completed. Average loss = 81.27081298828125
Epoch 693 completed. Average loss = 81.27127838134766
Epoch 694 completed. Average loss = 81.27092742919922
Epoch 695 completed. Average loss = 81.27149963378906
Epoch 696 completed. Average loss = 81.26886749267578
Epoch 697 completed. Average loss = 81.2699966430664
Epoch 698 completed. Average loss = 81.27025604248047
Epoch 699 completed. Average loss = 81.27208709716797
Epoch 700 completed. Average loss = 81.26900482177734
Epoch 701 completed. Average loss = 81.26995849609375
Epoch 702 completed. Average loss = 81.2727279663086
Epoch 703 completed. Average loss = 81.26895904541016
Epoch 704 completed. Average loss = 81.27008819580078
Epoch 705 completed. Average loss = 81.2686538696289
Epoch 706 completed. Average loss = 81.26959991455078
Epoch 707 completed. Average loss = 81.26889038085938
Epoch 708 completed. Average loss = 81.26943969726562
Epoch 709 completed. Average loss = 81.26935577392578
Epoch 710 completed. Average loss = 81.27072143554688
Epoch 711 completed. Average loss = 81.2699203491211
Epoch 712 completed. Average loss = 81.26899719238281
Epoch 713 completed. Average loss = 81.26974487304688
Epoch 714 completed. Average loss = 81.26966094970703
Epoch 715 completed. Average loss = 81.26927947998047
Epoch 716 completed. Average loss = 81.27043151855469
Epoch 717 completed. Average loss = 81.26976776123047
Epoch 718 completed. Average loss = 81.2698745727539
Epoch 719 completed. Average loss = 81.26931762695312
Epoch 720 completed. Average loss = 81.27011108398438
Epoch 721 completed. Average loss = 81.26914978027344
Epoch 722 completed. Average loss = 81.26927947998047
Epoch 723 completed. Average loss = 81.26878356933594
Epoch 724 completed. Average loss = 81.2709732055664
Epoch 725 completed. Average loss = 81.2690658569336
Epoch 726 completed. Average loss = 81.2679443359375
Epoch 727 completed. Average loss = 81.26922607421875
Epoch 728 completed. Average loss = 81.27054595947266
Epoch 729 completed. Average loss = 81.267822265625
Epoch 730 completed. Average loss = 81.26776885986328
Epoch 731 completed. Average loss = 81.26850891113281
Epoch 732 completed. Average loss = 81.26920318603516
Epoch 733 completed. Average loss = 81.26832580566406
Epoch 734 completed. Average loss = 81.26788330078125
Epoch 735 completed. Average loss = 81.270263671875
Epoch 736 completed. Average loss = 81.26763153076172
Epoch 737 completed. Average loss = 81.26785278320312
Epoch 738 completed. Average loss = 81.26764678955078
Epoch 739 completed. Average loss = 81.26957702636719
Epoch 740 completed. Average loss = 81.26905059814453
Epoch 741 completed. Average loss = 81.26837158203125
Epoch 742 completed. Average loss = 81.26954650878906
Epoch 743 completed. Average loss = 81.27009582519531
Epoch 744 completed. Average loss = 81.26786804199219
Epoch 745 completed. Average loss = 81.26907348632812
Epoch 746 completed. Average loss = 81.26726531982422
Epoch 747 completed. Average loss = 81.26786804199219
Epoch 748 completed. Average loss = 81.2686996459961
Epoch 749 completed. Average loss = 81.26969909667969
Epoch 750 completed. Average loss = 81.2665786743164
Epoch 751 completed. Average loss = 81.26929473876953
Epoch 752 completed. Average loss = 81.2703628540039
Epoch 753 completed. Average loss = 81.26884460449219
Epoch 754 completed. Average loss = 81.26972961425781
Epoch 755 completed. Average loss = 81.2674560546875
Epoch 756 completed. Average loss = 81.26985168457031
Epoch 757 completed. Average loss = 81.26734161376953
Epoch 758 completed. Average loss = 81.26854705810547
Epoch 759 completed. Average loss = 81.26826477050781
Epoch 760 completed. Average loss = 81.26953887939453
Epoch 761 completed. Average loss = 81.26692199707031
Epoch 762 completed. Average loss = 81.26832580566406
Epoch 763 completed. Average loss = 81.26889038085938
Epoch 764 completed. Average loss = 81.2684097290039
Epoch 765 completed. Average loss = 81.267822265625
Epoch 766 completed. Average loss = 81.26879119873047
Epoch 767 completed. Average loss = 81.26850891113281
Epoch 768 completed. Average loss = 81.26712036132812
Epoch 769 completed. Average loss = 81.26774597167969
Epoch 770 completed. Average loss = 81.26737976074219
Epoch 771 completed. Average loss = 81.26699829101562
Epoch 772 completed. Average loss = 81.26644134521484
Epoch 773 completed. Average loss = 81.26671600341797
Epoch 774 completed. Average loss = 81.26930236816406
Epoch 775 completed. Average loss = 81.266357421875
Epoch 776 completed. Average loss = 81.2657241821289
Epoch 777 completed. Average loss = 81.26714324951172
Epoch 778 completed. Average loss = 81.2674331665039
Epoch 779 completed. Average loss = 81.2671890258789
Epoch 780 completed. Average loss = 81.26557159423828
Epoch 781 completed. Average loss = 81.26860046386719
Epoch 782 completed. Average loss = 81.26651763916016
Epoch 783 completed. Average loss = 81.26798248291016
Epoch 784 completed. Average loss = 81.26698303222656
Epoch 785 completed. Average loss = 81.26668548583984
Epoch 786 completed. Average loss = 81.2674560546875
Epoch 787 completed. Average loss = 81.26821899414062
Epoch 788 completed. Average loss = 81.26566314697266
Epoch 789 completed. Average loss = 81.26760864257812
Epoch 790 completed. Average loss = 81.2669906616211
Epoch 791 completed. Average loss = 81.26731872558594
Epoch 792 completed. Average loss = 81.26533508300781
Epoch 793 completed. Average loss = 81.26636505126953
Epoch 794 completed. Average loss = 81.26587677001953
Epoch 795 completed. Average loss = 81.26551055908203
Epoch 796 completed. Average loss = 81.26742553710938
Epoch 797 completed. Average loss = 81.26670837402344
Epoch 798 completed. Average loss = 81.2674560546875
Epoch 799 completed. Average loss = 81.26515197753906
Epoch 800 completed. Average loss = 81.26583099365234
Epoch 801 completed. Average loss = 81.26644897460938
Epoch 802 completed. Average loss = 81.26659393310547
Epoch 803 completed. Average loss = 81.26654052734375
Epoch 804 completed. Average loss = 81.26891326904297
Epoch 805 completed. Average loss = 81.26468658447266
Epoch 806 completed. Average loss = 81.26658630371094
Epoch 807 completed. Average loss = 81.26649475097656
Epoch 808 completed. Average loss = 81.26500701904297
Epoch 809 completed. Average loss = 81.265625
Epoch 810 completed. Average loss = 81.26536560058594
Epoch 811 completed. Average loss = 81.26622772216797
Epoch 812 completed. Average loss = 81.26619720458984
Epoch 813 completed. Average loss = 81.2652359008789
Epoch 814 completed. Average loss = 81.26529693603516
Epoch 815 completed. Average loss = 81.2652816772461
Epoch 816 completed. Average loss = 81.26649475097656
Epoch 817 completed. Average loss = 81.26651763916016
Epoch 818 completed. Average loss = 81.26634979248047
Epoch 819 completed. Average loss = 81.26532745361328
Epoch 820 completed. Average loss = 81.26614379882812
Epoch 821 completed. Average loss = 81.26570892333984
Epoch 822 completed. Average loss = 81.26660919189453
Epoch 823 completed. Average loss = 81.26579284667969
Epoch 824 completed. Average loss = 81.26667022705078
Epoch 825 completed. Average loss = 81.265380859375
Epoch 826 completed. Average loss = 81.26720428466797
Epoch 827 completed. Average loss = 81.26630401611328
Epoch 828 completed. Average loss = 81.26554107666016
Epoch 829 completed. Average loss = 81.26506805419922
Epoch 830 completed. Average loss = 81.26465606689453
Epoch 831 completed. Average loss = 81.26423645019531
Epoch 832 completed. Average loss = 81.26444244384766
Epoch 833 completed. Average loss = 81.26637268066406
Epoch 834 completed. Average loss = 81.26416778564453
Epoch 835 completed. Average loss = 81.26619720458984
Epoch 836 completed. Average loss = 81.26433563232422
Epoch 837 completed. Average loss = 81.26582336425781
Epoch 838 completed. Average loss = 81.26517486572266
Epoch 839 completed. Average loss = 81.2641372680664
Epoch 840 completed. Average loss = 81.26416778564453
Epoch 841 completed. Average loss = 81.26456451416016
Epoch 842 completed. Average loss = 81.26531219482422
Epoch 843 completed. Average loss = 81.26494598388672
Epoch 844 completed. Average loss = 81.26483917236328
Epoch 845 completed. Average loss = 81.26435852050781
Epoch 846 completed. Average loss = 81.26465606689453
Epoch 847 completed. Average loss = 81.26347351074219
Epoch 848 completed. Average loss = 81.26569366455078
Epoch 849 completed. Average loss = 81.26455688476562
Epoch 850 completed. Average loss = 81.2635498046875
Epoch 851 completed. Average loss = 81.265625
Epoch 852 completed. Average loss = 81.26432800292969
Epoch 853 completed. Average loss = 81.26398468017578
Epoch 854 completed. Average loss = 81.26424407958984
Epoch 855 completed. Average loss = 81.26422119140625
Epoch 856 completed. Average loss = 81.26356506347656
Epoch 857 completed. Average loss = 81.2640151977539
Epoch 858 completed. Average loss = 81.26460266113281
Epoch 859 completed. Average loss = 81.2655029296875
Epoch 860 completed. Average loss = 81.26349639892578
Epoch 861 completed. Average loss = 81.26268005371094
Epoch 862 completed. Average loss = 81.26483154296875
Epoch 863 completed. Average loss = 81.26586151123047
Epoch 864 completed. Average loss = 81.26350402832031
Epoch 865 completed. Average loss = 81.26644134521484
Epoch 866 completed. Average loss = 81.264404296875
Epoch 867 completed. Average loss = 81.26314544677734
Epoch 868 completed. Average loss = 81.26366424560547
Epoch 869 completed. Average loss = 81.2654037475586
Epoch 870 completed. Average loss = 81.26458740234375
Epoch 871 completed. Average loss = 81.26358032226562
Epoch 872 completed. Average loss = 81.26261901855469
Epoch 873 completed. Average loss = 81.26321411132812
Epoch 874 completed. Average loss = 81.2630844116211
Epoch 875 completed. Average loss = 81.26290130615234
Epoch 876 completed. Average loss = 81.2644271850586
Epoch 877 completed. Average loss = 81.26335144042969
Epoch 878 completed. Average loss = 81.26438903808594
Epoch 879 completed. Average loss = 81.26386260986328
Epoch 880 completed. Average loss = 81.26405334472656
Epoch 881 completed. Average loss = 81.26300048828125
Epoch 882 completed. Average loss = 81.2621078491211
Epoch 883 completed. Average loss = 81.26348876953125
Epoch 884 completed. Average loss = 81.2637939453125
Epoch 885 completed. Average loss = 81.26297760009766
Epoch 886 completed. Average loss = 81.2658462524414
Epoch 887 completed. Average loss = 81.26336669921875
Epoch 888 completed. Average loss = 81.26538848876953
Epoch 889 completed. Average loss = 81.26254272460938
Epoch 890 completed. Average loss = 81.26505279541016
Epoch 891 completed. Average loss = 81.26270294189453
Epoch 892 completed. Average loss = 81.2618408203125
Epoch 893 completed. Average loss = 81.26239013671875
Epoch 894 completed. Average loss = 81.26266479492188
Epoch 895 completed. Average loss = 81.26325225830078
Epoch 896 completed. Average loss = 81.26248931884766
Epoch 897 completed. Average loss = 81.26311492919922
Epoch 898 completed. Average loss = 81.26383209228516
Epoch 899 completed. Average loss = 81.26265716552734
Epoch 900 completed. Average loss = 81.26351928710938
Epoch 901 completed. Average loss = 81.26256561279297
Epoch 902 completed. Average loss = 81.26261901855469
Epoch 903 completed. Average loss = 81.26268768310547
Epoch 904 completed. Average loss = 81.26335906982422
Epoch 905 completed. Average loss = 81.26204681396484
Epoch 906 completed. Average loss = 81.26273345947266
Epoch 907 completed. Average loss = 81.26297760009766
Epoch 908 completed. Average loss = 81.26368713378906
Epoch 909 completed. Average loss = 81.2627182006836
Epoch 910 completed. Average loss = 81.26273345947266
Epoch 911 completed. Average loss = 81.26162719726562
Epoch 912 completed. Average loss = 81.26376342773438
Epoch 913 completed. Average loss = 81.26268768310547
Epoch 914 completed. Average loss = 81.26209259033203
Epoch 915 completed. Average loss = 81.26180267333984
Epoch 916 completed. Average loss = 81.26288604736328
Epoch 917 completed. Average loss = 81.26253509521484
Epoch 918 completed. Average loss = 81.26260375976562
Epoch 919 completed. Average loss = 81.2620849609375
Epoch 920 completed. Average loss = 81.26136016845703
Epoch 921 completed. Average loss = 81.26197052001953
Epoch 922 completed. Average loss = 81.26191711425781
Epoch 923 completed. Average loss = 81.26424407958984
Epoch 924 completed. Average loss = 81.26073455810547
Epoch 925 completed. Average loss = 81.26183319091797
Epoch 926 completed. Average loss = 81.26188659667969
Epoch 927 completed. Average loss = 81.26271057128906
Epoch 928 completed. Average loss = 81.26262664794922
Epoch 929 completed. Average loss = 81.26154327392578
Epoch 930 completed. Average loss = 81.2629623413086
Epoch 931 completed. Average loss = 81.26261138916016
Epoch 932 completed. Average loss = 81.26222229003906
Epoch 933 completed. Average loss = 81.26068115234375
Epoch 934 completed. Average loss = 81.26068878173828
Epoch 935 completed. Average loss = 81.26249694824219
Epoch 936 completed. Average loss = 81.26172637939453
Epoch 937 completed. Average loss = 81.26204681396484
Epoch 938 completed. Average loss = 81.26053619384766
Epoch 939 completed. Average loss = 81.26228332519531
Epoch 940 completed. Average loss = 81.26292419433594
Epoch 941 completed. Average loss = 81.26190185546875
Epoch 942 completed. Average loss = 81.26146697998047
Epoch 943 completed. Average loss = 81.26315307617188
Epoch 944 completed. Average loss = 81.26203918457031
Epoch 945 completed. Average loss = 81.26234436035156
Epoch 946 completed. Average loss = 81.26192474365234
Epoch 947 completed. Average loss = 81.26123809814453
Epoch 948 completed. Average loss = 81.2610092163086
Epoch 949 completed. Average loss = 81.26075744628906
Epoch 950 completed. Average loss = 81.26126861572266
Epoch 951 completed. Average loss = 81.2602767944336
Epoch 952 completed. Average loss = 81.26280975341797
Epoch 953 completed. Average loss = 81.26039123535156
Epoch 954 completed. Average loss = 81.26163482666016
Epoch 955 completed. Average loss = 81.26081085205078
Epoch 956 completed. Average loss = 81.26127624511719
Epoch 957 completed. Average loss = 81.2607192993164
Epoch 958 completed. Average loss = 81.26160430908203
Epoch 959 completed. Average loss = 81.2607421875
Epoch 960 completed. Average loss = 81.25977325439453
Epoch 961 completed. Average loss = 81.2613525390625
Epoch 962 completed. Average loss = 81.25983428955078
Epoch 963 completed. Average loss = 81.26162719726562
Epoch 964 completed. Average loss = 81.26051330566406
Epoch 965 completed. Average loss = 81.2620620727539
Epoch 966 completed. Average loss = 81.26030731201172
Epoch 967 completed. Average loss = 81.25985717773438
Epoch 968 completed. Average loss = 81.26142883300781
Epoch 969 completed. Average loss = 81.26268768310547
Epoch 970 completed. Average loss = 81.25984954833984
Epoch 971 completed. Average loss = 81.2608871459961
Epoch 972 completed. Average loss = 81.2612533569336
Epoch 973 completed. Average loss = 81.26114654541016
Epoch 974 completed. Average loss = 81.2596435546875
Epoch 975 completed. Average loss = 81.26160430908203
Epoch 976 completed. Average loss = 81.26054382324219
Epoch 977 completed. Average loss = 81.25970458984375
Epoch 978 completed. Average loss = 81.26090240478516
Epoch 979 completed. Average loss = 81.26139068603516
Epoch 980 completed. Average loss = 81.26053619384766
Epoch 981 completed. Average loss = 81.25933837890625
Epoch 982 completed. Average loss = 81.2624740600586
Epoch 983 completed. Average loss = 81.26114654541016
Epoch 984 completed. Average loss = 81.2608642578125
Epoch 985 completed. Average loss = 81.25983428955078
Epoch 986 completed. Average loss = 81.26179504394531
Epoch 987 completed. Average loss = 81.25951385498047
Epoch 988 completed. Average loss = 81.26155090332031
Epoch 989 completed. Average loss = 81.25922393798828
Epoch 990 completed. Average loss = 81.2608642578125
Epoch 991 completed. Average loss = 81.2597427368164
Epoch 992 completed. Average loss = 81.25955200195312
Epoch 993 completed. Average loss = 81.25959014892578
Epoch 994 completed. Average loss = 81.26057434082031
Epoch 995 completed. Average loss = 81.26148986816406
Epoch 996 completed. Average loss = 81.25977325439453
Epoch 997 completed. Average loss = 81.26068878173828
Epoch 998 completed. Average loss = 81.26148986816406
Epoch 999 completed. Average loss = 81.26000213623047
Epoch 1000 completed. Average loss = 81.26012420654297
FINISH TRANING
