nohup: input ignorato
Not using data augmentation
Checkpoint not found, will create a new one: ./CVAE/checkpoints/resnet_VAE_0.001_128_1024_1.0.pth
Trainable parameters: 23414851
Non-trainable parameters: 0.0
Total parameters: 23414851.0
Epoch 1 completed. Average loss = 87.24468231201172
Epoch 2 completed. Average loss = 84.06964111328125
Epoch 3 completed. Average loss = 83.26216125488281
Epoch 4 completed. Average loss = 82.93611145019531
Epoch 5 completed. Average loss = 82.72866821289062
Epoch 6 completed. Average loss = 82.55067443847656
Epoch 7 completed. Average loss = 82.40750885009766
Epoch 8 completed. Average loss = 82.29788208007812
Epoch 9 completed. Average loss = 82.21976470947266
Epoch 10 completed. Average loss = 82.1605453491211
Epoch 11 completed. Average loss = 82.10150909423828
Epoch 12 completed. Average loss = 82.04590606689453
Epoch 13 completed. Average loss = 81.9894790649414
Epoch 14 completed. Average loss = 81.94813537597656
Epoch 15 completed. Average loss = 81.91350555419922
Epoch 16 completed. Average loss = 81.88020324707031
Epoch 17 completed. Average loss = 81.85389709472656
Epoch 18 completed. Average loss = 81.83524322509766
Epoch 19 completed. Average loss = 81.80677032470703
Epoch 20 completed. Average loss = 81.78929901123047
Epoch 21 completed. Average loss = 81.77396392822266
Epoch 22 completed. Average loss = 81.75493621826172
Epoch 23 completed. Average loss = 81.7436752319336
Epoch 24 completed. Average loss = 81.7278060913086
Epoch 25 completed. Average loss = 81.70841217041016
Epoch 26 completed. Average loss = 81.69627380371094
Epoch 27 completed. Average loss = 81.6800765991211
Epoch 28 completed. Average loss = 81.66441345214844
Epoch 29 completed. Average loss = 81.6530990600586
Epoch 30 completed. Average loss = 81.64000701904297
Epoch 31 completed. Average loss = 81.62785339355469
Epoch 32 completed. Average loss = 81.61744689941406
Epoch 33 completed. Average loss = 81.6085433959961
Epoch 34 completed. Average loss = 81.60179138183594
Epoch 35 completed. Average loss = 81.59542846679688
Epoch 36 completed. Average loss = 81.58786010742188
Epoch 37 completed. Average loss = 81.58386993408203
Epoch 38 completed. Average loss = 81.57719421386719
Epoch 39 completed. Average loss = 81.5707015991211
Epoch 40 completed. Average loss = 81.56293487548828
Epoch 41 completed. Average loss = 81.56112670898438
Epoch 42 completed. Average loss = 81.55577850341797
Epoch 43 completed. Average loss = 81.5511245727539
Epoch 44 completed. Average loss = 81.5438003540039
Epoch 45 completed. Average loss = 81.54279327392578
Epoch 46 completed. Average loss = 81.53370666503906
Epoch 47 completed. Average loss = 81.52935028076172
Epoch 48 completed. Average loss = 81.52606201171875
Epoch 49 completed. Average loss = 81.52100372314453
Epoch 50 completed. Average loss = 81.51941680908203
Epoch 51 completed. Average loss = 81.51390075683594
Epoch 52 completed. Average loss = 81.51151275634766
Epoch 53 completed. Average loss = 81.50920867919922
Epoch 54 completed. Average loss = 81.504150390625
Epoch 55 completed. Average loss = 81.49894714355469
Epoch 56 completed. Average loss = 81.49331665039062
Epoch 57 completed. Average loss = 81.48971557617188
Epoch 58 completed. Average loss = 81.48670959472656
Epoch 59 completed. Average loss = 81.4828872680664
Epoch 60 completed. Average loss = 81.47917938232422
Epoch 61 completed. Average loss = 81.474365234375
Epoch 62 completed. Average loss = 81.4751205444336
Epoch 63 completed. Average loss = 81.47097778320312
Epoch 64 completed. Average loss = 81.4671859741211
Epoch 65 completed. Average loss = 81.46497344970703
Epoch 66 completed. Average loss = 81.46347045898438
Epoch 67 completed. Average loss = 81.46122741699219
Epoch 68 completed. Average loss = 81.4599609375
Epoch 69 completed. Average loss = 81.45893859863281
Epoch 70 completed. Average loss = 81.45577239990234
Epoch 71 completed. Average loss = 81.45287322998047
Epoch 72 completed. Average loss = 81.45043182373047
Epoch 73 completed. Average loss = 81.44866180419922
Epoch 74 completed. Average loss = 81.44579315185547
Epoch 75 completed. Average loss = 81.44458770751953
Epoch 76 completed. Average loss = 81.44108581542969
Epoch 77 completed. Average loss = 81.43897247314453
Epoch 78 completed. Average loss = 81.43795776367188
Epoch 79 completed. Average loss = 81.43538665771484
Epoch 80 completed. Average loss = 81.43338775634766
Epoch 81 completed. Average loss = 81.43205261230469
Epoch 82 completed. Average loss = 81.43135833740234
Epoch 83 completed. Average loss = 81.42807006835938
Epoch 84 completed. Average loss = 81.42879486083984
Epoch 85 completed. Average loss = 81.42655181884766
Epoch 86 completed. Average loss = 81.42396545410156
Epoch 87 completed. Average loss = 81.4245834350586
Epoch 88 completed. Average loss = 81.42218017578125
Epoch 89 completed. Average loss = 81.42105102539062
Epoch 90 completed. Average loss = 81.42033386230469
Epoch 91 completed. Average loss = 81.4181137084961
Epoch 92 completed. Average loss = 81.4188003540039
Epoch 93 completed. Average loss = 81.4142837524414
Epoch 94 completed. Average loss = 81.41451263427734
Epoch 95 completed. Average loss = 81.4126205444336
Epoch 96 completed. Average loss = 81.40904235839844
Epoch 97 completed. Average loss = 81.40919494628906
Epoch 98 completed. Average loss = 81.40702056884766
Epoch 99 completed. Average loss = 81.40599822998047
Epoch 100 completed. Average loss = 81.40531158447266
Epoch 101 completed. Average loss = 81.4039077758789
Epoch 102 completed. Average loss = 81.40286254882812
Epoch 103 completed. Average loss = 81.40106201171875
Epoch 104 completed. Average loss = 81.39910888671875
Epoch 105 completed. Average loss = 81.399169921875
Epoch 106 completed. Average loss = 81.39783477783203
Epoch 107 completed. Average loss = 81.3955307006836
Epoch 108 completed. Average loss = 81.39618682861328
Epoch 109 completed. Average loss = 81.3949966430664
Epoch 110 completed. Average loss = 81.3934326171875
Epoch 111 completed. Average loss = 81.39295959472656
Epoch 112 completed. Average loss = 81.39238739013672
Epoch 113 completed. Average loss = 81.38968658447266
Epoch 114 completed. Average loss = 81.3885726928711
Epoch 115 completed. Average loss = 81.38809204101562
Epoch 116 completed. Average loss = 81.3883285522461
Epoch 117 completed. Average loss = 81.38638305664062
Epoch 118 completed. Average loss = 81.3879165649414
Epoch 119 completed. Average loss = 81.38288879394531
Epoch 120 completed. Average loss = 81.3843765258789
Epoch 121 completed. Average loss = 81.38265228271484
Epoch 122 completed. Average loss = 81.38294982910156
Epoch 123 completed. Average loss = 81.38056182861328
Epoch 124 completed. Average loss = 81.38135528564453
Epoch 125 completed. Average loss = 81.37921905517578
Epoch 126 completed. Average loss = 81.3799057006836
Epoch 127 completed. Average loss = 81.37800598144531
Epoch 128 completed. Average loss = 81.37577819824219
Epoch 129 completed. Average loss = 81.37681579589844
Epoch 130 completed. Average loss = 81.37596130371094
Epoch 131 completed. Average loss = 81.37480926513672
Epoch 132 completed. Average loss = 81.37322998046875
Epoch 133 completed. Average loss = 81.37125396728516
Epoch 134 completed. Average loss = 81.37340545654297
Epoch 135 completed. Average loss = 81.37068176269531
Epoch 136 completed. Average loss = 81.3713607788086
Epoch 137 completed. Average loss = 81.3718032836914
Epoch 138 completed. Average loss = 81.36917877197266
Epoch 139 completed. Average loss = 81.36975860595703
Epoch 140 completed. Average loss = 81.3684310913086
Epoch 141 completed. Average loss = 81.36861419677734
Epoch 142 completed. Average loss = 81.3684310913086
Epoch 143 completed. Average loss = 81.36751556396484
Epoch 144 completed. Average loss = 81.3663101196289
Epoch 145 completed. Average loss = 81.36540985107422
Epoch 146 completed. Average loss = 81.3646469116211
Epoch 147 completed. Average loss = 81.36387634277344
Epoch 148 completed. Average loss = 81.36325073242188
Epoch 149 completed. Average loss = 81.36380004882812
Epoch 150 completed. Average loss = 81.36233520507812
Epoch 151 completed. Average loss = 81.3622817993164
Epoch 152 completed. Average loss = 81.36235809326172
Epoch 153 completed. Average loss = 81.36151885986328
Epoch 154 completed. Average loss = 81.3590087890625
Epoch 155 completed. Average loss = 81.35946655273438
Epoch 156 completed. Average loss = 81.35943603515625
Epoch 157 completed. Average loss = 81.35724639892578
Epoch 158 completed. Average loss = 81.35848999023438
Epoch 159 completed. Average loss = 81.35689544677734
Epoch 160 completed. Average loss = 81.35694885253906
Epoch 161 completed. Average loss = 81.35675811767578
Epoch 162 completed. Average loss = 81.35472106933594
Epoch 163 completed. Average loss = 81.35706329345703
Epoch 164 completed. Average loss = 81.35395050048828
Epoch 165 completed. Average loss = 81.3535385131836
Epoch 166 completed. Average loss = 81.35315704345703
Epoch 167 completed. Average loss = 81.35264587402344
Epoch 168 completed. Average loss = 81.3523178100586
Epoch 169 completed. Average loss = 81.35159301757812
Epoch 170 completed. Average loss = 81.34971618652344
Epoch 171 completed. Average loss = 81.34735870361328
Epoch 172 completed. Average loss = 81.3505630493164
Epoch 173 completed. Average loss = 81.34922790527344
Epoch 174 completed. Average loss = 81.34886169433594
Epoch 175 completed. Average loss = 81.34696960449219
Epoch 176 completed. Average loss = 81.3470458984375
Epoch 177 completed. Average loss = 81.34684753417969
Epoch 178 completed. Average loss = 81.34654235839844
Epoch 179 completed. Average loss = 81.34860229492188
Epoch 180 completed. Average loss = 81.34378051757812
Epoch 181 completed. Average loss = 81.34553527832031
Epoch 182 completed. Average loss = 81.3450927734375
Epoch 183 completed. Average loss = 81.34502410888672
Epoch 184 completed. Average loss = 81.34339141845703
Epoch 185 completed. Average loss = 81.34347534179688
Epoch 186 completed. Average loss = 81.34310913085938
Epoch 187 completed. Average loss = 81.34140014648438
Epoch 188 completed. Average loss = 81.3426513671875
Epoch 189 completed. Average loss = 81.34190368652344
Epoch 190 completed. Average loss = 81.34132385253906
Epoch 191 completed. Average loss = 81.34113311767578
Epoch 192 completed. Average loss = 81.34024047851562
Epoch 193 completed. Average loss = 81.34068298339844
Epoch 194 completed. Average loss = 81.33867645263672
Epoch 195 completed. Average loss = 81.3382797241211
Epoch 196 completed. Average loss = 81.33930969238281
Epoch 197 completed. Average loss = 81.3385009765625
Epoch 198 completed. Average loss = 81.33824920654297
Epoch 199 completed. Average loss = 81.33586883544922
Epoch 200 completed. Average loss = 81.3367919921875
Epoch 201 completed. Average loss = 81.33663177490234
Epoch 202 completed. Average loss = 81.33557891845703
Epoch 203 completed. Average loss = 81.33512115478516
Epoch 204 completed. Average loss = 81.33563232421875
Epoch 205 completed. Average loss = 81.33694458007812
Epoch 206 completed. Average loss = 81.33333587646484
Epoch 207 completed. Average loss = 81.3354721069336
Epoch 208 completed. Average loss = 81.33488464355469
Epoch 209 completed. Average loss = 81.3334732055664
Epoch 210 completed. Average loss = 81.3352279663086
Epoch 211 completed. Average loss = 81.33502197265625
Epoch 212 completed. Average loss = 81.333740234375
Epoch 213 completed. Average loss = 81.33113098144531
Epoch 214 completed. Average loss = 81.33316802978516
Epoch 215 completed. Average loss = 81.33087158203125
Epoch 216 completed. Average loss = 81.33241271972656
Epoch 217 completed. Average loss = 81.3311767578125
Epoch 218 completed. Average loss = 81.33148956298828
Epoch 219 completed. Average loss = 81.33181762695312
Epoch 220 completed. Average loss = 81.3296127319336
Epoch 221 completed. Average loss = 81.33036041259766
Epoch 222 completed. Average loss = 81.32986450195312
Epoch 223 completed. Average loss = 81.32920837402344
Epoch 224 completed. Average loss = 81.32861328125
Epoch 225 completed. Average loss = 81.32691955566406
Epoch 226 completed. Average loss = 81.32876586914062
Epoch 227 completed. Average loss = 81.32711029052734
Epoch 228 completed. Average loss = 81.3274154663086
Epoch 229 completed. Average loss = 81.32596588134766
Epoch 230 completed. Average loss = 81.326171875
Epoch 231 completed. Average loss = 81.32674407958984
Epoch 232 completed. Average loss = 81.32506561279297
Epoch 233 completed. Average loss = 81.32518768310547
Epoch 234 completed. Average loss = 81.32442474365234
Epoch 235 completed. Average loss = 81.32576751708984
Epoch 236 completed. Average loss = 81.32420349121094
Epoch 237 completed. Average loss = 81.3232421875
Epoch 238 completed. Average loss = 81.32367706298828
Epoch 239 completed. Average loss = 81.32447052001953
Epoch 240 completed. Average loss = 81.32183837890625
Epoch 241 completed. Average loss = 81.32364654541016
Epoch 242 completed. Average loss = 81.32363891601562
Epoch 243 completed. Average loss = 81.32203674316406
Epoch 244 completed. Average loss = 81.32209014892578
Epoch 245 completed. Average loss = 81.3239517211914
Epoch 246 completed. Average loss = 81.32134246826172
Epoch 247 completed. Average loss = 81.3210678100586
Epoch 248 completed. Average loss = 81.3210220336914
Epoch 249 completed. Average loss = 81.31974792480469
Epoch 250 completed. Average loss = 81.32018280029297
Epoch 251 completed. Average loss = 81.32122802734375
Epoch 252 completed. Average loss = 81.31945037841797
Epoch 253 completed. Average loss = 81.31985473632812
Epoch 254 completed. Average loss = 81.32003784179688
Epoch 255 completed. Average loss = 81.31888580322266
Epoch 256 completed. Average loss = 81.31818389892578
Epoch 257 completed. Average loss = 81.31807708740234
Epoch 258 completed. Average loss = 81.31769561767578
Epoch 259 completed. Average loss = 81.31790161132812
Epoch 260 completed. Average loss = 81.31739044189453
Epoch 261 completed. Average loss = 81.31726837158203
Epoch 262 completed. Average loss = 81.3191909790039
Epoch 263 completed. Average loss = 81.31703186035156
Epoch 264 completed. Average loss = 81.31597900390625
Epoch 265 completed. Average loss = 81.31623077392578
Epoch 266 completed. Average loss = 81.31532287597656
Epoch 267 completed. Average loss = 81.31639862060547
Epoch 268 completed. Average loss = 81.31436157226562
Epoch 269 completed. Average loss = 81.31400299072266
Epoch 270 completed. Average loss = 81.31635284423828
Epoch 271 completed. Average loss = 81.315185546875
Epoch 272 completed. Average loss = 81.31340026855469
Epoch 273 completed. Average loss = 81.31476593017578
Epoch 274 completed. Average loss = 81.31321716308594
Epoch 275 completed. Average loss = 81.31449890136719
Epoch 276 completed. Average loss = 81.31635284423828
Epoch 277 completed. Average loss = 81.31218719482422
Epoch 278 completed. Average loss = 81.31537628173828
Epoch 279 completed. Average loss = 81.31304931640625
Epoch 280 completed. Average loss = 81.3108139038086
Epoch 281 completed. Average loss = 81.31404113769531
Epoch 282 completed. Average loss = 81.31362915039062
Epoch 283 completed. Average loss = 81.31382751464844
Epoch 284 completed. Average loss = 81.31265258789062
Epoch 285 completed. Average loss = 81.31179809570312
Epoch 286 completed. Average loss = 81.31228637695312
Epoch 287 completed. Average loss = 81.31185913085938
Epoch 288 completed. Average loss = 81.31204223632812
Epoch 289 completed. Average loss = 81.3125228881836
Epoch 290 completed. Average loss = 81.31303405761719
Epoch 291 completed. Average loss = 81.31099700927734
Epoch 292 completed. Average loss = 81.31043243408203
Epoch 293 completed. Average loss = 81.3113784790039
Epoch 294 completed. Average loss = 81.30989074707031
Epoch 295 completed. Average loss = 81.30947875976562
Epoch 296 completed. Average loss = 81.30919647216797
Epoch 297 completed. Average loss = 81.30927276611328
Epoch 298 completed. Average loss = 81.31006622314453
Epoch 299 completed. Average loss = 81.3089370727539
Epoch 300 completed. Average loss = 81.3109359741211
Epoch 301 completed. Average loss = 81.30917358398438
Epoch 302 completed. Average loss = 81.30751037597656
Epoch 303 completed. Average loss = 81.30860900878906
Epoch 304 completed. Average loss = 81.3072280883789
Epoch 305 completed. Average loss = 81.30866241455078
Epoch 306 completed. Average loss = 81.30862426757812
Epoch 307 completed. Average loss = 81.30728149414062
Epoch 308 completed. Average loss = 81.30868530273438
Epoch 309 completed. Average loss = 81.30792236328125
Epoch 310 completed. Average loss = 81.30721282958984
Epoch 311 completed. Average loss = 81.30586242675781
Epoch 312 completed. Average loss = 81.30668640136719
Epoch 313 completed. Average loss = 81.30754852294922
Epoch 314 completed. Average loss = 81.30610656738281
Epoch 315 completed. Average loss = 81.3065414428711
Epoch 316 completed. Average loss = 81.30730438232422
Epoch 317 completed. Average loss = 81.30538177490234
Epoch 318 completed. Average loss = 81.30533599853516
Epoch 319 completed. Average loss = 81.30413818359375
Epoch 320 completed. Average loss = 81.30583953857422
Epoch 321 completed. Average loss = 81.30302429199219
Epoch 322 completed. Average loss = 81.30479431152344
Epoch 323 completed. Average loss = 81.30582427978516
Epoch 324 completed. Average loss = 81.30598449707031
Epoch 325 completed. Average loss = 81.30335235595703
Epoch 326 completed. Average loss = 81.30487060546875
Epoch 327 completed. Average loss = 81.3057632446289
Epoch 328 completed. Average loss = 81.30404663085938
Epoch 329 completed. Average loss = 81.30435943603516
Epoch 330 completed. Average loss = 81.30384826660156
Epoch 331 completed. Average loss = 81.30224609375
Epoch 332 completed. Average loss = 81.3028335571289
Epoch 333 completed. Average loss = 81.30402374267578
Epoch 334 completed. Average loss = 81.30477905273438
Epoch 335 completed. Average loss = 81.30207824707031
Epoch 336 completed. Average loss = 81.30313873291016
Epoch 337 completed. Average loss = 81.30337524414062
Epoch 338 completed. Average loss = 81.30326843261719
Epoch 339 completed. Average loss = 81.30257415771484
Epoch 340 completed. Average loss = 81.30284118652344
Epoch 341 completed. Average loss = 81.30342864990234
Epoch 342 completed. Average loss = 81.3009033203125
Epoch 343 completed. Average loss = 81.30329132080078
Epoch 344 completed. Average loss = 81.30233764648438
Epoch 345 completed. Average loss = 81.30187225341797
Epoch 346 completed. Average loss = 81.3022689819336
Epoch 347 completed. Average loss = 81.30133056640625
Epoch 348 completed. Average loss = 81.29975891113281
Epoch 349 completed. Average loss = 81.30194091796875
Epoch 350 completed. Average loss = 81.30119323730469
Epoch 351 completed. Average loss = 81.29969787597656
Epoch 352 completed. Average loss = 81.30010223388672
Epoch 353 completed. Average loss = 81.30175018310547
Epoch 354 completed. Average loss = 81.29945373535156
Epoch 355 completed. Average loss = 81.299072265625
Epoch 356 completed. Average loss = 81.29936981201172
Epoch 357 completed. Average loss = 81.2997817993164
Epoch 358 completed. Average loss = 81.30044555664062
Epoch 359 completed. Average loss = 81.30029296875
Epoch 360 completed. Average loss = 81.29853820800781
Epoch 361 completed. Average loss = 81.30094909667969
Epoch 362 completed. Average loss = 81.29906463623047
Epoch 363 completed. Average loss = 81.29871368408203
Epoch 364 completed. Average loss = 81.2997817993164
Epoch 365 completed. Average loss = 81.29933166503906
Epoch 366 completed. Average loss = 81.29808807373047
Epoch 367 completed. Average loss = 81.29902648925781
Epoch 368 completed. Average loss = 81.2982177734375
Epoch 369 completed. Average loss = 81.2974624633789
Epoch 370 completed. Average loss = 81.29911041259766
Epoch 371 completed. Average loss = 81.29727935791016
Epoch 372 completed. Average loss = 81.2992935180664
Epoch 373 completed. Average loss = 81.29454040527344
Epoch 374 completed. Average loss = 81.2965087890625
Epoch 375 completed. Average loss = 81.29788208007812
Epoch 376 completed. Average loss = 81.29727935791016
Epoch 377 completed. Average loss = 81.29769134521484
Epoch 378 completed. Average loss = 81.29816436767578
Epoch 379 completed. Average loss = 81.29781341552734
Epoch 380 completed. Average loss = 81.29686737060547
Epoch 381 completed. Average loss = 81.29776000976562
Epoch 382 completed. Average loss = 81.29557037353516
Epoch 383 completed. Average loss = 81.29581451416016
Epoch 384 completed. Average loss = 81.29727172851562
Epoch 385 completed. Average loss = 81.29541778564453
Epoch 386 completed. Average loss = 81.29553985595703
Epoch 387 completed. Average loss = 81.29740905761719
Epoch 388 completed. Average loss = 81.29578399658203
Epoch 389 completed. Average loss = 81.29680633544922
Epoch 390 completed. Average loss = 81.2954330444336
Epoch 391 completed. Average loss = 81.29512786865234
Epoch 392 completed. Average loss = 81.29374694824219
Epoch 393 completed. Average loss = 81.29570007324219
Epoch 394 completed. Average loss = 81.29365539550781
Epoch 395 completed. Average loss = 81.29422760009766
Epoch 396 completed. Average loss = 81.29458618164062
Epoch 397 completed. Average loss = 81.29447937011719
Epoch 398 completed. Average loss = 81.2955551147461
Epoch 399 completed. Average loss = 81.29452514648438
Epoch 400 completed. Average loss = 81.29438781738281
Epoch 401 completed. Average loss = 81.29351806640625
Epoch 402 completed. Average loss = 81.2952651977539
Epoch 403 completed. Average loss = 81.29319763183594
Epoch 404 completed. Average loss = 81.2962417602539
Epoch 405 completed. Average loss = 81.29216766357422
Epoch 406 completed. Average loss = 81.29549407958984
Epoch 407 completed. Average loss = 81.2934799194336
Epoch 408 completed. Average loss = 81.2928237915039
Epoch 409 completed. Average loss = 81.29290008544922
Epoch 410 completed. Average loss = 81.29593658447266
Epoch 411 completed. Average loss = 81.29429626464844
Epoch 412 completed. Average loss = 81.29244232177734
Epoch 413 completed. Average loss = 81.29203033447266
Epoch 414 completed. Average loss = 81.29302215576172
Epoch 415 completed. Average loss = 81.29225158691406
Epoch 416 completed. Average loss = 81.29125213623047
Epoch 417 completed. Average loss = 81.29193878173828
Epoch 418 completed. Average loss = 81.29389953613281
Epoch 419 completed. Average loss = 81.29307556152344
Epoch 420 completed. Average loss = 81.29302978515625
Epoch 421 completed. Average loss = 81.29067993164062
Epoch 422 completed. Average loss = 81.29097747802734
Epoch 423 completed. Average loss = 81.29174041748047
Epoch 424 completed. Average loss = 81.29048156738281
Epoch 425 completed. Average loss = 81.29019927978516
Epoch 426 completed. Average loss = 81.29104614257812
Epoch 427 completed. Average loss = 81.28987121582031
Epoch 428 completed. Average loss = 81.2920150756836
Epoch 429 completed. Average loss = 81.29003143310547
Epoch 430 completed. Average loss = 81.29331970214844
Epoch 431 completed. Average loss = 81.29019165039062
Epoch 432 completed. Average loss = 81.29039001464844
Epoch 433 completed. Average loss = 81.28997039794922
Epoch 434 completed. Average loss = 81.28897094726562
Epoch 435 completed. Average loss = 81.28901672363281
Epoch 436 completed. Average loss = 81.28968811035156
Epoch 437 completed. Average loss = 81.28780364990234
Epoch 438 completed. Average loss = 81.2901382446289
Epoch 439 completed. Average loss = 81.28932189941406
Epoch 440 completed. Average loss = 81.28973388671875
Epoch 441 completed. Average loss = 81.28976440429688
Epoch 442 completed. Average loss = 81.28826904296875
Epoch 443 completed. Average loss = 81.28813934326172
Epoch 444 completed. Average loss = 81.28887176513672
Epoch 445 completed. Average loss = 81.28787994384766
Epoch 446 completed. Average loss = 81.28978729248047
Epoch 447 completed. Average loss = 81.28887939453125
Epoch 448 completed. Average loss = 81.28779602050781
Epoch 449 completed. Average loss = 81.28913116455078
Epoch 450 completed. Average loss = 81.28730773925781
Epoch 451 completed. Average loss = 81.2879409790039
Epoch 452 completed. Average loss = 81.28761291503906
Epoch 453 completed. Average loss = 81.28868865966797
Epoch 454 completed. Average loss = 81.28765869140625
Epoch 455 completed. Average loss = 81.28724670410156
Epoch 456 completed. Average loss = 81.28804016113281
Epoch 457 completed. Average loss = 81.28652954101562
Epoch 458 completed. Average loss = 81.28821563720703
Epoch 459 completed. Average loss = 81.2863998413086
Epoch 460 completed. Average loss = 81.28863525390625
Epoch 461 completed. Average loss = 81.28559875488281
Epoch 462 completed. Average loss = 81.2890853881836
Epoch 463 completed. Average loss = 81.28594970703125
Epoch 464 completed. Average loss = 81.28693389892578
Epoch 465 completed. Average loss = 81.28593444824219
Epoch 466 completed. Average loss = 81.28619384765625
Epoch 467 completed. Average loss = 81.28414154052734
Epoch 468 completed. Average loss = 81.28756713867188
Epoch 469 completed. Average loss = 81.28556060791016
Epoch 470 completed. Average loss = 81.28759002685547
Epoch 471 completed. Average loss = 81.28580474853516
Epoch 472 completed. Average loss = 81.28669738769531
Epoch 473 completed. Average loss = 81.285400390625
Epoch 474 completed. Average loss = 81.2861099243164
Epoch 475 completed. Average loss = 81.28519439697266
Epoch 476 completed. Average loss = 81.2844009399414
Epoch 477 completed. Average loss = 81.28473663330078
Epoch 478 completed. Average loss = 81.28648376464844
Epoch 479 completed. Average loss = 81.28524780273438
Epoch 480 completed. Average loss = 81.28422546386719
Epoch 481 completed. Average loss = 81.28604888916016
Epoch 482 completed. Average loss = 81.28649139404297
Epoch 483 completed. Average loss = 81.28353118896484
Epoch 484 completed. Average loss = 81.2838363647461
Epoch 485 completed. Average loss = 81.2855224609375
Epoch 486 completed. Average loss = 81.2848892211914
Epoch 487 completed. Average loss = 81.28472900390625
Epoch 488 completed. Average loss = 81.28388214111328
Epoch 489 completed. Average loss = 81.28477478027344
Epoch 490 completed. Average loss = 81.28244018554688
Epoch 491 completed. Average loss = 81.28499603271484
Epoch 492 completed. Average loss = 81.28328704833984
Epoch 493 completed. Average loss = 81.28262329101562
Epoch 494 completed. Average loss = 81.28340911865234
Epoch 495 completed. Average loss = 81.2838363647461
Epoch 496 completed. Average loss = 81.28234100341797
Epoch 497 completed. Average loss = 81.2837142944336
Epoch 498 completed. Average loss = 81.28317260742188
Epoch 499 completed. Average loss = 81.28265380859375
Epoch 500 completed. Average loss = 81.28514099121094
Epoch 501 completed. Average loss = 81.2818832397461
Epoch 502 completed. Average loss = 81.28367614746094
Epoch 503 completed. Average loss = 81.28256225585938
Epoch 504 completed. Average loss = 81.28156280517578
Epoch 505 completed. Average loss = 81.28376007080078
Epoch 506 completed. Average loss = 81.2813491821289
Epoch 507 completed. Average loss = 81.28227996826172
Epoch 508 completed. Average loss = 81.2817153930664
Epoch 509 completed. Average loss = 81.28441619873047
Epoch 510 completed. Average loss = 81.28306579589844
Epoch 511 completed. Average loss = 81.2824478149414
Epoch 512 completed. Average loss = 81.2822265625
Epoch 513 completed. Average loss = 81.28105163574219
Epoch 514 completed. Average loss = 81.28137969970703
Epoch 515 completed. Average loss = 81.28099060058594
Epoch 516 completed. Average loss = 81.28285217285156
Epoch 517 completed. Average loss = 81.28252410888672
Epoch 518 completed. Average loss = 81.28125
Epoch 519 completed. Average loss = 81.28114318847656
Epoch 520 completed. Average loss = 81.28046417236328
Epoch 521 completed. Average loss = 81.28154754638672
Epoch 522 completed. Average loss = 81.28141021728516
Epoch 523 completed. Average loss = 81.28092956542969
Epoch 524 completed. Average loss = 81.27918243408203
Epoch 525 completed. Average loss = 81.28303527832031
Epoch 526 completed. Average loss = 81.27969360351562
Epoch 527 completed. Average loss = 81.28126525878906
Epoch 528 completed. Average loss = 81.28105926513672
Epoch 529 completed. Average loss = 81.2825698852539
Epoch 530 completed. Average loss = 81.2801742553711
Epoch 531 completed. Average loss = 81.2800521850586
Epoch 532 completed. Average loss = 81.27945709228516
Epoch 533 completed. Average loss = 81.28028106689453
Epoch 534 completed. Average loss = 81.28015899658203
Epoch 535 completed. Average loss = 81.280029296875
Epoch 536 completed. Average loss = 81.2781982421875
Epoch 537 completed. Average loss = 81.27921295166016
Epoch 538 completed. Average loss = 81.28009033203125
Epoch 539 completed. Average loss = 81.280029296875
Epoch 540 completed. Average loss = 81.27848815917969
Epoch 541 completed. Average loss = 81.28042602539062
Epoch 542 completed. Average loss = 81.2783432006836
Epoch 543 completed. Average loss = 81.28070068359375
Epoch 544 completed. Average loss = 81.28001403808594
Epoch 545 completed. Average loss = 81.27751922607422
Epoch 546 completed. Average loss = 81.27977752685547
Epoch 547 completed. Average loss = 81.27796936035156
Epoch 548 completed. Average loss = 81.28120422363281
Epoch 549 completed. Average loss = 81.27869415283203
Epoch 550 completed. Average loss = 81.2819595336914
Epoch 551 completed. Average loss = 81.27757263183594
Epoch 552 completed. Average loss = 81.27799224853516
Epoch 553 completed. Average loss = 81.27940368652344
Epoch 554 completed. Average loss = 81.27955627441406
Epoch 555 completed. Average loss = 81.27779388427734
Epoch 556 completed. Average loss = 81.27877044677734
Epoch 557 completed. Average loss = 81.27809143066406
Epoch 558 completed. Average loss = 81.27957916259766
Epoch 559 completed. Average loss = 81.27666473388672
Epoch 560 completed. Average loss = 81.27777862548828
Epoch 561 completed. Average loss = 81.2784652709961
Epoch 562 completed. Average loss = 81.27803802490234
Epoch 563 completed. Average loss = 81.27948760986328
Epoch 564 completed. Average loss = 81.27761840820312
Epoch 565 completed. Average loss = 81.27823638916016
Epoch 566 completed. Average loss = 81.27876281738281
Epoch 567 completed. Average loss = 81.2771224975586
Epoch 568 completed. Average loss = 81.27869415283203
Epoch 569 completed. Average loss = 81.27656555175781
Epoch 570 completed. Average loss = 81.27635192871094
Epoch 571 completed. Average loss = 81.27867889404297
Epoch 572 completed. Average loss = 81.27726745605469
Epoch 573 completed. Average loss = 81.27686309814453
Epoch 574 completed. Average loss = 81.27832794189453
Epoch 575 completed. Average loss = 81.27810668945312
Epoch 576 completed. Average loss = 81.27961730957031
Epoch 577 completed. Average loss = 81.27645874023438
Epoch 578 completed. Average loss = 81.27635192871094
Epoch 579 completed. Average loss = 81.2760009765625
Epoch 580 completed. Average loss = 81.27592468261719
Epoch 581 completed. Average loss = 81.27698516845703
Epoch 582 completed. Average loss = 81.27664947509766
Epoch 583 completed. Average loss = 81.277587890625
Epoch 584 completed. Average loss = 81.2755126953125
Epoch 585 completed. Average loss = 81.27498626708984
Epoch 586 completed. Average loss = 81.27828979492188
Epoch 587 completed. Average loss = 81.27532958984375
Epoch 588 completed. Average loss = 81.27691650390625
Epoch 589 completed. Average loss = 81.27538299560547
Epoch 590 completed. Average loss = 81.27513885498047
Epoch 591 completed. Average loss = 81.27525329589844
Epoch 592 completed. Average loss = 81.27586364746094
Epoch 593 completed. Average loss = 81.2771224975586
Epoch 594 completed. Average loss = 81.27498626708984
Epoch 595 completed. Average loss = 81.27593994140625
Epoch 596 completed. Average loss = 81.27603912353516
Epoch 597 completed. Average loss = 81.2753677368164
Epoch 598 completed. Average loss = 81.27584838867188
Epoch 599 completed. Average loss = 81.27483367919922
Epoch 600 completed. Average loss = 81.27716827392578
Epoch 601 completed. Average loss = 81.27420043945312
Epoch 602 completed. Average loss = 81.27481079101562
Epoch 603 completed. Average loss = 81.27513885498047
Epoch 604 completed. Average loss = 81.27550506591797
Epoch 605 completed. Average loss = 81.27425384521484
Epoch 606 completed. Average loss = 81.27550506591797
Epoch 607 completed. Average loss = 81.27568817138672
Epoch 608 completed. Average loss = 81.27377319335938
Epoch 609 completed. Average loss = 81.27471160888672
Epoch 610 completed. Average loss = 81.27351379394531
Epoch 611 completed. Average loss = 81.27469635009766
Epoch 612 completed. Average loss = 81.27420043945312
Epoch 613 completed. Average loss = 81.27375030517578
Epoch 614 completed. Average loss = 81.2726058959961
Epoch 615 completed. Average loss = 81.27415466308594
Epoch 616 completed. Average loss = 81.27494812011719
Epoch 617 completed. Average loss = 81.27294921875
Epoch 618 completed. Average loss = 81.27576446533203
Epoch 619 completed. Average loss = 81.27356719970703
Epoch 620 completed. Average loss = 81.27405548095703
Epoch 621 completed. Average loss = 81.27274322509766
Epoch 622 completed. Average loss = 81.2748794555664
Epoch 623 completed. Average loss = 81.27293395996094
Epoch 624 completed. Average loss = 81.27394104003906
Epoch 625 completed. Average loss = 81.2735366821289
Epoch 626 completed. Average loss = 81.27386474609375
Epoch 627 completed. Average loss = 81.27249908447266
Epoch 628 completed. Average loss = 81.27381134033203
Epoch 629 completed. Average loss = 81.27440643310547
Epoch 630 completed. Average loss = 81.27313995361328
Epoch 631 completed. Average loss = 81.27215576171875
Epoch 632 completed. Average loss = 81.2738037109375
Epoch 633 completed. Average loss = 81.27350616455078
Epoch 634 completed. Average loss = 81.2735366821289
Epoch 635 completed. Average loss = 81.2734146118164
Epoch 636 completed. Average loss = 81.27474212646484
Epoch 637 completed. Average loss = 81.27287292480469
Epoch 638 completed. Average loss = 81.27455139160156
Epoch 639 completed. Average loss = 81.27129364013672
Epoch 640 completed. Average loss = 81.27262115478516
Epoch 641 completed. Average loss = 81.27298736572266
Epoch 642 completed. Average loss = 81.27299499511719
Epoch 643 completed. Average loss = 81.27230834960938
Epoch 644 completed. Average loss = 81.2729263305664
Epoch 645 completed. Average loss = 81.27273559570312
Epoch 646 completed. Average loss = 81.27305603027344
Epoch 647 completed. Average loss = 81.27212524414062
Epoch 648 completed. Average loss = 81.27297973632812
Epoch 649 completed. Average loss = 81.27364349365234
Epoch 650 completed. Average loss = 81.27143096923828
Epoch 651 completed. Average loss = 81.27351379394531
Epoch 652 completed. Average loss = 81.27200317382812
Epoch 653 completed. Average loss = 81.27264404296875
Epoch 654 completed. Average loss = 81.27102661132812
Epoch 655 completed. Average loss = 81.2731704711914
Epoch 656 completed. Average loss = 81.27318572998047
Epoch 657 completed. Average loss = 81.27326965332031
Epoch 658 completed. Average loss = 81.27244567871094
Epoch 659 completed. Average loss = 81.27100372314453
Epoch 660 completed. Average loss = 81.27332305908203
Epoch 661 completed. Average loss = 81.27106475830078
Epoch 662 completed. Average loss = 81.27143859863281
Epoch 663 completed. Average loss = 81.27139282226562
Epoch 664 completed. Average loss = 81.2721939086914
Epoch 665 completed. Average loss = 81.27146911621094
Epoch 666 completed. Average loss = 81.27167510986328
Epoch 667 completed. Average loss = 81.27173614501953
Epoch 668 completed. Average loss = 81.2716293334961
Epoch 669 completed. Average loss = 81.27257537841797
Epoch 670 completed. Average loss = 81.27057647705078
Epoch 671 completed. Average loss = 81.27149200439453
Epoch 672 completed. Average loss = 81.27230834960938
Epoch 673 completed. Average loss = 81.27119445800781
Epoch 674 completed. Average loss = 81.270263671875
Epoch 675 completed. Average loss = 81.27104949951172
Epoch 676 completed. Average loss = 81.269775390625
Epoch 677 completed. Average loss = 81.27120971679688
Epoch 678 completed. Average loss = 81.27055358886719
Epoch 679 completed. Average loss = 81.27159881591797
Epoch 680 completed. Average loss = 81.2709732055664
Epoch 681 completed. Average loss = 81.27140045166016
Epoch 682 completed. Average loss = 81.27178192138672
Epoch 683 completed. Average loss = 81.2711181640625
Epoch 684 completed. Average loss = 81.27147674560547
Epoch 685 completed. Average loss = 81.27086639404297
Epoch 686 completed. Average loss = 81.27025604248047
Epoch 687 completed. Average loss = 81.27144622802734
Epoch 688 completed. Average loss = 81.27127838134766
Epoch 689 completed. Average loss = 81.27175903320312
Epoch 690 completed. Average loss = 81.26922607421875
Epoch 691 completed. Average loss = 81.27001953125
Epoch 692 completed. Average loss = 81.27070617675781
Epoch 693 completed. Average loss = 81.26922607421875
Epoch 694 completed. Average loss = 81.26961517333984
Epoch 695 completed. Average loss = 81.27140045166016
Epoch 696 completed. Average loss = 81.27020263671875
Epoch 697 completed. Average loss = 81.26911163330078
Epoch 698 completed. Average loss = 81.27078247070312
Epoch 699 completed. Average loss = 81.26852416992188
Epoch 700 completed. Average loss = 81.26982116699219
Epoch 701 completed. Average loss = 81.26969146728516
Epoch 702 completed. Average loss = 81.269775390625
Epoch 703 completed. Average loss = 81.27068328857422
Epoch 704 completed. Average loss = 81.27044677734375
Epoch 705 completed. Average loss = 81.2691650390625
Epoch 706 completed. Average loss = 81.26860809326172
Epoch 707 completed. Average loss = 81.27027893066406
Epoch 708 completed. Average loss = 81.26976776123047
Epoch 709 completed. Average loss = 81.2696304321289
Epoch 710 completed. Average loss = 81.26878356933594
Epoch 711 completed. Average loss = 81.27068328857422
Epoch 712 completed. Average loss = 81.26957702636719
Epoch 713 completed. Average loss = 81.27083587646484
Epoch 714 completed. Average loss = 81.26889038085938
Epoch 715 completed. Average loss = 81.26969909667969
Epoch 716 completed. Average loss = 81.26962280273438
Epoch 717 completed. Average loss = 81.26897430419922
Epoch 718 completed. Average loss = 81.26932525634766
Epoch 719 completed. Average loss = 81.2674331665039
Epoch 720 completed. Average loss = 81.27101135253906
Epoch 721 completed. Average loss = 81.26830291748047
Epoch 722 completed. Average loss = 81.2717514038086
Epoch 723 completed. Average loss = 81.2674560546875
Epoch 724 completed. Average loss = 81.26919555664062
Epoch 725 completed. Average loss = 81.26862335205078
Epoch 726 completed. Average loss = 81.26829528808594
Epoch 727 completed. Average loss = 81.26908111572266
Epoch 728 completed. Average loss = 81.2703857421875
Epoch 729 completed. Average loss = 81.26889038085938
Epoch 730 completed. Average loss = 81.26881408691406
Epoch 731 completed. Average loss = 81.26817321777344
Epoch 732 completed. Average loss = 81.26749420166016
Epoch 733 completed. Average loss = 81.26988983154297
Epoch 734 completed. Average loss = 81.26604461669922
Epoch 735 completed. Average loss = 81.26885986328125
Epoch 736 completed. Average loss = 81.26679992675781
Epoch 737 completed. Average loss = 81.26963806152344
Epoch 738 completed. Average loss = 81.2679214477539
Epoch 739 completed. Average loss = 81.26696014404297
Epoch 740 completed. Average loss = 81.2690658569336
Epoch 741 completed. Average loss = 81.26757049560547
Epoch 742 completed. Average loss = 81.26826477050781
Epoch 743 completed. Average loss = 81.26832580566406
Epoch 744 completed. Average loss = 81.26605987548828
Epoch 745 completed. Average loss = 81.26885986328125
Epoch 746 completed. Average loss = 81.26721954345703
Epoch 747 completed. Average loss = 81.26836395263672
Epoch 748 completed. Average loss = 81.26863098144531
Epoch 749 completed. Average loss = 81.2691650390625
Epoch 750 completed. Average loss = 81.26732635498047
Epoch 751 completed. Average loss = 81.26750946044922
Epoch 752 completed. Average loss = 81.26758575439453
Epoch 753 completed. Average loss = 81.26776885986328
Epoch 754 completed. Average loss = 81.26847076416016
Epoch 755 completed. Average loss = 81.26715087890625
Epoch 756 completed. Average loss = 81.26747131347656
Epoch 757 completed. Average loss = 81.26742553710938
Epoch 758 completed. Average loss = 81.26781463623047
Epoch 759 completed. Average loss = 81.26811218261719
Epoch 760 completed. Average loss = 81.26728057861328
Epoch 761 completed. Average loss = 81.2682113647461
Epoch 762 completed. Average loss = 81.26810455322266
Epoch 763 completed. Average loss = 81.26811218261719
Epoch 764 completed. Average loss = 81.2658920288086
Epoch 765 completed. Average loss = 81.2679214477539
Epoch 766 completed. Average loss = 81.26722717285156
Epoch 767 completed. Average loss = 81.26647186279297
Epoch 768 completed. Average loss = 81.26676177978516
Epoch 769 completed. Average loss = 81.2675552368164
Epoch 770 completed. Average loss = 81.26819610595703
Epoch 771 completed. Average loss = 81.26753234863281
Epoch 772 completed. Average loss = 81.26758575439453
Epoch 773 completed. Average loss = 81.26811981201172
Epoch 774 completed. Average loss = 81.26657104492188
Epoch 775 completed. Average loss = 81.26649475097656
Epoch 776 completed. Average loss = 81.2659683227539
Epoch 777 completed. Average loss = 81.2665786743164
Epoch 778 completed. Average loss = 81.26741027832031
Epoch 779 completed. Average loss = 81.26610565185547
Epoch 780 completed. Average loss = 81.26644897460938
Epoch 781 completed. Average loss = 81.26594543457031
Epoch 782 completed. Average loss = 81.26738739013672
Epoch 783 completed. Average loss = 81.26654815673828
Epoch 784 completed. Average loss = 81.26638793945312
Epoch 785 completed. Average loss = 81.26605224609375
Epoch 786 completed. Average loss = 81.26780700683594
Epoch 787 completed. Average loss = 81.26496124267578
Epoch 788 completed. Average loss = 81.26679229736328
Epoch 789 completed. Average loss = 81.26693725585938
Epoch 790 completed. Average loss = 81.2674331665039
Epoch 791 completed. Average loss = 81.2652359008789
Epoch 792 completed. Average loss = 81.26541900634766
Epoch 793 completed. Average loss = 81.26676177978516
Epoch 794 completed. Average loss = 81.2662582397461
Epoch 795 completed. Average loss = 81.26578521728516
Epoch 796 completed. Average loss = 81.2658920288086
Epoch 797 completed. Average loss = 81.26673889160156
Epoch 798 completed. Average loss = 81.2662353515625
Epoch 799 completed. Average loss = 81.26652526855469
Epoch 800 completed. Average loss = 81.26525115966797
Epoch 801 completed. Average loss = 81.26557922363281
Epoch 802 completed. Average loss = 81.26500701904297
Epoch 803 completed. Average loss = 81.26713562011719
Epoch 804 completed. Average loss = 81.26485443115234
Epoch 805 completed. Average loss = 81.26557922363281
Epoch 806 completed. Average loss = 81.26516723632812
Epoch 807 completed. Average loss = 81.26581573486328
Epoch 808 completed. Average loss = 81.26547241210938
Epoch 809 completed. Average loss = 81.26586151123047
Epoch 810 completed. Average loss = 81.26547241210938
Epoch 811 completed. Average loss = 81.2655258178711
Epoch 812 completed. Average loss = 81.2662353515625
Epoch 813 completed. Average loss = 81.2660140991211
Epoch 814 completed. Average loss = 81.26416778564453
Epoch 815 completed. Average loss = 81.26551818847656
Epoch 816 completed. Average loss = 81.26456451416016
Epoch 817 completed. Average loss = 81.26492309570312
Epoch 818 completed. Average loss = 81.263916015625
Epoch 819 completed. Average loss = 81.26593017578125
Epoch 820 completed. Average loss = 81.26680755615234
Epoch 821 completed. Average loss = 81.26448822021484
Epoch 822 completed. Average loss = 81.26383972167969
Epoch 823 completed. Average loss = 81.26532745361328
Epoch 824 completed. Average loss = 81.26333618164062
Epoch 825 completed. Average loss = 81.26428985595703
Epoch 826 completed. Average loss = 81.26407623291016
Epoch 827 completed. Average loss = 81.26539611816406
Epoch 828 completed. Average loss = 81.26448059082031
Epoch 829 completed. Average loss = 81.26420593261719
Epoch 830 completed. Average loss = 81.26512908935547
Epoch 831 completed. Average loss = 81.26481628417969
Epoch 832 completed. Average loss = 81.26333618164062
Epoch 833 completed. Average loss = 81.26484680175781
Epoch 834 completed. Average loss = 81.26448059082031
Epoch 835 completed. Average loss = 81.26470947265625
Epoch 836 completed. Average loss = 81.26699829101562
Epoch 837 completed. Average loss = 81.26317596435547
Epoch 838 completed. Average loss = 81.26336669921875
Epoch 839 completed. Average loss = 81.26565551757812
Epoch 840 completed. Average loss = 81.2630844116211
Epoch 841 completed. Average loss = 81.26419830322266
Epoch 842 completed. Average loss = 81.26343536376953
Epoch 843 completed. Average loss = 81.26394653320312
Epoch 844 completed. Average loss = 81.2647705078125
Epoch 845 completed. Average loss = 81.26377868652344
Epoch 846 completed. Average loss = 81.2632064819336
Epoch 847 completed. Average loss = 81.26547241210938
Epoch 848 completed. Average loss = 81.26319122314453
Epoch 849 completed. Average loss = 81.26508331298828
Epoch 850 completed. Average loss = 81.2624282836914
Epoch 851 completed. Average loss = 81.26319122314453
Epoch 852 completed. Average loss = 81.26359558105469
Epoch 853 completed. Average loss = 81.26400756835938
Epoch 854 completed. Average loss = 81.26334381103516
Epoch 855 completed. Average loss = 81.26365661621094
Epoch 856 completed. Average loss = 81.2630386352539
Epoch 857 completed. Average loss = 81.26651000976562
Epoch 858 completed. Average loss = 81.26292419433594
Epoch 859 completed. Average loss = 81.26345825195312
Epoch 860 completed. Average loss = 81.26295471191406
Epoch 861 completed. Average loss = 81.2633285522461
Epoch 862 completed. Average loss = 81.26258850097656
Epoch 863 completed. Average loss = 81.26424407958984
Epoch 864 completed. Average loss = 81.26280212402344
Epoch 865 completed. Average loss = 81.26438903808594
Epoch 866 completed. Average loss = 81.26301574707031
Epoch 867 completed. Average loss = 81.26344299316406
Epoch 868 completed. Average loss = 81.26315307617188
Epoch 869 completed. Average loss = 81.26253509521484
Epoch 870 completed. Average loss = 81.26433563232422
Epoch 871 completed. Average loss = 81.26213073730469
Epoch 872 completed. Average loss = 81.2622299194336
Epoch 873 completed. Average loss = 81.26425170898438
Epoch 874 completed. Average loss = 81.26185607910156
Epoch 875 completed. Average loss = 81.26277923583984
Epoch 876 completed. Average loss = 81.26338195800781
Epoch 877 completed. Average loss = 81.26356506347656
Epoch 878 completed. Average loss = 81.26380157470703
Epoch 879 completed. Average loss = 81.26099395751953
Epoch 880 completed. Average loss = 81.26309204101562
Epoch 881 completed. Average loss = 81.26256561279297
Epoch 882 completed. Average loss = 81.26200103759766
Epoch 883 completed. Average loss = 81.26325988769531
Epoch 884 completed. Average loss = 81.26156616210938
Epoch 885 completed. Average loss = 81.26112365722656
Epoch 886 completed. Average loss = 81.26264953613281
Epoch 887 completed. Average loss = 81.2627182006836
Epoch 888 completed. Average loss = 81.26358032226562
Epoch 889 completed. Average loss = 81.26203918457031
Epoch 890 completed. Average loss = 81.26451110839844
Epoch 891 completed. Average loss = 81.26187896728516
Epoch 892 completed. Average loss = 81.2605972290039
Epoch 893 completed. Average loss = 81.2632827758789
Epoch 894 completed. Average loss = 81.26240539550781
Epoch 895 completed. Average loss = 81.26102447509766
Epoch 896 completed. Average loss = 81.26212310791016
Epoch 897 completed. Average loss = 81.26367950439453
Epoch 898 completed. Average loss = 81.2625732421875
Epoch 899 completed. Average loss = 81.26209259033203
Epoch 900 completed. Average loss = 81.26270294189453
Epoch 901 completed. Average loss = 81.2627182006836
Epoch 902 completed. Average loss = 81.26183319091797
Epoch 903 completed. Average loss = 81.26207733154297
Epoch 904 completed. Average loss = 81.26211547851562
Epoch 905 completed. Average loss = 81.26264953613281
Epoch 906 completed. Average loss = 81.26140594482422
Epoch 907 completed. Average loss = 81.26217651367188
Epoch 908 completed. Average loss = 81.26284790039062
Epoch 909 completed. Average loss = 81.26043701171875
Epoch 910 completed. Average loss = 81.2610855102539
Epoch 911 completed. Average loss = 81.26226043701172
Epoch 912 completed. Average loss = 81.26106262207031
Epoch 913 completed. Average loss = 81.26150512695312
Epoch 914 completed. Average loss = 81.26158142089844
Epoch 915 completed. Average loss = 81.26107788085938
Epoch 916 completed. Average loss = 81.2619857788086
Epoch 917 completed. Average loss = 81.2610855102539
Epoch 918 completed. Average loss = 81.26042938232422
Epoch 919 completed. Average loss = 81.26167297363281
Epoch 920 completed. Average loss = 81.26153564453125
Epoch 921 completed. Average loss = 81.26132202148438
Epoch 922 completed. Average loss = 81.2613525390625
Epoch 923 completed. Average loss = 81.26063537597656
Epoch 924 completed. Average loss = 81.26045989990234
Epoch 925 completed. Average loss = 81.26219940185547
Epoch 926 completed. Average loss = 81.2599105834961
Epoch 927 completed. Average loss = 81.2618637084961
Epoch 928 completed. Average loss = 81.26026916503906
Epoch 929 completed. Average loss = 81.25970458984375
Epoch 930 completed. Average loss = 81.26091766357422
Epoch 931 completed. Average loss = 81.26072692871094
Epoch 932 completed. Average loss = 81.26107788085938
Epoch 933 completed. Average loss = 81.25971984863281
Epoch 934 completed. Average loss = 81.2602767944336
Epoch 935 completed. Average loss = 81.2622299194336
Epoch 936 completed. Average loss = 81.2605209350586
Epoch 937 completed. Average loss = 81.26066589355469
Epoch 938 completed. Average loss = 81.26004791259766
Epoch 939 completed. Average loss = 81.26126861572266
Epoch 940 completed. Average loss = 81.26036834716797
Epoch 941 completed. Average loss = 81.26168823242188
Epoch 942 completed. Average loss = 81.26252746582031
Epoch 943 completed. Average loss = 81.260498046875
Epoch 944 completed. Average loss = 81.26018524169922
Epoch 945 completed. Average loss = 81.2613525390625
Epoch 946 completed. Average loss = 81.25950622558594
Epoch 947 completed. Average loss = 81.26097106933594
Epoch 948 completed. Average loss = 81.2599105834961
Epoch 949 completed. Average loss = 81.26032257080078
Epoch 950 completed. Average loss = 81.26151275634766
Epoch 951 completed. Average loss = 81.2601547241211
Epoch 952 completed. Average loss = 81.25917053222656
Epoch 953 completed. Average loss = 81.26057434082031
Epoch 954 completed. Average loss = 81.26016998291016
Epoch 955 completed. Average loss = 81.26139831542969
Epoch 956 completed. Average loss = 81.26094055175781
Epoch 957 completed. Average loss = 81.26122283935547
Epoch 958 completed. Average loss = 81.25906372070312
Epoch 959 completed. Average loss = 81.26087188720703
Epoch 960 completed. Average loss = 81.26054382324219
Epoch 961 completed. Average loss = 81.25908660888672
Epoch 962 completed. Average loss = 81.2612075805664
Epoch 963 completed. Average loss = 81.25997924804688
Epoch 964 completed. Average loss = 81.2597427368164
Epoch 965 completed. Average loss = 81.25810241699219
Epoch 966 completed. Average loss = 81.26046752929688
Epoch 967 completed. Average loss = 81.2603988647461
Epoch 968 completed. Average loss = 81.26063537597656
Epoch 969 completed. Average loss = 81.26008605957031
Epoch 970 completed. Average loss = 81.25872802734375
Epoch 971 completed. Average loss = 81.26006317138672
Epoch 972 completed. Average loss = 81.25902557373047
Epoch 973 completed. Average loss = 81.25945281982422
Epoch 974 completed. Average loss = 81.25890350341797
Epoch 975 completed. Average loss = 81.26016998291016
Epoch 976 completed. Average loss = 81.2585220336914
Epoch 977 completed. Average loss = 81.25968170166016
Epoch 978 completed. Average loss = 81.25968170166016
Epoch 979 completed. Average loss = 81.26170349121094
Epoch 980 completed. Average loss = 81.25985717773438
Epoch 981 completed. Average loss = 81.25804138183594
Epoch 982 completed. Average loss = 81.25982666015625
Epoch 983 completed. Average loss = 81.25999450683594
Epoch 984 completed. Average loss = 81.25870513916016
Epoch 985 completed. Average loss = 81.25911712646484
Epoch 986 completed. Average loss = 81.2598876953125
Epoch 987 completed. Average loss = 81.2590103149414
Epoch 988 completed. Average loss = 81.2585678100586
Epoch 989 completed. Average loss = 81.25975799560547
Epoch 990 completed. Average loss = 81.25927734375
Epoch 991 completed. Average loss = 81.25897216796875
Epoch 992 completed. Average loss = 81.25996398925781
Epoch 993 completed. Average loss = 81.25944519042969
Epoch 994 completed. Average loss = 81.25829315185547
Epoch 995 completed. Average loss = 81.25918579101562
Epoch 996 completed. Average loss = 81.25985717773438
Epoch 997 completed. Average loss = 81.25941467285156
Epoch 998 completed. Average loss = 81.25809478759766
Epoch 999 completed. Average loss = 81.25910949707031
Epoch 1000 completed. Average loss = 81.2582778930664
FINISH TRANING
