nohup: input ignorato
Not using data augmentation
Checkpoint not found, will create a new one: ./CVAE/checkpoints/resnet_VAE_0.001_128_256_1.0.pth
Trainable parameters: 16335427
Non-trainable parameters: 0.0
Total parameters: 16335427.0
Epoch 1 completed. Average loss = 101.5475082397461
Epoch 2 completed. Average loss = 86.64918518066406
Epoch 3 completed. Average loss = 85.21886444091797
Epoch 4 completed. Average loss = 84.3739242553711
Epoch 5 completed. Average loss = 83.86173248291016
Epoch 6 completed. Average loss = 83.4922866821289
Epoch 7 completed. Average loss = 83.21194458007812
Epoch 8 completed. Average loss = 82.99711608886719
Epoch 9 completed. Average loss = 82.82124328613281
Epoch 10 completed. Average loss = 82.66331481933594
Epoch 11 completed. Average loss = 82.5357437133789
Epoch 12 completed. Average loss = 82.45134735107422
Epoch 13 completed. Average loss = 82.36502838134766
Epoch 14 completed. Average loss = 82.27745819091797
Epoch 15 completed. Average loss = 82.1955337524414
Epoch 16 completed. Average loss = 82.12535095214844
Epoch 17 completed. Average loss = 82.05729675292969
Epoch 18 completed. Average loss = 81.9859390258789
Epoch 19 completed. Average loss = 81.92903900146484
Epoch 20 completed. Average loss = 81.88932037353516
Epoch 21 completed. Average loss = 81.85490417480469
Epoch 22 completed. Average loss = 81.81867218017578
Epoch 23 completed. Average loss = 81.7850341796875
Epoch 24 completed. Average loss = 81.75430297851562
Epoch 25 completed. Average loss = 81.72610473632812
Epoch 26 completed. Average loss = 81.69791412353516
Epoch 27 completed. Average loss = 81.68170928955078
Epoch 28 completed. Average loss = 81.6637954711914
Epoch 29 completed. Average loss = 81.64698791503906
Epoch 30 completed. Average loss = 81.63187408447266
Epoch 31 completed. Average loss = 81.619140625
Epoch 32 completed. Average loss = 81.60697937011719
Epoch 33 completed. Average loss = 81.59248352050781
Epoch 34 completed. Average loss = 81.58341217041016
Epoch 35 completed. Average loss = 81.57054901123047
Epoch 36 completed. Average loss = 81.56266021728516
Epoch 37 completed. Average loss = 81.55276489257812
Epoch 38 completed. Average loss = 81.5453872680664
Epoch 39 completed. Average loss = 81.53956604003906
Epoch 40 completed. Average loss = 81.53375244140625
Epoch 41 completed. Average loss = 81.52664184570312
Epoch 42 completed. Average loss = 81.52100372314453
Epoch 43 completed. Average loss = 81.5151596069336
Epoch 44 completed. Average loss = 81.50926208496094
Epoch 45 completed. Average loss = 81.50395202636719
Epoch 46 completed. Average loss = 81.50048828125
Epoch 47 completed. Average loss = 81.49427795410156
Epoch 48 completed. Average loss = 81.4886245727539
Epoch 49 completed. Average loss = 81.48389434814453
Epoch 50 completed. Average loss = 81.48114013671875
Epoch 51 completed. Average loss = 81.47681427001953
Epoch 52 completed. Average loss = 81.47241973876953
Epoch 53 completed. Average loss = 81.4693832397461
Epoch 54 completed. Average loss = 81.46464538574219
Epoch 55 completed. Average loss = 81.4609375
Epoch 56 completed. Average loss = 81.45733642578125
Epoch 57 completed. Average loss = 81.45362854003906
Epoch 58 completed. Average loss = 81.44932556152344
Epoch 59 completed. Average loss = 81.44722747802734
Epoch 60 completed. Average loss = 81.44014739990234
Epoch 61 completed. Average loss = 81.43943786621094
Epoch 62 completed. Average loss = 81.43698120117188
Epoch 63 completed. Average loss = 81.43539428710938
Epoch 64 completed. Average loss = 81.43228149414062
Epoch 65 completed. Average loss = 81.42851257324219
Epoch 66 completed. Average loss = 81.42814636230469
Epoch 67 completed. Average loss = 81.42379760742188
Epoch 68 completed. Average loss = 81.42102813720703
Epoch 69 completed. Average loss = 81.41793823242188
Epoch 70 completed. Average loss = 81.4176254272461
Epoch 71 completed. Average loss = 81.4134292602539
Epoch 72 completed. Average loss = 81.41424560546875
Epoch 73 completed. Average loss = 81.40923309326172
Epoch 74 completed. Average loss = 81.40921020507812
Epoch 75 completed. Average loss = 81.40547943115234
Epoch 76 completed. Average loss = 81.40518951416016
Epoch 77 completed. Average loss = 81.40267181396484
Epoch 78 completed. Average loss = 81.4000473022461
Epoch 79 completed. Average loss = 81.39886474609375
Epoch 80 completed. Average loss = 81.39897918701172
Epoch 81 completed. Average loss = 81.39678192138672
Epoch 82 completed. Average loss = 81.39311981201172
Epoch 83 completed. Average loss = 81.39201354980469
Epoch 84 completed. Average loss = 81.3914566040039
Epoch 85 completed. Average loss = 81.39057159423828
Epoch 86 completed. Average loss = 81.3883285522461
Epoch 87 completed. Average loss = 81.38702392578125
Epoch 88 completed. Average loss = 81.38645935058594
Epoch 89 completed. Average loss = 81.38487243652344
Epoch 90 completed. Average loss = 81.3840560913086
Epoch 91 completed. Average loss = 81.38274383544922
Epoch 92 completed. Average loss = 81.38177490234375
Epoch 93 completed. Average loss = 81.38057708740234
Epoch 94 completed. Average loss = 81.3790512084961
Epoch 95 completed. Average loss = 81.37728881835938
Epoch 96 completed. Average loss = 81.37528991699219
Epoch 97 completed. Average loss = 81.37435150146484
Epoch 98 completed. Average loss = 81.37330627441406
Epoch 99 completed. Average loss = 81.37151336669922
Epoch 100 completed. Average loss = 81.37178802490234
Epoch 101 completed. Average loss = 81.36905670166016
Epoch 102 completed. Average loss = 81.37103271484375
Epoch 103 completed. Average loss = 81.36933898925781
Epoch 104 completed. Average loss = 81.36672973632812
Epoch 105 completed. Average loss = 81.36770629882812
Epoch 106 completed. Average loss = 81.36505126953125
Epoch 107 completed. Average loss = 81.36427307128906
Epoch 108 completed. Average loss = 81.3642807006836
Epoch 109 completed. Average loss = 81.36128234863281
Epoch 110 completed. Average loss = 81.36150360107422
Epoch 111 completed. Average loss = 81.36013793945312
Epoch 112 completed. Average loss = 81.36116790771484
Epoch 113 completed. Average loss = 81.35874938964844
Epoch 114 completed. Average loss = 81.35810852050781
Epoch 115 completed. Average loss = 81.35724639892578
Epoch 116 completed. Average loss = 81.3581314086914
Epoch 117 completed. Average loss = 81.35465240478516
Epoch 118 completed. Average loss = 81.3550796508789
Epoch 119 completed. Average loss = 81.35299682617188
Epoch 120 completed. Average loss = 81.35407257080078
Epoch 121 completed. Average loss = 81.3538589477539
Epoch 122 completed. Average loss = 81.35132598876953
Epoch 123 completed. Average loss = 81.34931182861328
Epoch 124 completed. Average loss = 81.35083770751953
Epoch 125 completed. Average loss = 81.35081481933594
Epoch 126 completed. Average loss = 81.34996795654297
Epoch 127 completed. Average loss = 81.34722137451172
Epoch 128 completed. Average loss = 81.34808349609375
Epoch 129 completed. Average loss = 81.34573364257812
Epoch 130 completed. Average loss = 81.34859466552734
Epoch 131 completed. Average loss = 81.34441375732422
Epoch 132 completed. Average loss = 81.34471893310547
Epoch 133 completed. Average loss = 81.34408569335938
Epoch 134 completed. Average loss = 81.34516143798828
Epoch 135 completed. Average loss = 81.34306335449219
Epoch 136 completed. Average loss = 81.34202575683594
Epoch 137 completed. Average loss = 81.34136199951172
Epoch 138 completed. Average loss = 81.34273529052734
Epoch 139 completed. Average loss = 81.3413314819336
Epoch 140 completed. Average loss = 81.34226989746094
Epoch 141 completed. Average loss = 81.34076690673828
Epoch 142 completed. Average loss = 81.34011840820312
Epoch 143 completed. Average loss = 81.33899688720703
Epoch 144 completed. Average loss = 81.33924865722656
Epoch 145 completed. Average loss = 81.33877563476562
Epoch 146 completed. Average loss = 81.33794403076172
Epoch 147 completed. Average loss = 81.3385009765625
Epoch 148 completed. Average loss = 81.33654022216797
Epoch 149 completed. Average loss = 81.33638763427734
Epoch 150 completed. Average loss = 81.33708953857422
Epoch 151 completed. Average loss = 81.33690643310547
Epoch 152 completed. Average loss = 81.33401489257812
Epoch 153 completed. Average loss = 81.33651733398438
Epoch 154 completed. Average loss = 81.33423614501953
Epoch 155 completed. Average loss = 81.33234405517578
Epoch 156 completed. Average loss = 81.33256530761719
Epoch 157 completed. Average loss = 81.3351058959961
Epoch 158 completed. Average loss = 81.33229064941406
Epoch 159 completed. Average loss = 81.33103942871094
Epoch 160 completed. Average loss = 81.33206939697266
Epoch 161 completed. Average loss = 81.33124542236328
Epoch 162 completed. Average loss = 81.33213806152344
Epoch 163 completed. Average loss = 81.3294677734375
Epoch 164 completed. Average loss = 81.32996368408203
Epoch 165 completed. Average loss = 81.3290786743164
Epoch 166 completed. Average loss = 81.32955169677734
Epoch 167 completed. Average loss = 81.3318862915039
Epoch 168 completed. Average loss = 81.32731628417969
Epoch 169 completed. Average loss = 81.32782745361328
Epoch 170 completed. Average loss = 81.3278579711914
Epoch 171 completed. Average loss = 81.32771301269531
Epoch 172 completed. Average loss = 81.32593536376953
Epoch 173 completed. Average loss = 81.3268814086914
Epoch 174 completed. Average loss = 81.32685852050781
Epoch 175 completed. Average loss = 81.32608032226562
Epoch 176 completed. Average loss = 81.32511138916016
Epoch 177 completed. Average loss = 81.3246078491211
Epoch 178 completed. Average loss = 81.32516479492188
Epoch 179 completed. Average loss = 81.32295227050781
Epoch 180 completed. Average loss = 81.32483673095703
Epoch 181 completed. Average loss = 81.323486328125
Epoch 182 completed. Average loss = 81.32268524169922
Epoch 183 completed. Average loss = 81.32525634765625
Epoch 184 completed. Average loss = 81.32394409179688
Epoch 185 completed. Average loss = 81.32276916503906
Epoch 186 completed. Average loss = 81.31906127929688
Epoch 187 completed. Average loss = 81.32318878173828
Epoch 188 completed. Average loss = 81.31861114501953
Epoch 189 completed. Average loss = 81.32093811035156
Epoch 190 completed. Average loss = 81.3204116821289
Epoch 191 completed. Average loss = 81.31964874267578
Epoch 192 completed. Average loss = 81.31886291503906
Epoch 193 completed. Average loss = 81.31924438476562
Epoch 194 completed. Average loss = 81.31803894042969
Epoch 195 completed. Average loss = 81.31546020507812
Epoch 196 completed. Average loss = 81.31734466552734
Epoch 197 completed. Average loss = 81.31597900390625
Epoch 198 completed. Average loss = 81.31732940673828
Epoch 199 completed. Average loss = 81.31670379638672
Epoch 200 completed. Average loss = 81.31707763671875
Epoch 201 completed. Average loss = 81.31536865234375
Epoch 202 completed. Average loss = 81.31454467773438
Epoch 203 completed. Average loss = 81.3155517578125
Epoch 204 completed. Average loss = 81.3161849975586
Epoch 205 completed. Average loss = 81.31320190429688
Epoch 206 completed. Average loss = 81.31129455566406
Epoch 207 completed. Average loss = 81.31394958496094
Epoch 208 completed. Average loss = 81.31216430664062
Epoch 209 completed. Average loss = 81.31230163574219
Epoch 210 completed. Average loss = 81.31324768066406
Epoch 211 completed. Average loss = 81.31314849853516
Epoch 212 completed. Average loss = 81.31306457519531
Epoch 213 completed. Average loss = 81.30988311767578
Epoch 214 completed. Average loss = 81.31298828125
Epoch 215 completed. Average loss = 81.30908966064453
Epoch 216 completed. Average loss = 81.309814453125
Epoch 217 completed. Average loss = 81.31168365478516
Epoch 218 completed. Average loss = 81.30936431884766
Epoch 219 completed. Average loss = 81.30873107910156
Epoch 220 completed. Average loss = 81.31148529052734
Epoch 221 completed. Average loss = 81.30763244628906
Epoch 222 completed. Average loss = 81.31026458740234
Epoch 223 completed. Average loss = 81.30707550048828
Epoch 224 completed. Average loss = 81.30753326416016
Epoch 225 completed. Average loss = 81.30781555175781
Epoch 226 completed. Average loss = 81.30647277832031
Epoch 227 completed. Average loss = 81.30616760253906
Epoch 228 completed. Average loss = 81.3060302734375
Epoch 229 completed. Average loss = 81.30492401123047
Epoch 230 completed. Average loss = 81.30587005615234
Epoch 231 completed. Average loss = 81.3053970336914
Epoch 232 completed. Average loss = 81.30559539794922
Epoch 233 completed. Average loss = 81.30632019042969
Epoch 234 completed. Average loss = 81.30533599853516
Epoch 235 completed. Average loss = 81.3039779663086
Epoch 236 completed. Average loss = 81.30415344238281
Epoch 237 completed. Average loss = 81.30419921875
Epoch 238 completed. Average loss = 81.30442810058594
Epoch 239 completed. Average loss = 81.30406188964844
Epoch 240 completed. Average loss = 81.30313110351562
Epoch 241 completed. Average loss = 81.30357360839844
Epoch 242 completed. Average loss = 81.30286407470703
Epoch 243 completed. Average loss = 81.30326843261719
Epoch 244 completed. Average loss = 81.30220031738281
Epoch 245 completed. Average loss = 81.30265045166016
Epoch 246 completed. Average loss = 81.29991149902344
Epoch 247 completed. Average loss = 81.30142974853516
Epoch 248 completed. Average loss = 81.30278015136719
Epoch 249 completed. Average loss = 81.3014144897461
Epoch 250 completed. Average loss = 81.30159759521484
Epoch 251 completed. Average loss = 81.30187225341797
Epoch 252 completed. Average loss = 81.30094146728516
Epoch 253 completed. Average loss = 81.30036163330078
Epoch 254 completed. Average loss = 81.2996597290039
Epoch 255 completed. Average loss = 81.29937744140625
Epoch 256 completed. Average loss = 81.2992172241211
Epoch 257 completed. Average loss = 81.29859924316406
Epoch 258 completed. Average loss = 81.29871368408203
Epoch 259 completed. Average loss = 81.29981994628906
Epoch 260 completed. Average loss = 81.2996826171875
Epoch 261 completed. Average loss = 81.29853057861328
Epoch 262 completed. Average loss = 81.29634094238281
Epoch 263 completed. Average loss = 81.30045318603516
Epoch 264 completed. Average loss = 81.29824829101562
Epoch 265 completed. Average loss = 81.29751586914062
Epoch 266 completed. Average loss = 81.29846954345703
Epoch 267 completed. Average loss = 81.29576110839844
Epoch 268 completed. Average loss = 81.2986068725586
Epoch 269 completed. Average loss = 81.29671478271484
Epoch 270 completed. Average loss = 81.29564666748047
Epoch 271 completed. Average loss = 81.29736328125
Epoch 272 completed. Average loss = 81.2978286743164
Epoch 273 completed. Average loss = 81.29621887207031
Epoch 274 completed. Average loss = 81.2956771850586
Epoch 275 completed. Average loss = 81.29736328125
Epoch 276 completed. Average loss = 81.29602813720703
Epoch 277 completed. Average loss = 81.29519653320312
Epoch 278 completed. Average loss = 81.2950668334961
Epoch 279 completed. Average loss = 81.29328155517578
Epoch 280 completed. Average loss = 81.29425048828125
Epoch 281 completed. Average loss = 81.2972412109375
Epoch 282 completed. Average loss = 81.29430389404297
Epoch 283 completed. Average loss = 81.29251861572266
Epoch 284 completed. Average loss = 81.29296875
Epoch 285 completed. Average loss = 81.29499053955078
Epoch 286 completed. Average loss = 81.29253387451172
Epoch 287 completed. Average loss = 81.29377746582031
Epoch 288 completed. Average loss = 81.29386901855469
Epoch 289 completed. Average loss = 81.2929458618164
Epoch 290 completed. Average loss = 81.29310607910156
Epoch 291 completed. Average loss = 81.29217529296875
Epoch 292 completed. Average loss = 81.29300689697266
Epoch 293 completed. Average loss = 81.29158020019531
Epoch 294 completed. Average loss = 81.29153442382812
Epoch 295 completed. Average loss = 81.28982543945312
Epoch 296 completed. Average loss = 81.29143524169922
Epoch 297 completed. Average loss = 81.29234313964844
Epoch 298 completed. Average loss = 81.29248046875
Epoch 299 completed. Average loss = 81.28936767578125
Epoch 300 completed. Average loss = 81.28993225097656
Epoch 301 completed. Average loss = 81.29106903076172
Epoch 302 completed. Average loss = 81.29203033447266
Epoch 303 completed. Average loss = 81.28936767578125
Epoch 304 completed. Average loss = 81.28939056396484
Epoch 305 completed. Average loss = 81.29175567626953
Epoch 306 completed. Average loss = 81.29010772705078
Epoch 307 completed. Average loss = 81.28919982910156
Epoch 308 completed. Average loss = 81.29011535644531
Epoch 309 completed. Average loss = 81.2894287109375
Epoch 310 completed. Average loss = 81.28901672363281
Epoch 311 completed. Average loss = 81.28929901123047
Epoch 312 completed. Average loss = 81.29132843017578
Epoch 313 completed. Average loss = 81.28799438476562
Epoch 314 completed. Average loss = 81.28883361816406
Epoch 315 completed. Average loss = 81.28961181640625
Epoch 316 completed. Average loss = 81.28832244873047
Epoch 317 completed. Average loss = 81.28813171386719
Epoch 318 completed. Average loss = 81.28821563720703
Epoch 319 completed. Average loss = 81.28825378417969
Epoch 320 completed. Average loss = 81.2880630493164
Epoch 321 completed. Average loss = 81.28706359863281
Epoch 322 completed. Average loss = 81.28893280029297
Epoch 323 completed. Average loss = 81.2866439819336
Epoch 324 completed. Average loss = 81.28755187988281
Epoch 325 completed. Average loss = 81.28575897216797
Epoch 326 completed. Average loss = 81.28526306152344
Epoch 327 completed. Average loss = 81.28741455078125
Epoch 328 completed. Average loss = 81.28581237792969
Epoch 329 completed. Average loss = 81.28643798828125
Epoch 330 completed. Average loss = 81.28632354736328
Epoch 331 completed. Average loss = 81.28761291503906
Epoch 332 completed. Average loss = 81.2859878540039
Epoch 333 completed. Average loss = 81.2858657836914
Epoch 334 completed. Average loss = 81.2855453491211
Epoch 335 completed. Average loss = 81.28451538085938
Epoch 336 completed. Average loss = 81.28741455078125
Epoch 337 completed. Average loss = 81.2855453491211
Epoch 338 completed. Average loss = 81.28522491455078
Epoch 339 completed. Average loss = 81.2854232788086
Epoch 340 completed. Average loss = 81.28533172607422
Epoch 341 completed. Average loss = 81.28401184082031
Epoch 342 completed. Average loss = 81.2850341796875
Epoch 343 completed. Average loss = 81.28468322753906
Epoch 344 completed. Average loss = 81.28585052490234
Epoch 345 completed. Average loss = 81.2834243774414
Epoch 346 completed. Average loss = 81.2853012084961
Epoch 347 completed. Average loss = 81.28337860107422
Epoch 348 completed. Average loss = 81.28276824951172
Epoch 349 completed. Average loss = 81.28401947021484
Epoch 350 completed. Average loss = 81.28229522705078
Epoch 351 completed. Average loss = 81.28338623046875
Epoch 352 completed. Average loss = 81.28144073486328
Epoch 353 completed. Average loss = 81.2858657836914
Epoch 354 completed. Average loss = 81.28186798095703
Epoch 355 completed. Average loss = 81.28292846679688
Epoch 356 completed. Average loss = 81.28414154052734
Epoch 357 completed. Average loss = 81.2818374633789
Epoch 358 completed. Average loss = 81.28251647949219
Epoch 359 completed. Average loss = 81.28258514404297
Epoch 360 completed. Average loss = 81.2822036743164
Epoch 361 completed. Average loss = 81.28105163574219
Epoch 362 completed. Average loss = 81.28172302246094
Epoch 363 completed. Average loss = 81.28141021728516
Epoch 364 completed. Average loss = 81.28010559082031
Epoch 365 completed. Average loss = 81.27981567382812
Epoch 366 completed. Average loss = 81.28118133544922
Epoch 367 completed. Average loss = 81.28031921386719
Epoch 368 completed. Average loss = 81.28147888183594
Epoch 369 completed. Average loss = 81.28035736083984
Epoch 370 completed. Average loss = 81.28063201904297
Epoch 371 completed. Average loss = 81.2795181274414
Epoch 372 completed. Average loss = 81.28022003173828
Epoch 373 completed. Average loss = 81.27849578857422
Epoch 374 completed. Average loss = 81.28111267089844
Epoch 375 completed. Average loss = 81.27832794189453
Epoch 376 completed. Average loss = 81.2801513671875
Epoch 377 completed. Average loss = 81.28162384033203
Epoch 378 completed. Average loss = 81.27873229980469
Epoch 379 completed. Average loss = 81.27938079833984
Epoch 380 completed. Average loss = 81.27924346923828
Epoch 381 completed. Average loss = 81.27886962890625
Epoch 382 completed. Average loss = 81.27987670898438
Epoch 383 completed. Average loss = 81.2789077758789
Epoch 384 completed. Average loss = 81.27941131591797
Epoch 385 completed. Average loss = 81.27970123291016
Epoch 386 completed. Average loss = 81.27921295166016
Epoch 387 completed. Average loss = 81.27775573730469
Epoch 388 completed. Average loss = 81.2777099609375
Epoch 389 completed. Average loss = 81.27875518798828
Epoch 390 completed. Average loss = 81.27667236328125
Epoch 391 completed. Average loss = 81.27729034423828
Epoch 392 completed. Average loss = 81.2789077758789
Epoch 393 completed. Average loss = 81.27903747558594
Epoch 394 completed. Average loss = 81.27458190917969
Epoch 395 completed. Average loss = 81.27800750732422
Epoch 396 completed. Average loss = 81.27718353271484
Epoch 397 completed. Average loss = 81.27725219726562
Epoch 398 completed. Average loss = 81.27808380126953
Epoch 399 completed. Average loss = 81.27769470214844
Epoch 400 completed. Average loss = 81.27655029296875
Epoch 401 completed. Average loss = 81.276123046875
Epoch 402 completed. Average loss = 81.27761840820312
Epoch 403 completed. Average loss = 81.27827453613281
Epoch 404 completed. Average loss = 81.27633666992188
Epoch 405 completed. Average loss = 81.27719116210938
Epoch 406 completed. Average loss = 81.27714538574219
Epoch 407 completed. Average loss = 81.27641296386719
Epoch 408 completed. Average loss = 81.27680206298828
Epoch 409 completed. Average loss = 81.2758560180664
Epoch 410 completed. Average loss = 81.27678680419922
Epoch 411 completed. Average loss = 81.27692413330078
Epoch 412 completed. Average loss = 81.27525329589844
Epoch 413 completed. Average loss = 81.2763671875
Epoch 414 completed. Average loss = 81.27449798583984
Epoch 415 completed. Average loss = 81.27658081054688
Epoch 416 completed. Average loss = 81.27442932128906
Epoch 417 completed. Average loss = 81.27581024169922
Epoch 418 completed. Average loss = 81.27352142333984
Epoch 419 completed. Average loss = 81.27545928955078
Epoch 420 completed. Average loss = 81.27503204345703
Epoch 421 completed. Average loss = 81.2766342163086
Epoch 422 completed. Average loss = 81.27482604980469
Epoch 423 completed. Average loss = 81.27287292480469
Epoch 424 completed. Average loss = 81.2744140625
Epoch 425 completed. Average loss = 81.27407836914062
Epoch 426 completed. Average loss = 81.27542877197266
Epoch 427 completed. Average loss = 81.27484893798828
Epoch 428 completed. Average loss = 81.27387237548828
Epoch 429 completed. Average loss = 81.27442932128906
Epoch 430 completed. Average loss = 81.27467346191406
Epoch 431 completed. Average loss = 81.27488708496094
Epoch 432 completed. Average loss = 81.27454376220703
Epoch 433 completed. Average loss = 81.27375793457031
Epoch 434 completed. Average loss = 81.27278900146484
Epoch 435 completed. Average loss = 81.2747573852539
Epoch 436 completed. Average loss = 81.2730941772461
Epoch 437 completed. Average loss = 81.27278900146484
Epoch 438 completed. Average loss = 81.2723617553711
Epoch 439 completed. Average loss = 81.27470397949219
Epoch 440 completed. Average loss = 81.27468872070312
Epoch 441 completed. Average loss = 81.27262115478516
Epoch 442 completed. Average loss = 81.27394104003906
Epoch 443 completed. Average loss = 81.27095031738281
Epoch 444 completed. Average loss = 81.27344512939453
Epoch 445 completed. Average loss = 81.27405548095703
Epoch 446 completed. Average loss = 81.27191162109375
Epoch 447 completed. Average loss = 81.27225494384766
Epoch 448 completed. Average loss = 81.2718505859375
Epoch 449 completed. Average loss = 81.27213287353516
Epoch 450 completed. Average loss = 81.27299499511719
Epoch 451 completed. Average loss = 81.27230072021484
Epoch 452 completed. Average loss = 81.27105712890625
Epoch 453 completed. Average loss = 81.27161407470703
Epoch 454 completed. Average loss = 81.27246856689453
Epoch 455 completed. Average loss = 81.27320861816406
Epoch 456 completed. Average loss = 81.27333068847656
Epoch 457 completed. Average loss = 81.27175903320312
Epoch 458 completed. Average loss = 81.27352905273438
Epoch 459 completed. Average loss = 81.27226257324219
Epoch 460 completed. Average loss = 81.27053833007812
Epoch 461 completed. Average loss = 81.2705307006836
Epoch 462 completed. Average loss = 81.27182006835938
Epoch 463 completed. Average loss = 81.27029418945312
Epoch 464 completed. Average loss = 81.27230834960938
Epoch 465 completed. Average loss = 81.27040100097656
Epoch 466 completed. Average loss = 81.27002716064453
Epoch 467 completed. Average loss = 81.27146911621094
Epoch 468 completed. Average loss = 81.27035522460938
Epoch 469 completed. Average loss = 81.27201080322266
Epoch 470 completed. Average loss = 81.27108001708984
Epoch 471 completed. Average loss = 81.2699203491211
Epoch 472 completed. Average loss = 81.27112579345703
Epoch 473 completed. Average loss = 81.27008819580078
Epoch 474 completed. Average loss = 81.26914978027344
Epoch 475 completed. Average loss = 81.27006530761719
Epoch 476 completed. Average loss = 81.27095031738281
Epoch 477 completed. Average loss = 81.27046203613281
Epoch 478 completed. Average loss = 81.26817321777344
Epoch 479 completed. Average loss = 81.27225494384766
Epoch 480 completed. Average loss = 81.2669448852539
Epoch 481 completed. Average loss = 81.26969909667969
Epoch 482 completed. Average loss = 81.26824951171875
Epoch 483 completed. Average loss = 81.27059173583984
Epoch 484 completed. Average loss = 81.2717056274414
Epoch 485 completed. Average loss = 81.26808166503906
Epoch 486 completed. Average loss = 81.2682876586914
Epoch 487 completed. Average loss = 81.26994323730469
Epoch 488 completed. Average loss = 81.26708221435547
Epoch 489 completed. Average loss = 81.26959991455078
Epoch 490 completed. Average loss = 81.2693862915039
Epoch 491 completed. Average loss = 81.26959991455078
Epoch 492 completed. Average loss = 81.2682876586914
Epoch 493 completed. Average loss = 81.27009582519531
Epoch 494 completed. Average loss = 81.2696533203125
Epoch 495 completed. Average loss = 81.26913452148438
Epoch 496 completed. Average loss = 81.26785278320312
Epoch 497 completed. Average loss = 81.26908874511719
Epoch 498 completed. Average loss = 81.26824188232422
Epoch 499 completed. Average loss = 81.26988983154297
Epoch 500 completed. Average loss = 81.26878356933594
Epoch 501 completed. Average loss = 81.26734161376953
Epoch 502 completed. Average loss = 81.26763153076172
Epoch 503 completed. Average loss = 81.26842498779297
Epoch 504 completed. Average loss = 81.26750946044922
Epoch 505 completed. Average loss = 81.26741790771484
Epoch 506 completed. Average loss = 81.2697525024414
Epoch 507 completed. Average loss = 81.26753997802734
Epoch 508 completed. Average loss = 81.26869201660156
Epoch 509 completed. Average loss = 81.26793670654297
Epoch 510 completed. Average loss = 81.26781463623047
Epoch 511 completed. Average loss = 81.26852416992188
Epoch 512 completed. Average loss = 81.26737976074219
Epoch 513 completed. Average loss = 81.26770782470703
Epoch 514 completed. Average loss = 81.26881408691406
Epoch 515 completed. Average loss = 81.2660903930664
Epoch 516 completed. Average loss = 81.2679443359375
Epoch 517 completed. Average loss = 81.26671600341797
Epoch 518 completed. Average loss = 81.2672119140625
Epoch 519 completed. Average loss = 81.26687622070312
Epoch 520 completed. Average loss = 81.26880645751953
Epoch 521 completed. Average loss = 81.26649475097656
Epoch 522 completed. Average loss = 81.26771545410156
Epoch 523 completed. Average loss = 81.26649475097656
Epoch 524 completed. Average loss = 81.26730346679688
Epoch 525 completed. Average loss = 81.26691436767578
Epoch 526 completed. Average loss = 81.26640319824219
Epoch 527 completed. Average loss = 81.26640319824219
Epoch 528 completed. Average loss = 81.26587677001953
Epoch 529 completed. Average loss = 81.26690673828125
Epoch 530 completed. Average loss = 81.26692199707031
Epoch 531 completed. Average loss = 81.26606750488281
Epoch 532 completed. Average loss = 81.26547241210938
Epoch 533 completed. Average loss = 81.26622772216797
Epoch 534 completed. Average loss = 81.26608276367188
Epoch 535 completed. Average loss = 81.2659912109375
Epoch 536 completed. Average loss = 81.26643371582031
Epoch 537 completed. Average loss = 81.2662124633789
Epoch 538 completed. Average loss = 81.26549530029297
Epoch 539 completed. Average loss = 81.26551818847656
Epoch 540 completed. Average loss = 81.26460266113281
Epoch 541 completed. Average loss = 81.26627349853516
Epoch 542 completed. Average loss = 81.26575469970703
Epoch 543 completed. Average loss = 81.26797485351562
Epoch 544 completed. Average loss = 81.26383972167969
Epoch 545 completed. Average loss = 81.26517486572266
Epoch 546 completed. Average loss = 81.26646423339844
Epoch 547 completed. Average loss = 81.26571655273438
Epoch 548 completed. Average loss = 81.26567077636719
Epoch 549 completed. Average loss = 81.26675415039062
Epoch 550 completed. Average loss = 81.2643051147461
Epoch 551 completed. Average loss = 81.26445770263672
Epoch 552 completed. Average loss = 81.26499938964844
Epoch 553 completed. Average loss = 81.2637710571289
Epoch 554 completed. Average loss = 81.26416015625
Epoch 555 completed. Average loss = 81.26580047607422
Epoch 556 completed. Average loss = 81.2638168334961
Epoch 557 completed. Average loss = 81.26490020751953
Epoch 558 completed. Average loss = 81.26390838623047
Epoch 559 completed. Average loss = 81.26697540283203
Epoch 560 completed. Average loss = 81.26293182373047
Epoch 561 completed. Average loss = 81.26538848876953
Epoch 562 completed. Average loss = 81.26451873779297
Epoch 563 completed. Average loss = 81.26476287841797
Epoch 564 completed. Average loss = 81.26338958740234
Epoch 565 completed. Average loss = 81.26314544677734
Epoch 566 completed. Average loss = 81.26402282714844
Epoch 567 completed. Average loss = 81.26371002197266
Epoch 568 completed. Average loss = 81.26374816894531
Epoch 569 completed. Average loss = 81.26444244384766
Epoch 570 completed. Average loss = 81.26349639892578
Epoch 571 completed. Average loss = 81.26490783691406
Epoch 572 completed. Average loss = 81.26270294189453
Epoch 573 completed. Average loss = 81.26388549804688
Epoch 574 completed. Average loss = 81.26448059082031
Epoch 575 completed. Average loss = 81.26383972167969
Epoch 576 completed. Average loss = 81.26313018798828
Epoch 577 completed. Average loss = 81.26260375976562
Epoch 578 completed. Average loss = 81.2618637084961
Epoch 579 completed. Average loss = 81.26366424560547
Epoch 580 completed. Average loss = 81.26321411132812
Epoch 581 completed. Average loss = 81.26408386230469
Epoch 582 completed. Average loss = 81.26313781738281
Epoch 583 completed. Average loss = 81.26266479492188
Epoch 584 completed. Average loss = 81.26227569580078
Epoch 585 completed. Average loss = 81.26521301269531
Epoch 586 completed. Average loss = 81.26351165771484
Epoch 587 completed. Average loss = 81.26302337646484
Epoch 588 completed. Average loss = 81.26162719726562
Epoch 589 completed. Average loss = 81.26238250732422
Epoch 590 completed. Average loss = 81.26261901855469
Epoch 591 completed. Average loss = 81.26254272460938
Epoch 592 completed. Average loss = 81.26261901855469
Epoch 593 completed. Average loss = 81.26219940185547
Epoch 594 completed. Average loss = 81.26222229003906
Epoch 595 completed. Average loss = 81.26229095458984
Epoch 596 completed. Average loss = 81.26177978515625
Epoch 597 completed. Average loss = 81.26261901855469
Epoch 598 completed. Average loss = 81.26091003417969
Epoch 599 completed. Average loss = 81.26172637939453
Epoch 600 completed. Average loss = 81.26155090332031
Epoch 601 completed. Average loss = 81.2623291015625
Epoch 602 completed. Average loss = 81.26081848144531
Epoch 603 completed. Average loss = 81.26327514648438
Epoch 604 completed. Average loss = 81.2618637084961
Epoch 605 completed. Average loss = 81.25995635986328
Epoch 606 completed. Average loss = 81.26338958740234
Epoch 607 completed. Average loss = 81.2620849609375
Epoch 608 completed. Average loss = 81.26148986816406
Epoch 609 completed. Average loss = 81.26139068603516
Epoch 610 completed. Average loss = 81.2634048461914
Epoch 611 completed. Average loss = 81.2611083984375
Epoch 612 completed. Average loss = 81.26109313964844
Epoch 613 completed. Average loss = 81.26193237304688
Epoch 614 completed. Average loss = 81.26078796386719
Epoch 615 completed. Average loss = 81.26239776611328
Epoch 616 completed. Average loss = 81.26126098632812
Epoch 617 completed. Average loss = 81.2606430053711
Epoch 618 completed. Average loss = 81.2621078491211
Epoch 619 completed. Average loss = 81.26012420654297
Epoch 620 completed. Average loss = 81.2608642578125
Epoch 621 completed. Average loss = 81.26260375976562
Epoch 622 completed. Average loss = 81.26192474365234
Epoch 623 completed. Average loss = 81.26119232177734
Epoch 624 completed. Average loss = 81.2602310180664
Epoch 625 completed. Average loss = 81.26063537597656
Epoch 626 completed. Average loss = 81.26043701171875
Epoch 627 completed. Average loss = 81.26020050048828
Epoch 628 completed. Average loss = 81.2597885131836
Epoch 629 completed. Average loss = 81.2609634399414
Epoch 630 completed. Average loss = 81.2605209350586
Epoch 631 completed. Average loss = 81.26084899902344
Epoch 632 completed. Average loss = 81.25908660888672
Epoch 633 completed. Average loss = 81.26072692871094
Epoch 634 completed. Average loss = 81.259521484375
Epoch 635 completed. Average loss = 81.26166534423828
Epoch 636 completed. Average loss = 81.26008605957031
Epoch 637 completed. Average loss = 81.26126098632812
Epoch 638 completed. Average loss = 81.2590103149414
Epoch 639 completed. Average loss = 81.25965881347656
Epoch 640 completed. Average loss = 81.259033203125
Epoch 641 completed. Average loss = 81.26087188720703
Epoch 642 completed. Average loss = 81.25971984863281
Epoch 643 completed. Average loss = 81.2602310180664
Epoch 644 completed. Average loss = 81.26044464111328
Epoch 645 completed. Average loss = 81.26062774658203
Epoch 646 completed. Average loss = 81.25849151611328
Epoch 647 completed. Average loss = 81.25997161865234
Epoch 648 completed. Average loss = 81.26012420654297
Epoch 649 completed. Average loss = 81.25922393798828
Epoch 650 completed. Average loss = 81.25838470458984
Epoch 651 completed. Average loss = 81.26138305664062
Epoch 652 completed. Average loss = 81.25875091552734
Epoch 653 completed. Average loss = 81.25887298583984
Epoch 654 completed. Average loss = 81.26048278808594
Epoch 655 completed. Average loss = 81.25761413574219
Epoch 656 completed. Average loss = 81.25928497314453
Epoch 657 completed. Average loss = 81.25990295410156
Epoch 658 completed. Average loss = 81.25946044921875
Epoch 659 completed. Average loss = 81.25782775878906
Epoch 660 completed. Average loss = 81.25914001464844
Epoch 661 completed. Average loss = 81.25965881347656
Epoch 662 completed. Average loss = 81.25817108154297
Epoch 663 completed. Average loss = 81.25971221923828
Epoch 664 completed. Average loss = 81.25768280029297
Epoch 665 completed. Average loss = 81.25678253173828
Epoch 666 completed. Average loss = 81.2590103149414
Epoch 667 completed. Average loss = 81.2593002319336
Epoch 668 completed. Average loss = 81.25838470458984
Epoch 669 completed. Average loss = 81.26031494140625
Epoch 670 completed. Average loss = 81.25726318359375
Epoch 671 completed. Average loss = 81.2579345703125
Epoch 672 completed. Average loss = 81.25843811035156
Epoch 673 completed. Average loss = 81.25839233398438
Epoch 674 completed. Average loss = 81.25874328613281
Epoch 675 completed. Average loss = 81.25743103027344
Epoch 676 completed. Average loss = 81.25712585449219
Epoch 677 completed. Average loss = 81.25828552246094
Epoch 678 completed. Average loss = 81.25655364990234
Epoch 679 completed. Average loss = 81.25794219970703
Epoch 680 completed. Average loss = 81.25717163085938
Epoch 681 completed. Average loss = 81.25724029541016
Epoch 682 completed. Average loss = 81.25715637207031
Epoch 683 completed. Average loss = 81.25738525390625
Epoch 684 completed. Average loss = 81.2571792602539
Epoch 685 completed. Average loss = 81.25848388671875
Epoch 686 completed. Average loss = 81.25639343261719
Epoch 687 completed. Average loss = 81.25675201416016
Epoch 688 completed. Average loss = 81.25580596923828
Epoch 689 completed. Average loss = 81.2568359375
Epoch 690 completed. Average loss = 81.25782012939453
Epoch 691 completed. Average loss = 81.25825500488281
Epoch 692 completed. Average loss = 81.25836944580078
Epoch 693 completed. Average loss = 81.25695037841797
Epoch 694 completed. Average loss = 81.2574234008789
Epoch 695 completed. Average loss = 81.2578353881836
Epoch 696 completed. Average loss = 81.25640869140625
Epoch 697 completed. Average loss = 81.25808715820312
Epoch 698 completed. Average loss = 81.25739288330078
Epoch 699 completed. Average loss = 81.25617218017578
Epoch 700 completed. Average loss = 81.2574462890625
Epoch 701 completed. Average loss = 81.25650024414062
Epoch 702 completed. Average loss = 81.25572204589844
Epoch 703 completed. Average loss = 81.2569580078125
Epoch 704 completed. Average loss = 81.25589752197266
Epoch 705 completed. Average loss = 81.25718688964844
Epoch 706 completed. Average loss = 81.2555160522461
Epoch 707 completed. Average loss = 81.25606536865234
Epoch 708 completed. Average loss = 81.2569808959961
Epoch 709 completed. Average loss = 81.25631713867188
Epoch 710 completed. Average loss = 81.25614166259766
Epoch 711 completed. Average loss = 81.2558364868164
Epoch 712 completed. Average loss = 81.2571792602539
Epoch 713 completed. Average loss = 81.25537109375
Epoch 714 completed. Average loss = 81.25431060791016
Epoch 715 completed. Average loss = 81.2557601928711
Epoch 716 completed. Average loss = 81.25662994384766
Epoch 717 completed. Average loss = 81.2547836303711
Epoch 718 completed. Average loss = 81.25553894042969
Epoch 719 completed. Average loss = 81.25482177734375
Epoch 720 completed. Average loss = 81.25462341308594
Epoch 721 completed. Average loss = 81.25627899169922
Epoch 722 completed. Average loss = 81.25489044189453
Epoch 723 completed. Average loss = 81.25761413574219
Epoch 724 completed. Average loss = 81.25452423095703
Epoch 725 completed. Average loss = 81.2557144165039
Epoch 726 completed. Average loss = 81.25564575195312
Epoch 727 completed. Average loss = 81.25496673583984
Epoch 728 completed. Average loss = 81.25550079345703
Epoch 729 completed. Average loss = 81.25535583496094
Epoch 730 completed. Average loss = 81.25752258300781
Epoch 731 completed. Average loss = 81.25542449951172
Epoch 732 completed. Average loss = 81.25473022460938
Epoch 733 completed. Average loss = 81.25411987304688
Epoch 734 completed. Average loss = 81.25566101074219
Epoch 735 completed. Average loss = 81.25376892089844
Epoch 736 completed. Average loss = 81.25504302978516
Epoch 737 completed. Average loss = 81.25482177734375
Epoch 738 completed. Average loss = 81.25415802001953
Epoch 739 completed. Average loss = 81.25508117675781
Epoch 740 completed. Average loss = 81.25566101074219
Epoch 741 completed. Average loss = 81.25648498535156
Epoch 742 completed. Average loss = 81.254638671875
Epoch 743 completed. Average loss = 81.2552719116211
Epoch 744 completed. Average loss = 81.25523376464844
Epoch 745 completed. Average loss = 81.25330352783203
Epoch 746 completed. Average loss = 81.2547378540039
Epoch 747 completed. Average loss = 81.2562255859375
Epoch 748 completed. Average loss = 81.25447082519531
Epoch 749 completed. Average loss = 81.25531768798828
Epoch 750 completed. Average loss = 81.25323486328125
Epoch 751 completed. Average loss = 81.25482940673828
Epoch 752 completed. Average loss = 81.25384521484375
Epoch 753 completed. Average loss = 81.25434112548828
Epoch 754 completed. Average loss = 81.2552261352539
Epoch 755 completed. Average loss = 81.25420379638672
Epoch 756 completed. Average loss = 81.25409698486328
Epoch 757 completed. Average loss = 81.25540161132812
Epoch 758 completed. Average loss = 81.25518035888672
Epoch 759 completed. Average loss = 81.25501251220703
Epoch 760 completed. Average loss = 81.25267028808594
Epoch 761 completed. Average loss = 81.25389862060547
Epoch 762 completed. Average loss = 81.25550079345703
Epoch 763 completed. Average loss = 81.25360870361328
Epoch 764 completed. Average loss = 81.2546615600586
Epoch 765 completed. Average loss = 81.2540512084961
Epoch 766 completed. Average loss = 81.25450897216797
Epoch 767 completed. Average loss = 81.25336456298828
Epoch 768 completed. Average loss = 81.25273132324219
Epoch 769 completed. Average loss = 81.2533950805664
Epoch 770 completed. Average loss = 81.25269317626953
Epoch 771 completed. Average loss = 81.25460052490234
Epoch 772 completed. Average loss = 81.25395965576172
Epoch 773 completed. Average loss = 81.25440979003906
Epoch 774 completed. Average loss = 81.25321960449219
Epoch 775 completed. Average loss = 81.25411987304688
Epoch 776 completed. Average loss = 81.25093078613281
Epoch 777 completed. Average loss = 81.2538833618164
Epoch 778 completed. Average loss = 81.2532958984375
Epoch 779 completed. Average loss = 81.25323486328125
Epoch 780 completed. Average loss = 81.25212097167969
Epoch 781 completed. Average loss = 81.25248718261719
Epoch 782 completed. Average loss = 81.25475311279297
Epoch 783 completed. Average loss = 81.2562255859375
Epoch 784 completed. Average loss = 81.25141143798828
Epoch 785 completed. Average loss = 81.25305938720703
Epoch 786 completed. Average loss = 81.25363159179688
Epoch 787 completed. Average loss = 81.25315856933594
Epoch 788 completed. Average loss = 81.25299835205078
Epoch 789 completed. Average loss = 81.25289154052734
Epoch 790 completed. Average loss = 81.25276947021484
Epoch 791 completed. Average loss = 81.25255584716797
Epoch 792 completed. Average loss = 81.2535629272461
Epoch 793 completed. Average loss = 81.25224304199219
Epoch 794 completed. Average loss = 81.25320434570312
Epoch 795 completed. Average loss = 81.25297546386719
Epoch 796 completed. Average loss = 81.25201416015625
Epoch 797 completed. Average loss = 81.25375366210938
Epoch 798 completed. Average loss = 81.25254821777344
Epoch 799 completed. Average loss = 81.25302124023438
Epoch 800 completed. Average loss = 81.25270080566406
Epoch 801 completed. Average loss = 81.2525863647461
Epoch 802 completed. Average loss = 81.25151824951172
Epoch 803 completed. Average loss = 81.25333404541016
Epoch 804 completed. Average loss = 81.2516098022461
Epoch 805 completed. Average loss = 81.25272369384766
Epoch 806 completed. Average loss = 81.25363159179688
Epoch 807 completed. Average loss = 81.25205993652344
Epoch 808 completed. Average loss = 81.25355529785156
Epoch 809 completed. Average loss = 81.25106811523438
Epoch 810 completed. Average loss = 81.25218200683594
Epoch 811 completed. Average loss = 81.25216674804688
Epoch 812 completed. Average loss = 81.2511215209961
Epoch 813 completed. Average loss = 81.25257110595703
Epoch 814 completed. Average loss = 81.25328826904297
Epoch 815 completed. Average loss = 81.25051879882812
Epoch 816 completed. Average loss = 81.2524642944336
Epoch 817 completed. Average loss = 81.25164794921875
Epoch 818 completed. Average loss = 81.25119018554688
Epoch 819 completed. Average loss = 81.253173828125
Epoch 820 completed. Average loss = 81.25078582763672
Epoch 821 completed. Average loss = 81.25037384033203
Epoch 822 completed. Average loss = 81.25305938720703
Epoch 823 completed. Average loss = 81.25321960449219
Epoch 824 completed. Average loss = 81.2530288696289
Epoch 825 completed. Average loss = 81.25139617919922
Epoch 826 completed. Average loss = 81.25147247314453
Epoch 827 completed. Average loss = 81.25111389160156
Epoch 828 completed. Average loss = 81.25076293945312
Epoch 829 completed. Average loss = 81.25176239013672
Epoch 830 completed. Average loss = 81.25186920166016
Epoch 831 completed. Average loss = 81.25194549560547
Epoch 832 completed. Average loss = 81.25093841552734
Epoch 833 completed. Average loss = 81.25206756591797
Epoch 834 completed. Average loss = 81.25126647949219
Epoch 835 completed. Average loss = 81.25271606445312
Epoch 836 completed. Average loss = 81.25162506103516
Epoch 837 completed. Average loss = 81.25233459472656
Epoch 838 completed. Average loss = 81.25165557861328
Epoch 839 completed. Average loss = 81.25070190429688
Epoch 840 completed. Average loss = 81.2507095336914
Epoch 841 completed. Average loss = 81.2523193359375
Epoch 842 completed. Average loss = 81.25102996826172
Epoch 843 completed. Average loss = 81.25114440917969
Epoch 844 completed. Average loss = 81.25114440917969
Epoch 845 completed. Average loss = 81.25077056884766
Epoch 846 completed. Average loss = 81.2501449584961
Epoch 847 completed. Average loss = 81.25079345703125
Epoch 848 completed. Average loss = 81.24977111816406
Epoch 849 completed. Average loss = 81.25035858154297
Epoch 850 completed. Average loss = 81.25262451171875
Epoch 851 completed. Average loss = 81.25199127197266
Epoch 852 completed. Average loss = 81.24984741210938
Epoch 853 completed. Average loss = 81.25089263916016
Epoch 854 completed. Average loss = 81.24983215332031
Epoch 855 completed. Average loss = 81.25125885009766
Epoch 856 completed. Average loss = 81.24938201904297
Epoch 857 completed. Average loss = 81.25044250488281
Epoch 858 completed. Average loss = 81.24995422363281
Epoch 859 completed. Average loss = 81.25072479248047
Epoch 860 completed. Average loss = 81.25069427490234
Epoch 861 completed. Average loss = 81.2489013671875
Epoch 862 completed. Average loss = 81.24925231933594
Epoch 863 completed. Average loss = 81.2509536743164
Epoch 864 completed. Average loss = 81.24986267089844
Epoch 865 completed. Average loss = 81.25084686279297
Epoch 866 completed. Average loss = 81.25086975097656
Epoch 867 completed. Average loss = 81.24896240234375
Epoch 868 completed. Average loss = 81.25141906738281
Epoch 869 completed. Average loss = 81.25109100341797
Epoch 870 completed. Average loss = 81.25012969970703
Epoch 871 completed. Average loss = 81.24942016601562
Epoch 872 completed. Average loss = 81.25202941894531
Epoch 873 completed. Average loss = 81.24964141845703
Epoch 874 completed. Average loss = 81.24938201904297
Epoch 875 completed. Average loss = 81.24960327148438
Epoch 876 completed. Average loss = 81.24806213378906
Epoch 877 completed. Average loss = 81.25128173828125
Epoch 878 completed. Average loss = 81.25030517578125
Epoch 879 completed. Average loss = 81.248779296875
Epoch 880 completed. Average loss = 81.24974060058594
Epoch 881 completed. Average loss = 81.25025177001953
Epoch 882 completed. Average loss = 81.24803924560547
Epoch 883 completed. Average loss = 81.24945068359375
Epoch 884 completed. Average loss = 81.24901580810547
Epoch 885 completed. Average loss = 81.25162506103516
Epoch 886 completed. Average loss = 81.24991607666016
Epoch 887 completed. Average loss = 81.2486572265625
Epoch 888 completed. Average loss = 81.24935150146484
Epoch 889 completed. Average loss = 81.24920654296875
Epoch 890 completed. Average loss = 81.24840545654297
Epoch 891 completed. Average loss = 81.25006866455078
Epoch 892 completed. Average loss = 81.2484359741211
Epoch 893 completed. Average loss = 81.24850463867188
Epoch 894 completed. Average loss = 81.25005340576172
Epoch 895 completed. Average loss = 81.2481918334961
Epoch 896 completed. Average loss = 81.24812316894531
Epoch 897 completed. Average loss = 81.24882507324219
Epoch 898 completed. Average loss = 81.24744415283203
Epoch 899 completed. Average loss = 81.24944305419922
Epoch 900 completed. Average loss = 81.24897003173828
Epoch 901 completed. Average loss = 81.24735260009766
Epoch 902 completed. Average loss = 81.24798583984375
Epoch 903 completed. Average loss = 81.24932861328125
Epoch 904 completed. Average loss = 81.24870300292969
Epoch 905 completed. Average loss = 81.24958801269531
Epoch 906 completed. Average loss = 81.24813079833984
Epoch 907 completed. Average loss = 81.2490005493164
Epoch 908 completed. Average loss = 81.24769592285156
Epoch 909 completed. Average loss = 81.24830627441406
Epoch 910 completed. Average loss = 81.24694061279297
Epoch 911 completed. Average loss = 81.24815368652344
Epoch 912 completed. Average loss = 81.2475357055664
Epoch 913 completed. Average loss = 81.24722290039062
Epoch 914 completed. Average loss = 81.24763488769531
Epoch 915 completed. Average loss = 81.24772644042969
Epoch 916 completed. Average loss = 81.24744415283203
Epoch 917 completed. Average loss = 81.24909973144531
Epoch 918 completed. Average loss = 81.2471694946289
Epoch 919 completed. Average loss = 81.24658966064453
Epoch 920 completed. Average loss = 81.24948120117188
Epoch 921 completed. Average loss = 81.24820709228516
Epoch 922 completed. Average loss = 81.24701690673828
Epoch 923 completed. Average loss = 81.24840545654297
Epoch 924 completed. Average loss = 81.24751281738281
Epoch 925 completed. Average loss = 81.2471923828125
Epoch 926 completed. Average loss = 81.24844360351562
Epoch 927 completed. Average loss = 81.2468490600586
Epoch 928 completed. Average loss = 81.2475357055664
Epoch 929 completed. Average loss = 81.2494888305664
Epoch 930 completed. Average loss = 81.24838256835938
Epoch 931 completed. Average loss = 81.24752807617188
Epoch 932 completed. Average loss = 81.2470932006836
Epoch 933 completed. Average loss = 81.24715423583984
Epoch 934 completed. Average loss = 81.24742889404297
Epoch 935 completed. Average loss = 81.24821472167969
Epoch 936 completed. Average loss = 81.24687957763672
Epoch 937 completed. Average loss = 81.24668884277344
Epoch 938 completed. Average loss = 81.24673461914062
Epoch 939 completed. Average loss = 81.24776458740234
Epoch 940 completed. Average loss = 81.24811553955078
Epoch 941 completed. Average loss = 81.24768829345703
Epoch 942 completed. Average loss = 81.24726867675781
Epoch 943 completed. Average loss = 81.2467041015625
Epoch 944 completed. Average loss = 81.24771118164062
Epoch 945 completed. Average loss = 81.24886322021484
Epoch 946 completed. Average loss = 81.24702453613281
Epoch 947 completed. Average loss = 81.24735260009766
Epoch 948 completed. Average loss = 81.24867248535156
Epoch 949 completed. Average loss = 81.24713134765625
Epoch 950 completed. Average loss = 81.24591064453125
Epoch 951 completed. Average loss = 81.24649810791016
Epoch 952 completed. Average loss = 81.24697875976562
Epoch 953 completed. Average loss = 81.24783325195312
Epoch 954 completed. Average loss = 81.24623107910156
Epoch 955 completed. Average loss = 81.2469482421875
Epoch 956 completed. Average loss = 81.2475814819336
Epoch 957 completed. Average loss = 81.2464828491211
Epoch 958 completed. Average loss = 81.2447280883789
Epoch 959 completed. Average loss = 81.24684143066406
Epoch 960 completed. Average loss = 81.247802734375
Epoch 961 completed. Average loss = 81.24679565429688
Epoch 962 completed. Average loss = 81.2448959350586
Epoch 963 completed. Average loss = 81.24684143066406
Epoch 964 completed. Average loss = 81.24657440185547
Epoch 965 completed. Average loss = 81.24644470214844
Epoch 966 completed. Average loss = 81.247314453125
Epoch 967 completed. Average loss = 81.24557495117188
Epoch 968 completed. Average loss = 81.24693298339844
Epoch 969 completed. Average loss = 81.24529266357422
Epoch 970 completed. Average loss = 81.24739074707031
Epoch 971 completed. Average loss = 81.24557495117188
Epoch 972 completed. Average loss = 81.24568176269531
Epoch 973 completed. Average loss = 81.2469482421875
Epoch 974 completed. Average loss = 81.24468231201172
Epoch 975 completed. Average loss = 81.24768829345703
Epoch 976 completed. Average loss = 81.24585723876953
Epoch 977 completed. Average loss = 81.24687957763672
Epoch 978 completed. Average loss = 81.24713134765625
Epoch 979 completed. Average loss = 81.24459075927734
Epoch 980 completed. Average loss = 81.24739074707031
Epoch 981 completed. Average loss = 81.24506378173828
Epoch 982 completed. Average loss = 81.24454498291016
Epoch 983 completed. Average loss = 81.24735260009766
Epoch 984 completed. Average loss = 81.24774169921875
Epoch 985 completed. Average loss = 81.2448501586914
Epoch 986 completed. Average loss = 81.24525451660156
Epoch 987 completed. Average loss = 81.24659729003906
Epoch 988 completed. Average loss = 81.24491882324219
Epoch 989 completed. Average loss = 81.24433898925781
Epoch 990 completed. Average loss = 81.2447280883789
Epoch 991 completed. Average loss = 81.24676513671875
Epoch 992 completed. Average loss = 81.24376678466797
Epoch 993 completed. Average loss = 81.24495697021484
Epoch 994 completed. Average loss = 81.2457046508789
Epoch 995 completed. Average loss = 81.24661254882812
Epoch 996 completed. Average loss = 81.24406433105469
Epoch 997 completed. Average loss = 81.24585723876953
Epoch 998 completed. Average loss = 81.24483489990234
Epoch 999 completed. Average loss = 81.24459838867188
Epoch 1000 completed. Average loss = 81.24552917480469
FINISH TRANING
