nohup: input ignorato
Not using data augmentation
Checkpoint not found, will create a new one: ./CVAE/checkpoints/resnet_mix_VAE_0.001_128_128_1.0.pth
Trainable parameters: 39420435
Non-trainable parameters: 0.0
Total parameters: 39420435.0
Epoch 1 completed. Average loss = 172.46963500976562
Epoch 2 completed. Average loss = 88.56891632080078
Epoch 3 completed. Average loss = 86.90277099609375
Epoch 4 completed. Average loss = 85.74850463867188
Epoch 5 completed. Average loss = 84.97034454345703
Epoch 6 completed. Average loss = 84.3345718383789
Epoch 7 completed. Average loss = 83.84701538085938
Epoch 8 completed. Average loss = 83.46935272216797
Epoch 9 completed. Average loss = 83.17394256591797
Epoch 10 completed. Average loss = 82.93921661376953
Epoch 11 completed. Average loss = 82.74899291992188
Epoch 12 completed. Average loss = 82.601318359375
Epoch 13 completed. Average loss = 82.47932434082031
Epoch 14 completed. Average loss = 82.37470245361328
Epoch 15 completed. Average loss = 82.29888153076172
Epoch 16 completed. Average loss = 82.22309112548828
Epoch 17 completed. Average loss = 82.14940643310547
Epoch 18 completed. Average loss = 82.0780029296875
Epoch 19 completed. Average loss = 82.00231170654297
Epoch 20 completed. Average loss = 81.94515228271484
Epoch 21 completed. Average loss = 81.88883972167969
Epoch 22 completed. Average loss = 81.8382339477539
Epoch 23 completed. Average loss = 81.77751922607422
Epoch 24 completed. Average loss = 81.7337417602539
Epoch 25 completed. Average loss = 81.68399047851562
Epoch 26 completed. Average loss = 81.64768981933594
Epoch 27 completed. Average loss = 81.61432647705078
Epoch 28 completed. Average loss = 81.57634735107422
Epoch 29 completed. Average loss = 81.54666137695312
Epoch 30 completed. Average loss = 81.52059173583984
Epoch 31 completed. Average loss = 81.48980712890625
Epoch 32 completed. Average loss = 81.46360778808594
Epoch 33 completed. Average loss = 81.43639373779297
Epoch 34 completed. Average loss = 81.41444396972656
Epoch 35 completed. Average loss = 81.38946533203125
Epoch 36 completed. Average loss = 81.37041473388672
Epoch 37 completed. Average loss = 81.34800720214844
Epoch 38 completed. Average loss = 81.33050537109375
Epoch 39 completed. Average loss = 81.31204223632812
Epoch 40 completed. Average loss = 81.29359436035156
Epoch 41 completed. Average loss = 81.2767562866211
Epoch 42 completed. Average loss = 81.25958251953125
Epoch 43 completed. Average loss = 81.24171447753906
Epoch 44 completed. Average loss = 81.23011779785156
Epoch 45 completed. Average loss = 81.21178436279297
Epoch 46 completed. Average loss = 81.19730377197266
Epoch 47 completed. Average loss = 81.18595123291016
Epoch 48 completed. Average loss = 81.1739273071289
Epoch 49 completed. Average loss = 81.15959930419922
Epoch 50 completed. Average loss = 81.14772033691406
Epoch 51 completed. Average loss = 81.13383483886719
Epoch 52 completed. Average loss = 81.12408447265625
Epoch 53 completed. Average loss = 81.11154174804688
Epoch 54 completed. Average loss = 81.10189056396484
Epoch 55 completed. Average loss = 81.09322357177734
Epoch 56 completed. Average loss = 81.07955932617188
Epoch 57 completed. Average loss = 81.07312774658203
Epoch 58 completed. Average loss = 81.0609359741211
Epoch 59 completed. Average loss = 81.0536117553711
Epoch 60 completed. Average loss = 81.045166015625
Epoch 61 completed. Average loss = 81.03942108154297
Epoch 62 completed. Average loss = 81.029296875
Epoch 63 completed. Average loss = 81.02113342285156
Epoch 64 completed. Average loss = 81.01522827148438
Epoch 65 completed. Average loss = 81.00755310058594
Epoch 66 completed. Average loss = 81.00049591064453
Epoch 67 completed. Average loss = 80.99267578125
Epoch 68 completed. Average loss = 80.98503112792969
Epoch 69 completed. Average loss = 80.97891235351562
Epoch 70 completed. Average loss = 80.97383880615234
Epoch 71 completed. Average loss = 80.96745300292969
Epoch 72 completed. Average loss = 80.96366882324219
Epoch 73 completed. Average loss = 80.95729064941406
Epoch 74 completed. Average loss = 80.95026397705078
Epoch 75 completed. Average loss = 80.94469451904297
Epoch 76 completed. Average loss = 80.94073486328125
Epoch 77 completed. Average loss = 80.93364715576172
Epoch 78 completed. Average loss = 80.92988586425781
Epoch 79 completed. Average loss = 80.92652893066406
Epoch 80 completed. Average loss = 80.9190902709961
Epoch 81 completed. Average loss = 80.91609191894531
Epoch 82 completed. Average loss = 80.9115982055664
Epoch 83 completed. Average loss = 80.90719604492188
Epoch 84 completed. Average loss = 80.90338897705078
Epoch 85 completed. Average loss = 80.89865112304688
Epoch 86 completed. Average loss = 80.89537811279297
Epoch 87 completed. Average loss = 80.89376068115234
Epoch 88 completed. Average loss = 80.88900756835938
Epoch 89 completed. Average loss = 80.88349914550781
Epoch 90 completed. Average loss = 80.88323211669922
Epoch 91 completed. Average loss = 80.87559509277344
Epoch 92 completed. Average loss = 80.87378692626953
Epoch 93 completed. Average loss = 80.8726806640625
Epoch 94 completed. Average loss = 80.86559295654297
Epoch 95 completed. Average loss = 80.86465454101562
Epoch 96 completed. Average loss = 80.8578872680664
Epoch 97 completed. Average loss = 80.85863494873047
Epoch 98 completed. Average loss = 80.85601043701172
Epoch 99 completed. Average loss = 80.84956359863281
Epoch 100 completed. Average loss = 80.84957122802734
Epoch 101 completed. Average loss = 80.84561157226562
Epoch 102 completed. Average loss = 80.84111022949219
Epoch 103 completed. Average loss = 80.8388900756836
Epoch 104 completed. Average loss = 80.83946228027344
Epoch 105 completed. Average loss = 80.83478546142578
Epoch 106 completed. Average loss = 80.8322525024414
Epoch 107 completed. Average loss = 80.8292465209961
Epoch 108 completed. Average loss = 80.82840728759766
Epoch 109 completed. Average loss = 80.8249282836914
Epoch 110 completed. Average loss = 80.82363891601562
Epoch 111 completed. Average loss = 80.81982421875
Epoch 112 completed. Average loss = 80.8177490234375
Epoch 113 completed. Average loss = 80.81478881835938
Epoch 114 completed. Average loss = 80.81640625
Epoch 115 completed. Average loss = 80.81108093261719
Epoch 116 completed. Average loss = 80.8089599609375
Epoch 117 completed. Average loss = 80.80663299560547
Epoch 118 completed. Average loss = 80.80512237548828
Epoch 119 completed. Average loss = 80.80320739746094
Epoch 120 completed. Average loss = 80.80140686035156
Epoch 121 completed. Average loss = 80.79673767089844
Epoch 122 completed. Average loss = 80.79740905761719
Epoch 123 completed. Average loss = 80.79547119140625
Epoch 124 completed. Average loss = 80.7907485961914
Epoch 125 completed. Average loss = 80.7914810180664
Epoch 126 completed. Average loss = 80.79055786132812
Epoch 127 completed. Average loss = 80.78868865966797
Epoch 128 completed. Average loss = 80.78714752197266
Epoch 129 completed. Average loss = 80.78495788574219
Epoch 130 completed. Average loss = 80.7840805053711
Epoch 131 completed. Average loss = 80.7814712524414
Epoch 132 completed. Average loss = 80.78015899658203
Epoch 133 completed. Average loss = 80.77519989013672
Epoch 134 completed. Average loss = 80.77649688720703
Epoch 135 completed. Average loss = 80.77433013916016
Epoch 136 completed. Average loss = 80.77322387695312
Epoch 137 completed. Average loss = 80.77254486083984
Epoch 138 completed. Average loss = 80.7691879272461
Epoch 139 completed. Average loss = 80.76902770996094
Epoch 140 completed. Average loss = 80.76930236816406
Epoch 141 completed. Average loss = 80.76398468017578
Epoch 142 completed. Average loss = 80.76451873779297
Epoch 143 completed. Average loss = 80.76416015625
Epoch 144 completed. Average loss = 80.76171875
Epoch 145 completed. Average loss = 80.76111602783203
Epoch 146 completed. Average loss = 80.76251983642578
Epoch 147 completed. Average loss = 80.75677490234375
Epoch 148 completed. Average loss = 80.75706481933594
Epoch 149 completed. Average loss = 80.7548828125
Epoch 150 completed. Average loss = 80.75455474853516
Epoch 151 completed. Average loss = 80.75215148925781
Epoch 152 completed. Average loss = 80.75155639648438
Epoch 153 completed. Average loss = 80.75169372558594
Epoch 154 completed. Average loss = 80.74932098388672
Epoch 155 completed. Average loss = 80.74981689453125
Epoch 156 completed. Average loss = 80.74661254882812
Epoch 157 completed. Average loss = 80.74613189697266
Epoch 158 completed. Average loss = 80.74668884277344
Epoch 159 completed. Average loss = 80.74066162109375
Epoch 160 completed. Average loss = 80.74274444580078
Epoch 161 completed. Average loss = 80.74224853515625
Epoch 162 completed. Average loss = 80.74019622802734
Epoch 163 completed. Average loss = 80.74079132080078
Epoch 164 completed. Average loss = 80.73932647705078
Epoch 165 completed. Average loss = 80.73756408691406
Epoch 166 completed. Average loss = 80.73674011230469
Epoch 167 completed. Average loss = 80.73576354980469
Epoch 168 completed. Average loss = 80.73284912109375
Epoch 169 completed. Average loss = 80.73403930664062
Epoch 170 completed. Average loss = 80.73316955566406
Epoch 171 completed. Average loss = 80.73172760009766
Epoch 172 completed. Average loss = 80.72936248779297
Epoch 173 completed. Average loss = 80.72820281982422
Epoch 174 completed. Average loss = 80.72602081298828
Epoch 175 completed. Average loss = 80.7283935546875
Epoch 176 completed. Average loss = 80.72549438476562
Epoch 177 completed. Average loss = 80.72479248046875
Epoch 178 completed. Average loss = 80.72281646728516
Epoch 179 completed. Average loss = 80.72376251220703
Epoch 180 completed. Average loss = 80.72391510009766
Epoch 181 completed. Average loss = 80.7188720703125
Epoch 182 completed. Average loss = 80.71966552734375
Epoch 183 completed. Average loss = 80.71969604492188
Epoch 184 completed. Average loss = 80.71916961669922
Epoch 185 completed. Average loss = 80.718505859375
Epoch 186 completed. Average loss = 80.7166976928711
Epoch 187 completed. Average loss = 80.71794128417969
Epoch 188 completed. Average loss = 80.7145004272461
Epoch 189 completed. Average loss = 80.71434020996094
Epoch 190 completed. Average loss = 80.71360778808594
Epoch 191 completed. Average loss = 80.71379089355469
Epoch 192 completed. Average loss = 80.71147155761719
Epoch 193 completed. Average loss = 80.71229553222656
Epoch 194 completed. Average loss = 80.71070861816406
Epoch 195 completed. Average loss = 80.71138763427734
Epoch 196 completed. Average loss = 80.70787811279297
Epoch 197 completed. Average loss = 80.70638275146484
Epoch 198 completed. Average loss = 80.70686340332031
Epoch 199 completed. Average loss = 80.70225524902344
Epoch 200 completed. Average loss = 80.70460510253906
Epoch 201 completed. Average loss = 80.70330047607422
Epoch 202 completed. Average loss = 80.70513153076172
Epoch 203 completed. Average loss = 80.70295715332031
Epoch 204 completed. Average loss = 80.7020034790039
Epoch 205 completed. Average loss = 80.70121765136719
Epoch 206 completed. Average loss = 80.70038604736328
Epoch 207 completed. Average loss = 80.70164489746094
Epoch 208 completed. Average loss = 80.7001724243164
Epoch 209 completed. Average loss = 80.69912719726562
Epoch 210 completed. Average loss = 80.69845581054688
Epoch 211 completed. Average loss = 80.69853973388672
Epoch 212 completed. Average loss = 80.6981430053711
Epoch 213 completed. Average loss = 80.69571685791016
Epoch 214 completed. Average loss = 80.69439697265625
Epoch 215 completed. Average loss = 80.6925277709961
Epoch 216 completed. Average loss = 80.69436645507812
Epoch 217 completed. Average loss = 80.69328308105469
Epoch 218 completed. Average loss = 80.69337463378906
Epoch 219 completed. Average loss = 80.69136047363281
Epoch 220 completed. Average loss = 80.6919174194336
Epoch 221 completed. Average loss = 80.68888092041016
Epoch 222 completed. Average loss = 80.69129180908203
Epoch 223 completed. Average loss = 80.68873596191406
Epoch 224 completed. Average loss = 80.69078063964844
Epoch 225 completed. Average loss = 80.68571472167969
Epoch 226 completed. Average loss = 80.68873596191406
Epoch 227 completed. Average loss = 80.68631744384766
Epoch 228 completed. Average loss = 80.6859359741211
Epoch 229 completed. Average loss = 80.68482971191406
Epoch 230 completed. Average loss = 80.68518829345703
Epoch 231 completed. Average loss = 80.68522644042969
Epoch 232 completed. Average loss = 80.68365478515625
Epoch 233 completed. Average loss = 80.68518829345703
Epoch 234 completed. Average loss = 80.68409729003906
Epoch 235 completed. Average loss = 80.68313598632812
Epoch 236 completed. Average loss = 80.68268585205078
Epoch 237 completed. Average loss = 80.68482971191406
Epoch 238 completed. Average loss = 80.6807632446289
Epoch 239 completed. Average loss = 80.68124389648438
Epoch 240 completed. Average loss = 80.6784896850586
Epoch 241 completed. Average loss = 80.67919158935547
Epoch 242 completed. Average loss = 80.6794204711914
Epoch 243 completed. Average loss = 80.67780303955078
Epoch 244 completed. Average loss = 80.67869567871094
Epoch 245 completed. Average loss = 80.67584991455078
Epoch 246 completed. Average loss = 80.67758178710938
Epoch 247 completed. Average loss = 80.67444610595703
Epoch 248 completed. Average loss = 80.67564392089844
Epoch 249 completed. Average loss = 80.6736831665039
Epoch 250 completed. Average loss = 80.67666625976562
Epoch 251 completed. Average loss = 80.67244720458984
Epoch 252 completed. Average loss = 80.67407989501953
Epoch 253 completed. Average loss = 80.67296600341797
Epoch 254 completed. Average loss = 80.67293548583984
Epoch 255 completed. Average loss = 80.67046356201172
Epoch 256 completed. Average loss = 80.66948699951172
Epoch 257 completed. Average loss = 80.67279815673828
Epoch 258 completed. Average loss = 80.6706771850586
Epoch 259 completed. Average loss = 80.67154693603516
Epoch 260 completed. Average loss = 80.66876220703125
Epoch 261 completed. Average loss = 80.66877746582031
Epoch 262 completed. Average loss = 80.66985321044922
Epoch 263 completed. Average loss = 80.66875457763672
Epoch 264 completed. Average loss = 80.66869354248047
Epoch 265 completed. Average loss = 80.66594696044922
Epoch 266 completed. Average loss = 80.6673583984375
Epoch 267 completed. Average loss = 80.66635131835938
Epoch 268 completed. Average loss = 80.66664123535156
Epoch 269 completed. Average loss = 80.66558074951172
Epoch 270 completed. Average loss = 80.66436004638672
Epoch 271 completed. Average loss = 80.66555786132812
Epoch 272 completed. Average loss = 80.66344451904297
Epoch 273 completed. Average loss = 80.66175842285156
Epoch 274 completed. Average loss = 80.6632080078125
Epoch 275 completed. Average loss = 80.6627197265625
