nohup: ignoring input
Not using data augmentation
Checkpoint not found, will create a new one: ./CGAN/checkpoints/baseline_CGAN_g_0.001_d_0.001_0.2_128_128.pth
Trainable parameters: 3992613
Non-trainable parameters: 0.0
Total parameters: 3992613.0
Epoch: 1
	GLoss: 1.5879774014933232, DLoss: 1.0138039674776984
		DTrue: 0.788745764325257, DSynth: 0.20814712481621467
Epoch: 2
	GLoss: 1.60127475652526, DLoss: 1.006377376940758
		DTrue: 0.7969523051910136, DSynth: 0.20394960656145555
Epoch: 3
	GLoss: 1.6049412778112155, DLoss: 1.003289536215878
		DTrue: 0.7982776005736499, DSynth: 0.20195436060654537
Epoch: 4
	GLoss: 1.6059933305163212, DLoss: 1.0028473989013171
		DTrue: 0.7984987484527704, DSynth: 0.20147332335414572
Epoch: 5
	GLoss: 1.4743256300913707, DLoss: 1.0893369242125346
		DTrue: 0.7470744940501108, DSynth: 0.25054114352410456
Epoch: 6
	GLoss: 1.6038556527052208, DLoss: 1.0137331979755202
		DTrue: 0.7913690285259459, DSynth: 0.20511636452835266
Epoch: 7
	GLoss: 1.5748579778101952, DLoss: 1.0327699136221928
		DTrue: 0.7779230958136741, DSynth: 0.2160379828876961
Epoch: 8
	GLoss: 1.6064429202188213, DLoss: 1.0059572117131341
		DTrue: 0.7963711703719779, DSynth: 0.20239666343413043
Epoch: 9
	GLoss: 1.6047350987556683, DLoss: 1.0041092112330945
		DTrue: 0.7973395504683388, DSynth: 0.20202095604213974
Epoch: 10
	GLoss: 1.6055460441586946, DLoss: 1.0029247447951866
		DTrue: 0.7984490120102165, DSynth: 0.20160519935553087
Epoch: 11
	GLoss: 1.6064920638530824, DLoss: 1.002613585355232
		DTrue: 0.7986649201026237, DSynth: 0.20129379770346104
Epoch: 12
	GLoss: 1.6069939623734504, DLoss: 1.0023759553045393
		DTrue: 0.798758381842362, DSynth: 0.20107986134625808
Epoch: 13
	GLoss: 1.6076428997162695, DLoss: 1.0022946039634797
		DTrue: 0.7988744994092425, DSynth: 0.20096639534829164
Epoch: 14
	GLoss: 1.6304596960732851, DLoss: 1.0125107808122136
		DTrue: 0.7978609154213853, DSynth: 0.20208457935970942
Epoch: 15
	GLoss: 1.6056950858930057, DLoss: 1.0034667555471048
		DTrue: 0.7977474854855469, DSynth: 0.20174678181140993
Epoch: 16
	GLoss: 1.6066145367510922, DLoss: 1.0027113798970446
		DTrue: 0.798655086164601, DSynth: 0.2014167239055254
Epoch: 17
	GLoss: 1.7004096129237287, DLoss: 1.0211089260579662
		DTrue: 0.7986578163811472, DSynth: 0.20111857000703082
Epoch: 18
	GLoss: 1.614152857117162, DLoss: 1.0153695887880694
		DTrue: 0.7974540444393363, DSynth: 0.2057031791184194
Epoch: 19
	GLoss: 1.625396434897798, DLoss: 1.0215988546252175
		DTrue: 0.7969458398379183, DSynth: 0.2042958238741603
Epoch: 20
	GLoss: 1.9612588812035243, DLoss: 1.0884245247006492
		DTrue: 0.7969746689064474, DSynth: 0.2042322989908563
Epoch: 21
	GLoss: 2.133944565407927, DLoss: 1.1341109831575646
		DTrue: 0.7968723661373931, DSynth: 0.20323890676358344
