nohup: ignoring input
Not using data augmentation
Checkpoint not found, will create a new one: ./CGAN/checkpoints/baseline_CGAN_g_0.001_d_1e-05_0.1_512_512.pth
Trainable parameters: 3912069
Non-trainable parameters: 0.0
Total parameters: 3912069.0
Epoch: 1
	GLoss: 0.7050251960754395, DLoss: 1.3867575782116013
		DTrue: 0.4939392665871466, DSynth: 0.49411812364453017
Epoch: 2
	GLoss: 0.6943691980959189, DLoss: 1.3863752147164008
		DTrue: 0.4993679319517781, DSynth: 0.4993986918619185
Epoch: 3
	GLoss: 0.6942061399570619, DLoss: 1.3863438876590344
		DTrue: 0.49947169897231186, DSynth: 0.49947944065236083
Epoch: 4
	GLoss: 0.694097239712272, DLoss: 1.3863525935495742
		DTrue: 0.49952535135577425, DSynth: 0.49953317506746814
Epoch: 5
	GLoss: 0.6940670263285589, DLoss: 1.386337507553775
		DTrue: 0.4995511957641804, DSynth: 0.49954778151680723
Epoch: 6
	GLoss: 0.6940498525145078, DLoss: 1.3863376342889033
		DTrue: 0.49954659604665, DSynth: 0.49955594509538975
Epoch: 7
	GLoss: 0.6938247798067151, DLoss: 1.386316008037991
		DTrue: 0.4996694012573271, DSynth: 0.49966805736825926
Epoch: 8
	GLoss: 0.6939347247884731, DLoss: 1.3863183019137142
		DTrue: 0.4996159460508462, DSynth: 0.4996128033357437
Epoch: 9
	GLoss: 0.6940230749773256, DLoss: 1.3863348828421698
		DTrue: 0.49956675611361107, DSynth: 0.49956823908018344
Epoch: 10
	GLoss: 0.6938946877766137, DLoss: 1.386326649875352
		DTrue: 0.4996345098120998, DSynth: 0.49963202470480794
Epoch: 11
	GLoss: 0.6938350047125961, DLoss: 1.386324960475016
		DTrue: 0.4996581082091187, DSynth: 0.4996615722022875
Epoch: 12
	GLoss: 0.6935635811150677, DLoss: 1.3863061506940861
		DTrue: 0.4998010822919884, DSynth: 0.49979691591226694
Epoch: 13
	GLoss: 0.6937198818030984, DLoss: 1.3863082347494182
		DTrue: 0.4997085619604949, DSynth: 0.4997183623337986
Epoch: 14
	GLoss: 0.6937704200696464, DLoss: 1.3863353443266166
		DTrue: 0.49968369433073084, DSynth: 0.4996928409344018
Epoch: 15
	GLoss: 0.693693911487406, DLoss: 1.3863206066266456
		DTrue: 0.49973008871981595, DSynth: 0.499730483299554
Epoch: 16
	GLoss: 0.6935959298803349, DLoss: 1.3863110205139777
		DTrue: 0.49977766158002795, DSynth: 0.49977911301333494
Epoch: 17
	GLoss: 0.6934965352217356, DLoss: 1.3863050766063458
		DTrue: 0.4998281069024645, DSynth: 0.49982842810527245
Epoch: 18
	GLoss: 0.6933981493265942, DLoss: 1.3863053625882273
		DTrue: 0.49987881615607427, DSynth: 0.499877470837097
Epoch: 19
	GLoss: 0.6933260606695907, DLoss: 1.3863013266312956
		DTrue: 0.4999091158611606, DSynth: 0.49991330986071114
Epoch: 20
	GLoss: 0.6934847447908286, DLoss: 1.3863096309430671
		DTrue: 0.49983019253822286, DSynth: 0.4998336350074922
Epoch: 21
	GLoss: 0.6934974402791322, DLoss: 1.3863096182996577
		DTrue: 0.49982985402598523, DSynth: 0.49982699563707966
Epoch: 22
	GLoss: 0.693274041468447, DLoss: 1.3863019034115955
		DTrue: 0.49993979983558556, DSynth: 0.4999385515999312
Epoch: 23
	GLoss: 0.6932173860494537, DLoss: 1.3862937420907646
		DTrue: 0.4999637237251407, DSynth: 0.4999668297894073
Epoch: 24
	GLoss: 0.6932722388794927, DLoss: 1.3862963288721413
		DTrue: 0.49994014843244744, DSynth: 0.49993931539733
Epoch: 25
	GLoss: 0.6931882633103265, DLoss: 1.3862940461346598
		DTrue: 0.4999833150644495, DSynth: 0.49998119390673107
Epoch: 26
	GLoss: 0.6932279425438004, DLoss: 1.3863021848779735
		DTrue: 0.49995804201773925, DSynth: 0.49996120610622447
Epoch: 27
	GLoss: 0.6933592836363147, DLoss: 1.386305138017192
		DTrue: 0.4998961818790195, DSynth: 0.49989539121437554
Epoch: 28
	GLoss: 0.6931978300063297, DLoss: 1.3862984225605472
		DTrue: 0.49997206227947966, DSynth: 0.49997597601678634
Epoch: 29
	GLoss: 0.6932609167062875, DLoss: 1.3862966868010433
		DTrue: 0.49994512210891706, DSynth: 0.4999442681519672
Epoch: 30
	GLoss: 0.6931991044319037, DLoss: 1.3862997431947728
		DTrue: 0.4999730477128366, DSynth: 0.49997509067708795
Epoch: 31
	GLoss: 0.6933080590132511, DLoss: 1.3863019530821328
		DTrue: 0.4999196502295407, DSynth: 0.4999205049390745
Epoch: 32
	GLoss: 0.6931990854667894, DLoss: 1.386302166213893
		DTrue: 0.4999736694223953, DSynth: 0.49997481891904216
Epoch: 33
	GLoss: 0.6931421862106131, DLoss: 1.3862969273268575
		DTrue: 0.5000035086966524, DSynth: 0.5000031749256933
Epoch: 34
	GLoss: 0.6932328719683368, DLoss: 1.3862981293538603
		DTrue: 0.4999568857478373, DSynth: 0.49995774700485096
Epoch: 35
	GLoss: 0.6932171583175659, DLoss: 1.386300496681772
		DTrue: 0.49996291830985234, DSynth: 0.4999654942540207
Epoch: 36
	GLoss: 0.6932641245198973, DLoss: 1.3863027309528504
		DTrue: 0.49993915607531864, DSynth: 0.49994188291255875
Epoch: 37
	GLoss: 0.6931888017088476, DLoss: 1.3862956169277731
		DTrue: 0.49997893818701156, DSynth: 0.499979480122677
Epoch: 38
	GLoss: 0.6932958581230857, DLoss: 1.3862975634107686
		DTrue: 0.4999253298297073, DSynth: 0.49992594694850423
Epoch: 39
	GLoss: 0.6931480703630832, DLoss: 1.386296801193796
		DTrue: 0.4999980754924543, DSynth: 0.4999998150901361
Epoch: 40
	GLoss: 0.6931652402636981, DLoss: 1.3862980468706652
		DTrue: 0.4999902614138343, DSynth: 0.49999119928388885
Epoch: 41
	GLoss: 0.6931446560404517, DLoss: 1.3862953255272874
		DTrue: 0.5000020049587645, DSynth: 0.5000014655818843
Epoch: 42
	GLoss: 0.6931407126513395, DLoss: 1.3862942532457487
		DTrue: 0.5000032682460968, DSynth: 0.5000034488662325
Epoch: 43
	GLoss: 0.6931417826751266, DLoss: 1.3862978322337371
		DTrue: 0.5000021501321985, DSynth: 0.5000028800633218
Epoch: 44
	GLoss: 0.6931714678954597, DLoss: 1.3862985769907634
		DTrue: 0.499987117569856, DSynth: 0.49998800893022555
Epoch: 45
	GLoss: 0.6931594753205174, DLoss: 1.3862947674110682
		DTrue: 0.4999956480330891, DSynth: 0.49999397518959915
Epoch: 46
	GLoss: 0.693145401399545, DLoss: 1.386293257426734
		DTrue: 0.5000026386344072, DSynth: 0.5000010428555084
Epoch: 47
	GLoss: 0.6931328525145849, DLoss: 1.3862956434187264
		DTrue: 0.5000086126453949, DSynth: 0.5000073376177537
Epoch: 48
	GLoss: 0.6931534328243949, DLoss: 1.3862968334043868
		DTrue: 0.4999966108136707, DSynth: 0.4999970157790666
Epoch: 49
	GLoss: 0.6931585129162278, DLoss: 1.3862936313104148
		DTrue: 0.4999952187592333, DSynth: 0.4999944864198415
Epoch: 50
	GLoss: 0.693155412421082, DLoss: 1.3862949215402507
		DTrue: 0.4999957480514892, DSynth: 0.4999960582665723
Epoch: 51
	GLoss: 0.693167129700834, DLoss: 1.3862959339161112
		DTrue: 0.49998821701967355, DSynth: 0.49999022852591796
Epoch: 52
	GLoss: 0.6931129966420356, DLoss: 1.3862957385453312
		DTrue: 0.5000165812294892, DSynth: 0.5000172697684981
Epoch: 53
	GLoss: 0.6931453234318531, DLoss: 1.3862964995581695
		DTrue: 0.5000004240057685, DSynth: 0.5000010587350286
Epoch: 54
	GLoss: 0.6931427955025374, DLoss: 1.386294788182384
		DTrue: 0.5000025122755706, DSynth: 0.5000023222481361
Epoch: 55
	GLoss: 0.6931672344605128, DLoss: 1.3862967987855275
		DTrue: 0.4999895363745063, DSynth: 0.4999900578398897
Epoch: 56
	GLoss: 0.6931374953551726, DLoss: 1.3862943209782996
		DTrue: 0.5000047771015552, DSynth: 0.500004914673892
Epoch: 57
	GLoss: 0.6931494063500202, DLoss: 1.3862943366320446
		DTrue: 0.49999928647520564, DSynth: 0.49999897550753875
Epoch: 58
	GLoss: 0.6931423767648562, DLoss: 1.3862956401073572
		DTrue: 0.5000011443038179, DSynth: 0.5000024884939194
Epoch: 59
	GLoss: 0.693144472711014, DLoss: 1.3862942866604737
		DTrue: 0.5000013086681414, DSynth: 0.5000014391661894
Epoch: 60
	GLoss: 0.6931594986506183, DLoss: 1.3862948956513645
		DTrue: 0.49999494286197604, DSynth: 0.49999393921608876
Epoch: 61
	GLoss: 0.693161396516694, DLoss: 1.3862948152754042
		DTrue: 0.4999923577362841, DSynth: 0.49999297477982263
Epoch: 62
	GLoss: 0.6931441618938639, DLoss: 1.3862939085623232
		DTrue: 0.5000013184517321, DSynth: 0.5000016088738586
Epoch: 63
	GLoss: 0.6931432974759979, DLoss: 1.386294118382714
		DTrue: 0.5000016887982687, DSynth: 0.5000020450714863
Epoch: 64
	GLoss: 0.6931377142065703, DLoss: 1.3862962045452811
		DTrue: 0.5000049877497885, DSynth: 0.5000048485217672
Epoch: 65
	GLoss: 0.693142890779659, DLoss: 1.3862948357456861
		DTrue: 0.50000205237155, DSynth: 0.5000022525588671
Epoch: 66
	GLoss: 0.693153689003954, DLoss: 1.3862947358025446
		DTrue: 0.49999698447157637, DSynth: 0.4999968374166826
Epoch: 67
	GLoss: 0.693143231098098, DLoss: 1.386294902274103
		DTrue: 0.5000015421196667, DSynth: 0.5000020806687047
Epoch: 68
	GLoss: 0.6931574018013598, DLoss: 1.386296208157684
		DTrue: 0.49999467471633297, DSynth: 0.49999497356739914
Epoch: 69
	GLoss: 0.6931471773470291, DLoss: 1.3862952189614075
		DTrue: 0.49999963928653735, DSynth: 0.5000000742047724
Epoch: 70
	GLoss: 0.6931323515947418, DLoss: 1.3862926598751184
		DTrue: 0.500008173888982, DSynth: 0.5000075266668291
Epoch: 71
	GLoss: 0.6931282783096487, DLoss: 1.386294056068767
		DTrue: 0.5000093184185751, DSynth: 0.5000095796404462
Epoch: 72
	GLoss: 0.6931502629410137, DLoss: 1.386294494975697
		DTrue: 0.4999986308993715, DSynth: 0.49999860169911625
Epoch: 73
	GLoss: 0.6931740719862659, DLoss: 1.3862929223763822
		DTrue: 0.4999878646598922, DSynth: 0.4999867103467084
Epoch: 74
	GLoss: 0.6931685105417714, DLoss: 1.3862963258618055
		DTrue: 0.4999895105608786, DSynth: 0.49998949686385163
Epoch: 75
	GLoss: 0.6931566654732733, DLoss: 1.3862956557611021
		DTrue: 0.4999950883364437, DSynth: 0.49999538041425473
Epoch: 76
	GLoss: 0.6931526394504489, DLoss: 1.3862976835231589
		DTrue: 0.49999563817424003, DSynth: 0.499997370471858
Epoch: 77
	GLoss: 0.6931526958942413, DLoss: 1.386293726738053
		DTrue: 0.49999824316814695, DSynth: 0.49999732923026036
Epoch: 78
	GLoss: 0.6931215789582994, DLoss: 1.3862959847907828
		DTrue: 0.5000119191980121, DSynth: 0.5000128767105064
Epoch: 79
	GLoss: 0.6931603081298597, DLoss: 1.3862957409535996
		DTrue: 0.49999388751357493, DSynth: 0.49999349722356506
Epoch: 80
	GLoss: 0.6931633995939986, DLoss: 1.3862946581358861
		DTrue: 0.4999925947249538, DSynth: 0.4999919596946601
Epoch: 81
	GLoss: 0.6931365257260775, DLoss: 1.3862959652236013
		DTrue: 0.5000050073169698, DSynth: 0.5000053815769426
Epoch: 82
	GLoss: 0.6931455370151636, DLoss: 1.3862943878077498
		DTrue: 0.5000008176824059, DSynth: 0.5000008799963527
Epoch: 83
	GLoss: 0.69314147215901, DLoss: 1.3862953056590726
		DTrue: 0.5000023812507138, DSynth: 0.5000029215306947
Epoch: 84
	GLoss: 0.6931428242512424, DLoss: 1.3862938381204701
		DTrue: 0.5000026678346624, DSynth: 0.5000022345721119
Epoch: 85
	GLoss: 0.6931397681585466, DLoss: 1.386295444736577
		DTrue: 0.5000036388184085, DSynth: 0.5000037971620608
Epoch: 86
	GLoss: 0.6931394957231752, DLoss: 1.3862945136397775
		DTrue: 0.5000032678698049, DSynth: 0.5000039349601726
Epoch: 87
	GLoss: 0.6931410610976846, DLoss: 1.3862933073983048
		DTrue: 0.5000034463827057, DSynth: 0.5000031773339618
Epoch: 88
	GLoss: 0.6931362829425118, DLoss: 1.3862952319058506
		DTrue: 0.5000052971370292, DSynth: 0.5000055845488202
Epoch: 89
	GLoss: 0.6931510466818858, DLoss: 1.3862949940893385
		DTrue: 0.49999828403345264, DSynth: 0.4999982156235762
Epoch: 90
	GLoss: 0.6931529406345251, DLoss: 1.3862946208077247
		DTrue: 0.4999965094406195, DSynth: 0.4999972332758133
Epoch: 91
	GLoss: 0.6931389392626406, DLoss: 1.386293812231584
		DTrue: 0.5000046875440713, DSynth: 0.5000042347895979
Epoch: 92
	GLoss: 0.6931408175615349, DLoss: 1.3862930382743026
		DTrue: 0.5000043721361593, DSynth: 0.5000033266466073
Epoch: 93
	GLoss: 0.6931659440801601, DLoss: 1.38629585685152
		DTrue: 0.4999895735521509, DSynth: 0.4999907422396872
Epoch: 94
	GLoss: 0.6931473091997281, DLoss: 1.3862958198243922
		DTrue: 0.4999985134210249, DSynth: 0.5000000390591044
Epoch: 95
	GLoss: 0.6931430015600089, DLoss: 1.3862939528142564
		DTrue: 0.5000030014551047, DSynth: 0.5000021852026082
Epoch: 96
	GLoss: 0.6931516392664476, DLoss: 1.3862957749703917
		DTrue: 0.4999982872695634, DSynth: 0.49999785912458344
Epoch: 97
	GLoss: 0.6931484609541266, DLoss: 1.386293823971893
		DTrue: 0.4999993126651253, DSynth: 0.4999994499364285
Epoch: 98
	GLoss: 0.6931593460266037, DLoss: 1.3862953255272874
		DTrue: 0.4999934717109709, DSynth: 0.4999940184631733
Epoch: 99
	GLoss: 0.6931461908600547, DLoss: 1.3862940503491297
		DTrue: 0.500000609216666, DSynth: 0.500000606131072
Epoch: 100
	GLoss: 0.6931448900940442, DLoss: 1.3862930087730139
		DTrue: 0.5000023375255893, DSynth: 0.5000012717915304
Epoch: 101
	GLoss: 0.6931418162403684, DLoss: 1.3862920722576102
		DTrue: 0.5000035859870188, DSynth: 0.5000028417568014
Epoch: 102
	GLoss: 0.6931475726040927, DLoss: 1.3862948450777266
		DTrue: 0.5000004270913625, DSynth: 0.49999998916279187
Epoch: 103
	GLoss: 0.69315134515666, DLoss: 1.386294673187564
		DTrue: 0.49999890702240396, DSynth: 0.49999808918948124
Epoch: 104
	GLoss: 0.6931528996939611, DLoss: 1.3862947327922088
		DTrue: 0.4999981192175788, DSynth: 0.4999973095878206
Epoch: 105
	GLoss: 0.6931479166854512, DLoss: 1.3862920617214356
		DTrue: 0.4999997074706386, DSynth: 0.49999982555105227
Epoch: 106
	GLoss: 0.693152253976976, DLoss: 1.3862954655078927
		DTrue: 0.49999739884427097, DSynth: 0.49999766879611546
Epoch: 107
	GLoss: 0.6931320296393501, DLoss: 1.3862912444153217
		DTrue: 0.5000080780850517, DSynth: 0.5000078168631804
Epoch: 108
	GLoss: 0.6931522902515199, DLoss: 1.3862933242561841
		DTrue: 0.4999988548683398, DSynth: 0.49999769325509213
Epoch: 109
	GLoss: 0.6931372369178618, DLoss: 1.3862934967484137
		DTrue: 0.5000065052599618, DSynth: 0.5000052399406529
Epoch: 110
	GLoss: 0.6931580913187277, DLoss: 1.386294644589376
		DTrue: 0.499996530964519, DSynth: 0.49999480724635753
Epoch: 111
	GLoss: 0.693115684721205, DLoss: 1.3862920147602005
		DTrue: 0.5000162562637618, DSynth: 0.5000160226617196
Epoch: 112
	GLoss: 0.6931608213920786, DLoss: 1.3862973668358543
		DTrue: 0.49999463926963134, DSynth: 0.4999934506386217
Epoch: 113
	GLoss: 0.6931631242988086, DLoss: 1.3862951114924267
		DTrue: 0.49999205181092926, DSynth: 0.49999221120819903
Epoch: 114
	GLoss: 0.6931562259642765, DLoss: 1.3862968144392727
		DTrue: 0.4999958206758355, DSynth: 0.4999956427650018
Epoch: 115
	GLoss: 0.6931439820263121, DLoss: 1.3862938209615572
		DTrue: 0.500001979972979, DSynth: 0.5000017268790139
Epoch: 116
	GLoss: 0.6931505889603586, DLoss: 1.3862953556306434
		DTrue: 0.4999996143760103, DSynth: 0.4999984329698062
Epoch: 117
	GLoss: 0.6931644744343228, DLoss: 1.3862965206305187
		DTrue: 0.4999897579352061, DSynth: 0.4999914370251424
Epoch: 118
	GLoss: 0.6931526040790057, DLoss: 1.3862954104187513
		DTrue: 0.4999983881910642, DSynth: 0.49999734879744173
Epoch: 119
	GLoss: 0.6931495482873435, DLoss: 1.3862944434989581
		DTrue: 0.499998392405534, DSynth: 0.4999988561477324
Epoch: 120
	GLoss: 0.6931397248097141, DLoss: 1.3862936752613144
		DTrue: 0.500003760134933, DSynth: 0.5000037856475271
Epoch: 121
	GLoss: 0.693152767841262, DLoss: 1.3862957873127677
		DTrue: 0.49999628885827885, DSynth: 0.4999972564553974
Epoch: 122
	GLoss: 0.6931380173473647, DLoss: 1.3862928820378853
		DTrue: 0.5000047491806926, DSynth: 0.5000046366693998
Epoch: 123
	GLoss: 0.6931452492270807, DLoss: 1.3862927492820856
		DTrue: 0.5000022124461453, DSynth: 0.5000010413503406
Epoch: 124
	GLoss: 0.6931512894654515, DLoss: 1.386295550098323
		DTrue: 0.49999856376888774, DSynth: 0.49999803417559824
Epoch: 125
	GLoss: 0.6931581203684662, DLoss: 1.3862968725387497
		DTrue: 0.4999942271546884, DSynth: 0.4999945974259665
Epoch: 126
	GLoss: 0.6931568170436705, DLoss: 1.386296309907027
		DTrue: 0.4999945410574325, DSynth: 0.4999952098787433
Epoch: 127
	GLoss: 0.6931457070991246, DLoss: 1.3862942138103524
		DTrue: 0.500000831605208, DSynth: 0.5000007554437175
Epoch: 128
	GLoss: 0.6931442208964416, DLoss: 1.3862930307484636
		DTrue: 0.5000029095646107, DSynth: 0.5000015370773546
Epoch: 129
	GLoss: 0.6931456771462855, DLoss: 1.386294551570006
		DTrue: 0.5000005541275246, DSynth: 0.5000008447001679
Epoch: 130
	GLoss: 0.6931486492506181, DLoss: 1.3862950657353257
		DTrue: 0.4999981158309513, DSynth: 0.49999932583534357
Epoch: 131
	GLoss: 0.6931403678173971, DLoss: 1.3862930108802487
		DTrue: 0.5000038115364133, DSynth: 0.5000034877748201
Epoch: 132
	GLoss: 0.6931489734637617, DLoss: 1.3862953462986032
		DTrue: 0.4999985671555153, DSynth: 0.49999919097230894
Epoch: 133
	GLoss: 0.693151774279999, DLoss: 1.3862945910054023
		DTrue: 0.4999979788606817, DSynth: 0.49999776678253904
Epoch: 134
	GLoss: 0.6931508883382335, DLoss: 1.3862950536939833
		DTrue: 0.4999988190453462, DSynth: 0.49999820832351244
Epoch: 135
	GLoss: 0.6931456140797547, DLoss: 1.3862941228982173
		DTrue: 0.5000011526574992, DSynth: 0.5000008375506209
Epoch: 136
	GLoss: 0.6931512750158406, DLoss: 1.3862946087663823
		DTrue: 0.4999983629795036, DSynth: 0.4999979985031215
Epoch: 137
	GLoss: 0.6931500135347096, DLoss: 1.3862949317753916
		DTrue: 0.49999862104052245, DSynth: 0.49999862630860975
Epoch: 138
	GLoss: 0.6931471523612437, DLoss: 1.386295049780547
		DTrue: 0.499999821637616, DSynth: 0.5000000432735742
Epoch: 139
	GLoss: 0.6931482094405877, DLoss: 1.3862938561824838
		DTrue: 0.4999998572348344, DSynth: 0.4999995234638754
Epoch: 140
	GLoss: 0.693145508718009, DLoss: 1.3862947890854844
		DTrue: 0.5000004141469194, DSynth: 0.5000008737499063
Epoch: 141
	GLoss: 0.6931498232815001, DLoss: 1.3862950765725337
		DTrue: 0.4999985866474383, DSynth: 0.4999986973525298
Epoch: 142
	GLoss: 0.6931485219134225, DLoss: 1.3862949368929622
		DTrue: 0.4999992648007894, DSynth: 0.4999993612067868
Epoch: 143
	GLoss: 0.6931506083770231, DLoss: 1.3862950940324803
		DTrue: 0.4999981198196459, DSynth: 0.49999830992233874
Epoch: 144
	GLoss: 0.6931499182575881, DLoss: 1.3862950868076749
		DTrue: 0.4999985209468639, DSynth: 0.4999986422633884
Epoch: 145
	GLoss: 0.6931526286132408, DLoss: 1.3862938646114233
		DTrue: 0.4999976381659508, DSynth: 0.49999728949383054
Epoch: 146
	GLoss: 0.693151732586851, DLoss: 1.386294121092016
		DTrue: 0.49999798902056436, DSynth: 0.4999977561711061
Epoch: 147
	GLoss: 0.6931430619172375, DLoss: 1.3862949582663449
		DTrue: 0.5000019999164523, DSynth: 0.5000020762284597
Epoch: 148
	GLoss: 0.6931448157387551, DLoss: 1.3862943182689975
		DTrue: 0.5000015023832369, DSynth: 0.5000012000702848
Epoch: 149
	GLoss: 0.6931442455811934, DLoss: 1.3862940018827266
		DTrue: 0.500001403568971, DSynth: 0.5000014942553308
Epoch: 150
	GLoss: 0.693147048956216, DLoss: 1.3862945711371875
		DTrue: 0.4999997674515753, DSynth: 0.5000000970833229
Epoch: 151
	GLoss: 0.6931496166219615, DLoss: 1.3862938787600008
		DTrue: 0.4999991745659799, DSynth: 0.4999988316887557
Epoch: 152
	GLoss: 0.6931670788261626, DLoss: 1.386292798049522
		DTrue: 0.4999912077880869, DSynth: 0.4999901816399411
Epoch: 153
	GLoss: 0.6931344788483899, DLoss: 1.3862950780777017
		DTrue: 0.5000074254442947, DSynth: 0.5000064938959449
Epoch: 154
	GLoss: 0.6931454402328742, DLoss: 1.3862945350131604
		DTrue: 0.5000013811419709, DSynth: 0.5000009950664308
Epoch: 155
	GLoss: 0.6931352642449465, DLoss: 1.3862930108802487
		DTrue: 0.500006246446359, DSynth: 0.5000060878016732
Epoch: 156
	GLoss: 0.6931469724936918, DLoss: 1.3862946716823963
		DTrue: 0.49999867289355304, DSynth: 0.5000002529434483
Epoch: 157
	GLoss: 0.693131391448204, DLoss: 1.3862949703076872
		DTrue: 0.5000072321054911, DSynth: 0.5000080113308598
Epoch: 158
	GLoss: 0.6931527512844162, DLoss: 1.3862939943568875
		DTrue: 0.49999721483750775, DSynth: 0.4999973355519651
Epoch: 159
	GLoss: 0.6931439863912987, DLoss: 1.386295008839983
		DTrue: 0.5000014473693539, DSynth: 0.5000017036241714
Epoch: 160
	GLoss: 0.6931529857895591, DLoss: 1.3862942562560843
		DTrue: 0.49999817024276716, DSynth: 0.4999971917331821
Epoch: 161
	GLoss: 0.69313942212047, DLoss: 1.3862954137301204
		DTrue: 0.5000030942486994, DSynth: 0.5000039746966025
Epoch: 162
	GLoss: 0.6931433420289647, DLoss: 1.3862942592664198
		DTrue: 0.5000015157792304, DSynth: 0.5000019902833784
Epoch: 163
	GLoss: 0.6931320231671285, DLoss: 1.3862934783853667
		DTrue: 0.5000084089961919, DSynth: 0.500007677033092
Epoch: 164
	GLoss: 0.6931543837894093, DLoss: 1.3862951656784674
		DTrue: 0.49999834424016454, DSynth: 0.49999650432304904
Epoch: 165
	GLoss: 0.6931545764508874, DLoss: 1.3862949194330159
		DTrue: 0.4999969995232544, DSynth: 0.49999639738087703
Epoch: 166
	GLoss: 0.6931580163613714, DLoss: 1.3862968902997297
		DTrue: 0.49999375912276184, DSynth: 0.4999946427315172
Epoch: 167
	GLoss: 0.6931444179229062, DLoss: 1.3862936105390993
		DTrue: 0.5000013204837086, DSynth: 0.5000014334465518
Epoch: 168
	GLoss: 0.6931512416011155, DLoss: 1.3862949853593654
		DTrue: 0.49999828704378824, DSynth: 0.49999802898276935
Epoch: 169
	GLoss: 0.6931516221075347, DLoss: 1.3862934178776212
		DTrue: 0.4999983191038623, DSynth: 0.4999978409873115
Epoch: 170
	GLoss: 0.6931484772099389, DLoss: 1.3862955067494902
		DTrue: 0.4999996072264633, DSynth: 0.4999994173495456
Epoch: 171
	GLoss: 0.6931531850737754, DLoss: 1.386295655159035
		DTrue: 0.4999970757600033, DSynth: 0.49999705318248633
Epoch: 172
	GLoss: 0.6931448849764738, DLoss: 1.3862949245505862
		DTrue: 0.5000011679349523, DSynth: 0.5000011931465129
Epoch: 173
	GLoss: 0.6931468285996505, DLoss: 1.3862947960092564
		DTrue: 0.5000006763471497, DSynth: 0.5000002267535286
Epoch: 174
	GLoss: 0.6931515667173598, DLoss: 1.3862950567043189
		DTrue: 0.499997556360081, DSynth: 0.4999978388048182
Epoch: 175
	GLoss: 0.6931508489028372, DLoss: 1.3862949275609218
		DTrue: 0.49999785656579815, DSynth: 0.4999981888315894
Epoch: 176
	GLoss: 0.6931477971751281, DLoss: 1.3862947370066787
		DTrue: 0.4999993507458706, DSynth: 0.4999997082984809
Epoch: 177
	GLoss: 0.6931472643457278, DLoss: 1.38629407744215
		DTrue: 0.4999995461919091, DSynth: 0.4999999777235166
Epoch: 178
	GLoss: 0.6931419587797589, DLoss: 1.3862947352004773
		DTrue: 0.500001905843465, DSynth: 0.5000026314848601
Epoch: 179
	GLoss: 0.6931491876491392, DLoss: 1.3862952475595955
		DTrue: 0.49999867078631816, DSynth: 0.4999990159965525
Epoch: 180
	GLoss: 0.6931480074470694, DLoss: 1.3862939055519874
		DTrue: 0.4999994333795827, DSynth: 0.49999959955010753
Epoch: 181
	GLoss: 0.693145766252219, DLoss: 1.386294423931777
		DTrue: 0.5000006033465115, DSynth: 0.5000007252651032
Epoch: 182
	GLoss: 0.6931482771731386, DLoss: 1.3862948348425856
		DTrue: 0.49999939808339783, DSynth: 0.4999994628808715
Epoch: 183
	GLoss: 0.6931458719149984, DLoss: 1.3862941030300024
		DTrue: 0.5000006143342365, DSynth: 0.5000006677676933
Epoch: 184
	GLoss: 0.6931481414070033, DLoss: 1.3862945323038582
		DTrue: 0.4999996413185139, DSynth: 0.499999533623758
Epoch: 185
	GLoss: 0.6931466747715016, DLoss: 1.3862951361771785
		DTrue: 0.49999999443087917, DSynth: 0.500000255577492
Epoch: 186
	GLoss: 0.6931475250407902, DLoss: 1.3862943688426355
		DTrue: 0.4999998431615155, DSynth: 0.4999998273572536
Epoch: 187
	GLoss: 0.6931472563683384, DLoss: 1.3862944194162734
		DTrue: 0.49999997365956356, DSynth: 0.49999996447803996
Epoch: 188
	GLoss: 0.693149844504366, DLoss: 1.386294270103628
		DTrue: 0.49999856820913274, DSynth: 0.4999986756028551
Epoch: 189
	GLoss: 0.6931461670784035, DLoss: 1.3862947159343295
		DTrue: 0.5000003110429253, DSynth: 0.5000005147673867
Epoch: 190
	GLoss: 0.6931475513812267, DLoss: 1.386294464270274
		DTrue: 0.4999998381944618, DSynth: 0.4999998232933006
Epoch: 191
	GLoss: 0.6931477756512285, DLoss: 1.386294244816809
		DTrue: 0.49999987627520703, DSynth: 0.49999971311501784
Epoch: 192
	GLoss: 0.693145082906039, DLoss: 1.3862951464123197
		DTrue: 0.5000007600344792, DSynth: 0.5000010567030522
Epoch: 193
	GLoss: 0.6931447260307543, DLoss: 1.3862945265842206
		DTrue: 0.5000011540121503, DSynth: 0.5000012289695065
Epoch: 194
	GLoss: 0.6931474455679306, DLoss: 1.3862943251927693
		DTrue: 0.4999997483359443, DSynth: 0.49999986882462644
Epoch: 195
	GLoss: 0.6931399391456083, DLoss: 1.3862944946746634
		DTrue: 0.5000034229773463, DSynth: 0.5000036585361066
Epoch: 196
	GLoss: 0.6931507259306281, DLoss: 1.386295561537598
		DTrue: 0.4999971247532151, DSynth: 0.4999982528764792
Epoch: 197
	GLoss: 0.6931426490497108, DLoss: 1.3862933046890027
		DTrue: 0.5000025388417821, DSynth: 0.5000022862746258
Epoch: 198
	GLoss: 0.6931404287766929, DLoss: 1.386291744432064
		DTrue: 0.5000041766901209, DSynth: 0.5000034519518265
Epoch: 199
	GLoss: 0.6931517857192743, DLoss: 1.386295845111211
		DTrue: 0.49999742887236853, DSynth: 0.49999779364978425
Epoch: 200
	GLoss: 0.693149106520595, DLoss: 1.3862954956112485
		DTrue: 0.4999988438053565, DSynth: 0.4999990980281974
Epoch: 201
	GLoss: 0.6931526623289994, DLoss: 1.3862952981332335
		DTrue: 0.49999659824551956, DSynth: 0.4999972868597869
Epoch: 202
	GLoss: 0.6931458308239176, DLoss: 1.3862944176100722
		DTrue: 0.5000009830250884, DSynth: 0.5000007031391366
Epoch: 203
	GLoss: 0.6931527759691681, DLoss: 1.3862951837404809
		DTrue: 0.4999963793188635, DSynth: 0.4999972174715514
Epoch: 204
	GLoss: 0.6931444839997725, DLoss: 1.386294216820688
		DTrue: 0.5000016014985363, DSynth: 0.500001361875823
Epoch: 205
	GLoss: 0.6931494772434235, DLoss: 1.3862949347857274
		DTrue: 0.4999984617185111, DSynth: 0.49999885863125926
Epoch: 206
	GLoss: 0.6931476886525298, DLoss: 1.386294544947268
		DTrue: 0.499999748862753, DSynth: 0.49999974713181006
Epoch: 207
	GLoss: 0.6931481420090704, DLoss: 1.3862941921359362
		DTrue: 0.4999995656838321, DSynth: 0.49999952557111027
Epoch: 208
	GLoss: 0.6931464253651975, DLoss: 1.3862942592664198
		DTrue: 0.5000002849282641, DSynth: 0.5000003830652044
Epoch: 209
	GLoss: 0.6931476644193283, DLoss: 1.386294325493803
		DTrue: 0.4999998933588616, DSynth: 0.499999760828837
Epoch: 210
	GLoss: 0.6931464149795398, DLoss: 1.386294394430488
		DTrue: 0.5000003491236706, DSynth: 0.5000003847961474
Epoch: 211
	GLoss: 0.6931481329780637, DLoss: 1.3862941909318018
		DTrue: 0.4999995748653556, DSynth: 0.49999953535470093
Epoch: 212
	GLoss: 0.6931480819528754, DLoss: 1.386294263179856
		DTrue: 0.49999957968189257, DSynth: 0.49999956086729513
Epoch: 213
	GLoss: 0.6931446939706802, DLoss: 1.3862945530751738
		DTrue: 0.5000011558936099, DSynth: 0.5000012503428892
Epoch: 214
	GLoss: 0.6931474305162526, DLoss: 1.3862942252496275
		DTrue: 0.49999990464762006, DSynth: 0.49999987582365674
Epoch: 215
	GLoss: 0.6931473948437759, DLoss: 1.3862943655312663
		DTrue: 0.4999999592099527, DSynth: 0.4999998929073112
Epoch: 216
	GLoss: 0.6931472167824254, DLoss: 1.3862943625209307
		DTrue: 0.4999999908937348, DSynth: 0.49999998238953675
Epoch: 217
	GLoss: 0.6931470310447192, DLoss: 1.386294368541602
		DTrue: 0.4999999718533622, DSynth: 0.5000000757851986
Epoch: 218
	GLoss: 0.6931470900472968, DLoss: 1.3862944883529587
		DTrue: 0.49999994521189217, DSynth: 0.5000000456065843
Epoch: 219
	GLoss: 0.6931470528696523, DLoss: 1.3862945660196169
		DTrue: 0.5000001934893203, DSynth: 0.5000000662273831
Epoch: 220
	GLoss: 0.6931465135680305, DLoss: 1.3862941963504058
		DTrue: 0.5000005289912224, DSynth: 0.5000003424256739
Epoch: 221
	GLoss: 0.6931487738785117, DLoss: 1.3862949865634995
		DTrue: 0.4999990023747839, DSynth: 0.4999992067765708
Epoch: 222
	GLoss: 0.6931463618471165, DLoss: 1.3862941508943385
		DTrue: 0.5000003742599728, DSynth: 0.5000004123407181
Epoch: 223
	GLoss: 0.69314793730625, DLoss: 1.386294434768985
		DTrue: 0.49999975616281683, DSynth: 0.4999996256647688
Epoch: 224
	GLoss: 0.6931469469058393, DLoss: 1.3862948655480085
		DTrue: 0.5000003532628821, DSynth: 0.5000001317021823
Epoch: 225
	GLoss: 0.6931443307736908, DLoss: 1.3862944456061932
		DTrue: 0.5000007050205962, DSynth: 0.5000014440579847
Epoch: 226
	GLoss: 0.6931557741129037, DLoss: 1.3862951674846689
		DTrue: 0.49999551919072566, DSynth: 0.49999571365840506
Epoch: 227
	GLoss: 0.6931413213411967, DLoss: 1.3862939714783369
		DTrue: 0.5000028977490435, DSynth: 0.5000029380875405
Epoch: 228
	GLoss: 0.6931520999983104, DLoss: 1.3862948489911628
		DTrue: 0.49999721431069905, DSynth: 0.4999975440177051
Epoch: 229
	GLoss: 0.693148378019381, DLoss: 1.3862945205635495
		DTrue: 0.4999992322139066, DSynth: 0.49999940591027037
Epoch: 230
	GLoss: 0.6931471430292033, DLoss: 1.3862947653038333
		DTrue: 0.500000008504198, DSynth: 0.5000000190403726
Epoch: 231
	GLoss: 0.6931475123973808, DLoss: 1.3862942384951042
		DTrue: 0.4999998817690695, DSynth: 0.4999998342057671
Epoch: 232
	GLoss: 0.6931474011654806, DLoss: 1.3862943071307559
		DTrue: 0.49999998908753346, DSynth: 0.4999998892949085
Epoch: 233
	GLoss: 0.6931470025970479, DLoss: 1.3862941674511842
		DTrue: 0.5000000670552254, DSynth: 0.5000000894069672
Epoch: 234
	GLoss: 0.6931468930208322, DLoss: 1.386294244816809
		DTrue: 0.500000060206712, DSynth: 0.5000001417868065
Epoch: 235
	GLoss: 0.69314745821134, DLoss: 1.3862942336785673
		DTrue: 0.499999909087865, DSynth: 0.49999986280395525
Epoch: 236
	GLoss: 0.6931474932817497, DLoss: 1.3862943751643402
		DTrue: 0.5000000067732551, DSynth: 0.499999844215133
Epoch: 237
	GLoss: 0.6931473396041177, DLoss: 1.3862941454757343
		DTrue: 0.5000000395859131, DSynth: 0.49999992090343226
Epoch: 238
	GLoss: 0.6931471735841096, DLoss: 1.3862941502922712
		DTrue: 0.500000038231262, DSynth: 0.5000000023330101
Epoch: 239
	GLoss: 0.6931473951448094, DLoss: 1.3862943631229978
		DTrue: 0.5000000539602656, DSynth: 0.49999989411144546
Epoch: 240
	GLoss: 0.6931473581176816, DLoss: 1.386294353489924
		DTrue: 0.49999993873967064, DSynth: 0.4999999123239758
Epoch: 241
	GLoss: 0.6931470096713365, DLoss: 1.3862945702340868
		DTrue: 0.49999994935110365, DSynth: 0.5000000862461148
Epoch: 242
	GLoss: 0.6931471662087874, DLoss: 1.3862944736023142
		DTrue: 0.5000000049670538, DSynth: 0.5000000066979967
Epoch: 243
	GLoss: 0.6931462003426119, DLoss: 1.3862941466798686
		DTrue: 0.5000004340151344, DSynth: 0.5000004962538228
Epoch: 244
	GLoss: 0.6931477721893426, DLoss: 1.3862944097831995
		DTrue: 0.49999997877713404, DSynth: 0.49999971657690373
Epoch: 245
	GLoss: 0.6931473040821576, DLoss: 1.3862942369899365
		DTrue: 0.5000000486169198, DSynth: 0.49999995680168424
Epoch: 246
	GLoss: 0.6931456923484802, DLoss: 1.3862945006953344
		DTrue: 0.5000006110228673, DSynth: 0.5000007583035363
Epoch: 247
	GLoss: 0.6931475214283875, DLoss: 1.386294904983405
		DTrue: 0.4999997228986085, DSynth: 0.4999998441398746
Epoch: 248
	GLoss: 0.6931449302820244, DLoss: 1.3862942312702988
		DTrue: 0.5000006469963777, DSynth: 0.5000011411429656
Epoch: 249
	GLoss: 0.6931489025703584, DLoss: 1.3862950937314467
		DTrue: 0.4999988526105881, DSynth: 0.4999991557513825
Epoch: 250
	GLoss: 0.6931487163811019, DLoss: 1.3862947023878194
		DTrue: 0.4999991764474397, DSynth: 0.49999924154594694
Epoch: 251
	GLoss: 0.693147118645485, DLoss: 1.386294384195347
		DTrue: 0.5000000185135639, DSynth: 0.5000000362745439
Epoch: 252
	GLoss: 0.693146839135825, DLoss: 1.3862944109873339
		DTrue: 0.5000001318526991, DSynth: 0.5000001853614142
Epoch: 253
	GLoss: 0.6931482922248166, DLoss: 1.3862945777599258
		DTrue: 0.4999995638023723, DSynth: 0.49999945091478754
Epoch: 254
	GLoss: 0.6931469958237927, DLoss: 1.3862941776863251
		DTrue: 0.5000002045523037, DSynth: 0.5000001012977927
Epoch: 255
	GLoss: 0.6931475598101664, DLoss: 1.3862943531888905
		DTrue: 0.4999998115529918, DSynth: 0.49999981223031725
Epoch: 256
	GLoss: 0.6931473063399093, DLoss: 1.38629449015916
		DTrue: 0.49999982472321, DSynth: 0.49999993783657
Epoch: 257
	GLoss: 0.6931474359348567, DLoss: 1.3862943239886352
		DTrue: 0.49999982306752544, DSynth: 0.4999998746195225
Epoch: 258
	GLoss: 0.6931473281648424, DLoss: 1.3862942165196543
		DTrue: 0.5000000280713794, DSynth: 0.49999992609626115
Epoch: 259
	GLoss: 0.6931460383865569, DLoss: 1.3862943402444474
		DTrue: 0.50000048142792, DSynth: 0.5000005806937362
Epoch: 260
	GLoss: 0.6931449627936489, DLoss: 1.3862945976281407
		DTrue: 0.5000012702111042, DSynth: 0.5000011344449689
Epoch: 261
	GLoss: 0.6931467328709785, DLoss: 1.386294700581618
		DTrue: 0.5000000414673729, DSynth: 0.5000002458691597
Epoch: 262
	GLoss: 0.6931504988008075, DLoss: 1.386294857721136
		DTrue: 0.49999817912325717, DSynth: 0.49999835191652026
Epoch: 263
	GLoss: 0.6931462670215452, DLoss: 1.3862944877508916
		DTrue: 0.5000003973642985, DSynth: 0.5000004675051178
Epoch: 264
	GLoss: 0.6931477520200942, DLoss: 1.3862946217108254
		DTrue: 0.4999995643291811, DSynth: 0.4999997157490615
Epoch: 265
	GLoss: 0.6931484141434082, DLoss: 1.3862944790209182
		DTrue: 0.4999993775378574, DSynth: 0.4999993843111125
Epoch: 266
	GLoss: 0.6931474407513937, DLoss: 1.3862941695584192
		DTrue: 0.4999999815616945, DSynth: 0.4999998692761768
Epoch: 267
	GLoss: 0.693135604262352, DLoss: 1.3862934470778765
		DTrue: 0.5000058983010475, DSynth: 0.5000058015940165
Epoch: 268
	GLoss: 0.6931323646897017, DLoss: 1.3862924720301772
		DTrue: 0.5000080698818872, DSynth: 0.5000075012294933
Epoch: 269
	GLoss: 0.6931364253313854, DLoss: 1.38629146416982
		DTrue: 0.5000047733386358, DSynth: 0.5000055445866152
Epoch: 270
	GLoss: 0.693156348635452, DLoss: 1.386298326530842
		DTrue: 0.4999941402312481, DSynth: 0.49999555539001117
Epoch: 271
	GLoss: 0.6931513528330158, DLoss: 1.3862952710402132
		DTrue: 0.4999989505217533, DSynth: 0.4999980106949806
Epoch: 272
	GLoss: 0.6931484976802209, DLoss: 1.386295041652641
		DTrue: 0.4999979404036445, DSynth: 0.49999941637118656
Epoch: 273
	GLoss: 0.6931467056274414, DLoss: 1.3862943257948366
		DTrue: 0.5000002202813072, DSynth: 0.500000313676969
Epoch: 274
	GLoss: 0.6931485699282752, DLoss: 1.3862952207676087
		DTrue: 0.4999983243719496, DSynth: 0.4999993798708675
Epoch: 275
	GLoss: 0.6931502000249997, DLoss: 1.3862943986449578
		DTrue: 0.4999995273020532, DSynth: 0.4999985451800655
Epoch: 276
	GLoss: 0.6931477964225442, DLoss: 1.3862939561256256
		DTrue: 0.5000001083720814, DSynth: 0.4999997339615918
Epoch: 277
	GLoss: 0.6931498184649632, DLoss: 1.3862951930725214
		DTrue: 0.49999930777333, DSynth: 0.4999987352074999
Epoch: 278
	GLoss: 0.6931520540906926, DLoss: 1.3862951434019841
		DTrue: 0.4999971284408762, DSynth: 0.49999759474185984
Epoch: 279
	GLoss: 0.693146698402636, DLoss: 1.3862941204899488
		DTrue: 0.4999997331337495, DSynth: 0.5000002673178008
Epoch: 280
	GLoss: 0.69314771107953, DLoss: 1.3862950091410164
		DTrue: 0.4999995831437785, DSynth: 0.49999975894737725
Epoch: 281
	GLoss: 0.6931484120361733, DLoss: 1.3862944260390118
		DTrue: 0.49999965351037307, DSynth: 0.4999994065875959
Epoch: 282
	GLoss: 0.6931469830298664, DLoss: 1.386293941374981
		DTrue: 0.5000004044385872, DSynth: 0.5000001151453365
Epoch: 283
	GLoss: 0.6931473335834465, DLoss: 1.3862940681101097
		DTrue: 0.5000000565943091, DSynth: 0.49999994596447606
Epoch: 284
	GLoss: 0.6931465871707357, DLoss: 1.386294984757298
		DTrue: 0.499999708524256, DSynth: 0.5000003227079758
Epoch: 285
	GLoss: 0.6931464634459428, DLoss: 1.3862946340532014
		DTrue: 0.4999996039150941, DSynth: 0.5000003739589393
Epoch: 286
	GLoss: 0.6931466282618166, DLoss: 1.3862940148271696
		DTrue: 0.5000005173261719, DSynth: 0.5000003017108849
Epoch: 287
	GLoss: 0.6931465219969701, DLoss: 1.3862938113284833
		DTrue: 0.5000003744104896, DSynth: 0.5000003583051942
Epoch: 288
	GLoss: 0.6931493897931744, DLoss: 1.3862960022507291
		DTrue: 0.4999980990483303, DSynth: 0.499998903560518
Epoch: 289
	GLoss: 0.6931484561375897, DLoss: 1.3862945524731067
		DTrue: 0.49999928271228616, DSynth: 0.4999993612820452
Epoch: 290
	GLoss: 0.6931398855616347, DLoss: 1.3862947412211486
		DTrue: 0.5000034210206282, DSynth: 0.5000036486019992
Epoch: 291
	GLoss: 0.6931453429990344, DLoss: 1.3862941584201773
		DTrue: 0.5000011451316603, DSynth: 0.5000009203348497
Epoch: 292
	GLoss: 0.6931498907130174, DLoss: 1.386294533809026
		DTrue: 0.4999987800615002, DSynth: 0.49999864723044213
Epoch: 293
	GLoss: 0.6931460117450868, DLoss: 1.3862944419937904
		DTrue: 0.5000004953507221, DSynth: 0.5000005861123403
Epoch: 294
	GLoss: 0.6931495199901889, DLoss: 1.386294599434342
		DTrue: 0.49999883296814834, DSynth: 0.4999988319145309
Epoch: 295
	GLoss: 0.6931472933954663, DLoss: 1.3862945473555364
		DTrue: 0.4999999190972309, DSynth: 0.49999994460982505
Epoch: 296
	GLoss: 0.693147241617694, DLoss: 1.3862943802819108
		DTrue: 0.5000000014299094, DSynth: 0.4999999710255199
Epoch: 297
	GLoss: 0.693147105701042, DLoss: 1.3862943068297222
		DTrue: 0.4999999517593721, DSynth: 0.5000000380054869
Epoch: 298
	GLoss: 0.6931472747313856, DLoss: 1.3862944480144617
		DTrue: 0.4999999812606609, DSynth: 0.49999995454393253
Epoch: 299
	GLoss: 0.6931470975731359, DLoss: 1.3862944456061932
		DTrue: 0.49999993881492905, DSynth: 0.500000043047799
Epoch: 300
	GLoss: 0.693148149835943, DLoss: 1.3862943462651185
		DTrue: 0.4999995533414561, DSynth: 0.49999951638958673
Epoch: 301
	GLoss: 0.6933143084699457, DLoss: 1.386295667501411
		DTrue: 0.49991542657818455, DSynth: 0.49991655680868363
Epoch: 302
	GLoss: 0.6928617173072064, DLoss: 1.386295433899369
		DTrue: 0.5001426209705044, DSynth: 0.5001427837544017
Epoch: 303
	GLoss: 0.6931886171752756, DLoss: 1.3862934916308431
		DTrue: 0.49997988742108296, DSynth: 0.49997932004808177
Epoch: 304
	GLoss: 0.6931780468333851, DLoss: 1.3862937583465769
		DTrue: 0.4999856664375825, DSynth: 0.49998462719447684
Epoch: 305
	GLoss: 0.6931311140457789, DLoss: 1.3862942144124195
		DTrue: 0.5000087610549397, DSynth: 0.5000080950181893
Epoch: 306
	GLoss: 0.6931535618172752, DLoss: 1.3862945819743957
		DTrue: 0.49999692750097524, DSynth: 0.49999689190375685
Epoch: 307
	GLoss: 0.6931180634883919, DLoss: 1.3862954498541475
		DTrue: 0.5000139907604516, DSynth: 0.500014611642168
Epoch: 308
	GLoss: 0.6931465280176413, DLoss: 1.3862937396824961
		DTrue: 0.5000011525069824, DSynth: 0.5000003729053218
Epoch: 309
	GLoss: 0.6931391448685618, DLoss: 1.3862947255674034
		DTrue: 0.5000035007945215, DSynth: 0.5000040572550561
Epoch: 310
	GLoss: 0.693141901282349, DLoss: 1.3862939588349275
		DTrue: 0.5000035634847603, DSynth: 0.5000026837141827
Epoch: 311
	GLoss: 0.6931338844576267, DLoss: 1.3862939513090886
		DTrue: 0.5000060529570387, DSynth: 0.5000066932554197
Epoch: 312
	GLoss: 0.693155007831978, DLoss: 1.386295709947143
		DTrue: 0.49999652562117336, DSynth: 0.49999612012896877
Epoch: 313
	GLoss: 0.6931505946799962, DLoss: 1.3862950663373927
		DTrue: 0.4999981995935392, DSynth: 0.4999983131584495
Epoch: 314
	GLoss: 0.6931455315965594, DLoss: 1.3862943227845008
		DTrue: 0.5000009450948599, DSynth: 0.5000008379269127
Epoch: 315
	GLoss: 0.6931456327438354, DLoss: 1.3862939567276926
		DTrue: 0.5000008667508761, DSynth: 0.5000007887079259
Epoch: 316
	GLoss: 0.6931463037476395, DLoss: 1.3862943751643402
		DTrue: 0.4999997256831689, DSynth: 0.5000004655483997
Epoch: 317
	GLoss: 0.6931486299844704, DLoss: 1.3862949119071768
		DTrue: 0.4999993386292698, DSynth: 0.49999929460311177
Epoch: 318
	GLoss: 0.6931483766647301, DLoss: 1.3862944091811324
		DTrue: 0.49999960143156724, DSynth: 0.49999941501653555
Epoch: 319
	GLoss: 0.6931502105611743, DLoss: 1.3862945115325427
		DTrue: 0.4999987907481916, DSynth: 0.49999850077761543
Epoch: 320
	GLoss: 0.6931462456481625, DLoss: 1.3862947785493098
		DTrue: 0.49999999458139593, DSynth: 0.5000004794712019
Epoch: 321
	GLoss: 0.6931486578300746, DLoss: 1.3862949019730693
		DTrue: 0.499998947962968, DSynth: 0.4999992737565378
Epoch: 322
	GLoss: 0.6931477551809465, DLoss: 1.3862946668658593
		DTrue: 0.49999971138407484, DSynth: 0.4999997220707662
Epoch: 323
	GLoss: 0.6931488382996935, DLoss: 1.386294412191468
		DTrue: 0.49999903684312647, DSynth: 0.4999991759206309
Epoch: 324
	GLoss: 0.6931458707108642, DLoss: 1.3862945615041136
		DTrue: 0.5000005864133739, DSynth: 0.5000006624243476
Epoch: 325
	GLoss: 0.6931460186688587, DLoss: 1.3862943020131853
		DTrue: 0.5000006015403102, DSynth: 0.5000005820483873
Epoch: 326
	GLoss: 0.6931471150330822, DLoss: 1.3862943230855345
		DTrue: 0.4999999844215133, DSynth: 0.5000000334899835
Epoch: 327
	GLoss: 0.693145673383366, DLoss: 1.386294267996393
		DTrue: 0.5000008498929968, DSynth: 0.5000007556694926
Epoch: 328
	GLoss: 0.6931474211842122, DLoss: 1.386294333621709
		DTrue: 0.4999999546944493, DSynth: 0.49999987921028427
Epoch: 329
	GLoss: 0.6931469476584232, DLoss: 1.3862941969524731
		DTrue: 0.5000000203197653, DSynth: 0.5000001181556721
Epoch: 330
	GLoss: 0.6931470892947129, DLoss: 1.3862943935273873
		DTrue: 0.5000000100093659, DSynth: 0.5000000485416615
Epoch: 331
	GLoss: 0.6931450853143075, DLoss: 1.3862942661901918
		DTrue: 0.5000010346523439, DSynth: 0.5000010505318642
Epoch: 332
	GLoss: 0.693146718270851, DLoss: 1.3862944055687298
		DTrue: 0.5000001190587727, DSynth: 0.5000002457939013
Epoch: 333
	GLoss: 0.693146468111963, DLoss: 1.3862947327922088
		DTrue: 0.5000002784560426, DSynth: 0.5000003713248956
Epoch: 334
	GLoss: 0.6931492272350523, DLoss: 1.386294622613926
		DTrue: 0.49999883206504764, DSynth: 0.4999989830333777
Epoch: 335
	GLoss: 0.6931464249136472, DLoss: 1.3862943098400577
		DTrue: 0.5000003166120461, DSynth: 0.5000003796033184
Epoch: 336
	GLoss: 0.6931475128489312, DLoss: 1.386294333019642
		DTrue: 0.49999982351907574, DSynth: 0.49999983992540475
Epoch: 337
	GLoss: 0.693147633262355, DLoss: 1.3862943008090511
		DTrue: 0.49999999465665435, DSynth: 0.499999783030062
Epoch: 338
	GLoss: 0.693147226566016, DLoss: 1.3862945636113484
		DTrue: 0.49999976173193766, DSynth: 0.49999998329263745
Epoch: 339
	GLoss: 0.6931474962920854, DLoss: 1.3862947186436316
		DTrue: 0.49999960587181225, DSynth: 0.4999998418068645
Epoch: 340
	GLoss: 0.6931468773670871, DLoss: 1.386294224346527
		DTrue: 0.5000003330183752, DSynth: 0.5000001584189107
Epoch: 341
	GLoss: 0.693147697382503, DLoss: 1.3862946177973892
		DTrue: 0.49999972696256156, DSynth: 0.49999974645448453
Epoch: 342
	GLoss: 0.6931479367041828, DLoss: 1.3862944693878443
		DTrue: 0.49999976331236384, DSynth: 0.49999962385856744
Epoch: 343
	GLoss: 0.6931469509697924, DLoss: 1.3862946442883424
		DTrue: 0.49999997885239245, DSynth: 0.5000001161989539
Epoch: 344
	GLoss: 0.6931478954625853, DLoss: 1.3862944001501256
		DTrue: 0.49999960812956395, DSynth: 0.4999996442535911
Epoch: 345
	GLoss: 0.6931476428954289, DLoss: 1.38629438359328
		DTrue: 0.49999977166604515, DSynth: 0.4999997701608773
Epoch: 346
	GLoss: 0.6931485974728459, DLoss: 1.38629434807132
		DTrue: 0.4999994719871367, DSynth: 0.4999993038598937
Epoch: 347
	GLoss: 0.6931496357375925, DLoss: 1.3862946644575909
		DTrue: 0.49999879232861777, DSynth: 0.499998787737856
Epoch: 348
	GLoss: 0.6931460009078787, DLoss: 1.3862939829176122
		DTrue: 0.5000008375506209, DSynth: 0.5000006340519346
Epoch: 349
	GLoss: 0.693142054357914, DLoss: 1.3862942381940706
		DTrue: 0.5000024557565198, DSynth: 0.500002637430273
Epoch: 350
	GLoss: 0.6931468320615364, DLoss: 1.3862940614873713
		DTrue: 0.5000002220875085, DSynth: 0.500000239171163
Epoch: 351
	GLoss: 0.6931502653492821, DLoss: 1.386294345964085
		DTrue: 0.4999989364484344, DSynth: 0.4999985393851694
Epoch: 352
	GLoss: 0.6931442376038041, DLoss: 1.3862948321332835
		DTrue: 0.5000015459578446, DSynth: 0.5000015123926028
Epoch: 353
	GLoss: 0.693149244544482, DLoss: 1.386294564514449
		DTrue: 0.4999990789878248, DSynth: 0.4999989802488173
Epoch: 354
	GLoss: 0.6931475083334278, DLoss: 1.3862943285041385
		DTrue: 0.5000000991905579, DSynth: 0.4999998591162942
Epoch: 355
	GLoss: 0.6931467808858313, DLoss: 1.3862938947147794
		DTrue: 0.500000432585225, DSynth: 0.5000002269040454
Epoch: 356
	GLoss: 0.6931472187391435, DLoss: 1.3862949350867608
		DTrue: 0.4999998947135126, DSynth: 0.5000000033866275
Epoch: 357
	GLoss: 0.6931469563883964, DLoss: 1.3862940488439617
		DTrue: 0.500000300356234, DSynth: 0.5000001238000513
Epoch: 358
	GLoss: 0.6931458636365756, DLoss: 1.3862945365183281
		DTrue: 0.4999999801317851, DSynth: 0.5000006826688544
Epoch: 359
	GLoss: 0.6931479473908743, DLoss: 1.3862944690868109
		DTrue: 0.4999996395123125, DSynth: 0.4999996298792386
Epoch: 360
	GLoss: 0.6931467276028912, DLoss: 1.3862945867909326
		DTrue: 0.5000001183814473, DSynth: 0.5000002349566932
Epoch: 361
	GLoss: 0.6931460529866845, DLoss: 1.3862941144692777
		DTrue: 0.5000004461317351, DSynth: 0.5000005712864375
Epoch: 362
	GLoss: 0.6932450722564351, DLoss: 1.3862933676050166
		DTrue: 0.49995252911490623, DSynth: 0.4999511703246772
Epoch: 363
	GLoss: 0.6931082400107624, DLoss: 1.3862941069434387
		DTrue: 0.5000195592039763, DSynth: 0.5000197024959506
Epoch: 364
	GLoss: 0.6930447719012848, DLoss: 1.3862977690166898
		DTrue: 0.500050469555638, DSynth: 0.5000513301353262
Epoch: 365
	GLoss: 0.693089649231747, DLoss: 1.3862949362908952
		DTrue: 0.5000288827401219, DSynth: 0.5000287910001446
Epoch: 366
	GLoss: 0.6931870162788064, DLoss: 1.3862944194162734
		DTrue: 0.49997976113750475, DSynth: 0.4999801119168599
Epoch: 367
	GLoss: 0.6931157056430374, DLoss: 1.3862946027457113
		DTrue: 0.5000159559075279, DSynth: 0.5000157724275733
Epoch: 368
	GLoss: 0.6931430181168546, DLoss: 1.386294131327157
		DTrue: 0.5000017431348261, DSynth: 0.5000021091163761
Epoch: 369
	GLoss: 0.6931293710614695, DLoss: 1.386293437143769
		DTrue: 0.5000090439512272, DSynth: 0.5000089510823741
Epoch: 370
	GLoss: 0.6931269984654705, DLoss: 1.3862943128503935
		DTrue: 0.5000105597304575, DSynth: 0.500010148067065
Epoch: 371
	GLoss: 0.6931520574020616, DLoss: 1.3862949435157006
		DTrue: 0.49999656738957976, DSynth: 0.4999976166420513
Epoch: 372
	GLoss: 0.6931474123037222, DLoss: 1.3862939916475854
		DTrue: 0.5000003059253548, DSynth: 0.4999999271498786
Epoch: 373
	GLoss: 0.6931495138190009, DLoss: 1.3862950822921714
		DTrue: 0.49999896858376686, DSynth: 0.49999887737059834
Epoch: 374
	GLoss: 0.6931451351353617, DLoss: 1.386293845044242
		DTrue: 0.5000010882363175, DSynth: 0.5000010610680388
Epoch: 375
	GLoss: 0.6931417384231934, DLoss: 1.3862936773685495
		DTrue: 0.5000027558869786, DSynth: 0.5000027665736699
Epoch: 376
	GLoss: 0.6931450841101733, DLoss: 1.3862934591192189
		DTrue: 0.5000014516590822, DSynth: 0.50000111382417
Epoch: 377
	GLoss: 0.6931463836720495, DLoss: 1.3862943546940583
		DTrue: 0.5000001076947559, DSynth: 0.5000004635164232
Epoch: 378
	GLoss: 0.6931505678880094, DLoss: 1.386295780991063
		DTrue: 0.4999975564353394, DSynth: 0.4999983607217519
Epoch: 379
	GLoss: 0.6931470468489811, DLoss: 1.3862942535467822
		DTrue: 0.5000001224454003, DSynth: 0.5000001082215646
Epoch: 380
	GLoss: 0.6931512218834174, DLoss: 1.3862959324109434
		DTrue: 0.499997134386289, DSynth: 0.4999980065557692
Epoch: 381
	GLoss: 0.6931470784575048, DLoss: 1.3862944031604614
		DTrue: 0.5000001634612228, DSynth: 0.5000000710439201
Epoch: 382
	GLoss: 0.6931460797786713, DLoss: 1.3862946569317518
		DTrue: 0.5000000469612352, DSynth: 0.5000005665451589
Epoch: 383
	GLoss: 0.6931472953521844, DLoss: 1.3862941147703114
		DTrue: 0.5000001018998599, DSynth: 0.499999961392446
Epoch: 384
	GLoss: 0.6931464398148084, DLoss: 1.3862938917044438
		DTrue: 0.5000009555557762, DSynth: 0.5000003954828388
Epoch: 385
	GLoss: 0.69314617565786, DLoss: 1.3862942026721106
		DTrue: 0.5000001183061888, DSynth: 0.5000005375706789
Epoch: 386
	GLoss: 0.693146907470443, DLoss: 1.386294333621709
		DTrue: 0.49999998028230186, DSynth: 0.500000169481894
Epoch: 387
	GLoss: 0.6931489296633788, DLoss: 1.3862954378128052
		DTrue: 0.49999843733479277, DSynth: 0.4999991441615904
Epoch: 388
	GLoss: 0.6931463222612034, DLoss: 1.3862942086927819
		DTrue: 0.5000003802053856, DSynth: 0.5000004471853526
Epoch: 389
	GLoss: 0.6931489898700907, DLoss: 1.3862951837404809
		DTrue: 0.49999896745489103, DSynth: 0.4999991108973821
Epoch: 390
	GLoss: 0.6931476538831537, DLoss: 1.3862944585506363
		DTrue: 0.4999998150901361, DSynth: 0.4999997733969881
Epoch: 391
	GLoss: 0.6931538756447609, DLoss: 1.3862948411642904
		DTrue: 0.49999696068992516, DSynth: 0.4999966717729665
Epoch: 392
	GLoss: 0.6931447433401839, DLoss: 1.3862944510247972
		DTrue: 0.5000011135983948, DSynth: 0.5000012361190536
Epoch: 393
	GLoss: 0.6931700914195089, DLoss: 1.386294770421404
		DTrue: 0.4999885924837806, DSynth: 0.4999885616278408
Epoch: 394
	GLoss: 0.6931918260425028, DLoss: 1.3862931758466392
		DTrue: 0.4999791369444192, DSynth: 0.49997781352563336
Epoch: 395
	GLoss: 0.6931910937783694, DLoss: 1.3862913452615642
		DTrue: 0.4999785805591429, DSynth: 0.49997834778494304
Epoch: 396
	GLoss: 0.6930967083181998, DLoss: 1.38629658926617
		DTrue: 0.5000251725767598, DSynth: 0.5000254458399734
Epoch: 397
	GLoss: 0.6931526724136237, DLoss: 1.3862935319693401
		DTrue: 0.49999815278282067, DSynth: 0.49999747350059376
Epoch: 398
	GLoss: 0.6931244649670341, DLoss: 1.3862956193360416
		DTrue: 0.5000106482343241, DSynth: 0.5000115537432709
Epoch: 399
	GLoss: 0.6931067130180321, DLoss: 1.3862962439806774
		DTrue: 0.5000185718891597, DSynth: 0.5000203109600327
Epoch: 400
	GLoss: 0.6932220906019211, DLoss: 1.3862893310460178
		DTrue: 0.4999649356862511, DSynth: 0.4999627238421729
Epoch: 401
	GLoss: 0.6931075900793076, DLoss: 1.3862968102248028
		DTrue: 0.5000213725548802, DSynth: 0.5000200300204634
Epoch: 402
	GLoss: 0.6931063749573447, DLoss: 1.3862965796330962
		DTrue: 0.5000197110001487, DSynth: 0.5000204931605946
Epoch: 403
	GLoss: 0.6931449998207767, DLoss: 1.3862949317753916
		DTrue: 0.5000010826671967, DSynth: 0.500001165752459
Epoch: 404
	GLoss: 0.6931344303819869, DLoss: 1.3862943441578837
		DTrue: 0.5000063644515144, DSynth: 0.5000064172076456
Epoch: 405
	GLoss: 0.6931265344222387, DLoss: 1.3862952680298777
		DTrue: 0.5000102523751934, DSynth: 0.5000103444914625
Epoch: 406
	GLoss: 0.6931507092232656, DLoss: 1.3862945970260736
		DTrue: 0.49999828869947277, DSynth: 0.4999982380505764
Epoch: 407
	GLoss: 0.6931452642787587, DLoss: 1.3862940223530085
		DTrue: 0.5000007969863487, DSynth: 0.5000009608991218
Epoch: 408
	GLoss: 0.6931464949039498, DLoss: 1.3862942267547955
		DTrue: 0.5000004529802486, DSynth: 0.5000003468659189
Epoch: 409
	GLoss: 0.693156863854389, DLoss: 1.3862949540518752
		DTrue: 0.4999950032944631, DSynth: 0.4999951606597563
Epoch: 410
	GLoss: 0.6931397251107476, DLoss: 1.386294188824567
		DTrue: 0.5000037914424231, DSynth: 0.500003728676926
Epoch: 411
	GLoss: 0.6931465233516212, DLoss: 1.386294409482166
		DTrue: 0.5000002813158613, DSynth: 0.5000003295564892
Epoch: 412
	GLoss: 0.6931477214651879, DLoss: 1.3862945488607041
		DTrue: 0.4999998162942703, DSynth: 0.49999973080073945
Epoch: 413
	GLoss: 0.693146669653931, DLoss: 1.3862941731708218
		DTrue: 0.5000002429340825, DSynth: 0.5000002584373108
Epoch: 414
	GLoss: 0.6931468654762615, DLoss: 1.3862942330765002
		DTrue: 0.5000004279944632, DSynth: 0.5000001613539878
Epoch: 415
	GLoss: 0.6931460570506375, DLoss: 1.3862934862122391
		DTrue: 0.5000008760829164, DSynth: 0.5000005758771993
Epoch: 416
	GLoss: 0.6931482591111251, DLoss: 1.3862946463955774
		DTrue: 0.49999971206140037, DSynth: 0.4999994795129757
Epoch: 417
	GLoss: 0.6931482034199166, DLoss: 1.386294522369751
		DTrue: 0.499999636125685, DSynth: 0.499999503896694
Epoch: 418
	GLoss: 0.6931471693696398, DLoss: 1.3862948146733372
		DTrue: 0.4999997353162428, DSynth: 0.5000000172341713
Epoch: 419
	GLoss: 0.6931453479660882, DLoss: 1.3862934567109504
		DTrue: 0.5000011178128647, DSynth: 0.500000928688531
Epoch: 420
	GLoss: 0.6931479466382904, DLoss: 1.386294644589376
		DTrue: 0.499999674733239, DSynth: 0.49999963168544
Epoch: 421
	GLoss: 0.6931486993727057, DLoss: 1.3862950717559968
		DTrue: 0.49999916169679526, DSynth: 0.4999992507274705
Epoch: 422
	GLoss: 0.6931461780661284, DLoss: 1.3862940545635993
		DTrue: 0.500000389537426, DSynth: 0.5000005120580847
Epoch: 423
	GLoss: 0.6931471099155118, DLoss: 1.3862941244033853
		DTrue: 0.5000001710623202, DSynth: 0.5000000417684064
Epoch: 424
	GLoss: 0.693147135051814, DLoss: 1.386294343254783
		DTrue: 0.4999999754657649, DSynth: 0.5000000362745439
Epoch: 425
	GLoss: 0.6931480891776808, DLoss: 1.3862943802819108
		DTrue: 0.49999997968023474, DSynth: 0.49999955642705013
Epoch: 426
	GLoss: 0.6931481794877485, DLoss: 1.386294252944715
		DTrue: 0.499999992474161, DSynth: 0.49999951526071085
Epoch: 427
	GLoss: 0.693148404058784, DLoss: 1.3862948607314716
		DTrue: 0.4999994872645898, DSynth: 0.49999939642771324
Epoch: 428
	GLoss: 0.6931472833108421, DLoss: 1.3862944561423678
		DTrue: 0.4999999153343114, DSynth: 0.4999999552965164
Epoch: 429
	GLoss: 0.6931472586260902, DLoss: 1.3862940331902167
		DTrue: 0.5000001178546385, DSynth: 0.49999996891828496
Epoch: 430
	GLoss: 0.6931473599238829, DLoss: 1.386294400752193
		DTrue: 0.5000001511941052, DSynth: 0.4999999181941302
Epoch: 431
	GLoss: 0.6931456042961641, DLoss: 1.3862941773852917
		DTrue: 0.5000005832525215, DSynth: 0.5000007998461675
Epoch: 432
	GLoss: 0.6931443420624492, DLoss: 1.3862940888814252
		DTrue: 0.5000006853781566, DSynth: 0.5000014414991996
Epoch: 433
	GLoss: 0.69314560775805, DLoss: 1.3862940750338815
		DTrue: 0.5000007205238246, DSynth: 0.5000008290464227
Epoch: 434
	GLoss: 0.6931485189030869, DLoss: 1.3862948736759146
		DTrue: 0.49999959036858393, DSynth: 0.49999936000265255
Epoch: 435
	GLoss: 0.6931490639243463, DLoss: 1.3862941096527408
		DTrue: 0.49999921370034267, DSynth: 0.49999912519647616
Epoch: 436
	GLoss: 0.6931505031657942, DLoss: 1.3862944760105826
		DTrue: 0.49999891582763556, DSynth: 0.4999984224336316
Epoch: 437
	GLoss: 0.693150087137415, DLoss: 1.3862953803153952
		DTrue: 0.4999986951700365, DSynth: 0.49999861306313315
Epoch: 438
	GLoss: 0.6931439754035738, DLoss: 1.386293707772939
		DTrue: 0.5000019662006937, DSynth: 0.5000016422885837
Epoch: 439
	GLoss: 0.6931490624191785, DLoss: 1.3862947276746385
		DTrue: 0.49999937490381374, DSynth: 0.49999908974977453
Epoch: 440
	GLoss: 0.6931459300144754, DLoss: 1.386293761055879
		DTrue: 0.5000011810299122, DSynth: 0.5000006521139482
Epoch: 441
	GLoss: 0.6931489009146738, DLoss: 1.3862949173257808
		DTrue: 0.4999994723634286, DSynth: 0.4999991748670135
Epoch: 442
	GLoss: 0.6931477226693221, DLoss: 1.386294295390447
		DTrue: 0.5000000042897282, DSynth: 0.49999975149679665
Epoch: 443
	GLoss: 0.6931490536892053, DLoss: 1.3862955591293296
		DTrue: 0.4999988532126552, DSynth: 0.4999990819981604
Epoch: 444
	GLoss: 0.6931480319813045, DLoss: 1.386294460657871
		DTrue: 0.4999998188530556, DSynth: 0.49999957825198316
Epoch: 445
	GLoss: 0.6931477413334027, DLoss: 1.3862945615041136
		DTrue: 0.49999969813859824, DSynth: 0.4999997253821354
Epoch: 446
	GLoss: 0.6931460284524493, DLoss: 1.386294420319374
		DTrue: 0.500000625246703, DSynth: 0.5000005800916691
Epoch: 447
	GLoss: 0.6931475584555153, DLoss: 1.3862944781178175
		DTrue: 0.4999997846104882, DSynth: 0.4999998180252133
Epoch: 448
	GLoss: 0.6931475554451798, DLoss: 1.386294648803846
		DTrue: 0.49999963055656416, DSynth: 0.4999998223149415
Epoch: 449
	GLoss: 0.6931475623689517, DLoss: 1.3862944769136833
		DTrue: 0.4999997646670149, DSynth: 0.49999981471384414
Epoch: 450
	GLoss: 0.6931469562378797, DLoss: 1.3862938829744704
		DTrue: 0.5000004751814736, DSynth: 0.50000012199385
Epoch: 451
	GLoss: 0.6931478801098737, DLoss: 1.386294697872316
		DTrue: 0.4999995051760866, DSynth: 0.49999965644545025
Epoch: 452
	GLoss: 0.6931464359013721, DLoss: 1.3862942153155202
		DTrue: 0.5000003432535162, DSynth: 0.5000003825383957
Epoch: 453
	GLoss: 0.6931480053398344, DLoss: 1.386294788182384
		DTrue: 0.49999943345484105, DSynth: 0.49999959398098665
Epoch: 454
	GLoss: 0.6931462551307197, DLoss: 1.3862940527573981
		DTrue: 0.5000004642690071, DSynth: 0.5000004675803762
Epoch: 455
	GLoss: 0.6931470290880011, DLoss: 1.3862945271862879
		DTrue: 0.5000000888049, DSynth: 0.5000000891059336
Epoch: 456
	GLoss: 0.6931469157488659, DLoss: 1.3862934576140509
		DTrue: 0.5000006251714446, DSynth: 0.5000001576663268
Epoch: 457
	GLoss: 0.6931479156318338, DLoss: 1.386294503103603
		DTrue: 0.4999996629929302, DSynth: 0.49999966035888654
Epoch: 458
	GLoss: 0.6931467631248512, DLoss: 1.3862939519111557
		DTrue: 0.5000002923035862, DSynth: 0.5000002327741999
Epoch: 459
	GLoss: 0.6931480818023585, DLoss: 1.3862951641732997
		DTrue: 0.4999992581780511, DSynth: 0.499999564705473
Epoch: 460
	GLoss: 0.6931473733198763, DLoss: 1.3862943977418571
		DTrue: 0.4999999688430266, DSynth: 0.4999999130765597
Epoch: 461
	GLoss: 0.6931479169864847, DLoss: 1.3862943628219644
		DTrue: 0.4999997425410483, DSynth: 0.4999996376308528
Epoch: 462
	GLoss: 0.6931480194884118, DLoss: 1.3862948821048544
		DTrue: 0.49999942035988126, DSynth: 0.4999995817891275
Epoch: 463
	GLoss: 0.6931471946564588, DLoss: 1.386294289971843
		DTrue: 0.5000000108372081, DSynth: 0.49999999428036235
Epoch: 464
	GLoss: 0.6931472675065802, DLoss: 1.3862943850984477
		DTrue: 0.4999999805833354, DSynth: 0.49999995484496607
Epoch: 465
	GLoss: 0.6931382315327422, DLoss: 1.3862931496567197
		DTrue: 0.5000045076012611, DSynth: 0.500004506999194
Epoch: 466
	GLoss: 0.6931481331285804, DLoss: 1.3862940319860824
		DTrue: 0.4999997965013138, DSynth: 0.49999964824228577
Epoch: 467
	GLoss: 0.6931544405342352, DLoss: 1.38629670426099
		DTrue: 0.49999614406113674, DSynth: 0.4999964563081963
Epoch: 468
	GLoss: 0.6931479190937196, DLoss: 1.3862947493490547
		DTrue: 0.4999999433304324, DSynth: 0.499999683613729
Epoch: 469
	GLoss: 0.6931473621816346, DLoss: 1.3862939606411289
		DTrue: 0.5000008833077219, DSynth: 0.49999995785530166
Epoch: 470
	GLoss: 0.6931478274290008, DLoss: 1.386294381486045
		DTrue: 0.49999990758269725, DSynth: 0.49999971748000444
Epoch: 471
	GLoss: 0.6931539325401036, DLoss: 1.3862961217610523
		DTrue: 0.4999962571744967, DSynth: 0.4999966403902179
Epoch: 472
	GLoss: 0.6931454384266728, DLoss: 1.3862942225403256
		DTrue: 0.5000004238552518, DSynth: 0.5000008805984199
Epoch: 473
	GLoss: 0.6931459324227439, DLoss: 1.3862943850984477
		DTrue: 0.5000005989815249, DSynth: 0.5000006382664045
Epoch: 474
	GLoss: 0.6931470715337329, DLoss: 1.3862942129072517
		DTrue: 0.5000003967622314, DSynth: 0.5000000726996046
Epoch: 475
	GLoss: 0.6931450466314951, DLoss: 1.386293906455088
		DTrue: 0.5000011951784895, DSynth: 0.5000010927518209
Epoch: 476
	GLoss: 0.6931502247097516, DLoss: 1.3862950181720233
		DTrue: 0.49999846962064204, DSynth: 0.49999851116327326
Epoch: 477
	GLoss: 0.6931453466114371, DLoss: 1.3862934558078497
		DTrue: 0.5000009605228298, DSynth: 0.500000941632974
Epoch: 478
	GLoss: 0.6931464386106742, DLoss: 1.3862944179111056
		DTrue: 0.5000001049854539, DSynth: 0.5000004019550602
Epoch: 479
	GLoss: 0.6931457429221182, DLoss: 1.3862922122382155
		DTrue: 0.5000023969044589, DSynth: 0.5000007641736908
Epoch: 480
	GLoss: 0.6931460979912016, DLoss: 1.3862944034614948
		DTrue: 0.5000002603187705, DSynth: 0.5000006071846894
Epoch: 481
	GLoss: 0.6931483266931592, DLoss: 1.3862934533995812
		DTrue: 0.5000012891009601, DSynth: 0.4999994988543819
Epoch: 482
	GLoss: 0.6931522223684523, DLoss: 1.3862953727895564
		DTrue: 0.4999977302069616, DSynth: 0.49999754687752385
Epoch: 483
	GLoss: 0.6931493711290937, DLoss: 1.3862950103451508
		DTrue: 0.4999986636367711, DSynth: 0.4999989415660049
Epoch: 484
	GLoss: 0.6931495284191286, DLoss: 1.3862953402779319
		DTrue: 0.49999891823590403, DSynth: 0.49999885667454114
Epoch: 485
	GLoss: 0.6931481435142383, DLoss: 1.386295239130656
		DTrue: 0.4999992861741721, DSynth: 0.49999953685986875
Epoch: 486
	GLoss: 0.6931478125278396, DLoss: 1.386294393828421
		DTrue: 0.4999998541492404, DSynth: 0.4999996994179909
Epoch: 487
	GLoss: 0.6931457537593264, DLoss: 1.3862935069835547
		DTrue: 0.5000005992073001, DSynth: 0.5000007361775697
Epoch: 488
	GLoss: 0.693145374005491, DLoss: 1.386292837785952
		DTrue: 0.5000010839465893, DSynth: 0.5000009374937626
Epoch: 489
	GLoss: 0.6931484144444418, DLoss: 1.3862957024213038
		DTrue: 0.49999891447298456, DSynth: 0.4999994107268073
Epoch: 490
	GLoss: 0.6931462414336927, DLoss: 1.3862943989459915
		DTrue: 0.4999999447603418, DSynth: 0.5000004921146114
Epoch: 491
	GLoss: 0.6931479637972032, DLoss: 1.386294889931727
		DTrue: 0.49999941147939125, DSynth: 0.49999962310598356
Epoch: 492
	GLoss: 0.6931478319445041, DLoss: 1.3862942487302452
		DTrue: 0.5000000822574201, DSynth: 0.4999996852694136
Epoch: 493
	GLoss: 0.6931473129626476, DLoss: 1.386294956761177
		DTrue: 0.4999994817707274, DSynth: 0.499999940545872
Epoch: 494
	GLoss: 0.6931463029950556, DLoss: 1.3862935379900114
		DTrue: 0.5000009250761283, DSynth: 0.5000004501204298
Epoch: 495
	GLoss: 0.6931472748819024, DLoss: 1.3862952313037833
		DTrue: 0.4999993128909005, DSynth: 0.4999999659832078
Epoch: 496
	GLoss: 0.6931462081694844, DLoss: 1.3862940991165662
		DTrue: 0.500000205380146, DSynth: 0.5000004992641583
Epoch: 497
	GLoss: 0.6931485419321541, DLoss: 1.3862950582094866
		DTrue: 0.49999940237312607, DSynth: 0.49999933027558857
Epoch: 498
	GLoss: 0.6931477685769399, DLoss: 1.3862945202625159
		DTrue: 0.5000000016556846, DSynth: 0.4999997134913098
Epoch: 499
	GLoss: 0.6931483850936697, DLoss: 1.3862948498942635
		DTrue: 0.49999925968321884, DSynth: 0.49999940101847506
Epoch: 500
	GLoss: 0.6931226968464225, DLoss: 1.3862952153490047
		DTrue: 0.5000120924428256, DSynth: 0.5000122589896424
Epoch: 501
	GLoss: 0.6931486859767124, DLoss: 1.3862944434989581
		DTrue: 0.49999919210118476, DSynth: 0.49999924651300065
Epoch: 502
	GLoss: 0.6931461870971353, DLoss: 1.386294419717307
		DTrue: 0.5000006378148542, DSynth: 0.5000004982857993
Epoch: 503
	GLoss: 0.6931501780495499, DLoss: 1.3862944847405558
		DTrue: 0.4999984729320112, DSynth: 0.49999850288485037
Epoch: 504
	GLoss: 0.6931469064168255, DLoss: 1.3862944401875892
		DTrue: 0.4999999779492918, DSynth: 0.5000001397548299
Epoch: 505
	GLoss: 0.6931472602817748, DLoss: 1.3862946280325301
		DTrue: 0.49999994152423105, DSynth: 0.4999999592099527
Epoch: 506
	GLoss: 0.6931470177992426, DLoss: 1.3862940118168339
		DTrue: 0.5000000532076816, DSynth: 0.500000083988363
Epoch: 507
	GLoss: 0.6931470823709411, DLoss: 1.3862940723245794
		DTrue: 0.5000000644964401, DSynth: 0.5000000498963125
Epoch: 508
	GLoss: 0.6931472452300967, DLoss: 1.3862943914201524
		DTrue: 0.4999999918720939, DSynth: 0.4999999673378588
Epoch: 509
	GLoss: 0.6931471714768747, DLoss: 1.3862943679395348
		DTrue: 0.49999997057396955, DSynth: 0.5000000041392114
Epoch: 510
	GLoss: 0.6931470780059544, DLoss: 1.3862943592095616
		DTrue: 0.4999999779492918, DSynth: 0.5000000500468292
Epoch: 511
	GLoss: 0.6931472768386205, DLoss: 1.3862945792650936
		DTrue: 0.4999999049486536, DSynth: 0.4999999541676406
Epoch: 512
	GLoss: 0.6931471180434179, DLoss: 1.3862945729433889
		DTrue: 0.49999990464762006, DSynth: 0.5000000337910171
Epoch: 513
	GLoss: 0.6931461958271085, DLoss: 1.3862942938852791
		DTrue: 0.5000005533749406, DSynth: 0.500000494748655
Epoch: 514
	GLoss: 0.6931486935025514, DLoss: 1.3862945976281407
		DTrue: 0.4999992757885143, DSynth: 0.4999992444810241
Epoch: 515
	GLoss: 0.6931470780059544, DLoss: 1.3862944215235085
		DTrue: 0.4999999477706774, DSynth: 0.5000000516272555
Epoch: 516
	GLoss: 0.6931472363496067, DLoss: 1.3862944450041261
		DTrue: 0.49999994619025123, DSynth: 0.49999997170284544
Epoch: 517
	GLoss: 0.6931472679581305, DLoss: 1.3862943170648632
		DTrue: 0.49999998938856705, DSynth: 0.4999999580058185
Epoch: 518
	GLoss: 0.6931471969142105, DLoss: 1.3862943321165413
		DTrue: 0.4999999751647313, DSynth: 0.4999999926246778
Epoch: 519
	GLoss: 0.6931469714400744, DLoss: 1.3862944176100722
		DTrue: 0.49999996861725143, DSynth: 0.5000001047596787
Epoch: 520
	GLoss: 0.693147146641606, DLoss: 1.3862942171217216
		DTrue: 0.5000000036124027, DSynth: 0.5000000192661478
Epoch: 521
	GLoss: 0.6931472298773852, DLoss: 1.3862941719666877
		DTrue: 0.50000003552196, DSynth: 0.4999999761430904
Epoch: 522
	GLoss: 0.6931470555789543, DLoss: 1.3862944877508916
		DTrue: 0.49999991781783826, DSynth: 0.5000000626902388
Epoch: 523
	GLoss: 0.6931473268101914, DLoss: 1.386294274920165
		DTrue: 0.500000017384688, DSynth: 0.4999999270746202
Epoch: 524
	GLoss: 0.6931446108854178, DLoss: 1.3862943989459915
		DTrue: 0.5000011957052982, DSynth: 0.5000012888751849
Epoch: 525
	GLoss: 0.693142707600738, DLoss: 1.3862927971464214
		DTrue: 0.5000036991003788, DSynth: 0.5000023140449716
Epoch: 526
	GLoss: 0.6931520721527061, DLoss: 1.3862957930324054
		DTrue: 0.49999713619249037, DSynth: 0.4999976222111721
Epoch: 527
	GLoss: 0.6931423480161513, DLoss: 1.3862927757730388
		DTrue: 0.5000026828863404, DSynth: 0.5000024790113623
Epoch: 528
	GLoss: 0.6931454017005786, DLoss: 1.386292830260113
		DTrue: 0.5000012941432722, DSynth: 0.5000009698548702
Epoch: 529
	GLoss: 0.6931476949742346, DLoss: 1.3862964360400885
		DTrue: 0.49999798676281265, DSynth: 0.49999982193864956
Epoch: 530
	GLoss: 0.6931480512474523, DLoss: 1.3862936614137706
		DTrue: 0.5000006460180186, DSynth: 0.49999964229687294
Epoch: 531
	GLoss: 0.6931431878997822, DLoss: 1.3862920674410733
		DTrue: 0.5000028413805094, DSynth: 0.5000020796150872
Epoch: 532
	GLoss: 0.6931484459024487, DLoss: 1.38629522678828
		DTrue: 0.499998723843483, DSynth: 0.4999994593437272
Epoch: 533
	GLoss: 0.6931472944490837, DLoss: 1.3862935021670177
		DTrue: 0.5000009088955745, DSynth: 0.500000043047799
Epoch: 534
	GLoss: 0.6931492228700658, DLoss: 1.3862944994912003
		DTrue: 0.4999989527042466, DSynth: 0.49999907800946575
Epoch: 535
	GLoss: 0.6931476335633885, DLoss: 1.3862960197106757
		DTrue: 0.49999866792649933, DSynth: 0.4999998507626129
Epoch: 536
	GLoss: 0.693148038453526, DLoss: 1.3862943086359236
		DTrue: 0.4999999887112415, DSynth: 0.49999962596580233
Epoch: 537
	GLoss: 0.6931492764540393, DLoss: 1.3862953932598383
		DTrue: 0.499998249941402, DSynth: 0.4999990025253007
Epoch: 538
	GLoss: 0.693144856077252, DLoss: 1.3862940458336261
		DTrue: 0.5000008881995173, DSynth: 0.5000012017259694
Epoch: 539
	GLoss: 0.6931516787018439, DLoss: 1.3862955043412217
		DTrue: 0.49999761762041034, DSynth: 0.4999977807805996
Epoch: 540
	GLoss: 0.6931476233282474, DLoss: 1.3862949227443848
		DTrue: 0.5000003677124929, DSynth: 0.4999998002642333
Epoch: 541
	GLoss: 0.6931470512139677, DLoss: 1.3862942740170643
		DTrue: 0.5000000153527115, DSynth: 0.5000000982874572
Epoch: 542
	GLoss: 0.6931496890205325, DLoss: 1.386294690948544
		DTrue: 0.4999994026741596, DSynth: 0.49999877298721157
Epoch: 543
	GLoss: 0.6931456395170905, DLoss: 1.386294049446029
		DTrue: 0.5000008635900237, DSynth: 0.5000007929223956
Epoch: 544
	GLoss: 0.6931491176588367, DLoss: 1.386294718944665
		DTrue: 0.4999988568250579, DSynth: 0.49999905859280114
Epoch: 545
	GLoss: 0.6931477791131145, DLoss: 1.3862940380067537
		DTrue: 0.5000003607134627, DSynth: 0.49999972906979645
Epoch: 546
	GLoss: 0.6931492452970659, DLoss: 1.3862949368929622
		DTrue: 0.4999994720623951, DSynth: 0.4999989919138677
Epoch: 547
	GLoss: 0.6931437136548938, DLoss: 1.3862936295042134
		DTrue: 0.5000012924123292, DSynth: 0.5000017602184806
Epoch: 548
	GLoss: 0.6931458661953608, DLoss: 1.3862943312134406
		DTrue: 0.5000010813125456, DSynth: 0.500000689517368
Epoch: 549
	GLoss: 0.6931477955194435, DLoss: 1.3862948812017537
		DTrue: 0.4999997825785117, DSynth: 0.49999973689666904
Epoch: 550
	GLoss: 0.6931487114140482, DLoss: 1.3862952430440922
		DTrue: 0.4999989861942301, DSynth: 0.499999278046266
Epoch: 551
	GLoss: 0.6931449614389978, DLoss: 1.3862941168775462
		DTrue: 0.5000014317908672, DSynth: 0.5000011416697743
Epoch: 552
	GLoss: 0.6931495217963902, DLoss: 1.3862946786061683
		DTrue: 0.4999990479813682, DSynth: 0.499998871124152
Epoch: 553
	GLoss: 0.6931509744338314, DLoss: 1.38629542215906
		DTrue: 0.49999784527703967, DSynth: 0.4999981329898642
Epoch: 554
	GLoss: 0.6931520932250552, DLoss: 1.386294078044217
		DTrue: 0.49999758811912154, DSynth: 0.4999975695302992
Epoch: 555
	GLoss: 0.693144875192883, DLoss: 1.386293237558519
		DTrue: 0.5000014077834408, DSynth: 0.5000011863732579
Epoch: 556
	GLoss: 0.6931497650315063, DLoss: 1.3862953899484691
		DTrue: 0.49999922882727904, DSynth: 0.4999987677943827
Epoch: 557
	GLoss: 0.693147075597686, DLoss: 1.3862943519847561
		DTrue: 0.5000000295012889, DSynth: 0.5000000964812558
Epoch: 558
	GLoss: 0.6931454712393308, DLoss: 1.386293738478362
		DTrue: 0.5000015630414991, DSynth: 0.5000008948222555
Epoch: 559
	GLoss: 0.6931431802234265, DLoss: 1.3862920836968855
		DTrue: 0.5000026542881523, DSynth: 0.5000020681005536
Epoch: 560
	GLoss: 0.6931486230606985, DLoss: 1.3862942752211984
		DTrue: 0.5000011972857245, DSynth: 0.49999937580691445
Epoch: 561
	GLoss: 0.6931500148893607, DLoss: 1.3862965341770288
		DTrue: 0.4999985596296763, DSynth: 0.4999986938153855
Epoch: 562
	GLoss: 0.6931456788019701, DLoss: 1.3862943257948366
		DTrue: 0.5000007089340326, DSynth: 0.500000824455661
Epoch: 563
	GLoss: 0.693148952692446, DLoss: 1.3862945473555364
		DTrue: 0.4999993291467127, DSynth: 0.499999187510423
Epoch: 564
	GLoss: 0.693150902336294, DLoss: 1.386294736705645
		DTrue: 0.4999979492841345, DSynth: 0.49999820508740167
Epoch: 565
	GLoss: 0.6931426970645634, DLoss: 1.3862945404317644
		DTrue: 0.500002468550446, DSynth: 0.500002308701626
Epoch: 566
	GLoss: 0.6931464322889694, DLoss: 1.386293156881525
		DTrue: 0.5000011286500728, DSynth: 0.5000004488410372
Epoch: 567
	GLoss: 0.6931437267498537, DLoss: 1.3862946482017786
		DTrue: 0.5000019660501769, DSynth: 0.5000018092869508
Epoch: 568
	GLoss: 0.6931339323219626, DLoss: 1.3862945410338314
		DTrue: 0.5000064549873574, DSynth: 0.5000067393888127
Epoch: 569
	GLoss: 0.6931435086510398, DLoss: 1.3862920448635563
		DTrue: 0.5000019489665224, DSynth: 0.5000019594274386
Epoch: 570
	GLoss: 0.6931428621814708, DLoss: 1.3862920481749255
		DTrue: 0.5000027893769621, DSynth: 0.5000023020036293
Epoch: 571
	GLoss: 0.6931546589340827, DLoss: 1.3862953800143618
		DTrue: 0.4999967622335511, DSynth: 0.4999964259038068
Epoch: 572
	GLoss: 0.6931451098485426, DLoss: 1.3862936376321195
		DTrue: 0.5000012049620802, DSynth: 0.5000011756865665
Epoch: 573
	GLoss: 0.6931471010350218, DLoss: 1.3862947096126248
		DTrue: 0.5000011400140897, DSynth: 0.5000002031976526
Epoch: 574
	GLoss: 0.693153917187392, DLoss: 1.386294585887832
		DTrue: 0.4999978228500395, DSynth: 0.49999677668316195
Epoch: 575
	GLoss: 0.6931468996435705, DLoss: 1.3862935608685618
		DTrue: 0.5000008580209029, DSynth: 0.5000002833478379
Epoch: 576
	GLoss: 0.6931435666, DLoss: 1.3862954438334765
		DTrue: 0.5000015079523578, DSynth: 0.500001954309868
Epoch: 577
	GLoss: 0.6931386748046586, DLoss: 1.3862920776762144
		DTrue: 0.5000043329265382, DSynth: 0.5000044163880926
Epoch: 578
	GLoss: 0.693147124816673, DLoss: 1.3862938065119463
		DTrue: 0.5000007026875862, DSynth: 0.5000002118523674
Epoch: 579
	GLoss: 0.6931464315363856, DLoss: 1.386295504943289
		DTrue: 0.4999983158677515, DSynth: 0.5000005520202897
Epoch: 580
	GLoss: 0.6931520747114913, DLoss: 1.3862964995581695
		DTrue: 0.49999600340320605, DSynth: 0.4999976869333874
Epoch: 581
	GLoss: 0.6931585303761743, DLoss: 1.3862957328256935
		DTrue: 0.4999943387628806, DSynth: 0.499994430728633
Epoch: 582
	GLoss: 0.693151859020946, DLoss: 1.38629546189549
		DTrue: 0.4999982568651739, DSynth: 0.4999977367544415
Epoch: 583
	GLoss: 0.6931454152470887, DLoss: 1.386294305625588
		DTrue: 0.5000000969328061, DSynth: 0.5000009425360747
Epoch: 584
	GLoss: 0.6931398396540169, DLoss: 1.3862932228078746
		DTrue: 0.5000044567265896, DSynth: 0.5000037386862919
Epoch: 585
	GLoss: 0.6931455985765265, DLoss: 1.3862948637418073
		DTrue: 0.5000008842860809, DSynth: 0.500000885640732
Epoch: 586
	GLoss: 0.6931486048481681, DLoss: 1.3862950753683996
		DTrue: 0.4999991642555805, DSynth: 0.4999993767852735
Epoch: 587
	GLoss: 0.6931478402229271, DLoss: 1.3862932122717
		DTrue: 0.5000013380941718, DSynth: 0.4999997676773505
Epoch: 588
	GLoss: 0.6931472414671772, DLoss: 1.3862926159242186
		DTrue: 0.5000004948991718, DSynth: 0.5000000779676919
Epoch: 589
	GLoss: 0.6931474019180645, DLoss: 1.3862939732845383
		DTrue: 0.500001387915226, DSynth: 0.500000007525839
Epoch: 590
	GLoss: 0.6931536659748867, DLoss: 1.3862963487403561
		DTrue: 0.4999969998995463, DSynth: 0.49999686511177005
Epoch: 591
	GLoss: 0.6931517449292269, DLoss: 1.3862966852958756
		DTrue: 0.49999676125519205, DSynth: 0.49999779244565
Epoch: 592
	GLoss: 0.6931442443770591, DLoss: 1.386293346231634
		DTrue: 0.5000012093270668, DSynth: 0.5000015397113983
Epoch: 593
	GLoss: 0.6931507658175747, DLoss: 1.386294015128203
		DTrue: 0.4999987454426409, DSynth: 0.4999982857643956
Epoch: 594
	GLoss: 0.6931534677442878, DLoss: 1.3862959471615879
		DTrue: 0.4999970980364867, DSynth: 0.4999969006337301
Epoch: 595
	GLoss: 0.6931423567461245, DLoss: 1.3862947198477658
		DTrue: 0.5000018017611119, DSynth: 0.5000024660669192
Epoch: 596
	GLoss: 0.6931482080859367, DLoss: 1.3862949931862378
		DTrue: 0.49999948184598575, DSynth: 0.49999954137537217
Epoch: 597
	GLoss: 0.6931488921847007, DLoss: 1.3862945000932674
		DTrue: 0.49999974683077647, DSynth: 0.4999991882630069
Epoch: 598
	GLoss: 0.6931522478057881, DLoss: 1.3862958375853722
		DTrue: 0.49999707402906035, DSynth: 0.4999975080441947
Epoch: 599
	GLoss: 0.6931485910006244, DLoss: 1.3862953213128177
		DTrue: 0.49999969377361164, DSynth: 0.4999993301250718
Epoch: 600
	GLoss: 0.6931492013461662, DLoss: 1.386294121092016
		DTrue: 0.49999914348426494, DSynth: 0.4999990159212941
Epoch: 601
	GLoss: 0.6931502423202148, DLoss: 1.386295321011784
		DTrue: 0.49999859206604236, DSynth: 0.4999984943053939
Epoch: 602
	GLoss: 0.6931498715973864, DLoss: 1.3862943462651185
		DTrue: 0.49999946717059973, DSynth: 0.4999986867410968
Epoch: 603
	GLoss: 0.6931436740689807, DLoss: 1.3862942761242991
		DTrue: 0.5000016445463354, DSynth: 0.5000017818176385
Epoch: 604
	GLoss: 0.6931461911610882, DLoss: 1.3862950281061308
		DTrue: 0.5000004230274094, DSynth: 0.5000005197344404
Epoch: 605
	GLoss: 0.6931480977571371, DLoss: 1.3862945217676836
		DTrue: 0.4999998074890387, DSynth: 0.4999995669632247
Epoch: 606
	GLoss: 0.6931478220103967, DLoss: 1.3862950663373927
		DTrue: 0.4999992065507956, DSynth: 0.49999970099841706
Epoch: 607
	GLoss: 0.6931475644761865, DLoss: 1.3862950579084532
		DTrue: 0.49999978024550157, DSynth: 0.4999998304428476
Epoch: 608
	GLoss: 0.6931467814878984, DLoss: 1.3862938498607789
		DTrue: 0.5000003884085501, DSynth: 0.5000002157658038
Epoch: 609
	GLoss: 0.6931486469928665, DLoss: 1.386294538625563
		DTrue: 0.49999964839280253, DSynth: 0.4999992885824406
Epoch: 610
	GLoss: 0.693147127525975, DLoss: 1.386294168956352
		DTrue: 0.5000001441198166, DSynth: 0.5000000438756413
Epoch: 611
	GLoss: 0.6931459404001332, DLoss: 1.3862950792818358
		DTrue: 0.5000001812222028, DSynth: 0.5000006374385622
Epoch: 612
	GLoss: 0.6931477515685438, DLoss: 1.3862942610726212
		DTrue: 0.5000000885038665, DSynth: 0.4999997336605583
Epoch: 613
	GLoss: 0.6931441316399911, DLoss: 1.386293847151477
		DTrue: 0.5000016374720467, DSynth: 0.5000015483661131
Epoch: 614
	GLoss: 0.693149150923045, DLoss: 1.386295446843812
		DTrue: 0.49999881332570856, DSynth: 0.4999990462504252
Epoch: 615
	GLoss: 0.6931464459859964, DLoss: 1.3862922847873034
		DTrue: 0.5000017277821146, DSynth: 0.5000004027076442
Epoch: 616
	GLoss: 0.6931477697810742, DLoss: 1.3862948827069215
		DTrue: 0.5000005961217061, DSynth: 0.4999997556360081
Epoch: 617
	GLoss: 0.6931468782701877, DLoss: 1.386294442896891
		DTrue: 0.5000000559922421, DSynth: 0.5000001940913875
Epoch: 618
	GLoss: 0.693143744962384, DLoss: 1.3862935310662394
		DTrue: 0.5000006694233778, DSynth: 0.5000017731629237
Epoch: 619
	GLoss: 0.6931489695503255, DLoss: 1.3862960477067967
		DTrue: 0.4999978788422816, DSynth: 0.49999915281630525
Epoch: 620
	GLoss: 0.6931468064736839, DLoss: 1.3862940708194116
		DTrue: 0.5000000556912085, DSynth: 0.5000002311937737
Epoch: 621
	GLoss: 0.6931494507524703, DLoss: 1.3862947439304505
		DTrue: 0.49999960647387937, DSynth: 0.4999989036357764
Epoch: 622
	GLoss: 0.6931470668677128, DLoss: 1.3862949850583317
		DTrue: 0.4999989911612838, DSynth: 0.5000000889554168
Epoch: 623
	GLoss: 0.69315433140957, DLoss: 1.386295953182259
		DTrue: 0.4999959616347997, DSynth: 0.4999964437400452
Epoch: 624
	GLoss: 0.6931471832171835, DLoss: 1.3862945786630265
		DTrue: 0.4999994769541904, DSynth: 0.5000000100846242
Epoch: 625
	GLoss: 0.693148106788144, DLoss: 1.3862947144291617
		DTrue: 0.4999994996822242, DSynth: 0.4999995468692346
Epoch: 626
	GLoss: 0.6931473691054065, DLoss: 1.3862943137534942
		DTrue: 0.49999970257884324, DSynth: 0.4999999157858617
Epoch: 627
	GLoss: 0.6931477345601477, DLoss: 1.3862936939253951
		DTrue: 0.4999998543750156, DSynth: 0.4999997424657899
Epoch: 628
	GLoss: 0.693146329335492, DLoss: 1.3862940051940957
		DTrue: 0.5000005268087291, DSynth: 0.50000044823897
Epoch: 629
	GLoss: 0.6931465769355948, DLoss: 1.3862950768735673
		DTrue: 0.49999999902164094, DSynth: 0.5000003236863348
Epoch: 630
	GLoss: 0.6931476483140329, DLoss: 1.3862941325312914
		DTrue: 0.4999998715339285, DSynth: 0.49999978664246475
Epoch: 631
	GLoss: 0.6931483489696426, DLoss: 1.3862939561256256
		DTrue: 0.4999995900675504, DSynth: 0.4999994468508345
Epoch: 632
	GLoss: 0.6931463546223111, DLoss: 1.3862947806565449
		DTrue: 0.5000003442318752, DSynth: 0.5000004396595136
Epoch: 633
	GLoss: 0.6931468475647647, DLoss: 1.3862946415790405
		DTrue: 0.4999998950898045, DSynth: 0.5000001854366727
Epoch: 634
	GLoss: 0.6931474344296888, DLoss: 1.3862946578348525
		DTrue: 0.49999963522258434, DSynth: 0.49999989275679446
Epoch: 635
	GLoss: 0.6931473847591516, DLoss: 1.3862930388763697
		DTrue: 0.5000004304027317, DSynth: 0.49999992775194574
Epoch: 636
	GLoss: 0.6931464462870299, DLoss: 1.3862956488373304
		DTrue: 0.4999999785513589, DSynth: 0.5000003925477615
Epoch: 637
	GLoss: 0.6931468776681207, DLoss: 1.3862931388195114
		DTrue: 0.5000003298575227, DSynth: 0.500000172567488
Epoch: 638
	GLoss: 0.6931484865419792, DLoss: 1.3862944925674285
		DTrue: 0.4999999345252008, DSynth: 0.4999993724202869
Epoch: 639
	GLoss: 0.6931467145079314, DLoss: 1.3862933534564394
		DTrue: 0.5000002966685728, DSynth: 0.5000002707796868
Epoch: 640
	GLoss: 0.6931485539734966, DLoss: 1.3862947957082228
		DTrue: 0.49999940839379725, DSynth: 0.49999936579754856
Epoch: 641
	GLoss: 0.6931453488691889, DLoss: 1.386294062992539
		DTrue: 0.5000003796033184, DSynth: 0.5000009615764474
Epoch: 642
	GLoss: 0.6931464318374191, DLoss: 1.3862954615944563
		DTrue: 0.49999976647321626, DSynth: 0.5000004216727584
Epoch: 643
	GLoss: 0.6931481066376272, DLoss: 1.3862940178375052
		DTrue: 0.5000001080710479, DSynth: 0.4999995767468154
Epoch: 644
	GLoss: 0.6931426246659924, DLoss: 1.3862937321566573
		DTrue: 0.5000030434492863, DSynth: 0.5000023262368308
Epoch: 645
	GLoss: 0.6931494459359333, DLoss: 1.38629488511519
		DTrue: 0.49999896504662256, DSynth: 0.49999890416258513
Epoch: 646
	GLoss: 0.693145992478939, DLoss: 1.3862937580455432
		DTrue: 0.500000450346205, DSynth: 0.5000006387932132
Epoch: 647
	GLoss: 0.6931509876793082, DLoss: 1.3862949934872715
		DTrue: 0.4999989408886794, DSynth: 0.4999981435260387
Epoch: 648
	GLoss: 0.693148505808127, DLoss: 1.3862939088633566
		DTrue: 0.5000005783607261, DSynth: 0.4999993858162803
Epoch: 649
	GLoss: 0.6931481841537688, DLoss: 1.3862946135829193
		DTrue: 0.4999995596631609, DSynth: 0.4999995453640668
Epoch: 650
	GLoss: 0.6931515713833799, DLoss: 1.3862954483489798
		DTrue: 0.4999974714686172, DSynth: 0.49999785528640556
Epoch: 651
	GLoss: 0.6931490789760243, DLoss: 1.3862937989861075
		DTrue: 0.49999953987020435, DSynth: 0.4999991137572009
Epoch: 652
	GLoss: 0.693145891331663, DLoss: 1.386295168086736
		DTrue: 0.5000003568000264, DSynth: 0.5000007050958547
Epoch: 653
	GLoss: 0.6931423028611173, DLoss: 1.38629488511519
		DTrue: 0.5000020738954496, DSynth: 0.5000024817959227
Epoch: 654
	GLoss: 0.6931496611749283, DLoss: 1.3862949510415394
		DTrue: 0.49999847601760516, DSynth: 0.49999879172655065
Epoch: 655
	GLoss: 0.6931479002791222, DLoss: 1.3862941725687548
		DTrue: 0.49999942773520345, DSynth: 0.4999996739053967
Epoch: 656
	GLoss: 0.6931473743734937, DLoss: 1.3862948140712699
		DTrue: 0.49999962393382585, DSynth: 0.49999994513663376
Epoch: 657
	GLoss: 0.6931476657739793, DLoss: 1.3862940611863377
		DTrue: 0.4999998916279186, DSynth: 0.4999997867177231
Epoch: 658
	GLoss: 0.6931393446043285, DLoss: 1.3862948869213914
		DTrue: 0.5000034250845813, DSynth: 0.5000039436901459
Epoch: 659
	GLoss: 0.6931455653123181, DLoss: 1.3862946433852417
		DTrue: 0.500000984078706, DSynth: 0.5000008460548189
Epoch: 660
	GLoss: 0.6931488459760492, DLoss: 1.3862940666049417
		DTrue: 0.4999997317790985, DSynth: 0.49999921219517485
Epoch: 661
	GLoss: 0.6931506432969161, DLoss: 1.3862948041371626
		DTrue: 0.4999982469310664, DSynth: 0.4999983035253756
Epoch: 662
	GLoss: 0.6931466196823601, DLoss: 1.386294360413696
		DTrue: 0.4999998750710728, DSynth: 0.5000003089356904
Epoch: 663
	GLoss: 0.6931475619174013, DLoss: 1.3862949125092439
		DTrue: 0.4999995328711741, DSynth: 0.49999984203263964
Epoch: 664
	GLoss: 0.6931450922380794, DLoss: 1.386294348673387
		DTrue: 0.5000007230826099, DSynth: 0.5000010804847034
Epoch: 665
	GLoss: 0.6931459595157643, DLoss: 1.3862949928852042
		DTrue: 0.4999996025604431, DSynth: 0.5000006390942467
Epoch: 666
	GLoss: 0.6931472223515462, DLoss: 1.386294573545456
		DTrue: 0.49999996786466755, DSynth: 0.5000000002257752
Epoch: 667
	GLoss: 0.6931471385136999, DLoss: 1.3862945344110933
		DTrue: 0.49999992451583497, DSynth: 0.5000000427467655
Epoch: 668
	GLoss: 0.6931526469762879, DLoss: 1.3862952695350454
		DTrue: 0.4999970525051608, DSynth: 0.4999972800112734
Epoch: 669
	GLoss: 0.6931453463104036, DLoss: 1.3862948110609343
		DTrue: 0.5000007400910059, DSynth: 0.5000009272586216
Epoch: 670
	GLoss: 0.6931470612985919, DLoss: 1.3862944305545153
		DTrue: 0.5000001457755012, DSynth: 0.5000000617871381
Epoch: 671
	GLoss: 0.6931470784575048, DLoss: 1.386294295390447
		DTrue: 0.5000000486169198, DSynth: 0.5000000520035474
Epoch: 672
	GLoss: 0.6931466092967024, DLoss: 1.3862941815997616
		DTrue: 0.5000004815784368, DSynth: 0.5000002849282641
Epoch: 673
	GLoss: 0.693147259378674, DLoss: 1.3862941430674658
		DTrue: 0.5000000269425036, DSynth: 0.49999996101615407
Epoch: 674
	GLoss: 0.6931474092933867, DLoss: 1.3862942249485941
		DTrue: 0.499999992474161, DSynth: 0.49999988492992187
Epoch: 675
	GLoss: 0.6931475242882064, DLoss: 1.3862942830480711
		DTrue: 0.4999999173662879, DSynth: 0.49999983164698186
Epoch: 676
	GLoss: 0.6931456912948628, DLoss: 1.3862942189279228
		DTrue: 0.500000779676919, DSynth: 0.5000007574756941
Epoch: 677
	GLoss: 0.6931464380086071, DLoss: 1.3862944495196294
		DTrue: 0.5000001680519846, DSynth: 0.5000003777971171
Epoch: 678
	GLoss: 0.693146189956954, DLoss: 1.3862945738464896
		DTrue: 0.5000002870354989, DSynth: 0.5000005036291449
Epoch: 679
	GLoss: 0.6931462680751627, DLoss: 1.3862938871889403
		DTrue: 0.5000005222932257, DSynth: 0.5000004624628057
Epoch: 680
	GLoss: 0.6931474104975209, DLoss: 1.386294042522257
		DTrue: 0.5000002649095323, DSynth: 0.499999898852724
Epoch: 681
	GLoss: 0.693149944296991, DLoss: 1.3862941466798686
		DTrue: 0.4999989432969479, DSynth: 0.49999863353341517
Epoch: 682
	GLoss: 0.6931479914922907, DLoss: 1.3862948432715252
		DTrue: 0.4999995283556707, DSynth: 0.4999996190420305
Epoch: 683
	GLoss: 0.6931456769957687, DLoss: 1.3862940982134655
		DTrue: 0.5000010301368405, DSynth: 0.500000766732476
Epoch: 684
	GLoss: 0.6931476639677779, DLoss: 1.3862946701772285
		DTrue: 0.50000010656588, DSynth: 0.49999977384853844
Epoch: 685
	GLoss: 0.6931469836319336, DLoss: 1.3862941912328355
		DTrue: 0.5000001429156824, DSynth: 0.5000001107803499
Epoch: 686
	GLoss: 0.6931462637101761, DLoss: 1.3862942917780443
		DTrue: 0.5000000404137553, DSynth: 0.5000004692360608
Epoch: 687
	GLoss: 0.6931477333560134, DLoss: 1.3862945012974017
		DTrue: 0.49999992699936185, DSynth: 0.4999997358430516
Epoch: 688
	GLoss: 0.6931478233650478, DLoss: 1.3862943995480586
		DTrue: 0.49999982050874014, DSynth: 0.4999996894838834
Epoch: 689
	GLoss: 0.6931458389518237, DLoss: 1.3862937833323623
		DTrue: 0.5000005251530445, DSynth: 0.5000006816904954
Epoch: 690
	GLoss: 0.6931461819795647, DLoss: 1.3862939675649006
		DTrue: 0.5000003678630097, DSynth: 0.5000005216159001
Epoch: 691
	GLoss: 0.6931475536389784, DLoss: 1.3862944859446902
		DTrue: 0.4999998448172001, DSynth: 0.4999998344315423
Epoch: 692
	GLoss: 0.6931477839296515, DLoss: 1.3862946689730944
		DTrue: 0.4999997231996421, DSynth: 0.49999971732948767
Epoch: 693
	GLoss: 0.6931452179195905, DLoss: 1.3862947117198596
		DTrue: 0.5000004486905204, DSynth: 0.5000009970984074
Epoch: 694
	GLoss: 0.693147065362545, DLoss: 1.3862941430674658
		DTrue: 0.5000001730942967, DSynth: 0.5000000784945007
Epoch: 695
	GLoss: 0.693149165974723, DLoss: 1.3862953583399455
		DTrue: 0.4999987067598285, DSynth: 0.4999990162223276
Epoch: 696
	GLoss: 0.6931469911577726, DLoss: 1.3862943453620178
		DTrue: 0.500000014299094, DSynth: 0.5000000972338398
Epoch: 697
	GLoss: 0.6931464690150637, DLoss: 1.3862941021269017
		DTrue: 0.5000002673930593, DSynth: 0.5000003625949224
Epoch: 698
	GLoss: 0.6931472884284126, DLoss: 1.386294424533844
		DTrue: 0.49999997147707026, DSynth: 0.4999999532645399
Epoch: 699
	GLoss: 0.693146442825144, DLoss: 1.386294806545431
		DTrue: 0.5000000020319765, DSynth: 0.500000378173409
Epoch: 700
	GLoss: 0.6931475394904011, DLoss: 1.38629456120308
		DTrue: 0.4999995632755636, DSynth: 0.4999998262283778
Epoch: 701
	GLoss: 0.693146635486622, DLoss: 1.3862942941863128
		DTrue: 0.5000001161989539, DSynth: 0.5000002778539754
Epoch: 702
	GLoss: 0.6931463826184321, DLoss: 1.3862942601695205
		DTrue: 0.5000004152757953, DSynth: 0.5000004061695301
Epoch: 703
	GLoss: 0.6931471741861768, DLoss: 1.3862945952198722
		DTrue: 0.49999973019867233, DSynth: 0.5000000146001277
Epoch: 704
	GLoss: 0.6931470117785714, DLoss: 1.3862933573698757
		DTrue: 0.500000509800333, DSynth: 0.5000000954276383
Epoch: 705
	GLoss: 0.6931478229134974, DLoss: 1.3862942198310235
		DTrue: 0.4999999218817913, DSynth: 0.49999969588084653
Epoch: 706
	GLoss: 0.6931468296532679, DLoss: 1.3862944946746634
		DTrue: 0.49999983842023693, DSynth: 0.5000001942419042
Epoch: 707
	GLoss: 0.6931466610744746, DLoss: 1.3862936114421998
		DTrue: 0.5000008846623729, DSynth: 0.5000002820684453
Epoch: 708
	GLoss: 0.693146955334779, DLoss: 1.3862944037625284
		DTrue: 0.49999988169381115, DSynth: 0.5000001450981757
Epoch: 709
	GLoss: 0.6931477416344364, DLoss: 1.3862947243632693
		DTrue: 0.49999936226040426, DSynth: 0.49999973968122946
Epoch: 710
	GLoss: 0.6931467166151664, DLoss: 1.386294227055829
		DTrue: 0.5000003865270903, DSynth: 0.5000002521156061
Epoch: 711
	GLoss: 0.693147232737204, DLoss: 1.386295131059608
		DTrue: 0.49999965486502407, DSynth: 0.49999999127002676
Epoch: 712
	GLoss: 0.6931473999613463, DLoss: 1.3862947800544778
		DTrue: 0.49999976639795785, DSynth: 0.49999990464762006
Epoch: 713
	GLoss: 0.6931493136316839, DLoss: 1.386295146111286
		DTrue: 0.49999911195099955, DSynth: 0.49999894540418277
Epoch: 714
	GLoss: 0.6931461271914569, DLoss: 1.386293900434417
		DTrue: 0.500000479696977, DSynth: 0.5000005342593097
Epoch: 715
	GLoss: 0.693146306155908, DLoss: 1.3862940133220019
		DTrue: 0.500000371400154, DSynth: 0.5000004517761144
Epoch: 716
	GLoss: 0.6931465149226815, DLoss: 1.3862945780609592
		DTrue: 0.49999993873967064, DSynth: 0.5000003443071337
Epoch: 717
	GLoss: 0.6931474237429975, DLoss: 1.3862942532457487
		DTrue: 0.5000000550891414, DSynth: 0.49999988899387493
Epoch: 718
	GLoss: 0.6931466073399842, DLoss: 1.3862941794925265
		DTrue: 0.5000000829347456, DSynth: 0.5000003040438951
Epoch: 719
	GLoss: 0.6931474469225816, DLoss: 1.3862947496500881
		DTrue: 0.49999965870320195, DSynth: 0.4999998810164856
Epoch: 720
	GLoss: 0.6931478260743498, DLoss: 1.386294794203055
		DTrue: 0.49999959563667123, DSynth: 0.4999996829364035
Epoch: 721
	GLoss: 0.6931471397178341, DLoss: 1.3862942950894135
		DTrue: 0.5000002775529419, DSynth: 0.500000028372413
Epoch: 722
	GLoss: 0.6931476231777307, DLoss: 1.3862945148439119
		DTrue: 0.5000001286165883, DSynth: 0.49999978716927346
Epoch: 723
	GLoss: 0.6931445178660479, DLoss: 1.3862930078699132
		DTrue: 0.5000012732214398, DSynth: 0.5000013509633565
Epoch: 724
	GLoss: 0.6931492347608913, DLoss: 1.3862957252998545
		DTrue: 0.499998878649991, DSynth: 0.49999899176335094
Epoch: 725
	GLoss: 0.693148378771965, DLoss: 1.3862944227276426
		DTrue: 0.49999972252231656, DSynth: 0.49999941433921
Epoch: 726
	GLoss: 0.6931465925893399, DLoss: 1.3862942333775337
		DTrue: 0.5000002760477741, DSynth: 0.500000307882073
Epoch: 727
	GLoss: 0.6931486382628932, DLoss: 1.3862946593400203
		DTrue: 0.49999945287150566, DSynth: 0.49999928406693717
Epoch: 728
	GLoss: 0.6931473815982993, DLoss: 1.3862942713077622
		DTrue: 0.4999999895390838, DSynth: 0.4999999130765597
Epoch: 729
	GLoss: 0.6931511145649534, DLoss: 1.3862947574769608
		DTrue: 0.499998056903632, DSynth: 0.499998066160414
Epoch: 730
	GLoss: 0.693145386347867, DLoss: 1.3862949468270698
		DTrue: 0.5000012975298997, DSynth: 0.500000926957588
Epoch: 731
	GLoss: 0.693146089562262, DLoss: 1.386294551570006
		DTrue: 0.5000003175904052, DSynth: 0.5000005751998737
Epoch: 732
	GLoss: 0.693144611487485, DLoss: 1.3862947126229603
		DTrue: 0.5000017090427755, DSynth: 0.5000013039268628
Epoch: 733
	GLoss: 0.6931452373362551, DLoss: 1.3862932411709217
		DTrue: 0.500001064003116, DSynth: 0.500000984078706
Epoch: 734
	GLoss: 0.6931466336804207, DLoss: 1.3862944862457236
		DTrue: 0.4999997554854913, DSynth: 0.5000002944860795
Epoch: 735
	GLoss: 0.6931478548230547, DLoss: 1.38629376707655
		DTrue: 0.5000004136201107, DSynth: 0.49999968692509816
Epoch: 736
	GLoss: 0.6931484997874559, DLoss: 1.3862939787031425
		DTrue: 0.5000002588888611, DSynth: 0.4999993701625352
Epoch: 737
	GLoss: 0.6931467437081866, DLoss: 1.386294039812955
		DTrue: 0.5000000949008296, DSynth: 0.5000002473743275
Epoch: 738
	GLoss: 0.6931485274825433, DLoss: 1.3862948896306935
		DTrue: 0.4999993917616931, DSynth: 0.4999993590995519
Epoch: 739
	GLoss: 0.6931474619742596, DLoss: 1.3862938989292493
		DTrue: 0.5000002829715459, DSynth: 0.49999989621868035
Epoch: 740
	GLoss: 0.6931481275594595, DLoss: 1.38629500944205
		DTrue: 0.4999993602284277, DSynth: 0.49999956034048637
Epoch: 741
	GLoss: 0.6931454725939818, DLoss: 1.386294068411143
		DTrue: 0.5000003905910434, DSynth: 0.5000008769107588
Epoch: 742
	GLoss: 0.6931475282016427, DLoss: 1.3862945530751738
		DTrue: 0.4999997704619109, DSynth: 0.49999985189148877
Epoch: 743
	GLoss: 0.6931467984962945, DLoss: 1.3862946563296847
		DTrue: 0.5000000717212455, DSynth: 0.5000002135833105
Epoch: 744
	GLoss: 0.6931482523378699, DLoss: 1.3862949085958076
		DTrue: 0.49999971070674937, DSynth: 0.49999948794191534
Epoch: 745
	GLoss: 0.6931477544283626, DLoss: 1.386293969371102
		DTrue: 0.4999998789845091, DSynth: 0.49999973712244417
Epoch: 746
	GLoss: 0.6931462462502297, DLoss: 1.386294803836129
		DTrue: 0.5000001432919743, DSynth: 0.500000488577467
Epoch: 747
	GLoss: 0.6931476144477574, DLoss: 1.3862944636682066
		DTrue: 0.4999995626734965, DSynth: 0.4999997935662366
Epoch: 748
	GLoss: 0.6931469739988597, DLoss: 1.3862943456630514
		DTrue: 0.4999997153727695, DSynth: 0.5000001395290549
Epoch: 749
	GLoss: 0.6931465527023932, DLoss: 1.3862942884666751
		DTrue: 0.500000168127243, DSynth: 0.5000003619928552
Epoch: 750
	GLoss: 0.6931470752966524, DLoss: 1.3862938877910074
		DTrue: 0.500000561728622, DSynth: 0.5000000820316449
Epoch: 751
	GLoss: 0.6931473368948157, DLoss: 1.3862944991901667
		DTrue: 0.5000001852108975, DSynth: 0.4999999547697077
Epoch: 752
	GLoss: 0.6931415176150775, DLoss: 1.3862936641230728
		DTrue: 0.5000035331556292, DSynth: 0.5000028695271472
Epoch: 753
	GLoss: 0.6931442786948849, DLoss: 1.386295178923944
		DTrue: 0.5000003966117146, DSynth: 0.5000014944058476
Epoch: 754
	GLoss: 0.6931515050054801, DLoss: 1.38629630087602
		DTrue: 0.49999735383975386, DSynth: 0.49999787176799293
Epoch: 755
	GLoss: 0.6931466463238302, DLoss: 1.386294423931777
		DTrue: 0.5000002618991968, DSynth: 0.5000002930561701
Epoch: 756
	GLoss: 0.6931469249303894, DLoss: 1.3862949597715126
		DTrue: 0.4999995461919091, DSynth: 0.5000001481837697
Epoch: 757
	GLoss: 0.6931439427414325, DLoss: 1.3862934338323998
		DTrue: 0.5000015775663684, DSynth: 0.5000016410091911
Epoch: 758
	GLoss: 0.6931497936296944, DLoss: 1.3862943474692528
		DTrue: 0.4999995466434594, DSynth: 0.4999987297888958
Epoch: 759
	GLoss: 0.693145838048723, DLoss: 1.386294505812905
		DTrue: 0.5000005043064705, DSynth: 0.5000007062999889
Epoch: 760
	GLoss: 0.6931486581311082, DLoss: 1.3862951479174874
		DTrue: 0.49999921370034267, DSynth: 0.4999993013011085
Epoch: 761
	GLoss: 0.6931496863112305, DLoss: 1.3862961082145422
		DTrue: 0.49999817852119005, DSynth: 0.49999876591292297
Epoch: 762
	GLoss: 0.6931473192843524, DLoss: 1.3862942658891582
		DTrue: 0.5000001449476589, DSynth: 0.4999999398685465
Epoch: 763
	GLoss: 0.6931466258535481, DLoss: 1.3862943086359236
		DTrue: 0.5000006047011626, DSynth: 0.5000002916262607
Epoch: 764
	GLoss: 0.6931481763268962, DLoss: 1.3862947824627463
		DTrue: 0.4999994445178244, DSynth: 0.49999951894837197
Epoch: 765
	GLoss: 0.6931453780694441, DLoss: 1.3862939832186458
		DTrue: 0.5000006970432069, DSynth: 0.5000009205606248
Epoch: 766
	GLoss: 0.693145434212203, DLoss: 1.38629247564258
		DTrue: 0.5000019877245931, DSynth: 0.5000009138626281
Epoch: 767
	GLoss: 0.6931467268503073, DLoss: 1.3862940054951292
		DTrue: 0.5000001443455918, DSynth: 0.5000002770261331
Epoch: 768
	GLoss: 0.6931473623321514, DLoss: 1.3862951792249776
		DTrue: 0.49999917825364104, DSynth: 0.4999999634996809
Epoch: 769
	GLoss: 0.6931506559403255, DLoss: 1.3862955184897992
		DTrue: 0.4999987568066578, DSynth: 0.4999982996119393
Epoch: 770
	GLoss: 0.6931466145647897, DLoss: 1.3862933420171641
		DTrue: 0.5000013110011515, DSynth: 0.5000003138274858
Epoch: 771
	GLoss: 0.6931484514715696, DLoss: 1.3862940115158005
		DTrue: 0.5000002662641834, DSynth: 0.4999994151670523
Epoch: 772
	GLoss: 0.6931484508695025, DLoss: 1.3862950356319697
		DTrue: 0.49999928963605805, DSynth: 0.499999399663824
Epoch: 773
	GLoss: 0.6931480635898282, DLoss: 1.386294585887832
		DTrue: 0.49999982449743485, DSynth: 0.4999995928521108
Epoch: 774
	GLoss: 0.6931494602350273, DLoss: 1.3862949799407611
		DTrue: 0.4999988866273803, DSynth: 0.4999988811335178
Epoch: 775
	GLoss: 0.693147668031731, DLoss: 1.3862947644007326
		DTrue: 0.49999951315347596, DSynth: 0.4999997684299344
Epoch: 776
	GLoss: 0.693148900764157, DLoss: 1.386295452262416
		DTrue: 0.4999985013044242, DSynth: 0.49999914927916095
Epoch: 777
	GLoss: 0.693147627091167, DLoss: 1.3862944212224748
		DTrue: 0.4999998406027303, DSynth: 0.4999997803960184
Epoch: 778
	GLoss: 0.6931465218464533, DLoss: 1.3862943450609844
		DTrue: 0.5000001972522399, DSynth: 0.5000003362544859
Epoch: 779
	GLoss: 0.6931463011888542, DLoss: 1.3862944106863002
		DTrue: 0.5000002375907369, DSynth: 0.5000004504214633
Epoch: 780
	GLoss: 0.6931477803172488, DLoss: 1.3862945530751738
		DTrue: 0.49999975157205506, DSynth: 0.49999970920158154
Epoch: 781
	GLoss: 0.693146895128067, DLoss: 1.3862946990764502
		DTrue: 0.49999972470480986, DSynth: 0.5000001485600616
Epoch: 782
	GLoss: 0.6931468802269058, DLoss: 1.3862947604872964
		DTrue: 0.49999974156268917, DSynth: 0.5000001511188469
Epoch: 783
	GLoss: 0.6931458025267629, DLoss: 1.386293888092041
		DTrue: 0.5000004775897421, DSynth: 0.5000006968926902
Epoch: 784
	GLoss: 0.6931468195686437, DLoss: 1.3862944127935353
		DTrue: 0.5000000032361107, DSynth: 0.5000001933388035
Epoch: 785
	GLoss: 0.6931469600007991, DLoss: 1.3862939224098667
		DTrue: 0.5000005475800446, DSynth: 0.5000001195855815
Epoch: 786
	GLoss: 0.6931485654127718, DLoss: 1.3862946235170268
		DTrue: 0.499999456032358, DSynth: 0.49999932004044756
Epoch: 787
	GLoss: 0.6931470436881287, DLoss: 1.3862945422379658
		DTrue: 0.4999999577047849, DSynth: 0.5000000772903664
Epoch: 788
	GLoss: 0.693148052150553, DLoss: 1.3862948941461968
		DTrue: 0.4999994762768649, DSynth: 0.4999995717797617
Epoch: 789
	GLoss: 0.6931476760091204, DLoss: 1.3862945268852542
		DTrue: 0.49999994536240894, DSynth: 0.49999976060306184
Epoch: 790
	GLoss: 0.6931475572513811, DLoss: 1.3862938278853292
		DTrue: 0.5000002591146363, DSynth: 0.4999998187025388
Epoch: 791
	GLoss: 0.6931461970312427, DLoss: 1.3862943191720982
		DTrue: 0.5000000760109737, DSynth: 0.5000005025755275
Epoch: 792
	GLoss: 0.6931461286966247, DLoss: 1.3862943155596954
		DTrue: 0.5000004285212719, DSynth: 0.5000005416346319
Epoch: 793
	GLoss: 0.6931478096680208, DLoss: 1.3862948089536995
		DTrue: 0.49999964545772535, DSynth: 0.4999997030303936
Epoch: 794
	GLoss: 0.6931467911209723, DLoss: 1.3862941280157879
		DTrue: 0.5000000716459871, DSynth: 0.5000002104977165
Epoch: 795
	GLoss: 0.6931464292786338, DLoss: 1.386294835143619
		DTrue: 0.500000190930535, DSynth: 0.5000003969127481
Epoch: 796
	GLoss: 0.6931452603653224, DLoss: 1.3862944323607165
		DTrue: 0.5000015584507373, DSynth: 0.5000009862611993
Epoch: 797
	GLoss: 0.6931471335466461, DLoss: 1.3862947255674034
		DTrue: 0.499999486135714, DSynth: 0.5000000584757689
